#
# There is insufficient memory for the Java Runtime Environment to continue.
# Native memory allocation (malloc) failed to allocate 626336 bytes for Chunk::new
# Possible reasons:
#   The system is out of physical RAM or swap space
#   The process is running with CompressedOops enabled, and the Java Heap may be blocking the growth of the native heap
# Possible solutions:
#   Reduce memory load on the system
#   Increase physical memory or swap space
#   Check if swap backing store is full
#   Decrease Java heap size (-Xmx/-Xms)
#   Decrease number of Java threads
#   Decrease Java thread stack sizes (-Xss)
#   Set larger code cache with -XX:ReservedCodeCacheSize=
#   JVM is running with Unscaled Compressed Oops mode in which the Java heap is
#     placed in the first 4GB address space. The Java Heap base address is the
#     maximum limit for the native heap growth. Please use -XX:HeapBaseMinAddress
#     to set the Java Heap base and to place the Java Heap above 4GB virtual address.
# This output file may be truncated or incomplete.
#
#  Out of Memory Error (arena.cpp:189), pid=7684, tid=2824
#
# JRE version: OpenJDK Runtime Environment Temurin-17.0.2+8 (17.0.2+8) (build 17.0.2+8)
# Java VM: OpenJDK 64-Bit Server VM Temurin-17.0.2+8 (17.0.2+8, mixed mode, tiered, compressed oops, compressed class ptrs, parallel gc, windows-amd64)
# No core dump will be written. Minidumps are not enabled by default on client versions of Windows
#

---------------  S U M M A R Y ------------

Command Line: --add-modules=ALL-SYSTEM --add-opens=java.base/java.util=ALL-UNNAMED --add-opens=java.base/java.lang=ALL-UNNAMED --add-opens=java.base/sun.nio.fs=ALL-UNNAMED -Declipse.application=org.eclipse.jdt.ls.core.id1 -Dosgi.bundles.defaultStartLevel=4 -Declipse.product=org.eclipse.jdt.ls.core.product -Djava.import.generatesMetadataFilesAtProjectRoot=false -Dfile.encoding=utf8 -DwatchParentProcess=false -XX:+UseParallelGC -XX:GCTimeRatio=4 -XX:AdaptiveSizePolicyWeight=90 -Dsun.zip.disableMemoryMapping=true -Xmx1G -Xms100m -XX:+HeapDumpOnOutOfMemoryError -XX:HeapDumpPath=c:\Users\AP\AppData\Roaming\Code\User\workspaceStorage\119a1ddabada37eb9582ddd6191118fb\redhat.java c:\Users\AP\.vscode\extensions\redhat.java-1.5.0-win32-x64\server\plugins\org.eclipse.equinox.launcher_1.6.400.v20210924-0641.jar -configuration c:\Users\AP\AppData\Roaming\Code\User\globalStorage\redhat.java\1.5.0\config_win -data c:\Users\AP\AppData\Roaming\Code\User\workspaceStorage\119a1ddabada37eb9582ddd6191118fb\redhat.java\jdt_ws

Host: Intel(R) Core(TM) i5-3210M CPU @ 2.50GHz, 4 cores, 7G,  Windows 10 , 64 bit Build 19041 (10.0.19041.662)
Time: Sun Apr 24 12:11:12 2022 Eastern Daylight Time elapsed time: 10.434832 seconds (0d 0h 0m 10s)

---------------  T H R E A D  ---------------

Current thread (0x0000011e1d9928b0):  JavaThread "C2 CompilerThread0" daemon [_thread_in_native, id=2824, stack(0x0000000963c00000,0x0000000963d00000)]


Current CompileTask:
C2:  10435 3047   !   4       org.eclipse.osgi.internal.loader.classpath.ClasspathManager::findClassImpl (308 bytes)

Stack: [0x0000000963c00000,0x0000000963d00000]
Native frames: (J=compiled Java code, j=interpreted, Vv=VM code, C=native code)
V  [jvm.dll+0x67564a]
V  [jvm.dll+0x82fc04]
V  [jvm.dll+0x8313ae]
V  [jvm.dll+0x831a13]
V  [jvm.dll+0x245235]
V  [jvm.dll+0xabd7b]
V  [jvm.dll+0xac30c]
V  [jvm.dll+0x2ac33f]
V  [jvm.dll+0x57c559]
V  [jvm.dll+0x2202ed]
V  [jvm.dll+0x21978f]
V  [jvm.dll+0x2173eb]
V  [jvm.dll+0x1a3a8d]
V  [jvm.dll+0x226ef8]
V  [jvm.dll+0x22503c]
V  [jvm.dll+0x7e596b]
V  [jvm.dll+0x7dff2a]
V  [jvm.dll+0x6744d5]
C  [ucrtbase.dll+0x214c2]
C  [KERNEL32.DLL+0x17034]
C  [ntdll.dll+0x4d0d1]


---------------  P R O C E S S  ---------------

Threads class SMR info:
_java_thread_list=0x0000011e1f83c870, length=28, elements={
0x0000011e07bf1040, 0x0000011e1d950760, 0x0000011e1d9514e0, 0x0000011e1d9598c0,
0x0000011e1d95a640, 0x0000011e1d95e180, 0x0000011e1d98c010, 0x0000011e1d9928b0,
0x0000011e1d9940f0, 0x0000011e1f318010, 0x0000011e07cb1360, 0x0000011e1f515930,
0x0000011e1f9794b0, 0x0000011e1f979d80, 0x0000011e1f97a250, 0x0000011e1f9f8da0,
0x0000011e1fc6cb70, 0x0000011e1fd10cb0, 0x0000011e1fd11180, 0x0000011e20c819c0,
0x0000011e20c81e90, 0x0000011e20c82360, 0x0000011e20c83b70, 0x0000011e20c801b0,
0x0000011e20c836a0, 0x0000011e20c82830, 0x0000011e20c80b50, 0x0000011e20c81020
}
_to_delete_list=0x0000011e21b749e0, length=27, elements={
0x0000011e07bf1040, 0x0000011e1d950760, 0x0000011e1d9514e0, 0x0000011e1d9598c0,
0x0000011e1d95a640, 0x0000011e1d95e180, 0x0000011e1d98c010, 0x0000011e1d9928b0,
0x0000011e1d9940f0, 0x0000011e1f318010, 0x0000011e07cb1360, 0x0000011e1f515930,
0x0000011e1f9794b0, 0x0000011e1f979d80, 0x0000011e1f97a250, 0x0000011e1f9f8da0,
0x0000011e1fc6cb70, 0x0000011e1fd10cb0, 0x0000011e1fd11180, 0x0000011e20c819c0,
0x0000011e20c81e90, 0x0000011e20c82360, 0x0000011e20c83b70, 0x0000011e20c801b0,
0x0000011e20c836a0, 0x0000011e20c82830, 0x0000011e20c80b50
}

Java Threads: ( => current thread )
  0x0000011e07bf1040 JavaThread "main" [_thread_in_vm, id=3684, stack(0x0000000963300000,0x0000000963400000)]
  0x0000011e1d950760 JavaThread "Reference Handler" daemon [_thread_blocked, id=15024, stack(0x0000000963600000,0x0000000963700000)]
  0x0000011e1d9514e0 JavaThread "Finalizer" daemon [_thread_blocked, id=8916, stack(0x0000000963700000,0x0000000963800000)]
  0x0000011e1d9598c0 JavaThread "Signal Dispatcher" daemon [_thread_blocked, id=6268, stack(0x0000000963800000,0x0000000963900000)]
  0x0000011e1d95a640 JavaThread "Attach Listener" daemon [_thread_blocked, id=23756, stack(0x0000000963900000,0x0000000963a00000)]
  0x0000011e1d95e180 JavaThread "Service Thread" daemon [_thread_blocked, id=24252, stack(0x0000000963a00000,0x0000000963b00000)]
  0x0000011e1d98c010 JavaThread "Monitor Deflation Thread" daemon [_thread_blocked, id=20524, stack(0x0000000963b00000,0x0000000963c00000)]
=>0x0000011e1d9928b0 JavaThread "C2 CompilerThread0" daemon [_thread_in_native, id=2824, stack(0x0000000963c00000,0x0000000963d00000)]
  0x0000011e1d9940f0 JavaThread "C1 CompilerThread0" daemon [_thread_blocked, id=11992, stack(0x0000000963d00000,0x0000000963e00000)]
  0x0000011e1f318010 JavaThread "Sweeper thread" daemon [_thread_blocked, id=4656, stack(0x0000000963e00000,0x0000000963f00000)]
  0x0000011e07cb1360 JavaThread "Common-Cleaner" daemon [_thread_blocked, id=12420, stack(0x0000000963f00000,0x0000000964000000)]
  0x0000011e1f515930 JavaThread "Notification Thread" daemon [_thread_blocked, id=12764, stack(0x0000000964000000,0x0000000964100000)]
  0x0000011e1f9794b0 JavaThread "Equinox resolver thread - Equinox Container: 6700781e-ab6b-4b15-864d-7a65973b1292" daemon [_thread_blocked, id=7412, stack(0x0000000964200000,0x0000000964300000)]
  0x0000011e1f979d80 JavaThread "Equinox resolver thread - Equinox Container: 6700781e-ab6b-4b15-864d-7a65973b1292" daemon [_thread_blocked, id=6796, stack(0x0000000964300000,0x0000000964400000)]
  0x0000011e1f97a250 JavaThread "Equinox resolver thread - Equinox Container: 6700781e-ab6b-4b15-864d-7a65973b1292" daemon [_thread_blocked, id=12968, stack(0x0000000964400000,0x0000000964500000)]
  0x0000011e1f9f8da0 JavaThread "Equinox resolver thread - Equinox Container: 6700781e-ab6b-4b15-864d-7a65973b1292" daemon [_thread_blocked, id=15500, stack(0x0000000964500000,0x0000000964600000)]
  0x0000011e1fc6cb70 JavaThread "Active Thread: Equinox Container: 6700781e-ab6b-4b15-864d-7a65973b1292" [_thread_blocked, id=11284, stack(0x0000000964600000,0x0000000964700000)]
  0x0000011e1fd10cb0 JavaThread "Framework Event Dispatcher: Equinox Container: 6700781e-ab6b-4b15-864d-7a65973b1292" daemon [_thread_blocked, id=7904, stack(0x0000000964a00000,0x0000000964b00000)]
  0x0000011e1fd11180 JavaThread "Start Level: Equinox Container: 6700781e-ab6b-4b15-864d-7a65973b1292" daemon [_thread_blocked, id=432, stack(0x0000000964b00000,0x0000000964c00000)]
  0x0000011e20c819c0 JavaThread "Refresh Thread: Equinox Container: 6700781e-ab6b-4b15-864d-7a65973b1292" daemon [_thread_blocked, id=20052, stack(0x0000000964d00000,0x0000000964e00000)]
  0x0000011e20c81e90 JavaThread "SCR Component Actor" daemon [_thread_blocked, id=9264, stack(0x0000000964e00000,0x0000000964f00000)]
  0x0000011e20c82360 JavaThread "Timer-0" [_thread_blocked, id=24300, stack(0x0000000964f00000,0x0000000965000000)]
  0x0000011e20c83b70 JavaThread "Worker-JM" [_thread_blocked, id=18728, stack(0x0000000965000000,0x0000000965100000)]
  0x0000011e20c801b0 JavaThread "Worker-0: Repository registry initialization" [_thread_blocked, id=3104, stack(0x0000000964c00000,0x0000000964d00000)]
  0x0000011e20c836a0 JavaThread "Worker-1: Updating Maven Dependencies" [_thread_in_vm, id=22524, stack(0x0000000965100000,0x0000000965200000)]
  0x0000011e20c82830 JavaThread "Java indexing" daemon [_thread_blocked, id=15364, stack(0x0000000965200000,0x0000000965300000)]
  0x0000011e20c80b50 JavaThread "Bundle File Closer" daemon [_thread_blocked, id=980, stack(0x0000000965400000,0x0000000965500000)]
  0x0000011e20c81020 JavaThread "Worker-2" [_thread_blocked, id=12172, stack(0x0000000965300000,0x0000000965400000)]

Other Threads:
  0x0000011e1d886d30 VMThread "VM Thread" [stack: 0x0000000963500000,0x0000000963600000] [id=6036]
  0x0000011e1f47d8e0 WatcherThread [stack: 0x0000000964100000,0x0000000964200000] [id=22412]
  0x0000011e07c07350 GCTaskThread "GC Thread#0" [stack: 0x0000000963400000,0x0000000963500000] [id=19772]
  0x0000011e1f8be3a0 GCTaskThread "GC Thread#1" [stack: 0x0000000964700000,0x0000000964800000] [id=1888]
  0x0000011e1fd06730 GCTaskThread "GC Thread#2" [stack: 0x0000000964800000,0x0000000964900000] [id=68]
  0x0000011e1fd069e0 GCTaskThread "GC Thread#3" [stack: 0x0000000964900000,0x0000000964a00000] [id=14600]

Threads with active compile tasks:
C2 CompilerThread0    10554 3047   !   4       org.eclipse.osgi.internal.loader.classpath.ClasspathManager::findClassImpl (308 bytes)

VM state: not at safepoint (normal execution)

VM Mutex/Monitor currently owned by a thread:  ([mutex/lock_event])
[0x0000011e07bea700] Metaspace_lock - owner thread: 0x0000011e20c836a0

Heap address: 0x00000000c0000000, size: 1024 MB, Compressed Oops mode: 32-bit

CDS archive(s) not mapped
Compressed class space mapped at: 0x0000000100000000-0x0000000140000000, reserved size: 1073741824
Narrow klass base: 0x0000000000000000, Narrow klass shift: 3, Narrow klass range: 0x140000000

GC Precious Log:
 CPUs: 4 total, 4 available
 Memory: 8052M
 Large Page Support: Disabled
 NUMA Support: Disabled
 Compressed Oops: Enabled (32-bit)
 Alignments: Space 512K, Generation 512K, Heap 2M
 Heap Min Capacity: 100M
 Heap Initial Capacity: 100M
 Heap Max Capacity: 1G
 Pre-touch: Disabled
 Parallel Workers: 4

Heap:
 PSYoungGen      total 27136K, used 13691K [0x00000000eab00000, 0x00000000ec980000, 0x0000000100000000)
  eden space 25088K, 47% used [0x00000000eab00000,0x00000000eb69f378,0x00000000ec380000)
  from space 2048K, 87% used [0x00000000ec400000,0x00000000ec5bf900,0x00000000ec600000)
  to   space 3072K, 0% used [0x00000000ec680000,0x00000000ec680000,0x00000000ec980000)
 ParOldGen       total 68608K, used 9516K [0x00000000c0000000, 0x00000000c4300000, 0x00000000eab00000)
  object space 68608K, 13% used [0x00000000c0000000,0x00000000c094b358,0x00000000c4300000)
 Metaspace       used 32371K, committed 33024K, reserved 1081344K
  class space    used 3349K, committed 3584K, reserved 1048576K

Card table byte_map: [0x0000011e1b230000,0x0000011e1b440000] _byte_map_base: 0x0000011e1ac30000

Marking Bits: (ParMarkBitMap*) 0x00007ff8da513af0
 Begin Bits: [0x0000011e1b5a0000, 0x0000011e1c5a0000)
 End Bits:   [0x0000011e1c5a0000, 0x0000011e1d5a0000)

Polling page: 0x0000011e07cc0000

Metaspace:

Usage:
  Non-class:     28.34 MB used.
      Class:      3.27 MB used.
       Both:     31.61 MB used.

Virtual space:
  Non-class space:       32.00 MB reserved,      28.75 MB ( 90%) committed,  4 nodes.
      Class space:        1.00 GB reserved,       3.50 MB ( <1%) committed,  1 nodes.
             Both:        1.03 GB reserved,      32.25 MB (  3%) committed. 

Chunk freelists:
   Non-Class:  3.23 MB
       Class:  496.00 KB
        Both:  3.72 MB

MaxMetaspaceSize: unlimited
CompressedClassSpaceSize: 1.00 GB
Initial GC threshold: 21.00 MB
Current GC threshold: 35.00 MB
CDS: off
MetaspaceReclaimPolicy: balanced
 - commit_granule_bytes: 65536.
 - commit_granule_words: 8192.
 - virtual_space_node_default_size: 1048576.
 - enlarge_chunks_in_place: 1.
 - new_chunks_are_fully_committed: 0.
 - uncommit_free_chunks: 1.
 - use_allocation_guard: 0.
 - handle_deallocations: 1.


Internal statistics:

num_allocs_failed_limit: 3.
num_arena_births: 188.
num_arena_deaths: 0.
num_vsnodes_births: 5.
num_vsnodes_deaths: 0.
num_space_committed: 516.
num_space_uncommitted: 0.
num_chunks_returned_to_freelist: 3.
num_chunks_taken_from_freelist: 1128.
num_chunk_merges: 3.
num_chunk_splits: 761.
num_chunks_enlarged: 544.
num_purges: 0.
num_inconsistent_stats: 0.

CodeHeap 'non-profiled nmethods': size=120000Kb used=1196Kb max_used=1196Kb free=118803Kb
 bounds [0x0000011e13b20000, 0x0000011e13d90000, 0x0000011e1b050000]
CodeHeap 'profiled nmethods': size=120000Kb used=6570Kb max_used=6570Kb free=113430Kb
 bounds [0x0000011e0c5f0000, 0x0000011e0cc60000, 0x0000011e13b20000]
CodeHeap 'non-nmethods': size=5760Kb used=1242Kb max_used=1266Kb free=4517Kb
 bounds [0x0000011e0c050000, 0x0000011e0c2c0000, 0x0000011e0c5f0000]
 total_blobs=3616 nmethods=3054 adapters=475
 compilation: enabled
              stopped_count=0, restarted_count=0
 full_count=0

Compilation events (20 events):
Event: 10.327 Thread 0x0000011e1d9940f0 nmethod 3045 0x0000011e0cc52e90 code [0x0000011e0cc530c0, 0x0000011e0cc53748]
Event: 10.327 Thread 0x0000011e1d9940f0 3046       3       java.util.concurrent.atomic.AtomicInteger::incrementAndGet (14 bytes)
Event: 10.327 Thread 0x0000011e1d9940f0 nmethod 3046 0x0000011e0cc53a10 code [0x0000011e0cc53ba0, 0x0000011e0cc53cb8]
Event: 10.330 Thread 0x0000011e1d9928b0 3047   !   4       org.eclipse.osgi.internal.loader.classpath.ClasspathManager::findClassImpl (308 bytes)
Event: 10.343 Thread 0x0000011e1d9940f0 3049       3       java.net.URLClassLoader::getAndVerifyPackage (110 bytes)
Event: 10.345 Thread 0x0000011e1d9940f0 nmethod 3049 0x0000011e0cc53d90 code [0x0000011e0cc54100, 0x0000011e0cc552e8]
Event: 10.345 Thread 0x0000011e1d9940f0 3050       3       jdk.internal.loader.URLClassPath$JarLoader$2::getBytes (48 bytes)
Event: 10.346 Thread 0x0000011e1d9940f0 nmethod 3050 0x0000011e0cc55910 code [0x0000011e0cc55b00, 0x0000011e0cc561a8]
Event: 10.346 Thread 0x0000011e1d9940f0 3051       3       java.security.SecureClassLoader::defineClass (16 bytes)
Event: 10.346 Thread 0x0000011e1d9940f0 nmethod 3051 0x0000011e0cc56410 code [0x0000011e0cc565c0, 0x0000011e0cc56758]
Event: 10.348 Thread 0x0000011e1d9940f0 3052   !   3       org.eclipse.osgi.internal.container.AtomicLazyInitializer::getInitialized (70 bytes)
Event: 10.349 Thread 0x0000011e1d9940f0 nmethod 3052 0x0000011e0cc56810 code [0x0000011e0cc56a00, 0x0000011e0cc56f68]
Event: 10.355 Thread 0x0000011e1d9940f0 3053   !   3       org.eclipse.osgi.storage.BundleInfo$Generation::getManifestLocalization (59 bytes)
Event: 10.356 Thread 0x0000011e1d9940f0 nmethod 3053 0x0000011e0cc57210 code [0x0000011e0cc57420, 0x0000011e0cc57bc8]
Event: 10.356 Thread 0x0000011e1d9940f0 3054       3       org.eclipse.core.runtime.ServiceCaller$ReferenceAndService::bundleChanged (32 bytes)
Event: 10.357 Thread 0x0000011e1d9940f0 nmethod 3054 0x0000011e0cc58010 code [0x0000011e0cc58240, 0x0000011e0cc589b8]
Event: 10.361 Thread 0x0000011e1d9940f0 3055   !   3       java.lang.ClassLoader::loadClass (121 bytes)
Event: 10.363 Thread 0x0000011e1d9940f0 nmethod 3055 0x0000011e0cc58d90 code [0x0000011e0cc59040, 0x0000011e0cc59c88]
Event: 10.378 Thread 0x0000011e1d9940f0 3056   !   3       org.eclipse.osgi.internal.loader.SystemBundleLoader::findLocalClass (12 bytes)
Event: 10.378 Thread 0x0000011e1d9940f0 nmethod 3056 0x0000011e0cc5a310 code [0x0000011e0cc5a4c0, 0x0000011e0cc5a6e8]

GC Heap History (12 events):
Event: 5.137 GC heap before
{Heap before GC invocations=1 (full 0):
 PSYoungGen      total 29696K, used 25600K [0x00000000eab00000, 0x00000000ecc00000, 0x0000000100000000)
  eden space 25600K, 100% used [0x00000000eab00000,0x00000000ec400000,0x00000000ec400000)
  from space 4096K, 0% used [0x00000000ec800000,0x00000000ec800000,0x00000000ecc00000)
  to   space 4096K, 0% used [0x00000000ec400000,0x00000000ec400000,0x00000000ec800000)
 ParOldGen       total 68608K, used 0K [0x00000000c0000000, 0x00000000c4300000, 0x00000000eab00000)
  object space 68608K, 0% used [0x00000000c0000000,0x00000000c0000000,0x00000000c4300000)
 Metaspace       used 12961K, committed 13120K, reserved 1064960K
  class space    used 1318K, committed 1408K, reserved 1048576K
}
Event: 5.145 GC heap after
{Heap after GC invocations=1 (full 0):
 PSYoungGen      total 29696K, used 3297K [0x00000000eab00000, 0x00000000ecc00000, 0x0000000100000000)
  eden space 25600K, 0% used [0x00000000eab00000,0x00000000eab00000,0x00000000ec400000)
  from space 4096K, 80% used [0x00000000ec400000,0x00000000ec738760,0x00000000ec800000)
  to   space 4096K, 0% used [0x00000000ec800000,0x00000000ec800000,0x00000000ecc00000)
 ParOldGen       total 68608K, used 24K [0x00000000c0000000, 0x00000000c4300000, 0x00000000eab00000)
  object space 68608K, 0% used [0x00000000c0000000,0x00000000c0006000,0x00000000c4300000)
 Metaspace       used 12961K, committed 13120K, reserved 1064960K
  class space    used 1318K, committed 1408K, reserved 1048576K
}
Event: 6.048 GC heap before
{Heap before GC invocations=2 (full 0):
 PSYoungGen      total 29696K, used 28897K [0x00000000eab00000, 0x00000000ecc00000, 0x0000000100000000)
  eden space 25600K, 100% used [0x00000000eab00000,0x00000000ec400000,0x00000000ec400000)
  from space 4096K, 80% used [0x00000000ec400000,0x00000000ec738760,0x00000000ec800000)
  to   space 4096K, 0% used [0x00000000ec800000,0x00000000ec800000,0x00000000ecc00000)
 ParOldGen       total 68608K, used 24K [0x00000000c0000000, 0x00000000c4300000, 0x00000000eab00000)
  object space 68608K, 0% used [0x00000000c0000000,0x00000000c0006000,0x00000000c4300000)
 Metaspace       used 13460K, committed 13696K, reserved 1064960K
  class space    used 1357K, committed 1472K, reserved 1048576K
}
Event: 6.057 GC heap after
{Heap after GC invocations=2 (full 0):
 PSYoungGen      total 29696K, used 4083K [0x00000000eab00000, 0x00000000ecc00000, 0x0000000100000000)
  eden space 25600K, 0% used [0x00000000eab00000,0x00000000eab00000,0x00000000ec400000)
  from space 4096K, 99% used [0x00000000ec800000,0x00000000ecbfcc10,0x00000000ecc00000)
  to   space 4096K, 0% used [0x00000000ec400000,0x00000000ec400000,0x00000000ec800000)
 ParOldGen       total 68608K, used 4265K [0x00000000c0000000, 0x00000000c4300000, 0x00000000eab00000)
  object space 68608K, 6% used [0x00000000c0000000,0x00000000c042a7b0,0x00000000c4300000)
 Metaspace       used 13460K, committed 13696K, reserved 1064960K
  class space    used 1357K, committed 1472K, reserved 1048576K
}
Event: 7.780 GC heap before
{Heap before GC invocations=3 (full 0):
 PSYoungGen      total 29696K, used 29683K [0x00000000eab00000, 0x00000000ecc00000, 0x0000000100000000)
  eden space 25600K, 100% used [0x00000000eab00000,0x00000000ec400000,0x00000000ec400000)
  from space 4096K, 99% used [0x00000000ec800000,0x00000000ecbfcc10,0x00000000ecc00000)
  to   space 4096K, 0% used [0x00000000ec400000,0x00000000ec400000,0x00000000ec800000)
 ParOldGen       total 68608K, used 4265K [0x00000000c0000000, 0x00000000c4300000, 0x00000000eab00000)
  object space 68608K, 6% used [0x00000000c0000000,0x00000000c042a7b0,0x00000000c4300000)
 Metaspace       used 20237K, committed 20672K, reserved 1073152K
  class space    used 2045K, committed 2240K, reserved 1048576K
}
Event: 7.792 GC heap after
{Heap after GC invocations=3 (full 0):
 PSYoungGen      total 29696K, used 4093K [0x00000000eab00000, 0x00000000ecc00000, 0x0000000100000000)
  eden space 25600K, 0% used [0x00000000eab00000,0x00000000eab00000,0x00000000ec400000)
  from space 4096K, 99% used [0x00000000ec400000,0x00000000ec7ff530,0x00000000ec800000)
  to   space 4096K, 0% used [0x00000000ec800000,0x00000000ec800000,0x00000000ecc00000)
 ParOldGen       total 68608K, used 9380K [0x00000000c0000000, 0x00000000c4300000, 0x00000000eab00000)
  object space 68608K, 13% used [0x00000000c0000000,0x00000000c0929390,0x00000000c4300000)
 Metaspace       used 20237K, committed 20672K, reserved 1073152K
  class space    used 2045K, committed 2240K, reserved 1048576K
}
Event: 7.874 GC heap before
{Heap before GC invocations=4 (full 0):
 PSYoungGen      total 29696K, used 6306K [0x00000000eab00000, 0x00000000ecc00000, 0x0000000100000000)
  eden space 25600K, 8% used [0x00000000eab00000,0x00000000ead29430,0x00000000ec400000)
  from space 4096K, 99% used [0x00000000ec400000,0x00000000ec7ff530,0x00000000ec800000)
  to   space 4096K, 0% used [0x00000000ec800000,0x00000000ec800000,0x00000000ecc00000)
 ParOldGen       total 68608K, used 9380K [0x00000000c0000000, 0x00000000c4300000, 0x00000000eab00000)
  object space 68608K, 13% used [0x00000000c0000000,0x00000000c0929390,0x00000000c4300000)
 Metaspace       used 21144K, committed 21504K, reserved 1073152K
  class space    used 2132K, committed 2304K, reserved 1048576K
}
Event: 7.881 GC heap after
{Heap after GC invocations=4 (full 0):
 PSYoungGen      total 29696K, used 4084K [0x00000000eab00000, 0x00000000ecc00000, 0x0000000100000000)
  eden space 25600K, 0% used [0x00000000eab00000,0x00000000eab00000,0x00000000ec400000)
  from space 4096K, 99% used [0x00000000ec800000,0x00000000ecbfd0d8,0x00000000ecc00000)
  to   space 4096K, 0% used [0x00000000ec400000,0x00000000ec400000,0x00000000ec800000)
 ParOldGen       total 68608K, used 9500K [0x00000000c0000000, 0x00000000c4300000, 0x00000000eab00000)
  object space 68608K, 13% used [0x00000000c0000000,0x00000000c0947390,0x00000000c4300000)
 Metaspace       used 21144K, committed 21504K, reserved 1073152K
  class space    used 2132K, committed 2304K, reserved 1048576K
}
Event: 7.881 GC heap before
{Heap before GC invocations=5 (full 1):
 PSYoungGen      total 29696K, used 4084K [0x00000000eab00000, 0x00000000ecc00000, 0x0000000100000000)
  eden space 25600K, 0% used [0x00000000eab00000,0x00000000eab00000,0x00000000ec400000)
  from space 4096K, 99% used [0x00000000ec800000,0x00000000ecbfd0d8,0x00000000ecc00000)
  to   space 4096K, 0% used [0x00000000ec400000,0x00000000ec400000,0x00000000ec800000)
 ParOldGen       total 68608K, used 9500K [0x00000000c0000000, 0x00000000c4300000, 0x00000000eab00000)
  object space 68608K, 13% used [0x00000000c0000000,0x00000000c0947390,0x00000000c4300000)
 Metaspace       used 21144K, committed 21504K, reserved 1073152K
  class space    used 2132K, committed 2304K, reserved 1048576K
}
Event: 7.917 GC heap after
{Heap after GC invocations=5 (full 1):
 PSYoungGen      total 29696K, used 0K [0x00000000eab00000, 0x00000000ecc00000, 0x0000000100000000)
  eden space 25600K, 0% used [0x00000000eab00000,0x00000000eab00000,0x00000000ec400000)
  from space 4096K, 0% used [0x00000000ec800000,0x00000000ec800000,0x00000000ecc00000)
  to   space 4096K, 0% used [0x00000000ec400000,0x00000000ec400000,0x00000000ec800000)
 ParOldGen       total 68608K, used 9508K [0x00000000c0000000, 0x00000000c4300000, 0x00000000eab00000)
  object space 68608K, 13% used [0x00000000c0000000,0x00000000c0949358,0x00000000c4300000)
 Metaspace       used 21144K, committed 21504K, reserved 1073152K
  class space    used 2132K, committed 2304K, reserved 1048576K
}
Event: 8.870 GC heap before
{Heap before GC invocations=6 (full 1):
 PSYoungGen      total 29696K, used 25600K [0x00000000eab00000, 0x00000000ecc00000, 0x0000000100000000)
  eden space 25600K, 100% used [0x00000000eab00000,0x00000000ec400000,0x00000000ec400000)
  from space 4096K, 0% used [0x00000000ec800000,0x00000000ec800000,0x00000000ecc00000)
  to   space 4096K, 0% used [0x00000000ec400000,0x00000000ec400000,0x00000000ec800000)
 ParOldGen       total 68608K, used 9508K [0x00000000c0000000, 0x00000000c4300000, 0x00000000eab00000)
  object space 68608K, 13% used [0x00000000c0000000,0x00000000c0949358,0x00000000c4300000)
 Metaspace       used 28325K, committed 28864K, reserved 1081344K
  class space    used 2779K, committed 3008K, reserved 1048576K
}
Event: 8.873 GC heap after
{Heap after GC invocations=6 (full 1):
 PSYoungGen      total 27136K, used 1790K [0x00000000eab00000, 0x00000000ec980000, 0x0000000100000000)
  eden space 25088K, 0% used [0x00000000eab00000,0x00000000eab00000,0x00000000ec380000)
  from space 2048K, 87% used [0x00000000ec400000,0x00000000ec5bf900,0x00000000ec600000)
  to   space 3072K, 0% used [0x00000000ec680000,0x00000000ec680000,0x00000000ec980000)
 ParOldGen       total 68608K, used 9516K [0x00000000c0000000, 0x00000000c4300000, 0x00000000eab00000)
  object space 68608K, 13% used [0x00000000c0000000,0x00000000c094b358,0x00000000c4300000)
 Metaspace       used 28325K, committed 28864K, reserved 1081344K
  class space    used 2779K, committed 3008K, reserved 1048576K
}

Deoptimization events (20 events):
Event: 9.300 Thread 0x0000011e1fd11180 DEOPT PACKING pc=0x0000011e13c30034 sp=0x0000000964bfb8d0
Event: 9.300 Thread 0x0000011e1fd11180 DEOPT UNPACKING pc=0x0000011e0c0a20a3 sp=0x0000000964bfb830 mode 2
Event: 9.652 Thread 0x0000011e1fd11180 Uncommon trap: trap_request=0xffffff76 fr.pc=0x0000011e13c22b40 relative=0x0000000000000600
Event: 9.652 Thread 0x0000011e1fd11180 Uncommon trap: reason=predicate action=maybe_recompile pc=0x0000011e13c22b40 method=java.util.TreeMap.getEntryUsingComparator(Ljava/lang/Object;)Ljava/util/TreeMap$Entry; @ 19 c2
Event: 9.652 Thread 0x0000011e1fd11180 DEOPT PACKING pc=0x0000011e13c22b40 sp=0x0000000964bfc4e0
Event: 9.653 Thread 0x0000011e1fd11180 DEOPT UNPACKING pc=0x0000011e0c0a20a3 sp=0x0000000964bfc400 mode 2
Event: 9.884 Thread 0x0000011e1fd11180 Uncommon trap: trap_request=0xffffffc6 fr.pc=0x0000011e13bd66e0 relative=0x0000000000000220
Event: 9.884 Thread 0x0000011e1fd11180 Uncommon trap: reason=bimorphic_or_optimized_type_check action=maybe_recompile pc=0x0000011e13bd66e0 method=java.util.Collections$UnmodifiableCollection$1.<init>(Ljava/util/Collections$UnmodifiableCollection;)V @ 17 c2
Event: 9.884 Thread 0x0000011e1fd11180 DEOPT PACKING pc=0x0000011e13bd66e0 sp=0x0000000964bfc140
Event: 9.884 Thread 0x0000011e1fd11180 DEOPT UNPACKING pc=0x0000011e0c0a20a3 sp=0x0000000964bfc070 mode 2
Event: 10.324 Thread 0x0000011e1fd11180 Uncommon trap: trap_request=0xffffff45 fr.pc=0x0000011e13c215e0 relative=0x0000000000000ce0
Event: 10.324 Thread 0x0000011e1fd11180 Uncommon trap: reason=unstable_if action=reinterpret pc=0x0000011e13c215e0 method=java.util.TreeMap.put(Ljava/lang/Object;Ljava/lang/Object;Z)Ljava/lang/Object; @ 27 c2
Event: 10.324 Thread 0x0000011e1fd11180 DEOPT PACKING pc=0x0000011e13c215e0 sp=0x0000000964bfe3b0
Event: 10.325 Thread 0x0000011e1fd11180 DEOPT UNPACKING pc=0x0000011e0c0a20a3 sp=0x0000000964bfe350 mode 2
Event: 10.349 Thread 0x0000011e07bf1040 Uncommon trap: trap_request=0xffffff76 fr.pc=0x0000011e13c1ef84 relative=0x0000000000000644
Event: 10.349 Thread 0x0000011e07bf1040 Uncommon trap: reason=predicate action=maybe_recompile pc=0x0000011e13c1ef84 method=java.util.TreeMap.getEntryUsingComparator(Ljava/lang/Object;)Ljava/util/TreeMap$Entry; @ 19 c2
Event: 10.349 Thread 0x0000011e07bf1040 DEOPT PACKING pc=0x0000011e13c1ef84 sp=0x00000009633fe210
Event: 10.349 Thread 0x0000011e07bf1040 DEOPT UNPACKING pc=0x0000011e0c0a20a3 sp=0x00000009633fe1c0 mode 2
Event: 10.365 Thread 0x0000011e07bf1040 DEOPT PACKING pc=0x0000011e0cc2599e sp=0x00000009633f7970
Event: 10.365 Thread 0x0000011e07bf1040 DEOPT UNPACKING pc=0x0000011e0c0a2843 sp=0x00000009633f6e68 mode 0

Classes unloaded (0 events):
No events

Classes redefined (0 events):
No events

Internal exceptions (20 events):
Event: 6.723 Thread 0x0000011e1fd11180 Exception <a 'java/io/FileNotFoundException'{0x00000000eb7c5640}> (0x00000000eb7c5640) 
thrown [e:\jenkins\tmp\workspace\build\src\src\hotspot\share\prims\jni.cpp, line 516]
Event: 7.579 Thread 0x0000011e1fd11180 Exception <a 'java/lang/NoSuchMethodError'{0x00000000ec0d6f68}: 'void java.lang.invoke.DirectMethodHandle$Holder.invokeInterface(java.lang.Object, java.lang.Object, java.lang.Object)'> (0x00000000ec0d6f68) 
thrown [e:\jenkins\tmp\workspace\build\src\src\hotspot\share\interpreter\linkResolver.cpp, line 766]
Event: 7.687 Thread 0x0000011e1fd11180 Exception <a 'java/lang/NoSuchMethodError'{0x00000000ec288fd8}: 'void java.lang.invoke.DirectMethodHandle$Holder.invokeSpecial(java.lang.Object, java.lang.Object, java.lang.Object)'> (0x00000000ec288fd8) 
thrown [e:\jenkins\tmp\workspace\build\src\src\hotspot\share\interpreter\linkResolver.cpp, line 766]
Event: 7.692 Thread 0x0000011e1fd11180 Exception <a 'java/io/FileNotFoundException'{0x00000000ec298128}> (0x00000000ec298128) 
thrown [e:\jenkins\tmp\workspace\build\src\src\hotspot\share\prims\jni.cpp, line 516]
Event: 7.811 Thread 0x0000011e1fd11180 Exception <a 'java/lang/IncompatibleClassChangeError'{0x00000000eab59518}: Found class java.lang.Object, but interface was expected> (0x00000000eab59518) 
thrown [e:\jenkins\tmp\workspace\build\src\src\hotspot\share\interpreter\linkResolver.cpp, line 833]
Event: 7.955 Thread 0x0000011e1fd11180 Exception <a 'java/io/FileNotFoundException'{0x00000000eac7ef30}> (0x00000000eac7ef30) 
thrown [e:\jenkins\tmp\workspace\build\src\src\hotspot\share\prims\jni.cpp, line 516]
Event: 7.957 Thread 0x0000011e1fd11180 Exception <a 'java/io/FileNotFoundException'{0x00000000eac80058}> (0x00000000eac80058) 
thrown [e:\jenkins\tmp\workspace\build\src\src\hotspot\share\prims\jni.cpp, line 516]
Event: 7.958 Thread 0x0000011e1fd11180 Exception <a 'java/io/FileNotFoundException'{0x00000000eac81190}> (0x00000000eac81190) 
thrown [e:\jenkins\tmp\workspace\build\src\src\hotspot\share\prims\jni.cpp, line 516]
Event: 8.069 Thread 0x0000011e1fd11180 Exception <a 'java/lang/NoSuchMethodError'{0x00000000eb0062b8}: 'int java.lang.invoke.DirectMethodHandle$Holder.invokeStaticInit(java.lang.Object, java.lang.Object, java.lang.Object)'> (0x00000000eb0062b8) 
thrown [e:\jenkins\tmp\workspace\build\src\src\hotspot\share\interpreter\linkResolver.cpp, line 766]
Event: 8.213 Thread 0x0000011e1fd11180 Exception <a 'java/io/FileNotFoundException'{0x00000000ebc60040}> (0x00000000ebc60040) 
thrown [e:\jenkins\tmp\workspace\build\src\src\hotspot\share\prims\jni.cpp, line 516]
Event: 8.448 Thread 0x0000011e1fd11180 Exception <a 'java/lang/ClassNotFoundException'{0x00000000ebedf650}: com/sun/org/apache/xml/internal/serializer/spi/XMLEntitiesProvider> (0x00000000ebedf650) 
thrown [e:\jenkins\tmp\workspace\build\src\src\hotspot\share\classfile\systemDictionary.cpp, line 256]
Event: 8.990 Thread 0x0000011e1fd11180 Exception <a 'java/lang/NoSuchMethodError'{0x00000000ead76dc0}: 'org.slf4j.impl.StaticMDCBinder org.slf4j.impl.StaticMDCBinder.getSingleton()'> (0x00000000ead76dc0) 
thrown [e:\jenkins\tmp\workspace\build\src\src\hotspot\share\interpreter\linkResolver.cpp, line 766]
Event: 9.083 Thread 0x0000011e1fd11180 Exception <a 'java/io/FileNotFoundException'{0x00000000eae687d0}> (0x00000000eae687d0) 
thrown [e:\jenkins\tmp\workspace\build\src\src\hotspot\share\prims\jni.cpp, line 516]
Event: 9.311 Thread 0x0000011e1fd11180 Exception <a 'java/lang/UnsatisfiedLinkError'{0x00000000eaf9d2f8}: The specified procedure could not be found.
> (0x00000000eaf9d2f8) 
thrown [e:\jenkins\tmp\workspace\build\src\src\hotspot\share\prims\jni.cpp, line 535]
Event: 9.649 Thread 0x0000011e1fd11180 Exception <a 'java/io/FileNotFoundException'{0x00000000eafa93c0}> (0x00000000eafa93c0) 
thrown [e:\jenkins\tmp\workspace\build\src\src\hotspot\share\prims\jni.cpp, line 516]
Event: 9.666 Thread 0x0000011e1fd11180 Exception <a 'java/io/FileNotFoundException'{0x00000000eafd3a78}> (0x00000000eafd3a78) 
thrown [e:\jenkins\tmp\workspace\build\src\src\hotspot\share\prims\jni.cpp, line 516]
Event: 9.898 Thread 0x0000011e1fd11180 Exception <a 'java/lang/UnsatisfiedLinkError'{0x00000000eb0d9650}: The specified procedure could not be found.
> (0x00000000eb0d9650) 
thrown [e:\jenkins\tmp\workspace\build\src\src\hotspot\share\prims\jni.cpp, line 535]
Event: 10.063 Thread 0x0000011e20c836a0 Exception <a 'java/lang/NoSuchMethodError'{0x00000000eadb3960}: 'java.lang.Object java.lang.invoke.DirectMethodHandle$Holder.newInvokeSpecial(java.lang.Object, java.lang.Object, java.lang.Object, java.lang.Object, java.lang.Object)'> (0x00000000eadb3960) 
thrown [e:\jenkins\tmp\workspace\build\src\src\hotspot\share\interpreter\linkResolver.cpp, line 766]
Event: 10.324 Thread 0x0000011e1fd11180 Implicit null exception at 0x0000011e13c20947 to 0x0000011e13c215c0
Event: 10.325 Thread 0x0000011e1fd11180 Exception <a 'java/lang/NoSuchMethodError'{0x00000000eb5306b8}: 'void java.lang.invoke.DirectMethodHandle$Holder.invokeStatic(java.lang.Object, java.lang.Object, java.lang.Object, java.lang.Object)'> (0x00000000eb5306b8) 
thrown [e:\jenkins\tmp\workspace\build\src\src\hotspot\share\interpreter\linkResolver.cpp, line 766]

VM Operations (20 events):
Event: 8.446 Executing VM operation: HandshakeAllThreads
Event: 8.447 Executing VM operation: HandshakeAllThreads done
Event: 8.451 Executing VM operation: HandshakeAllThreads
Event: 8.451 Executing VM operation: HandshakeAllThreads done
Event: 8.491 Executing VM operation: HandshakeAllThreads
Event: 8.491 Executing VM operation: HandshakeAllThreads done
Event: 8.567 Executing VM operation: HandshakeAllThreads
Event: 8.567 Executing VM operation: HandshakeAllThreads done
Event: 8.869 Executing VM operation: ParallelGCFailedAllocation
Event: 8.874 Executing VM operation: ParallelGCFailedAllocation done
Event: 9.282 Executing VM operation: HandshakeAllThreads
Event: 9.282 Executing VM operation: HandshakeAllThreads done
Event: 9.287 Executing VM operation: HandshakeAllThreads
Event: 9.288 Executing VM operation: HandshakeAllThreads done
Event: 10.163 Executing VM operation: HandshakeAllThreads
Event: 10.175 Executing VM operation: HandshakeAllThreads done
Event: 10.175 Executing VM operation: Cleanup
Event: 10.176 Executing VM operation: Cleanup done
Event: 10.216 Executing VM operation: HandshakeAllThreads
Event: 10.216 Executing VM operation: HandshakeAllThreads done

Events (20 events):
Event: 10.141 loading class javax/management/ObjectName done
Event: 10.142 loading class com/sun/jmx/mbeanserver/GetPropertyAction
Event: 10.142 loading class com/sun/jmx/mbeanserver/GetPropertyAction done
Event: 10.142 loading class javax/management/ObjectName$Property
Event: 10.142 loading class javax/management/ObjectName$Property done
Event: 10.142 loading class com/sun/jmx/mbeanserver/Util
Event: 10.142 loading class com/sun/jmx/mbeanserver/Util done
Event: 10.167 Thread 0x0000011e20c81020 Thread added: 0x0000011e20c81020
Event: 10.185 loading class java/util/concurrent/Executors$DefaultThreadFactory
Event: 10.185 loading class java/util/concurrent/Executors$DefaultThreadFactory done
Event: 10.199 loading class jdk/internal/loader/BootLoader$PackageHelper
Event: 10.199 loading class jdk/internal/loader/BootLoader$PackageHelper done
Event: 10.279 loading class java/io/FilterReader
Event: 10.279 loading class java/io/FilterReader done
Event: 10.291 loading class java/util/Vector$Itr
Event: 10.291 loading class java/util/Vector$Itr done
Event: 10.309 loading class java/util/regex/Pattern$1
Event: 10.309 loading class java/util/regex/Pattern$1 done
Event: 10.361 loading class javax/xml/parsers/FactoryConfigurationError
Event: 10.361 loading class javax/xml/parsers/FactoryConfigurationError done


Dynamic libraries:
0x00007ff74e490000 - 0x00007ff74e49e000 	c:\Users\AP\.vscode\extensions\redhat.java-1.5.0-win32-x64\jre\17.0.2-win32-x86_64\bin\java.exe
0x00007ff95a2b0000 - 0x00007ff95a4a6000 	C:\WINDOWS\SYSTEM32\ntdll.dll
0x00007ff959d30000 - 0x00007ff959ded000 	C:\WINDOWS\System32\KERNEL32.DLL
0x00007ff957f00000 - 0x00007ff9581c9000 	C:\WINDOWS\System32\KERNELBASE.dll
0x00007ff957b50000 - 0x00007ff957c50000 	C:\WINDOWS\System32\ucrtbase.dll
0x00007ff9505d0000 - 0x00007ff9505e8000 	c:\Users\AP\.vscode\extensions\redhat.java-1.5.0-win32-x64\jre\17.0.2-win32-x86_64\bin\jli.dll
0x00007ff959b90000 - 0x00007ff959d30000 	C:\WINDOWS\System32\USER32.dll
0x00007ff9581d0000 - 0x00007ff9581f2000 	C:\WINDOWS\System32\win32u.dll
0x00007ff958f60000 - 0x00007ff958f8a000 	C:\WINDOWS\System32\GDI32.dll
0x00007ff958200000 - 0x00007ff958309000 	C:\WINDOWS\System32\gdi32full.dll
0x00007ff957ca0000 - 0x00007ff957d3d000 	C:\WINDOWS\System32\msvcp_win.dll
0x00007ff950190000 - 0x00007ff9501a9000 	c:\Users\AP\.vscode\extensions\redhat.java-1.5.0-win32-x64\jre\17.0.2-win32-x86_64\bin\VCRUNTIME140.dll
0x00007ff948c80000 - 0x00007ff948f1b000 	C:\WINDOWS\WinSxS\amd64_microsoft.windows.common-controls_6595b64144ccf1df_6.0.19041.488_none_ca04af081b815d21\COMCTL32.dll
0x00007ff959520000 - 0x00007ff9595be000 	C:\WINDOWS\System32\msvcrt.dll
0x00007ff9592e0000 - 0x00007ff959310000 	C:\WINDOWS\System32\IMM32.DLL
0x00007ff9593f0000 - 0x00007ff95951b000 	C:\WINDOWS\System32\RPCRT4.dll
0x00007ff9578a0000 - 0x00007ff9578dc000 	C:\WINDOWS\SYSTEM32\SspiCli.dll
0x00007ff9502e0000 - 0x00007ff9502ec000 	c:\Users\AP\.vscode\extensions\redhat.java-1.5.0-win32-x64\jre\17.0.2-win32-x86_64\bin\vcruntime140_1.dll
0x00007ff928d20000 - 0x00007ff928db1000 	c:\Users\AP\.vscode\extensions\redhat.java-1.5.0-win32-x64\jre\17.0.2-win32-x86_64\bin\msvcp140.dll
0x00007ff8d9990000 - 0x00007ff8da5d7000 	c:\Users\AP\.vscode\extensions\redhat.java-1.5.0-win32-x64\jre\17.0.2-win32-x86_64\bin\server\jvm.dll
0x00007ff95a160000 - 0x00007ff95a20c000 	C:\WINDOWS\System32\ADVAPI32.dll
0x00007ff95a0c0000 - 0x00007ff95a15c000 	C:\WINDOWS\System32\sechost.dll
0x00007ff959070000 - 0x00007ff959078000 	C:\WINDOWS\System32\PSAPI.DLL
0x00007ff9401a0000 - 0x00007ff9401a9000 	C:\WINDOWS\SYSTEM32\WSOCK32.dll
0x00007ff9597c0000 - 0x00007ff95982b000 	C:\WINDOWS\System32\WS2_32.dll
0x00007ff945dd0000 - 0x00007ff945df7000 	C:\WINDOWS\SYSTEM32\WINMM.dll
0x00007ff945690000 - 0x00007ff94569a000 	C:\WINDOWS\SYSTEM32\VERSION.dll
0x00007ff956320000 - 0x00007ff956332000 	C:\WINDOWS\SYSTEM32\kernel.appcore.dll
0x00007ff950180000 - 0x00007ff95018a000 	c:\Users\AP\.vscode\extensions\redhat.java-1.5.0-win32-x64\jre\17.0.2-win32-x86_64\bin\jimage.dll
0x00007ff9557b0000 - 0x00007ff955994000 	C:\WINDOWS\SYSTEM32\DBGHELP.DLL
0x00007ff93ffd0000 - 0x00007ff93fffc000 	C:\WINDOWS\SYSTEM32\dbgcore.DLL
0x00007ff957e80000 - 0x00007ff957f00000 	C:\WINDOWS\System32\bcryptPrimitives.dll
0x00007ff928e40000 - 0x00007ff928e65000 	c:\Users\AP\.vscode\extensions\redhat.java-1.5.0-win32-x64\jre\17.0.2-win32-x86_64\bin\java.dll
0x00007ff928d00000 - 0x00007ff928d18000 	c:\Users\AP\.vscode\extensions\redhat.java-1.5.0-win32-x64\jre\17.0.2-win32-x86_64\bin\zip.dll
0x00007ff958780000 - 0x00007ff958ec2000 	C:\WINDOWS\System32\SHELL32.dll
0x00007ff955a20000 - 0x00007ff9561b5000 	C:\WINDOWS\SYSTEM32\windows.storage.dll
0x00007ff959830000 - 0x00007ff959b86000 	C:\WINDOWS\System32\combase.dll
0x00007ff957460000 - 0x00007ff95748c000 	C:\WINDOWS\SYSTEM32\Wldp.dll
0x00007ff959080000 - 0x00007ff95912e000 	C:\WINDOWS\System32\SHCORE.dll
0x00007ff95a210000 - 0x00007ff95a265000 	C:\WINDOWS\System32\shlwapi.dll
0x00007ff957920000 - 0x00007ff957946000 	C:\WINDOWS\SYSTEM32\profapi.dll
0x00007ff949780000 - 0x00007ff949799000 	C:\Users\AP\.vscode\extensions\redhat.java-1.5.0-win32-x64\jre\17.0.2-win32-x86_64\bin\net.dll
0x00007ff94e9f0000 - 0x00007ff94eaf0000 	C:\WINDOWS\SYSTEM32\WINHTTP.dll
0x00007ff9571e0000 - 0x00007ff95724a000 	C:\WINDOWS\system32\mswsock.dll
0x00007ff928560000 - 0x00007ff928575000 	C:\Users\AP\.vscode\extensions\redhat.java-1.5.0-win32-x64\jre\17.0.2-win32-x86_64\bin\nio.dll
0x00007ff9573b0000 - 0x00007ff9573c8000 	C:\WINDOWS\SYSTEM32\CRYPTSP.dll
0x00007ff956b00000 - 0x00007ff956b34000 	C:\WINDOWS\system32\rsaenh.dll
0x00007ff957e50000 - 0x00007ff957e77000 	C:\WINDOWS\System32\bcrypt.dll
0x00007ff9578e0000 - 0x00007ff95790e000 	C:\WINDOWS\SYSTEM32\USERENV.dll
0x00007ff9573d0000 - 0x00007ff9573dc000 	C:\WINDOWS\SYSTEM32\CRYPTBASE.dll
0x00007ff956e80000 - 0x00007ff956ebb000 	C:\WINDOWS\SYSTEM32\IPHLPAPI.DLL
0x00007ff958ed0000 - 0x00007ff958ed8000 	C:\WINDOWS\System32\NSI.dll
0x00007ff94f3a0000 - 0x00007ff94f3b7000 	C:\WINDOWS\SYSTEM32\dhcpcsvc6.DLL
0x00007ff94f290000 - 0x00007ff94f2ad000 	C:\WINDOWS\SYSTEM32\dhcpcsvc.DLL
0x00007ff956ed0000 - 0x00007ff956f9b000 	C:\WINDOWS\SYSTEM32\DNSAPI.dll
0x00007ff928c60000 - 0x00007ff928c9e000 	C:\Users\AP\AppData\Roaming\Code\User\globalStorage\redhat.java\1.5.0\config_win\org.eclipse.equinox.launcher\org.eclipse.equinox.launcher.win32.win32.x86_64_1.2.400.v20211117-0650\eclipse_11602.dll
0x00007ff959f90000 - 0x00007ff95a0ba000 	C:\WINDOWS\System32\ole32.dll
0x00007ff955010000 - 0x00007ff955020000 	c:\Users\AP\.vscode\extensions\redhat.java-1.5.0-win32-x64\jre\17.0.2-win32-x86_64\bin\verify.dll
0x00007ff928c10000 - 0x00007ff928c54000 	C:\Users\AP\AppData\Local\Temp\jna-2095\jna12303262557470874164.dll

dbghelp: loaded successfully - version: 4.0.5 - missing functions: none
symbol engine: initialized successfully - sym options: 0x614 - pdb path: .;c:\Users\AP\.vscode\extensions\redhat.java-1.5.0-win32-x64\jre\17.0.2-win32-x86_64\bin;C:\WINDOWS\SYSTEM32;C:\WINDOWS\WinSxS\amd64_microsoft.windows.common-controls_6595b64144ccf1df_6.0.19041.488_none_ca04af081b815d21;c:\Users\AP\.vscode\extensions\redhat.java-1.5.0-win32-x64\jre\17.0.2-win32-x86_64\bin\server;C:\Users\AP\AppData\Roaming\Code\User\globalStorage\redhat.java\1.5.0\config_win\org.eclipse.equinox.launcher\org.eclipse.equinox.launcher.win32.win32.x86_64_1.2.400.v20211117-0650;C:\Users\AP\AppData\Local\Temp\jna-2095

VM Arguments:
jvm_args: --add-modules=ALL-SYSTEM --add-opens=java.base/java.util=ALL-UNNAMED --add-opens=java.base/java.lang=ALL-UNNAMED --add-opens=java.base/sun.nio.fs=ALL-UNNAMED -Declipse.application=org.eclipse.jdt.ls.core.id1 -Dosgi.bundles.defaultStartLevel=4 -Declipse.product=org.eclipse.jdt.ls.core.product -Djava.import.generatesMetadataFilesAtProjectRoot=false -Dfile.encoding=utf8 -DwatchParentProcess=false -XX:+UseParallelGC -XX:GCTimeRatio=4 -XX:AdaptiveSizePolicyWeight=90 -Dsun.zip.disableMemoryMapping=true -Xmx1G -Xms100m -XX:+HeapDumpOnOutOfMemoryError -XX:HeapDumpPath=c:\Users\AP\AppData\Roaming\Code\User\workspaceStorage\119a1ddabada37eb9582ddd6191118fb\redhat.java 
java_command: c:\Users\AP\.vscode\extensions\redhat.java-1.5.0-win32-x64\server\plugins\org.eclipse.equinox.launcher_1.6.400.v20210924-0641.jar -configuration c:\Users\AP\AppData\Roaming\Code\User\globalStorage\redhat.java\1.5.0\config_win -data c:\Users\AP\AppData\Roaming\Code\User\workspaceStorage\119a1ddabada37eb9582ddd6191118fb\redhat.java\jdt_ws
java_class_path (initial): c:\Users\AP\.vscode\extensions\redhat.java-1.5.0-win32-x64\server\plugins\org.eclipse.equinox.launcher_1.6.400.v20210924-0641.jar
Launcher Type: SUN_STANDARD

[Global flags]
    uintx AdaptiveSizePolicyWeight                 = 90                                        {product} {command line}
     intx CICompilerCount                          = 3                                         {product} {ergonomic}
    uintx GCTimeRatio                              = 4                                         {product} {command line}
     bool HeapDumpOnOutOfMemoryError               = true                                   {manageable} {command line}
    ccstr HeapDumpPath                             = c:\Users\AP\AppData\Roaming\Code\User\workspaceStorage\119a1ddabada37eb9582ddd6191118fb\redhat.java         {manageable} {command line}
   size_t InitialHeapSize                          = 104857600                                 {product} {command line}
   size_t MaxHeapSize                              = 1073741824                                {product} {command line}
   size_t MaxNewSize                               = 357564416                                 {product} {ergonomic}
   size_t MinHeapDeltaBytes                        = 524288                                    {product} {ergonomic}
   size_t MinHeapSize                              = 104857600                                 {product} {command line}
   size_t NewSize                                  = 34603008                                  {product} {ergonomic}
    uintx NonNMethodCodeHeapSize                   = 5832780                                {pd product} {ergonomic}
    uintx NonProfiledCodeHeapSize                  = 122912730                              {pd product} {ergonomic}
   size_t OldSize                                  = 70254592                                  {product} {ergonomic}
    uintx ProfiledCodeHeapSize                     = 122912730                              {pd product} {ergonomic}
    uintx ReservedCodeCacheSize                    = 251658240                              {pd product} {ergonomic}
     bool SegmentedCodeCache                       = true                                      {product} {ergonomic}
   size_t SoftMaxHeapSize                          = 1073741824                             {manageable} {ergonomic}
     bool UseCompressedClassPointers               = true                           {product lp64_product} {ergonomic}
     bool UseCompressedOops                        = true                           {product lp64_product} {ergonomic}
     bool UseLargePagesIndividualAllocation        = false                                  {pd product} {ergonomic}
     bool UseParallelGC                            = true                                      {product} {command line}

Logging:
Log output configuration:
 #0: stdout all=warning uptime,level,tags
 #1: stderr all=off uptime,level,tags

Environment Variables:
JAVA_HOME=C:\Program Files\Java\jdk-17.0.2
PATH=C:\Program Files\Common Files\Oracle\Java\javapath;C:\Program Files (x86)\Common Files\Oracle\Java\javapath;C:\WINDOWS\system32;C:\WINDOWS;C:\WINDOWS\System32\Wbem;C:\WINDOWS\System32\WindowsPowerShell\v1.0\;C:\WINDOWS\System32\OpenSSH\;C:\Program Files\Intel\WiFi\bin\;C:\Program Files\Common Files\Intel\WirelessCommon\;C:\Program Files\PuTTY\;C:\Program Files\Microsoft SQL Server\150\Tools\Binn\;C:\Program Files\Microsoft SQL Server\Client SDK\ODBC\170\Tools\Binn\;C:\Program Files\dotnet\;C:\Program Files\Git\cmd;C:\Program Files\Amazon\AWSCLIV2\;C:\Users\AP\AppData\Local\Microsoft\WindowsApps;C:\Program Files\Intel\WiFi\bin\;C:\Program Files\Common Files\Intel\WirelessCommon\;C:\Users\AP\.dotnet\tools;C:\Users\AP\AppData\Local\Programs\Microsoft VS Code\bin
USERNAME=AP
OS=Windows_NT
PROCESSOR_IDENTIFIER=Intel64 Family 6 Model 58 Stepping 9, GenuineIntel



---------------  S Y S T E M  ---------------

OS:
 Windows 10 , 64 bit Build 19041 (10.0.19041.662)
OS uptime: 45 days 17:22 hours

CPU: total 4 (initial active 4) (2 cores per cpu, 2 threads per core) family 6 model 58 stepping 9 microcode 0x21, cx8, cmov, fxsr, ht, mmx, sse, sse2, sse3, ssse3, sse4.1, sse4.2, popcnt, tsc, tscinvbit, avx, erms, clmul, vzeroupper, clflush

Memory: 4k page, system-wide physical 8052M (1705M free)
TotalPageFile size 32628M (AvailPageFile size 2M)
current process WorkingSet (physical memory assigned to process): 156M, peak: 156M
current process commit charge ("private bytes"): 247M, peak: 248M

vm_info: OpenJDK 64-Bit Server VM (17.0.2+8) for windows-amd64 JRE (17.0.2+8), built on Jan 20 2022 04:52:34 by "" with MS VC++ 16.7 (VS2019)

END.
