#
# There is insufficient memory for the Java Runtime Environment to continue.
# Native memory allocation (mmap) failed to map 65536 bytes for Failed to commit metaspace.
# Possible reasons:
#   The system is out of physical RAM or swap space
#   The process is running with CompressedOops enabled, and the Java Heap may be blocking the growth of the native heap
# Possible solutions:
#   Reduce memory load on the system
#   Increase physical memory or swap space
#   Check if swap backing store is full
#   Decrease Java heap size (-Xmx/-Xms)
#   Decrease number of Java threads
#   Decrease Java thread stack sizes (-Xss)
#   Set larger code cache with -XX:ReservedCodeCacheSize=
#   JVM is running with Unscaled Compressed Oops mode in which the Java heap is
#     placed in the first 4GB address space. The Java Heap base address is the
#     maximum limit for the native heap growth. Please use -XX:HeapBaseMinAddress
#     to set the Java Heap base and to place the Java Heap above 4GB virtual address.
# This output file may be truncated or incomplete.
#
#  Out of Memory Error (virtualSpaceNode.cpp:110), pid=21372, tid=13224
#
# JRE version: OpenJDK Runtime Environment Temurin-17.0.2+8 (17.0.2+8) (build 17.0.2+8)
# Java VM: OpenJDK 64-Bit Server VM Temurin-17.0.2+8 (17.0.2+8, mixed mode, tiered, compressed oops, compressed class ptrs, parallel gc, windows-amd64)
# No core dump will be written. Minidumps are not enabled by default on client versions of Windows
#

---------------  S U M M A R Y ------------

Command Line: --add-modules=ALL-SYSTEM --add-opens=java.base/java.util=ALL-UNNAMED --add-opens=java.base/java.lang=ALL-UNNAMED --add-opens=java.base/sun.nio.fs=ALL-UNNAMED -Declipse.application=org.eclipse.jdt.ls.core.id1 -Dosgi.bundles.defaultStartLevel=4 -Declipse.product=org.eclipse.jdt.ls.core.product -Djava.import.generatesMetadataFilesAtProjectRoot=false -Dfile.encoding=utf8 -DwatchParentProcess=false -XX:+UseParallelGC -XX:GCTimeRatio=4 -XX:AdaptiveSizePolicyWeight=90 -Dsun.zip.disableMemoryMapping=true -Xmx1G -Xms100m -XX:+HeapDumpOnOutOfMemoryError -XX:HeapDumpPath=c:\Users\AP\AppData\Roaming\Code\User\workspaceStorage\119a1ddabada37eb9582ddd6191118fb\redhat.java c:\Users\AP\.vscode\extensions\redhat.java-1.5.0-win32-x64\server\plugins\org.eclipse.equinox.launcher_1.6.400.v20210924-0641.jar -configuration c:\Users\AP\AppData\Roaming\Code\User\globalStorage\redhat.java\1.5.0\config_win -data c:\Users\AP\AppData\Roaming\Code\User\workspaceStorage\119a1ddabada37eb9582ddd6191118fb\redhat.java\jdt_ws

Host: Intel(R) Core(TM) i5-3210M CPU @ 2.50GHz, 4 cores, 7G,  Windows 10 , 64 bit Build 19041 (10.0.19041.662)
Time: Sun Apr 24 12:11:01 2022 Eastern Daylight Time elapsed time: 12.608517 seconds (0d 0h 0m 12s)

---------------  T H R E A D  ---------------

Current thread (0x0000027efd638030):  JavaThread "Start Level: Equinox Container: 7954171f-364e-4113-b609-86089f0a2bfc" daemon [_thread_in_vm, id=13224, stack(0x0000008eeac00000,0x0000008eead00000)]

Stack: [0x0000008eeac00000,0x0000008eead00000]
Native frames: (J=compiled Java code, j=interpreted, Vv=VM code, C=native code)
V  [jvm.dll+0x67564a]
V  [jvm.dll+0x82fc04]
V  [jvm.dll+0x8313ae]
V  [jvm.dll+0x831a13]
V  [jvm.dll+0x245235]
V  [jvm.dll+0x82bbab]
V  [jvm.dll+0x61a336]
V  [jvm.dll+0x1c016e]
V  [jvm.dll+0x61cc81]
V  [jvm.dll+0x61acd6]
V  [jvm.dll+0x242c8c]
V  [jvm.dll+0x6cb9ed]
V  [jvm.dll+0x6cc41f]
V  [jvm.dll+0x36f9b3]
V  [jvm.dll+0x36eb72]
V  [jvm.dll+0x36eb18]
V  [jvm.dll+0x55b06f]
V  [jvm.dll+0x55b118]
V  [jvm.dll+0x3824de]
V  [jvm.dll+0x381f82]
C  0x0000027eea1386e8

Java frames: (J=compiled Java code, j=interpreted, Vv=VM code)
j  org.eclipse.jdt.internal.compiler.impl.CompilerOptions.getMap()Ljava/util/Map;+1487
j  org.eclipse.jdt.internal.core.JavaCorePreferenceInitializer.initializeDefaultPreferences()V+14
j  org.eclipse.core.internal.preferences.PreferenceServiceRegistryHelper$1.run()V+4
j  org.eclipse.core.runtime.SafeRunner.run(Lorg/eclipse/core/runtime/ISafeRunnable;)V+5
j  org.eclipse.core.internal.preferences.PreferenceServiceRegistryHelper.runInitializer(Lorg/eclipse/core/runtime/IConfigurationElement;)V+23
j  org.eclipse.core.internal.preferences.PreferenceServiceRegistryHelper.applyRuntimeDefaults(Ljava/lang/String;Ljava/lang/ref/WeakReference;)Ljava/lang/ref/WeakReference;+193
j  org.eclipse.core.internal.preferences.PreferencesService.applyRuntimeDefaults(Ljava/lang/String;Ljava/lang/ref/WeakReference;)Ljava/lang/ref/WeakReference;+18
j  org.eclipse.core.internal.preferences.DefaultPreferences.applyRuntimeDefaults()V+11
j  org.eclipse.core.internal.preferences.DefaultPreferences.load()V+5
j  org.eclipse.core.internal.preferences.EclipsePreferences.create(Lorg/eclipse/core/internal/preferences/EclipsePreferences;Ljava/lang/String;Ljava/lang/Object;)Lorg/eclipse/core/runtime/preferences/IEclipsePreferences;+75
j  org.eclipse.core.internal.preferences.EclipsePreferences.internalNode(Ljava/lang/String;ZLjava/lang/Object;)Lorg/eclipse/core/runtime/preferences/IEclipsePreferences;+91
j  org.eclipse.core.internal.preferences.EclipsePreferences.node(Ljava/lang/String;)Lorg/osgi/service/prefs/Preferences;+4
j  org.eclipse.core.internal.preferences.AbstractScope.getNode(Ljava/lang/String;)Lorg/eclipse/core/runtime/preferences/IEclipsePreferences;+28
j  org.eclipse.core.runtime.preferences.DefaultScope.getNode(Ljava/lang/String;)Lorg/eclipse/core/runtime/preferences/IEclipsePreferences;+2
j  org.eclipse.jdt.internal.core.JavaModelManager.initializePreferences()V+28
j  org.eclipse.jdt.internal.core.JavaModelManager.startup()V+19
j  org.eclipse.jdt.core.JavaCore.start(Lorg/osgi/framework/BundleContext;)V+12
j  org.eclipse.osgi.internal.framework.BundleContextImpl$2.run()Ljava/lang/Void;+23
j  org.eclipse.osgi.internal.framework.BundleContextImpl$2.run()Ljava/lang/Object;+1
J 978 c1 java.security.AccessController.executePrivileged(Ljava/security/PrivilegedExceptionAction;Ljava/security/AccessControlContext;Ljava/lang/Class;)Ljava/lang/Object; java.base@17.0.2 (65 bytes) @ 0x0000027eea860634 [0x0000027eea8604e0+0x0000000000000154]
j  java.security.AccessController.doPrivileged(Ljava/security/PrivilegedExceptionAction;)Ljava/lang/Object;+9 java.base@17.0.2
j  org.eclipse.osgi.internal.framework.BundleContextImpl.startActivator(Lorg/osgi/framework/BundleActivator;)V+9
j  org.eclipse.osgi.internal.framework.BundleContextImpl.start()V+134
j  org.eclipse.osgi.internal.framework.EquinoxBundle.startWorker0()V+35
j  org.eclipse.osgi.internal.framework.EquinoxBundle$EquinoxModule.startWorker()V+4
j  org.eclipse.osgi.container.Module.doStart([Lorg/eclipse/osgi/container/Module$StartOptions;)Lorg/eclipse/osgi/container/ModuleContainerAdaptor$ModuleEvent;+190
J 2431 c1 org.eclipse.osgi.container.Module.start([Lorg/eclipse/osgi/container/Module$StartOptions;)V (655 bytes) @ 0x0000027eeabd3054 [0x0000027eeabd0ce0+0x0000000000002374]
J 2617 c1 org.eclipse.osgi.framework.util.SecureAction.start(Lorg/eclipse/osgi/container/Module;[Lorg/eclipse/osgi/container/Module$StartOptions;)V (61 bytes) @ 0x0000027eeac55a4c [0x0000027eeac555c0+0x000000000000048c]
J 2435 c1 org.eclipse.osgi.internal.hooks.EclipseLazyStarter.postFindLocalClass(Ljava/lang/String;Ljava/lang/Class;Lorg/eclipse/osgi/internal/loader/classpath/ClasspathManager;)V (394 bytes) @ 0x0000027eeabdd2bc [0x0000027eeabdc340+0x0000000000000f7c]
J 2434 c1 org.eclipse.osgi.internal.loader.classpath.ClasspathManager.findLocalClass(Ljava/lang/String;)Ljava/lang/Class; (210 bytes) @ 0x0000027eeabdaa54 [0x0000027eeabd9aa0+0x0000000000000fb4]
J 2095 c1 org.eclipse.osgi.internal.loader.BundleLoader.findLocalClass(Ljava/lang/String;)Ljava/lang/Class; (152 bytes) @ 0x0000027eeaaeb26c [0x0000027eeaaeaa20+0x000000000000084c]
J 2451 c1 org.eclipse.osgi.internal.loader.sources.SingleSourcePackage.loadClass(Ljava/lang/String;)Ljava/lang/Class; (9 bytes) @ 0x0000027eeabef5bc [0x0000027eeabef4c0+0x00000000000000fc]
J 2083 c1 org.eclipse.osgi.internal.loader.BundleLoader.findClass0(Ljava/lang/String;Z)Ljava/lang/Class; (461 bytes) @ 0x0000027eeaadc1fc [0x0000027eeaad9c20+0x00000000000025dc]
J 2044 c1 org.eclipse.osgi.internal.loader.BundleLoader.findClass(Ljava/lang/String;)Ljava/lang/Class; (7 bytes) @ 0x0000027eeaac739c [0x0000027eeaac7320+0x000000000000007c]
J 2045 c1 org.eclipse.osgi.internal.loader.ModuleClassLoader.loadClass(Ljava/lang/String;Z)Ljava/lang/Class; (20 bytes) @ 0x0000027eeaac77fc [0x0000027eeaac76e0+0x000000000000011c]
J 658 c1 java.lang.ClassLoader.loadClass(Ljava/lang/String;)Ljava/lang/Class; java.base@17.0.2 (7 bytes) @ 0x0000027eea7cc63c [0x0000027eea7cc540+0x00000000000000fc]
v  ~StubRoutines::call_stub
j  java.lang.Class.getDeclaredConstructors0(Z)[Ljava/lang/reflect/Constructor;+0 java.base@17.0.2
j  java.lang.Class.privateGetDeclaredConstructors(Z)[Ljava/lang/reflect/Constructor;+52 java.base@17.0.2
j  java.lang.Class.getConstructor0([Ljava/lang/Class;I)Ljava/lang/reflect/Constructor;+14 java.base@17.0.2
j  java.lang.Class.getConstructor([Ljava/lang/Class;)Ljava/lang/reflect/Constructor;+24 java.base@17.0.2
j  org.eclipse.osgi.internal.framework.BundleContextImpl.loadBundleActivator()Lorg/osgi/framework/BundleActivator;+105
j  org.eclipse.osgi.internal.framework.BundleContextImpl.start()V+18
j  org.eclipse.osgi.internal.framework.EquinoxBundle.startWorker0()V+35
j  org.eclipse.osgi.internal.framework.EquinoxBundle$EquinoxModule.startWorker()V+4
j  org.eclipse.osgi.container.Module.doStart([Lorg/eclipse/osgi/container/Module$StartOptions;)Lorg/eclipse/osgi/container/ModuleContainerAdaptor$ModuleEvent;+190
J 2431 c1 org.eclipse.osgi.container.Module.start([Lorg/eclipse/osgi/container/Module$StartOptions;)V (655 bytes) @ 0x0000027eeabd3054 [0x0000027eeabd0ce0+0x0000000000002374]
j  org.eclipse.osgi.container.ModuleContainer$ContainerStartLevel$2.run()V+71
j  org.eclipse.osgi.internal.framework.EquinoxContainerAdaptor$1$1.execute(Ljava/lang/Runnable;)V+1
j  org.eclipse.osgi.container.ModuleContainer$ContainerStartLevel.incStartLevel(ILjava/util/List;Z)V+192
j  org.eclipse.osgi.container.ModuleContainer$ContainerStartLevel.incStartLevel(ILjava/util/List;Ljava/util/List;Ljava/util/List;Ljava/util/List;)V+19
j  org.eclipse.osgi.container.ModuleContainer$ContainerStartLevel.doContainerStartLevel(Lorg/eclipse/osgi/container/Module;I[Lorg/osgi/framework/FrameworkListener;)V+349
j  org.eclipse.osgi.container.ModuleContainer$ContainerStartLevel.dispatchEvent(Lorg/eclipse/osgi/container/Module;[Lorg/osgi/framework/FrameworkListener;ILjava/lang/Integer;)V+32
j  org.eclipse.osgi.container.ModuleContainer$ContainerStartLevel.dispatchEvent(Ljava/lang/Object;Ljava/lang/Object;ILjava/lang/Object;)V+15
J 1894 c1 org.eclipse.osgi.framework.eventmgr.EventManager.dispatchEvent(Ljava/util/Set;Lorg/eclipse/osgi/framework/eventmgr/EventDispatcher;ILjava/lang/Object;)V (69 bytes) @ 0x0000027eeaa82bf4 [0x0000027eeaa82720+0x00000000000004d4]
j  org.eclipse.osgi.framework.eventmgr.EventManager$EventThread.run()V+26
v  ~StubRoutines::call_stub

---------------  P R O C E S S  ---------------

Threads class SMR info:
_java_thread_list=0x0000027efecea980, length=25, elements={
0x0000027ee74a3db0, 0x0000027efb2b1d90, 0x0000027efb2b2b10, 0x0000027efb2bc0e0,
0x0000027efb2bcc60, 0x0000027efb2be690, 0x0000027efb2bf830, 0x0000027efb2c1fd0,
0x0000027efb2f3850, 0x0000027efcd38010, 0x0000027efcdbc840, 0x0000027efced4700,
0x0000027efd3d24c0, 0x0000027efd3d2990, 0x0000027efd3d2e60, 0x0000027efd3d3330,
0x0000027efd606fd0, 0x0000027efd46ae40, 0x0000027efd638030, 0x0000027efd5780a0,
0x0000027efd577700, 0x0000027efd577230, 0x0000027efd57a720, 0x0000027efd579d80,
0x0000027efd57a250
}

Java Threads: ( => current thread )
  0x0000027ee74a3db0 JavaThread "main" [_thread_blocked, id=8684, stack(0x0000008ee9400000,0x0000008ee9500000)]
  0x0000027efb2b1d90 JavaThread "Reference Handler" daemon [_thread_blocked, id=15012, stack(0x0000008ee9700000,0x0000008ee9800000)]
  0x0000027efb2b2b10 JavaThread "Finalizer" daemon [_thread_blocked, id=16436, stack(0x0000008ee9800000,0x0000008ee9900000)]
  0x0000027efb2bc0e0 JavaThread "Signal Dispatcher" daemon [_thread_blocked, id=6360, stack(0x0000008ee9900000,0x0000008ee9a00000)]
  0x0000027efb2bcc60 JavaThread "Attach Listener" daemon [_thread_blocked, id=5828, stack(0x0000008ee9a00000,0x0000008ee9b00000)]
  0x0000027efb2be690 JavaThread "Service Thread" daemon [_thread_blocked, id=13344, stack(0x0000008ee9b00000,0x0000008ee9c00000)]
  0x0000027efb2bf830 JavaThread "Monitor Deflation Thread" daemon [_thread_blocked, id=16984, stack(0x0000008ee9c00000,0x0000008ee9d00000)]
  0x0000027efb2c1fd0 JavaThread "C2 CompilerThread0" daemon [_thread_blocked, id=10144, stack(0x0000008ee9d00000,0x0000008ee9e00000)]
  0x0000027efb2f3850 JavaThread "C1 CompilerThread0" daemon [_thread_blocked, id=17072, stack(0x0000008ee9e00000,0x0000008ee9f00000)]
  0x0000027efcd38010 JavaThread "Sweeper thread" daemon [_thread_blocked, id=1000, stack(0x0000008ee9f00000,0x0000008eea000000)]
  0x0000027efcdbc840 JavaThread "Common-Cleaner" daemon [_thread_blocked, id=3872, stack(0x0000008eea000000,0x0000008eea100000)]
  0x0000027efced4700 JavaThread "Notification Thread" daemon [_thread_blocked, id=1580, stack(0x0000008eea100000,0x0000008eea200000)]
  0x0000027efd3d24c0 JavaThread "Equinox resolver thread - Equinox Container: 7954171f-364e-4113-b609-86089f0a2bfc" daemon [_thread_blocked, id=10904, stack(0x0000008eea300000,0x0000008eea400000)]
  0x0000027efd3d2990 JavaThread "Equinox resolver thread - Equinox Container: 7954171f-364e-4113-b609-86089f0a2bfc" daemon [_thread_blocked, id=23560, stack(0x0000008eea400000,0x0000008eea500000)]
  0x0000027efd3d2e60 JavaThread "Equinox resolver thread - Equinox Container: 7954171f-364e-4113-b609-86089f0a2bfc" daemon [_thread_blocked, id=22124, stack(0x0000008eea500000,0x0000008eea600000)]
  0x0000027efd3d3330 JavaThread "Equinox resolver thread - Equinox Container: 7954171f-364e-4113-b609-86089f0a2bfc" daemon [_thread_blocked, id=12184, stack(0x0000008eea600000,0x0000008eea700000)]
  0x0000027efd606fd0 JavaThread "Active Thread: Equinox Container: 7954171f-364e-4113-b609-86089f0a2bfc" [_thread_blocked, id=23460, stack(0x0000008eea700000,0x0000008eea800000)]
  0x0000027efd46ae40 JavaThread "Framework Event Dispatcher: Equinox Container: 7954171f-364e-4113-b609-86089f0a2bfc" daemon [_thread_blocked, id=20580, stack(0x0000008eeab00000,0x0000008eeac00000)]
=>0x0000027efd638030 JavaThread "Start Level: Equinox Container: 7954171f-364e-4113-b609-86089f0a2bfc" daemon [_thread_in_vm, id=13224, stack(0x0000008eeac00000,0x0000008eead00000)]
  0x0000027efd5780a0 JavaThread "Refresh Thread: Equinox Container: 7954171f-364e-4113-b609-86089f0a2bfc" daemon [_thread_blocked, id=12740, stack(0x0000008eead00000,0x0000008eeae00000)]
  0x0000027efd577700 JavaThread "SCR Component Actor" daemon [_thread_blocked, id=20416, stack(0x0000008eeaf00000,0x0000008eeb000000)]
  0x0000027efd577230 JavaThread "Timer-0" [_thread_blocked, id=15284, stack(0x0000008eeae00000,0x0000008eeaf00000)]
  0x0000027efd57a720 JavaThread "Worker-JM" [_thread_blocked, id=15624, stack(0x0000008eeb000000,0x0000008eeb100000)]
  0x0000027efd579d80 JavaThread "Worker-0" [_thread_blocked, id=5844, stack(0x0000008eeb100000,0x0000008eeb200000)]
  0x0000027efd57a250 JavaThread "Worker-1" [_thread_blocked, id=22532, stack(0x0000008eeb200000,0x0000008eeb300000)]

Other Threads:
  0x0000027efb299c70 VMThread "VM Thread" [stack: 0x0000008ee9600000,0x0000008ee9700000] [id=7980]
  0x0000027efce3cb80 WatcherThread [stack: 0x0000008eea200000,0x0000008eea300000] [id=8480]
  0x0000027ee74ba260 GCTaskThread "GC Thread#0" [stack: 0x0000008ee9500000,0x0000008ee9600000] [id=21924]
  0x0000027efcf7c060 GCTaskThread "GC Thread#1" [stack: 0x0000008eea800000,0x0000008eea900000] [id=16032]
  0x0000027efd636ac0 GCTaskThread "GC Thread#2" [stack: 0x0000008eea900000,0x0000008eeaa00000] [id=13784]
  0x0000027efd636d70 GCTaskThread "GC Thread#3" [stack: 0x0000008eeaa00000,0x0000008eeab00000] [id=7612]

Threads with active compile tasks:

VM state: not at safepoint (normal execution)

VM Mutex/Monitor currently owned by a thread:  ([mutex/lock_event])
[0x0000027ee749c900] Metaspace_lock - owner thread: 0x0000027efd638030

Heap address: 0x00000000c0000000, size: 1024 MB, Compressed Oops mode: 32-bit

CDS archive(s) not mapped
Compressed class space mapped at: 0x0000000100000000-0x0000000140000000, reserved size: 1073741824
Narrow klass base: 0x0000000000000000, Narrow klass shift: 3, Narrow klass range: 0x140000000

GC Precious Log:
 CPUs: 4 total, 4 available
 Memory: 8052M
 Large Page Support: Disabled
 NUMA Support: Disabled
 Compressed Oops: Enabled (32-bit)
 Alignments: Space 512K, Generation 512K, Heap 2M
 Heap Min Capacity: 100M
 Heap Initial Capacity: 100M
 Heap Max Capacity: 1G
 Pre-touch: Disabled
 Parallel Workers: 4

Heap:
 PSYoungGen      total 29696K, used 8635K [0x00000000eab00000, 0x00000000ecc00000, 0x0000000100000000)
  eden space 25600K, 33% used [0x00000000eab00000,0x00000000eb36ed28,0x00000000ec400000)
  from space 4096K, 0% used [0x00000000ec800000,0x00000000ec800000,0x00000000ecc00000)
  to   space 4096K, 0% used [0x00000000ec400000,0x00000000ec400000,0x00000000ec800000)
 ParOldGen       total 68608K, used 9485K [0x00000000c0000000, 0x00000000c4300000, 0x00000000eab00000)
  object space 68608K, 13% used [0x00000000c0000000,0x00000000c09434b8,0x00000000c4300000)
 Metaspace       used 25479K, committed 25856K, reserved 1073152K
  class space    used 2454K, committed 2624K, reserved 1048576K

Card table byte_map: [0x0000027ee6e50000,0x0000027ee7060000] _byte_map_base: 0x0000027ee6850000

Marking Bits: (ParMarkBitMap*) 0x00007ff8da513af0
 Begin Bits: [0x0000027ef9120000, 0x0000027efa120000)
 End Bits:   [0x0000027efa120000, 0x0000027efb120000)

Polling page: 0x0000027ee5430000

Metaspace:

Usage:
  Non-class:     22.49 MB used.
      Class:      2.40 MB used.
       Both:     24.88 MB used.

Virtual space:
  Non-class space:       24.00 MB reserved,      22.69 MB ( 95%) committed,  3 nodes.
      Class space:        1.00 GB reserved,       2.56 MB ( <1%) committed,  1 nodes.
             Both:        1.02 GB reserved,      25.25 MB (  2%) committed. 

Chunk freelists:
   Non-Class:  1.30 MB
       Class:  1.26 MB
        Both:  2.56 MB

MaxMetaspaceSize: unlimited
CompressedClassSpaceSize: 1.00 GB
Initial GC threshold: 21.00 MB
Current GC threshold: 35.00 MB
CDS: off
MetaspaceReclaimPolicy: balanced
 - commit_granule_bytes: 65536.
 - commit_granule_words: 8192.
 - virtual_space_node_default_size: 1048576.
 - enlarge_chunks_in_place: 1.
 - new_chunks_are_fully_committed: 0.
 - uncommit_free_chunks: 1.
 - use_allocation_guard: 0.
 - handle_deallocations: 1.


Internal statistics:

num_allocs_failed_limit: 3.
num_arena_births: 134.
num_arena_deaths: 0.
num_vsnodes_births: 4.
num_vsnodes_deaths: 0.
num_space_committed: 404.
num_space_uncommitted: 0.
num_chunks_returned_to_freelist: 3.
num_chunks_taken_from_freelist: 747.
num_chunk_merges: 3.
num_chunk_splits: 528.
num_chunks_enlarged: 396.
num_purges: 0.
num_inconsistent_stats: 0.

CodeHeap 'non-profiled nmethods': size=120000Kb used=969Kb max_used=969Kb free=119030Kb
 bounds [0x0000027ef1bf0000, 0x0000027ef1e60000, 0x0000027ef9120000]
CodeHeap 'profiled nmethods': size=120000Kb used=5793Kb max_used=5793Kb free=114206Kb
 bounds [0x0000027eea6c0000, 0x0000027eeac70000, 0x0000027ef1bf0000]
CodeHeap 'non-nmethods': size=5760Kb used=1216Kb max_used=1229Kb free=4543Kb
 bounds [0x0000027eea120000, 0x0000027eea390000, 0x0000027eea6c0000]
 total_blobs=3193 nmethods=2668 adapters=439
 compilation: enabled
              stopped_count=0, restarted_count=0
 full_count=0

Compilation events (20 events):
Event: 12.184 Thread 0x0000027efb2f3850 2661       3       java.util.ArrayList::rangeCheckForAdd (26 bytes)
Event: 12.185 Thread 0x0000027efb2f3850 nmethod 2661 0x0000027eeac62910 code [0x0000027eeac62b40, 0x0000027eeac631c8]
Event: 12.313 Thread 0x0000027efb2f3850 2662       3       java.util.ArrayDeque::circularClear (43 bytes)
Event: 12.313 Thread 0x0000027efb2f3850 nmethod 2662 0x0000027eeac63490 code [0x0000027eeac63660, 0x0000027eeac63a58]
Event: 12.318 Thread 0x0000027efb2f3850 2663       3       java.util.concurrent.Semaphore$Sync::nonfairTryAcquireShared (27 bytes)
Event: 12.318 Thread 0x0000027efb2f3850 nmethod 2663 0x0000027eeac63c10 code [0x0000027eeac63dc0, 0x0000027eeac64028]
Event: 12.402 Thread 0x0000027efb2c1fd0 2664       4       jdk.internal.org.objectweb.asm.SymbolTable::put (150 bytes)
Event: 12.405 Thread 0x0000027efb2c1fd0 nmethod 2664 0x0000027ef1ce1210 code [0x0000027ef1ce13a0, 0x0000027ef1ce1518]
Event: 12.467 Thread 0x0000027efb2c1fd0 2665       4       java.util.concurrent.locks.ReentrantLock$Sync::tryRelease (51 bytes)
Event: 12.469 Thread 0x0000027efb2c1fd0 nmethod 2665 0x0000027ef1ce1690 code [0x0000027ef1ce1800, 0x0000027ef1ce18d8]
Event: 12.480 Thread 0x0000027efb2c1fd0 2666       4       java.util.WeakHashMap::hash (28 bytes)
Event: 12.481 Thread 0x0000027efb2c1fd0 nmethod 2666 0x0000027ef1ce1990 code [0x0000027ef1ce1b20, 0x0000027ef1ce1c38]
Event: 12.515 Thread 0x0000027efb2c1fd0 2667       4       java.util.concurrent.locks.ReentrantLock$NonfairSync::initialTryLock (58 bytes)
Event: 12.517 Thread 0x0000027efb2c1fd0 nmethod 2667 0x0000027ef1ce1d10 code [0x0000027ef1ce1e80, 0x0000027ef1ce1f78]
Event: 12.518 Thread 0x0000027efb2c1fd0 2668   !   4       java.util.WeakHashMap::expungeStaleEntries (139 bytes)
Event: 12.522 Thread 0x0000027efb2c1fd0 nmethod 2668 0x0000027ef1ce2010 code [0x0000027ef1ce21a0, 0x0000027ef1ce2528]
Event: 12.566 Thread 0x0000027efb2f3850 2669       3       java.util.Properties$LineReader::readLine (584 bytes)
Event: 12.570 Thread 0x0000027efb2f3850 nmethod 2669 0x0000027eeac64110 code [0x0000027eeac644e0, 0x0000027eeac66fb8]
Event: 12.570 Thread 0x0000027efb2f3850 2670       3       java.util.concurrent.ConcurrentHashMap$KeyIterator::next (34 bytes)
Event: 12.570 Thread 0x0000027efb2f3850 nmethod 2670 0x0000027eeac67c90 code [0x0000027eeac67e40, 0x0000027eeac680b8]

GC Heap History (10 events):
Event: 5.651 GC heap before
{Heap before GC invocations=1 (full 0):
 PSYoungGen      total 29696K, used 25600K [0x00000000eab00000, 0x00000000ecc00000, 0x0000000100000000)
  eden space 25600K, 100% used [0x00000000eab00000,0x00000000ec400000,0x00000000ec400000)
  from space 4096K, 0% used [0x00000000ec800000,0x00000000ec800000,0x00000000ecc00000)
  to   space 4096K, 0% used [0x00000000ec400000,0x00000000ec400000,0x00000000ec800000)
 ParOldGen       total 68608K, used 0K [0x00000000c0000000, 0x00000000c4300000, 0x00000000eab00000)
  object space 68608K, 0% used [0x00000000c0000000,0x00000000c0000000,0x00000000c4300000)
 Metaspace       used 12956K, committed 13120K, reserved 1064960K
  class space    used 1317K, committed 1408K, reserved 1048576K
}
Event: 5.789 GC heap after
{Heap after GC invocations=1 (full 0):
 PSYoungGen      total 29696K, used 3304K [0x00000000eab00000, 0x00000000ecc00000, 0x0000000100000000)
  eden space 25600K, 0% used [0x00000000eab00000,0x00000000eab00000,0x00000000ec400000)
  from space 4096K, 80% used [0x00000000ec400000,0x00000000ec73a2f8,0x00000000ec800000)
  to   space 4096K, 0% used [0x00000000ec800000,0x00000000ec800000,0x00000000ecc00000)
 ParOldGen       total 68608K, used 0K [0x00000000c0000000, 0x00000000c4300000, 0x00000000eab00000)
  object space 68608K, 0% used [0x00000000c0000000,0x00000000c0000000,0x00000000c4300000)
 Metaspace       used 12956K, committed 13120K, reserved 1064960K
  class space    used 1317K, committed 1408K, reserved 1048576K
}
Event: 7.953 GC heap before
{Heap before GC invocations=2 (full 0):
 PSYoungGen      total 29696K, used 28904K [0x00000000eab00000, 0x00000000ecc00000, 0x0000000100000000)
  eden space 25600K, 100% used [0x00000000eab00000,0x00000000ec400000,0x00000000ec400000)
  from space 4096K, 80% used [0x00000000ec400000,0x00000000ec73a2f8,0x00000000ec800000)
  to   space 4096K, 0% used [0x00000000ec800000,0x00000000ec800000,0x00000000ecc00000)
 ParOldGen       total 68608K, used 0K [0x00000000c0000000, 0x00000000c4300000, 0x00000000eab00000)
  object space 68608K, 0% used [0x00000000c0000000,0x00000000c0000000,0x00000000c4300000)
 Metaspace       used 13469K, committed 13696K, reserved 1064960K
  class space    used 1356K, committed 1472K, reserved 1048576K
}
Event: 7.964 GC heap after
{Heap after GC invocations=2 (full 0):
 PSYoungGen      total 29696K, used 4074K [0x00000000eab00000, 0x00000000ecc00000, 0x0000000100000000)
  eden space 25600K, 0% used [0x00000000eab00000,0x00000000eab00000,0x00000000ec400000)
  from space 4096K, 99% used [0x00000000ec800000,0x00000000ecbfa9a8,0x00000000ecc00000)
  to   space 4096K, 0% used [0x00000000ec400000,0x00000000ec400000,0x00000000ec800000)
 ParOldGen       total 68608K, used 4405K [0x00000000c0000000, 0x00000000c4300000, 0x00000000eab00000)
  object space 68608K, 6% used [0x00000000c0000000,0x00000000c044d6b8,0x00000000c4300000)
 Metaspace       used 13469K, committed 13696K, reserved 1064960K
  class space    used 1356K, committed 1472K, reserved 1048576K
}
Event: 11.866 GC heap before
{Heap before GC invocations=3 (full 0):
 PSYoungGen      total 29696K, used 29674K [0x00000000eab00000, 0x00000000ecc00000, 0x0000000100000000)
  eden space 25600K, 100% used [0x00000000eab00000,0x00000000ec400000,0x00000000ec400000)
  from space 4096K, 99% used [0x00000000ec800000,0x00000000ecbfa9a8,0x00000000ecc00000)
  to   space 4096K, 0% used [0x00000000ec400000,0x00000000ec400000,0x00000000ec800000)
 ParOldGen       total 68608K, used 4405K [0x00000000c0000000, 0x00000000c4300000, 0x00000000eab00000)
  object space 68608K, 6% used [0x00000000c0000000,0x00000000c044d6b8,0x00000000c4300000)
 Metaspace       used 20243K, committed 20672K, reserved 1073152K
  class space    used 2045K, committed 2240K, reserved 1048576K
}
Event: 11.882 GC heap after
{Heap after GC invocations=3 (full 0):
 PSYoungGen      total 29696K, used 4084K [0x00000000eab00000, 0x00000000ecc00000, 0x0000000100000000)
  eden space 25600K, 0% used [0x00000000eab00000,0x00000000eab00000,0x00000000ec400000)
  from space 4096K, 99% used [0x00000000ec400000,0x00000000ec7fd390,0x00000000ec800000)
  to   space 4096K, 0% used [0x00000000ec800000,0x00000000ec800000,0x00000000ecc00000)
 ParOldGen       total 68608K, used 9390K [0x00000000c0000000, 0x00000000c4300000, 0x00000000eab00000)
  object space 68608K, 13% used [0x00000000c0000000,0x00000000c092b8a8,0x00000000c4300000)
 Metaspace       used 20243K, committed 20672K, reserved 1073152K
  class space    used 2045K, committed 2240K, reserved 1048576K
}
Event: 12.047 GC heap before
{Heap before GC invocations=4 (full 0):
 PSYoungGen      total 29696K, used 6336K [0x00000000eab00000, 0x00000000ecc00000, 0x0000000100000000)
  eden space 25600K, 8% used [0x00000000eab00000,0x00000000ead32d68,0x00000000ec400000)
  from space 4096K, 99% used [0x00000000ec400000,0x00000000ec7fd390,0x00000000ec800000)
  to   space 4096K, 0% used [0x00000000ec800000,0x00000000ec800000,0x00000000ecc00000)
 ParOldGen       total 68608K, used 9390K [0x00000000c0000000, 0x00000000c4300000, 0x00000000eab00000)
  object space 68608K, 13% used [0x00000000c0000000,0x00000000c092b8a8,0x00000000c4300000)
 Metaspace       used 21131K, committed 21504K, reserved 1073152K
  class space    used 2129K, committed 2304K, reserved 1048576K
}
Event: 12.053 GC heap after
{Heap after GC invocations=4 (full 0):
 PSYoungGen      total 29696K, used 4092K [0x00000000eab00000, 0x00000000ecc00000, 0x0000000100000000)
  eden space 25600K, 0% used [0x00000000eab00000,0x00000000eab00000,0x00000000ec400000)
  from space 4096K, 99% used [0x00000000ec800000,0x00000000ecbff140,0x00000000ecc00000)
  to   space 4096K, 0% used [0x00000000ec400000,0x00000000ec400000,0x00000000ec800000)
 ParOldGen       total 68608K, used 9502K [0x00000000c0000000, 0x00000000c4300000, 0x00000000eab00000)
  object space 68608K, 13% used [0x00000000c0000000,0x00000000c09478a8,0x00000000c4300000)
 Metaspace       used 21131K, committed 21504K, reserved 1073152K
  class space    used 2129K, committed 2304K, reserved 1048576K
}
Event: 12.053 GC heap before
{Heap before GC invocations=5 (full 1):
 PSYoungGen      total 29696K, used 4092K [0x00000000eab00000, 0x00000000ecc00000, 0x0000000100000000)
  eden space 25600K, 0% used [0x00000000eab00000,0x00000000eab00000,0x00000000ec400000)
  from space 4096K, 99% used [0x00000000ec800000,0x00000000ecbff140,0x00000000ecc00000)
  to   space 4096K, 0% used [0x00000000ec400000,0x00000000ec400000,0x00000000ec800000)
 ParOldGen       total 68608K, used 9502K [0x00000000c0000000, 0x00000000c4300000, 0x00000000eab00000)
  object space 68608K, 13% used [0x00000000c0000000,0x00000000c09478a8,0x00000000c4300000)
 Metaspace       used 21131K, committed 21504K, reserved 1073152K
  class space    used 2129K, committed 2304K, reserved 1048576K
}
Event: 12.095 GC heap after
{Heap after GC invocations=5 (full 1):
 PSYoungGen      total 29696K, used 0K [0x00000000eab00000, 0x00000000ecc00000, 0x0000000100000000)
  eden space 25600K, 0% used [0x00000000eab00000,0x00000000eab00000,0x00000000ec400000)
  from space 4096K, 0% used [0x00000000ec800000,0x00000000ec800000,0x00000000ecc00000)
  to   space 4096K, 0% used [0x00000000ec400000,0x00000000ec400000,0x00000000ec800000)
 ParOldGen       total 68608K, used 9485K [0x00000000c0000000, 0x00000000c4300000, 0x00000000eab00000)
  object space 68608K, 13% used [0x00000000c0000000,0x00000000c09434b8,0x00000000c4300000)
 Metaspace       used 21131K, committed 21504K, reserved 1073152K
  class space    used 2129K, committed 2304K, reserved 1048576K
}

Deoptimization events (20 events):
Event: 11.238 Thread 0x0000027efd638030 DEOPT PACKING pc=0x0000027ef1c0fe5c sp=0x0000008eeacf8a30
Event: 11.238 Thread 0x0000027efd638030 DEOPT UNPACKING pc=0x0000027eea1720a3 sp=0x0000008eeacf89c0 mode 2
Event: 11.267 Thread 0x0000027efd638030 Uncommon trap: trap_request=0xffffff45 fr.pc=0x0000027ef1c033c8 relative=0x0000000000000048
Event: 11.267 Thread 0x0000027efd638030 Uncommon trap: reason=unstable_if action=reinterpret pc=0x0000027ef1c033c8 method=java.lang.CharacterData.of(I)Ljava/lang/CharacterData; @ 4 c2
Event: 11.267 Thread 0x0000027efd638030 DEOPT PACKING pc=0x0000027ef1c033c8 sp=0x0000008eeacf8200
Event: 11.267 Thread 0x0000027efd638030 DEOPT UNPACKING pc=0x0000027eea1720a3 sp=0x0000008eeacf8198 mode 2
Event: 11.476 Thread 0x0000027efd638030 DEOPT PACKING pc=0x0000027eea750356 sp=0x0000008eeacf90e0
Event: 11.476 Thread 0x0000027efd638030 DEOPT UNPACKING pc=0x0000027eea172843 sp=0x0000008eeacf85d8 mode 0
Event: 11.478 Thread 0x0000027efd638030 DEOPT PACKING pc=0x0000027eea750356 sp=0x0000008eeacf90e0
Event: 11.478 Thread 0x0000027efd638030 DEOPT UNPACKING pc=0x0000027eea172843 sp=0x0000008eeacf85d8 mode 0
Event: 11.481 Thread 0x0000027efd638030 DEOPT PACKING pc=0x0000027eea750356 sp=0x0000008eeacf90e0
Event: 11.481 Thread 0x0000027efd638030 DEOPT UNPACKING pc=0x0000027eea172843 sp=0x0000008eeacf85d8 mode 0
Event: 11.549 Thread 0x0000027efd638030 Uncommon trap: trap_request=0xffffff45 fr.pc=0x0000027ef1cd9fd0 relative=0x0000000000000ad0
Event: 11.549 Thread 0x0000027efd638030 Uncommon trap: reason=unstable_if action=reinterpret pc=0x0000027ef1cd9fd0 method=java.util.Properties$LineReader.readLine()I @ 379 c2
Event: 11.549 Thread 0x0000027efd638030 DEOPT PACKING pc=0x0000027ef1cd9fd0 sp=0x0000008eeacf9980
Event: 11.550 Thread 0x0000027efd638030 DEOPT UNPACKING pc=0x0000027eea1720a3 sp=0x0000008eeacf9918 mode 2
Event: 12.566 Thread 0x0000027efd638030 Uncommon trap: trap_request=0xffffff45 fr.pc=0x0000027ef1cc35e8 relative=0x0000000000000a48
Event: 12.566 Thread 0x0000027efd638030 Uncommon trap: reason=unstable_if action=reinterpret pc=0x0000027ef1cc35e8 method=java.util.Properties$LineReader.readLine()I @ 379 c2
Event: 12.566 Thread 0x0000027efd638030 DEOPT PACKING pc=0x0000027ef1cc35e8 sp=0x0000008eeacf9a20
Event: 12.566 Thread 0x0000027efd638030 DEOPT UNPACKING pc=0x0000027eea1720a3 sp=0x0000008eeacf99c8 mode 2

Classes unloaded (0 events):
No events

Classes redefined (0 events):
No events

Internal exceptions (20 events):
Event: 3.090 Thread 0x0000027ee74a3db0 Exception <a 'java/lang/IncompatibleClassChangeError'{0x00000000eb851950}: Found class java.lang.Object, but interface was expected> (0x00000000eb851950) 
thrown [e:\jenkins\tmp\workspace\build\src\src\hotspot\share\interpreter\linkResolver.cpp, line 833]
Event: 3.091 Thread 0x0000027ee74a3db0 Exception <a 'java/lang/NoSuchMethodError'{0x00000000eb854870}: 'void java.lang.invoke.DirectMethodHandle$Holder.invokeStatic(java.lang.Object, java.lang.Object)'> (0x00000000eb854870) 
thrown [e:\jenkins\tmp\workspace\build\src\src\hotspot\share\interpreter\linkResolver.cpp, line 766]
Event: 3.092 Thread 0x0000027ee74a3db0 Exception <a 'java/lang/NoSuchMethodError'{0x00000000eb858070}: 'void java.lang.invoke.DirectMethodHandle$Holder.invokeStaticInit(java.lang.Object, java.lang.Object)'> (0x00000000eb858070) 
thrown [e:\jenkins\tmp\workspace\build\src\src\hotspot\share\interpreter\linkResolver.cpp, line 766]
Event: 3.095 Thread 0x0000027ee74a3db0 Exception <a 'java/lang/NoSuchMethodError'{0x00000000eb85dc10}: 'int java.lang.invoke.DirectMethodHandle$Holder.invokeStaticInit(java.lang.Object, java.lang.Object)'> (0x00000000eb85dc10) 
thrown [e:\jenkins\tmp\workspace\build\src\src\hotspot\share\interpreter\linkResolver.cpp, line 766]
Event: 3.207 Thread 0x0000027ee74a3db0 Exception <a 'java/lang/NoSuchMethodError'{0x00000000eb8af4e0}: 'java.lang.Object java.lang.invoke.DirectMethodHandle$Holder.invokeStaticInit(java.lang.Object, int, int, int, int)'> (0x00000000eb8af4e0) 
thrown [e:\jenkins\tmp\workspace\build\src\src\hotspot\share\interpreter\linkResolver.cpp, line 766]
Event: 4.224 Thread 0x0000027ee74a3db0 Exception <a 'java/lang/NoSuchMethodError'{0x00000000eb93f380}: 'java.lang.Object java.lang.invoke.DirectMethodHandle$Holder.invokeStaticInit(java.lang.Object, java.lang.Object, int, int, int, int)'> (0x00000000eb93f380) 
thrown [e:\jenkins\tmp\workspace\build\src\src\hotspot\share\interpreter\linkResolver.cpp, line 766]
Event: 4.745 Thread 0x0000027ee74a3db0 Exception <a 'java/lang/NoSuchMethodError'{0x00000000ebdb4908}: 'int java.lang.invoke.DirectMethodHandle$Holder.invokeSpecial(java.lang.Object, java.lang.Object, java.lang.Object)'> (0x00000000ebdb4908) 
thrown [e:\jenkins\tmp\workspace\build\src\src\hotspot\share\interpreter\linkResolver.cpp, line 766]
Event: 4.964 Thread 0x0000027ee74a3db0 Exception <a 'java/lang/NoSuchMethodError'{0x00000000ec217c08}: 'java.lang.Object java.lang.invoke.DirectMethodHandle$Holder.newInvokeSpecial(java.lang.Object, int, java.lang.Object)'> (0x00000000ec217c08) 
thrown [e:\jenkins\tmp\workspace\build\src\src\hotspot\share\interpreter\linkResolver.cpp, line 766]
Event: 7.442 Thread 0x0000027ee74a3db0 Exception <a 'java/lang/UnsatisfiedLinkError'{0x00000000ebf37ff8}: 'void org.eclipse.equinox.launcher.JNIBridge._update_splash()'> (0x00000000ebf37ff8) 
thrown [e:\jenkins\tmp\workspace\build\src\src\hotspot\share\prims\nativeLookup.cpp, line 543]
Event: 7.611 Thread 0x0000027efd5780a0 Exception <a 'java/lang/NoSuchMethodError'{0x00000000ebf82fe8}: 'java.lang.Object java.lang.invoke.Invokers$Holder.invokeExact_MT(java.lang.Object, java.lang.Object, java.lang.Object, java.lang.Object, java.lang.Object, java.lang.Object)'> (0x00000000ebf82fe8) 
thrown [e:\jenkins\tmp\workspace\build\src\src\hotspot\share\interpreter\linkResolver.cpp, line 766]
Event: 8.726 Thread 0x0000027efd638030 Exception <a 'java/lang/NoSuchMethodError'{0x00000000eb4d6a60}: 'java.lang.Object java.lang.invoke.DirectMethodHandle$Holder.invokeStaticInit(java.lang.Object)'> (0x00000000eb4d6a60) 
thrown [e:\jenkins\tmp\workspace\build\src\src\hotspot\share\interpreter\linkResolver.cpp, line 766]
Event: 9.738 Thread 0x0000027efd638030 Exception <a 'java/io/FileNotFoundException'{0x00000000eb7c5cb0}> (0x00000000eb7c5cb0) 
thrown [e:\jenkins\tmp\workspace\build\src\src\hotspot\share\prims\jni.cpp, line 516]
Event: 11.308 Thread 0x0000027efd638030 Exception <a 'java/lang/NoSuchMethodError'{0x00000000ec0e21b0}: 'void java.lang.invoke.DirectMethodHandle$Holder.invokeInterface(java.lang.Object, java.lang.Object, java.lang.Object)'> (0x00000000ec0e21b0) 
thrown [e:\jenkins\tmp\workspace\build\src\src\hotspot\share\interpreter\linkResolver.cpp, line 766]
Event: 11.551 Thread 0x0000027efd638030 Exception <a 'java/lang/NoSuchMethodError'{0x00000000ec289318}: 'void java.lang.invoke.DirectMethodHandle$Holder.invokeSpecial(java.lang.Object, java.lang.Object, java.lang.Object)'> (0x00000000ec289318) 
thrown [e:\jenkins\tmp\workspace\build\src\src\hotspot\share\interpreter\linkResolver.cpp, line 766]
Event: 11.555 Thread 0x0000027efd638030 Exception <a 'java/io/FileNotFoundException'{0x00000000ec298468}> (0x00000000ec298468) 
thrown [e:\jenkins\tmp\workspace\build\src\src\hotspot\share\prims\jni.cpp, line 516]
Event: 11.911 Thread 0x0000027efd638030 Exception <a 'java/lang/IncompatibleClassChangeError'{0x00000000eab66d88}: Found class java.lang.Object, but interface was expected> (0x00000000eab66d88) 
thrown [e:\jenkins\tmp\workspace\build\src\src\hotspot\share\interpreter\linkResolver.cpp, line 833]
Event: 12.179 Thread 0x0000027efd638030 Exception <a 'java/io/FileNotFoundException'{0x00000000eac5eb28}> (0x00000000eac5eb28) 
thrown [e:\jenkins\tmp\workspace\build\src\src\hotspot\share\prims\jni.cpp, line 516]
Event: 12.181 Thread 0x0000027efd638030 Exception <a 'java/io/FileNotFoundException'{0x00000000eac5fc50}> (0x00000000eac5fc50) 
thrown [e:\jenkins\tmp\workspace\build\src\src\hotspot\share\prims\jni.cpp, line 516]
Event: 12.183 Thread 0x0000027efd638030 Exception <a 'java/io/FileNotFoundException'{0x00000000eac9e900}> (0x00000000eac9e900) 
thrown [e:\jenkins\tmp\workspace\build\src\src\hotspot\share\prims\jni.cpp, line 516]
Event: 12.402 Thread 0x0000027efd638030 Exception <a 'java/lang/NoSuchMethodError'{0x00000000eb0222d8}: 'int java.lang.invoke.DirectMethodHandle$Holder.invokeStaticInit(java.lang.Object, java.lang.Object, java.lang.Object)'> (0x00000000eb0222d8) 
thrown [e:\jenkins\tmp\workspace\build\src\src\hotspot\share\interpreter\linkResolver.cpp, line 766]

VM Operations (20 events):
Event: 7.929 Executing VM operation: ParallelGCFailedAllocation
Event: 7.974 Executing VM operation: ParallelGCFailedAllocation done
Event: 8.759 Executing VM operation: ICBufferFull
Event: 8.862 Executing VM operation: ICBufferFull done
Event: 8.871 Executing VM operation: HandshakeAllThreads
Event: 8.871 Executing VM operation: HandshakeAllThreads done
Event: 9.873 Executing VM operation: Cleanup
Event: 9.873 Executing VM operation: Cleanup done
Event: 10.874 Executing VM operation: Cleanup
Event: 10.874 Executing VM operation: Cleanup done
Event: 11.145 Executing VM operation: HandshakeAllThreads
Event: 11.146 Executing VM operation: HandshakeAllThreads done
Event: 11.269 Executing VM operation: HandshakeAllThreads
Event: 11.269 Executing VM operation: HandshakeAllThreads done
Event: 11.275 Executing VM operation: HandshakeAllThreads
Event: 11.276 Executing VM operation: HandshakeAllThreads done
Event: 11.839 Executing VM operation: ParallelGCFailedAllocation
Event: 11.886 Executing VM operation: ParallelGCFailedAllocation done
Event: 12.047 Executing VM operation: CollectForMetadataAllocation
Event: 12.097 Executing VM operation: CollectForMetadataAllocation done

Events (20 events):
Event: 11.968 loading class java/util/zip/DeflaterOutputStream done
Event: 11.968 loading class java/util/zip/GZIPOutputStream done
Event: 11.977 loading class java/util/zip/GZIPInputStream
Event: 11.977 loading class java/util/zip/GZIPInputStream done
Event: 11.979 loading class java/io/StringReader
Event: 11.979 loading class java/io/StringReader done
Event: 12.039 loading class java/net/SocketTimeoutException
Event: 12.039 loading class java/io/InterruptedIOException
Event: 12.039 loading class java/io/InterruptedIOException done
Event: 12.039 loading class java/net/SocketTimeoutException done
Event: 12.039 loading class java/net/SocketException
Event: 12.039 loading class java/net/SocketException done
Event: 12.039 loading class java/net/UnknownHostException
Event: 12.041 loading class java/net/UnknownHostException done
Event: 12.041 loading class java/net/ProtocolException
Event: 12.041 loading class java/net/ProtocolException done
Event: 12.149 loading class java/io/FileWriter
Event: 12.149 loading class java/io/FileWriter done
Event: 12.173 loading class java/lang/NegativeArraySizeException
Event: 12.173 loading class java/lang/NegativeArraySizeException done


Dynamic libraries:
0x00007ff74e490000 - 0x00007ff74e49e000 	c:\Users\AP\.vscode\extensions\redhat.java-1.5.0-win32-x64\jre\17.0.2-win32-x86_64\bin\java.exe
0x00007ff95a2b0000 - 0x00007ff95a4a6000 	C:\WINDOWS\SYSTEM32\ntdll.dll
0x00007ff959d30000 - 0x00007ff959ded000 	C:\WINDOWS\System32\KERNEL32.DLL
0x00007ff957f00000 - 0x00007ff9581c9000 	C:\WINDOWS\System32\KERNELBASE.dll
0x00007ff957b50000 - 0x00007ff957c50000 	C:\WINDOWS\System32\ucrtbase.dll
0x00007ff9505d0000 - 0x00007ff9505e8000 	c:\Users\AP\.vscode\extensions\redhat.java-1.5.0-win32-x64\jre\17.0.2-win32-x86_64\bin\jli.dll
0x00007ff959b90000 - 0x00007ff959d30000 	C:\WINDOWS\System32\USER32.dll
0x00007ff9581d0000 - 0x00007ff9581f2000 	C:\WINDOWS\System32\win32u.dll
0x00007ff958f60000 - 0x00007ff958f8a000 	C:\WINDOWS\System32\GDI32.dll
0x00007ff958200000 - 0x00007ff958309000 	C:\WINDOWS\System32\gdi32full.dll
0x00007ff957ca0000 - 0x00007ff957d3d000 	C:\WINDOWS\System32\msvcp_win.dll
0x00007ff948c80000 - 0x00007ff948f1b000 	C:\WINDOWS\WinSxS\amd64_microsoft.windows.common-controls_6595b64144ccf1df_6.0.19041.488_none_ca04af081b815d21\COMCTL32.dll
0x00007ff959520000 - 0x00007ff9595be000 	C:\WINDOWS\System32\msvcrt.dll
0x00007ff950190000 - 0x00007ff9501a9000 	c:\Users\AP\.vscode\extensions\redhat.java-1.5.0-win32-x64\jre\17.0.2-win32-x86_64\bin\VCRUNTIME140.dll
0x00007ff9592e0000 - 0x00007ff959310000 	C:\WINDOWS\System32\IMM32.DLL
0x00007ff9593f0000 - 0x00007ff95951b000 	C:\WINDOWS\System32\RPCRT4.dll
0x00007ff9578a0000 - 0x00007ff9578dc000 	C:\WINDOWS\SYSTEM32\SspiCli.dll
0x00007ff9502e0000 - 0x00007ff9502ec000 	c:\Users\AP\.vscode\extensions\redhat.java-1.5.0-win32-x64\jre\17.0.2-win32-x86_64\bin\vcruntime140_1.dll
0x00007ff928d20000 - 0x00007ff928db1000 	c:\Users\AP\.vscode\extensions\redhat.java-1.5.0-win32-x64\jre\17.0.2-win32-x86_64\bin\msvcp140.dll
0x00007ff8d9990000 - 0x00007ff8da5d7000 	c:\Users\AP\.vscode\extensions\redhat.java-1.5.0-win32-x64\jre\17.0.2-win32-x86_64\bin\server\jvm.dll
0x00007ff95a160000 - 0x00007ff95a20c000 	C:\WINDOWS\System32\ADVAPI32.dll
0x00007ff95a0c0000 - 0x00007ff95a15c000 	C:\WINDOWS\System32\sechost.dll
0x00007ff959070000 - 0x00007ff959078000 	C:\WINDOWS\System32\PSAPI.DLL
0x00007ff9401a0000 - 0x00007ff9401a9000 	C:\WINDOWS\SYSTEM32\WSOCK32.dll
0x00007ff9597c0000 - 0x00007ff95982b000 	C:\WINDOWS\System32\WS2_32.dll
0x00007ff945dd0000 - 0x00007ff945df7000 	C:\WINDOWS\SYSTEM32\WINMM.dll
0x00007ff945690000 - 0x00007ff94569a000 	C:\WINDOWS\SYSTEM32\VERSION.dll
0x00007ff956320000 - 0x00007ff956332000 	C:\WINDOWS\SYSTEM32\kernel.appcore.dll
0x00007ff950180000 - 0x00007ff95018a000 	c:\Users\AP\.vscode\extensions\redhat.java-1.5.0-win32-x64\jre\17.0.2-win32-x86_64\bin\jimage.dll
0x00007ff9557b0000 - 0x00007ff955994000 	C:\WINDOWS\SYSTEM32\DBGHELP.DLL
0x00007ff93ffd0000 - 0x00007ff93fffc000 	C:\WINDOWS\SYSTEM32\dbgcore.DLL
0x00007ff957e80000 - 0x00007ff957f00000 	C:\WINDOWS\System32\bcryptPrimitives.dll
0x00007ff928e40000 - 0x00007ff928e65000 	c:\Users\AP\.vscode\extensions\redhat.java-1.5.0-win32-x64\jre\17.0.2-win32-x86_64\bin\java.dll
0x00007ff928d00000 - 0x00007ff928d18000 	c:\Users\AP\.vscode\extensions\redhat.java-1.5.0-win32-x64\jre\17.0.2-win32-x86_64\bin\zip.dll
0x00007ff958780000 - 0x00007ff958ec2000 	C:\WINDOWS\System32\SHELL32.dll
0x00007ff955a20000 - 0x00007ff9561b5000 	C:\WINDOWS\SYSTEM32\windows.storage.dll
0x00007ff959830000 - 0x00007ff959b86000 	C:\WINDOWS\System32\combase.dll
0x00007ff957460000 - 0x00007ff95748c000 	C:\WINDOWS\SYSTEM32\Wldp.dll
0x00007ff959080000 - 0x00007ff95912e000 	C:\WINDOWS\System32\SHCORE.dll
0x00007ff95a210000 - 0x00007ff95a265000 	C:\WINDOWS\System32\shlwapi.dll
0x00007ff957920000 - 0x00007ff957946000 	C:\WINDOWS\SYSTEM32\profapi.dll
0x00007ff949780000 - 0x00007ff949799000 	C:\Users\AP\.vscode\extensions\redhat.java-1.5.0-win32-x64\jre\17.0.2-win32-x86_64\bin\net.dll
0x00007ff94e9f0000 - 0x00007ff94eaf0000 	C:\WINDOWS\SYSTEM32\WINHTTP.dll
0x00007ff9571e0000 - 0x00007ff95724a000 	C:\WINDOWS\system32\mswsock.dll
0x00007ff928560000 - 0x00007ff928575000 	C:\Users\AP\.vscode\extensions\redhat.java-1.5.0-win32-x64\jre\17.0.2-win32-x86_64\bin\nio.dll
0x00007ff9573b0000 - 0x00007ff9573c8000 	C:\WINDOWS\SYSTEM32\CRYPTSP.dll
0x00007ff956b00000 - 0x00007ff956b34000 	C:\WINDOWS\system32\rsaenh.dll
0x00007ff957e50000 - 0x00007ff957e77000 	C:\WINDOWS\System32\bcrypt.dll
0x00007ff9578e0000 - 0x00007ff95790e000 	C:\WINDOWS\SYSTEM32\USERENV.dll
0x00007ff9573d0000 - 0x00007ff9573dc000 	C:\WINDOWS\SYSTEM32\CRYPTBASE.dll
0x00007ff956e80000 - 0x00007ff956ebb000 	C:\WINDOWS\SYSTEM32\IPHLPAPI.DLL
0x00007ff958ed0000 - 0x00007ff958ed8000 	C:\WINDOWS\System32\NSI.dll
0x00007ff94f3a0000 - 0x00007ff94f3b7000 	C:\WINDOWS\SYSTEM32\dhcpcsvc6.DLL
0x00007ff94f290000 - 0x00007ff94f2ad000 	C:\WINDOWS\SYSTEM32\dhcpcsvc.DLL
0x00007ff956ed0000 - 0x00007ff956f9b000 	C:\WINDOWS\SYSTEM32\DNSAPI.dll
0x00007ff9115b0000 - 0x00007ff9115ee000 	C:\Users\AP\AppData\Roaming\Code\User\globalStorage\redhat.java\1.5.0\config_win\org.eclipse.equinox.launcher\org.eclipse.equinox.launcher.win32.win32.x86_64_1.2.400.v20211117-0650\eclipse_11602.dll
0x00007ff959f90000 - 0x00007ff95a0ba000 	C:\WINDOWS\System32\ole32.dll

dbghelp: loaded successfully - version: 4.0.5 - missing functions: none
symbol engine: initialized successfully - sym options: 0x614 - pdb path: .;c:\Users\AP\.vscode\extensions\redhat.java-1.5.0-win32-x64\jre\17.0.2-win32-x86_64\bin;C:\WINDOWS\SYSTEM32;C:\WINDOWS\WinSxS\amd64_microsoft.windows.common-controls_6595b64144ccf1df_6.0.19041.488_none_ca04af081b815d21;c:\Users\AP\.vscode\extensions\redhat.java-1.5.0-win32-x64\jre\17.0.2-win32-x86_64\bin\server;C:\Users\AP\AppData\Roaming\Code\User\globalStorage\redhat.java\1.5.0\config_win\org.eclipse.equinox.launcher\org.eclipse.equinox.launcher.win32.win32.x86_64_1.2.400.v20211117-0650

VM Arguments:
jvm_args: --add-modules=ALL-SYSTEM --add-opens=java.base/java.util=ALL-UNNAMED --add-opens=java.base/java.lang=ALL-UNNAMED --add-opens=java.base/sun.nio.fs=ALL-UNNAMED -Declipse.application=org.eclipse.jdt.ls.core.id1 -Dosgi.bundles.defaultStartLevel=4 -Declipse.product=org.eclipse.jdt.ls.core.product -Djava.import.generatesMetadataFilesAtProjectRoot=false -Dfile.encoding=utf8 -DwatchParentProcess=false -XX:+UseParallelGC -XX:GCTimeRatio=4 -XX:AdaptiveSizePolicyWeight=90 -Dsun.zip.disableMemoryMapping=true -Xmx1G -Xms100m -XX:+HeapDumpOnOutOfMemoryError -XX:HeapDumpPath=c:\Users\AP\AppData\Roaming\Code\User\workspaceStorage\119a1ddabada37eb9582ddd6191118fb\redhat.java 
java_command: c:\Users\AP\.vscode\extensions\redhat.java-1.5.0-win32-x64\server\plugins\org.eclipse.equinox.launcher_1.6.400.v20210924-0641.jar -configuration c:\Users\AP\AppData\Roaming\Code\User\globalStorage\redhat.java\1.5.0\config_win -data c:\Users\AP\AppData\Roaming\Code\User\workspaceStorage\119a1ddabada37eb9582ddd6191118fb\redhat.java\jdt_ws
java_class_path (initial): c:\Users\AP\.vscode\extensions\redhat.java-1.5.0-win32-x64\server\plugins\org.eclipse.equinox.launcher_1.6.400.v20210924-0641.jar
Launcher Type: SUN_STANDARD

[Global flags]
    uintx AdaptiveSizePolicyWeight                 = 90                                        {product} {command line}
     intx CICompilerCount                          = 3                                         {product} {ergonomic}
    uintx GCTimeRatio                              = 4                                         {product} {command line}
     bool HeapDumpOnOutOfMemoryError               = true                                   {manageable} {command line}
    ccstr HeapDumpPath                             = c:\Users\AP\AppData\Roaming\Code\User\workspaceStorage\119a1ddabada37eb9582ddd6191118fb\redhat.java         {manageable} {command line}
   size_t InitialHeapSize                          = 104857600                                 {product} {command line}
   size_t MaxHeapSize                              = 1073741824                                {product} {command line}
   size_t MaxNewSize                               = 357564416                                 {product} {ergonomic}
   size_t MinHeapDeltaBytes                        = 524288                                    {product} {ergonomic}
   size_t MinHeapSize                              = 104857600                                 {product} {command line}
   size_t NewSize                                  = 34603008                                  {product} {ergonomic}
    uintx NonNMethodCodeHeapSize                   = 5832780                                {pd product} {ergonomic}
    uintx NonProfiledCodeHeapSize                  = 122912730                              {pd product} {ergonomic}
   size_t OldSize                                  = 70254592                                  {product} {ergonomic}
    uintx ProfiledCodeHeapSize                     = 122912730                              {pd product} {ergonomic}
    uintx ReservedCodeCacheSize                    = 251658240                              {pd product} {ergonomic}
     bool SegmentedCodeCache                       = true                                      {product} {ergonomic}
   size_t SoftMaxHeapSize                          = 1073741824                             {manageable} {ergonomic}
     bool UseCompressedClassPointers               = true                           {product lp64_product} {ergonomic}
     bool UseCompressedOops                        = true                           {product lp64_product} {ergonomic}
     bool UseLargePagesIndividualAllocation        = false                                  {pd product} {ergonomic}
     bool UseParallelGC                            = true                                      {product} {command line}

Logging:
Log output configuration:
 #0: stdout all=warning uptime,level,tags
 #1: stderr all=off uptime,level,tags

Environment Variables:
JAVA_HOME=C:\Program Files\Java\jdk-17.0.2
PATH=C:\Program Files\Common Files\Oracle\Java\javapath;C:\Program Files (x86)\Common Files\Oracle\Java\javapath;C:\WINDOWS\system32;C:\WINDOWS;C:\WINDOWS\System32\Wbem;C:\WINDOWS\System32\WindowsPowerShell\v1.0\;C:\WINDOWS\System32\OpenSSH\;C:\Program Files\Intel\WiFi\bin\;C:\Program Files\Common Files\Intel\WirelessCommon\;C:\Program Files\PuTTY\;C:\Program Files\Microsoft SQL Server\150\Tools\Binn\;C:\Program Files\Microsoft SQL Server\Client SDK\ODBC\170\Tools\Binn\;C:\Program Files\dotnet\;C:\Program Files\Git\cmd;C:\Program Files\Amazon\AWSCLIV2\;C:\Users\AP\AppData\Local\Microsoft\WindowsApps;C:\Program Files\Intel\WiFi\bin\;C:\Program Files\Common Files\Intel\WirelessCommon\;C:\Users\AP\.dotnet\tools;C:\Users\AP\AppData\Local\Programs\Microsoft VS Code\bin
USERNAME=AP
OS=Windows_NT
PROCESSOR_IDENTIFIER=Intel64 Family 6 Model 58 Stepping 9, GenuineIntel



---------------  S Y S T E M  ---------------

OS:
 Windows 10 , 64 bit Build 19041 (10.0.19041.662)
OS uptime: 45 days 17:21 hours

CPU: total 4 (initial active 4) (2 cores per cpu, 2 threads per core) family 6 model 58 stepping 9 microcode 0x21, cx8, cmov, fxsr, ht, mmx, sse, sse2, sse3, ssse3, sse4.1, sse4.2, popcnt, tsc, tscinvbit, avx, erms, clmul, vzeroupper, clflush

Memory: 4k page, system-wide physical 8052M (1773M free)
TotalPageFile size 32628M (AvailPageFile size 7M)
current process WorkingSet (physical memory assigned to process): 119M, peak: 128M
current process commit charge ("private bytes"): 213M, peak: 229M

vm_info: OpenJDK 64-Bit Server VM (17.0.2+8) for windows-amd64 JRE (17.0.2+8), built on Jan 20 2022 04:52:34 by "" with MS VC++ 16.7 (VS2019)

END.
