#
# There is insufficient memory for the Java Runtime Environment to continue.
# Native memory allocation (malloc) failed to allocate 1230016 bytes for Chunk::new
# Possible reasons:
#   The system is out of physical RAM or swap space
#   The process is running with CompressedOops enabled, and the Java Heap may be blocking the growth of the native heap
# Possible solutions:
#   Reduce memory load on the system
#   Increase physical memory or swap space
#   Check if swap backing store is full
#   Decrease Java heap size (-Xmx/-Xms)
#   Decrease number of Java threads
#   Decrease Java thread stack sizes (-Xss)
#   Set larger code cache with -XX:ReservedCodeCacheSize=
#   JVM is running with Unscaled Compressed Oops mode in which the Java heap is
#     placed in the first 4GB address space. The Java Heap base address is the
#     maximum limit for the native heap growth. Please use -XX:HeapBaseMinAddress
#     to set the Java Heap base and to place the Java Heap above 4GB virtual address.
# This output file may be truncated or incomplete.
#
#  Out of Memory Error (arena.cpp:189), pid=1788, tid=16144
#
# JRE version: OpenJDK Runtime Environment Temurin-17.0.2+8 (17.0.2+8) (build 17.0.2+8)
# Java VM: OpenJDK 64-Bit Server VM Temurin-17.0.2+8 (17.0.2+8, mixed mode, tiered, compressed oops, compressed class ptrs, parallel gc, windows-amd64)
# No core dump will be written. Minidumps are not enabled by default on client versions of Windows
#

---------------  S U M M A R Y ------------

Command Line: --add-modules=ALL-SYSTEM --add-opens=java.base/java.util=ALL-UNNAMED --add-opens=java.base/java.lang=ALL-UNNAMED --add-opens=java.base/sun.nio.fs=ALL-UNNAMED -Declipse.application=org.eclipse.jdt.ls.core.id1 -Dosgi.bundles.defaultStartLevel=4 -Declipse.product=org.eclipse.jdt.ls.core.product -Djava.import.generatesMetadataFilesAtProjectRoot=false -Dfile.encoding=utf8 -DwatchParentProcess=false -XX:+UseParallelGC -XX:GCTimeRatio=4 -XX:AdaptiveSizePolicyWeight=90 -Dsun.zip.disableMemoryMapping=true -Xmx1G -Xms100m -XX:+HeapDumpOnOutOfMemoryError -XX:HeapDumpPath=c:\Users\AP\AppData\Roaming\Code\User\workspaceStorage\119a1ddabada37eb9582ddd6191118fb\redhat.java c:\Users\AP\.vscode\extensions\redhat.java-1.5.0-win32-x64\server\plugins\org.eclipse.equinox.launcher_1.6.400.v20210924-0641.jar -configuration c:\Users\AP\AppData\Roaming\Code\User\globalStorage\redhat.java\1.5.0\config_win -data c:\Users\AP\AppData\Roaming\Code\User\workspaceStorage\119a1ddabada37eb9582ddd6191118fb\redhat.java\jdt_ws

Host: Intel(R) Core(TM) i5-3210M CPU @ 2.50GHz, 4 cores, 7G,  Windows 10 , 64 bit Build 19041 (10.0.19041.662)
Time: Sun Apr 24 12:11:51 2022 Eastern Daylight Time elapsed time: 13.052083 seconds (0d 0h 0m 13s)

---------------  T H R E A D  ---------------

Current thread (0x000001e7dc0324a0):  JavaThread "C2 CompilerThread0" daemon [_thread_in_native, id=16144, stack(0x00000027e8100000,0x00000027e8200000)]


Current CompileTask:
C2:  13052 3607       4       org.apache.felix.resolver.ResolverImpl::mergeUses (495 bytes)

Stack: [0x00000027e8100000,0x00000027e8200000]
Native frames: (J=compiled Java code, j=interpreted, Vv=VM code, C=native code)
V  [jvm.dll+0x67564a]
V  [jvm.dll+0x82fc04]
V  [jvm.dll+0x8313ae]
V  [jvm.dll+0x831a13]
V  [jvm.dll+0x245235]
V  [jvm.dll+0xabd7b]
V  [jvm.dll+0xac30c]
V  [jvm.dll+0x2ac33f]
V  [jvm.dll+0x57c559]
V  [jvm.dll+0x2202ed]
V  [jvm.dll+0x2206cf]
V  [jvm.dll+0x219f25]
V  [jvm.dll+0x2173eb]
V  [jvm.dll+0x1a3a8d]
V  [jvm.dll+0x226ef8]
V  [jvm.dll+0x22503c]
V  [jvm.dll+0x7e596b]
V  [jvm.dll+0x7dff2a]
V  [jvm.dll+0x6744d5]
C  [ucrtbase.dll+0x214c2]
C  [KERNEL32.DLL+0x17034]
C  [ntdll.dll+0x4d0d1]


---------------  P R O C E S S  ---------------

Threads class SMR info:
_java_thread_list=0x000001e7e1f3e950, length=29, elements={
0x000001e7c61fea70, 0x000001e7dbff1760, 0x000001e7dbff2dc0, 0x000001e7dc029540,
0x000001e7dc02a0c0, 0x000001e7dc02d2a0, 0x000001e7dc02db60, 0x000001e7dc0324a0,
0x000001e7dc034530, 0x000001e7dc04dd80, 0x000001e7ddabf3a0, 0x000001e7ddc30660,
0x000001e7de0c4460, 0x000001e7de0c4930, 0x000001e7de0c4e00, 0x000001e7de0c52d0,
0x000001e7de095990, 0x000001e7de247ef0, 0x000001e7de21b880, 0x000001e7de575fa0,
0x000001e7de576e10, 0x000001e7de575ad0, 0x000001e7de576940, 0x000001e7de5772e0,
0x000001e7de577c80, 0x000001e7de5777b0, 0x000001e7de575130, 0x000001e7de578620,
0x000001e7de528a60
}

Java Threads: ( => current thread )
  0x000001e7c61fea70 JavaThread "main" [_thread_blocked, id=14452, stack(0x00000027e7800000,0x00000027e7900000)]
  0x000001e7dbff1760 JavaThread "Reference Handler" daemon [_thread_blocked, id=11672, stack(0x00000027e7b00000,0x00000027e7c00000)]
  0x000001e7dbff2dc0 JavaThread "Finalizer" daemon [_thread_blocked, id=9084, stack(0x00000027e7c00000,0x00000027e7d00000)]
  0x000001e7dc029540 JavaThread "Signal Dispatcher" daemon [_thread_blocked, id=15432, stack(0x00000027e7d00000,0x00000027e7e00000)]
  0x000001e7dc02a0c0 JavaThread "Attach Listener" daemon [_thread_blocked, id=14396, stack(0x00000027e7e00000,0x00000027e7f00000)]
  0x000001e7dc02d2a0 JavaThread "Service Thread" daemon [_thread_blocked, id=24436, stack(0x00000027e7f00000,0x00000027e8000000)]
  0x000001e7dc02db60 JavaThread "Monitor Deflation Thread" daemon [_thread_blocked, id=8848, stack(0x00000027e8000000,0x00000027e8100000)]
=>0x000001e7dc0324a0 JavaThread "C2 CompilerThread0" daemon [_thread_in_native, id=16144, stack(0x00000027e8100000,0x00000027e8200000)]
  0x000001e7dc034530 JavaThread "C1 CompilerThread0" daemon [_thread_blocked, id=18540, stack(0x00000027e8200000,0x00000027e8300000)]
  0x000001e7dc04dd80 JavaThread "Sweeper thread" daemon [_thread_blocked, id=1672, stack(0x00000027e8300000,0x00000027e8400000)]
  0x000001e7ddabf3a0 JavaThread "Common-Cleaner" daemon [_thread_blocked, id=19808, stack(0x00000027e8400000,0x00000027e8500000)]
  0x000001e7ddc30660 JavaThread "Notification Thread" daemon [_thread_blocked, id=17808, stack(0x00000027e8500000,0x00000027e8600000)]
  0x000001e7de0c4460 JavaThread "Equinox resolver thread - Equinox Container: d6c8d3ec-d3fc-4a51-a1e1-c6d6e6b39a31" daemon [_thread_in_vm, id=22488, stack(0x00000027e8700000,0x00000027e8800000)]
  0x000001e7de0c4930 JavaThread "Equinox resolver thread - Equinox Container: d6c8d3ec-d3fc-4a51-a1e1-c6d6e6b39a31" daemon [_thread_blocked, id=12680, stack(0x00000027e8800000,0x00000027e8900000)]
  0x000001e7de0c4e00 JavaThread "Equinox resolver thread - Equinox Container: d6c8d3ec-d3fc-4a51-a1e1-c6d6e6b39a31" daemon [_thread_in_vm, id=17108, stack(0x00000027e8900000,0x00000027e8a00000)]
  0x000001e7de0c52d0 JavaThread "Equinox resolver thread - Equinox Container: d6c8d3ec-d3fc-4a51-a1e1-c6d6e6b39a31" daemon [_thread_blocked, id=19984, stack(0x00000027e8a00000,0x00000027e8b00000)]
  0x000001e7de095990 JavaThread "Active Thread: Equinox Container: d6c8d3ec-d3fc-4a51-a1e1-c6d6e6b39a31" [_thread_blocked, id=22148, stack(0x00000027e8b00000,0x00000027e8c00000)]
  0x000001e7de247ef0 JavaThread "Framework Event Dispatcher: Equinox Container: d6c8d3ec-d3fc-4a51-a1e1-c6d6e6b39a31" daemon [_thread_blocked, id=20512, stack(0x00000027e8f00000,0x00000027e9000000)]
  0x000001e7de21b880 JavaThread "Start Level: Equinox Container: d6c8d3ec-d3fc-4a51-a1e1-c6d6e6b39a31" daemon [_thread_blocked, id=24272, stack(0x00000027e9000000,0x00000027e9100000)]
  0x000001e7de575fa0 JavaThread "Refresh Thread: Equinox Container: d6c8d3ec-d3fc-4a51-a1e1-c6d6e6b39a31" daemon [_thread_blocked, id=11644, stack(0x00000027e9100000,0x00000027e9200000)]
  0x000001e7de576e10 JavaThread "SCR Component Actor" daemon [_thread_blocked, id=10540, stack(0x00000027e9300000,0x00000027e9400000)]
  0x000001e7de575ad0 JavaThread "Worker-JM" [_thread_blocked, id=17184, stack(0x00000027e9400000,0x00000027e9500000)]
  0x000001e7de576940 JavaThread "Worker-0: Updating Maven Dependencies" [_thread_in_Java, id=15920, stack(0x00000027e9500000,0x00000027e9600000)]
  0x000001e7de5772e0 JavaThread "Worker-1: Repository registry initialization" [_thread_blocked, id=3208, stack(0x00000027e9600000,0x00000027e9700000)]
  0x000001e7de577c80 JavaThread "Java indexing" daemon [_thread_blocked, id=10808, stack(0x00000027e9700000,0x00000027e9800000)]
  0x000001e7de5777b0 JavaThread "Bundle File Closer" daemon [_thread_blocked, id=8504, stack(0x00000027e9800000,0x00000027e9900000)]
  0x000001e7de575130 JavaThread "Worker-2" [_thread_blocked, id=15672, stack(0x00000027e9900000,0x00000027e9a00000)]
  0x000001e7de578620 JavaThread "pool-2-thread-1" [_thread_in_vm, id=16064, stack(0x00000027e9a00000,0x00000027e9b00000)]
  0x000001e7de528a60 JavaThread "C2 CompilerThread1" daemon [_thread_in_native, id=16448, stack(0x00000027e9b00000,0x00000027e9c00000)]

Other Threads:
  0x000001e7dbf284e0 VMThread "VM Thread" [stack: 0x00000027e7a00000,0x00000027e7b00000] [id=20164]
  0x000001e7ddc30b30 WatcherThread [stack: 0x00000027e8600000,0x00000027e8700000] [id=11640]
  0x000001e7c81fb920 GCTaskThread "GC Thread#0" [stack: 0x00000027e7900000,0x00000027e7a00000] [id=9932]
  0x000001e7de248f10 GCTaskThread "GC Thread#1" [stack: 0x00000027e8c00000,0x00000027e8d00000] [id=23472]
  0x000001e7de247990 GCTaskThread "GC Thread#2" [stack: 0x00000027e8d00000,0x00000027e8e00000] [id=15172]
  0x000001e7de247c40 GCTaskThread "GC Thread#3" [stack: 0x00000027e8e00000,0x00000027e8f00000] [id=10140]

Threads with active compile tasks:
C2 CompilerThread0    13176 3607       4       org.apache.felix.resolver.ResolverImpl::mergeUses (495 bytes)
C2 CompilerThread1    13176 3574   !   4       org.eclipse.osgi.internal.loader.BundleLoader::findClass0 (461 bytes)

VM state: not at safepoint (normal execution)

VM Mutex/Monitor currently owned by a thread: None

Heap address: 0x00000000c0000000, size: 1024 MB, Compressed Oops mode: 32-bit

CDS archive(s) not mapped
Compressed class space mapped at: 0x0000000100000000-0x0000000140000000, reserved size: 1073741824
Narrow klass base: 0x0000000000000000, Narrow klass shift: 3, Narrow klass range: 0x140000000

GC Precious Log:
 CPUs: 4 total, 4 available
 Memory: 8052M
 Large Page Support: Disabled
 NUMA Support: Disabled
 Compressed Oops: Enabled (32-bit)
 Alignments: Space 512K, Generation 512K, Heap 2M
 Heap Min Capacity: 100M
 Heap Initial Capacity: 100M
 Heap Max Capacity: 1G
 Pre-touch: Disabled
 Parallel Workers: 4

Heap:
 PSYoungGen      total 25600K, used 8768K [0x00000000eab00000, 0x00000000ec700000, 0x0000000100000000)
  eden space 23552K, 29% used [0x00000000eab00000,0x00000000eb1b8310,0x00000000ec200000)
  from space 2048K, 92% used [0x00000000ec280000,0x00000000ec457d50,0x00000000ec480000)
  to   space 2560K, 0% used [0x00000000ec480000,0x00000000ec480000,0x00000000ec700000)
 ParOldGen       total 68608K, used 12053K [0x00000000c0000000, 0x00000000c4300000, 0x00000000eab00000)
  object space 68608K, 17% used [0x00000000c0000000,0x00000000c0bc54b0,0x00000000c4300000)
 Metaspace       used 37836K, committed 38528K, reserved 1089536K
  class space    used 4053K, committed 4352K, reserved 1048576K

Card table byte_map: [0x000001e7c7bc0000,0x000001e7c7dd0000] _byte_map_base: 0x000001e7c75c0000

Marking Bits: (ParMarkBitMap*) 0x00007ff8da513af0
 Begin Bits: [0x000001e7d9e60000, 0x000001e7dae60000)
 End Bits:   [0x000001e7dae60000, 0x000001e7dbe60000)

Polling page: 0x000001e7c79b0000

Metaspace:

Usage:
  Non-class:     32.99 MB used.
      Class:      3.96 MB used.
       Both:     36.95 MB used.

Virtual space:
  Non-class space:       40.00 MB reserved,      33.38 MB ( 83%) committed,  5 nodes.
      Class space:        1.00 GB reserved,       4.25 MB ( <1%) committed,  1 nodes.
             Both:        1.04 GB reserved,      37.62 MB (  4%) committed. 

Chunk freelists:
   Non-Class:  2.05 MB
       Class:  3.77 MB
        Both:  5.81 MB

MaxMetaspaceSize: unlimited
CompressedClassSpaceSize: 1.00 GB
Initial GC threshold: 21.00 MB
Current GC threshold: 58.38 MB
CDS: off
MetaspaceReclaimPolicy: balanced
 - commit_granule_bytes: 65536.
 - commit_granule_words: 8192.
 - virtual_space_node_default_size: 1048576.
 - enlarge_chunks_in_place: 1.
 - new_chunks_are_fully_committed: 0.
 - uncommit_free_chunks: 1.
 - use_allocation_guard: 0.
 - handle_deallocations: 1.


Internal statistics:

num_allocs_failed_limit: 6.
num_arena_births: 212.
num_arena_deaths: 0.
num_vsnodes_births: 6.
num_vsnodes_deaths: 0.
num_space_committed: 602.
num_space_uncommitted: 0.
num_chunks_returned_to_freelist: 6.
num_chunks_taken_from_freelist: 1407.
num_chunk_merges: 6.
num_chunk_splits: 953.
num_chunks_enlarged: 655.
num_purges: 0.
num_inconsistent_stats: 0.

CodeHeap 'non-profiled nmethods': size=120000Kb used=1643Kb max_used=1643Kb free=118356Kb
 bounds [0x000001e7d2930000, 0x000001e7d2ba0000, 0x000001e7d9e60000]
CodeHeap 'profiled nmethods': size=120000Kb used=8125Kb max_used=8125Kb free=111874Kb
 bounds [0x000001e7cb400000, 0x000001e7cbbf0000, 0x000001e7d2930000]
CodeHeap 'non-nmethods': size=5760Kb used=1248Kb max_used=1304Kb free=4511Kb
 bounds [0x000001e7cae60000, 0x000001e7cb0d0000, 0x000001e7cb400000]
 total_blobs=4202 nmethods=3638 adapters=478
 compilation: enabled
              stopped_count=0, restarted_count=0
 full_count=0

Compilation events (20 events):
Event: 12.900 Thread 0x000001e7dc034530 3624       3       org.eclipse.osgi.container.ModuleResolver$ResolveProcess$$Lambda$58/0x0000000100131930::<init> (10 bytes)
Event: 12.901 Thread 0x000001e7dc034530 nmethod 3624 0x000001e7cbbc9510 code [0x000001e7cbbc96a0, 0x000001e7cbbc9818]
Event: 12.991 Thread 0x000001e7dc034530 3626       3       org.apache.felix.resolver.ResolverImpl::getWireCandidates (410 bytes)
Event: 12.996 Thread 0x000001e7dc034530 nmethod 3626 0x000001e7cbbc9910 code [0x000001e7cbbca060, 0x000001e7cbbced78]
Event: 12.996 Thread 0x000001e7dc034530 3627       3       org.eclipse.osgi.container.ModuleWire::getRequirement (5 bytes)
Event: 12.997 Thread 0x000001e7dc034530 nmethod 3627 0x000001e7cbbd0690 code [0x000001e7cbbd0820, 0x000001e7cbbd0938]
Event: 12.997 Thread 0x000001e7dc034530 3628       3       org.eclipse.osgi.container.ModuleWire::getRequirer (5 bytes)
Event: 12.997 Thread 0x000001e7dc034530 nmethod 3628 0x000001e7cbbd0a10 code [0x000001e7cbbd0ba0, 0x000001e7cbbd0cb8]
Event: 12.997 Thread 0x000001e7dc034530 3630       3       org.eclipse.osgi.container.ModuleWire::getProvider (5 bytes)
Event: 12.997 Thread 0x000001e7dc034530 nmethod 3630 0x000001e7cbbd0d90 code [0x000001e7cbbd0f20, 0x000001e7cbbd1038]
Event: 12.998 Thread 0x000001e7dc034530 3629       3       org.eclipse.osgi.container.ModuleWire::getCapability (5 bytes)
Event: 12.999 Thread 0x000001e7dc034530 nmethod 3629 0x000001e7cbbd1110 code [0x000001e7cbbd12a0, 0x000001e7cbbd13b8]
Event: 12.999 Thread 0x000001e7dc034530 3634       3       java.util.concurrent.Executors$RunnableAdapter::call (14 bytes)
Event: 12.999 Thread 0x000001e7dc034530 nmethod 3634 0x000001e7cbbd1490 code [0x000001e7cbbd1640, 0x000001e7cbbd1828]
Event: 12.999 Thread 0x000001e7dc034530 3631       3       org.eclipse.osgi.container.ModuleResolver$ResolveProcess::execute (17 bytes)
Event: 12.999 Thread 0x000001e7dc034530 nmethod 3631 0x000001e7cbbd1910 code [0x000001e7cbbd1ae0, 0x000001e7cbbd1e78]
Event: 12.999 Thread 0x000001e7dc034530 3632       3       org.eclipse.osgi.internal.framework.EquinoxContainerAdaptor::getResolverExecutor (15 bytes)
Event: 12.999 Thread 0x000001e7dc034530 nmethod 3632 0x000001e7cbbd2010 code [0x000001e7cbbd21c0, 0x000001e7cbbd2408]
Event: 13.000 Thread 0x000001e7dc034530 3633   !   3       java.util.concurrent.FutureTask::run (123 bytes)
Event: 13.005 Thread 0x000001e7dc034530 nmethod 3633 0x000001e7cbbd2510 code [0x000001e7cbbd2ae0, 0x000001e7cbbd5dc8]

GC Heap History (16 events):
Event: 3.539 GC heap before
{Heap before GC invocations=1 (full 0):
 PSYoungGen      total 29696K, used 25600K [0x00000000eab00000, 0x00000000ecc00000, 0x0000000100000000)
  eden space 25600K, 100% used [0x00000000eab00000,0x00000000ec400000,0x00000000ec400000)
  from space 4096K, 0% used [0x00000000ec800000,0x00000000ec800000,0x00000000ecc00000)
  to   space 4096K, 0% used [0x00000000ec400000,0x00000000ec400000,0x00000000ec800000)
 ParOldGen       total 68608K, used 0K [0x00000000c0000000, 0x00000000c4300000, 0x00000000eab00000)
  object space 68608K, 0% used [0x00000000c0000000,0x00000000c0000000,0x00000000c4300000)
 Metaspace       used 12958K, committed 13120K, reserved 1064960K
  class space    used 1317K, committed 1408K, reserved 1048576K
}
Event: 3.554 GC heap after
{Heap after GC invocations=1 (full 0):
 PSYoungGen      total 29696K, used 3304K [0x00000000eab00000, 0x00000000ecc00000, 0x0000000100000000)
  eden space 25600K, 0% used [0x00000000eab00000,0x00000000eab00000,0x00000000ec400000)
  from space 4096K, 80% used [0x00000000ec400000,0x00000000ec73a2d8,0x00000000ec800000)
  to   space 4096K, 0% used [0x00000000ec800000,0x00000000ec800000,0x00000000ecc00000)
 ParOldGen       total 68608K, used 24K [0x00000000c0000000, 0x00000000c4300000, 0x00000000eab00000)
  object space 68608K, 0% used [0x00000000c0000000,0x00000000c0006000,0x00000000c4300000)
 Metaspace       used 12958K, committed 13120K, reserved 1064960K
  class space    used 1317K, committed 1408K, reserved 1048576K
}
Event: 5.038 GC heap before
{Heap before GC invocations=2 (full 0):
 PSYoungGen      total 29696K, used 28904K [0x00000000eab00000, 0x00000000ecc00000, 0x0000000100000000)
  eden space 25600K, 100% used [0x00000000eab00000,0x00000000ec400000,0x00000000ec400000)
  from space 4096K, 80% used [0x00000000ec400000,0x00000000ec73a2d8,0x00000000ec800000)
  to   space 4096K, 0% used [0x00000000ec800000,0x00000000ec800000,0x00000000ecc00000)
 ParOldGen       total 68608K, used 24K [0x00000000c0000000, 0x00000000c4300000, 0x00000000eab00000)
  object space 68608K, 0% used [0x00000000c0000000,0x00000000c0006000,0x00000000c4300000)
 Metaspace       used 13460K, committed 13696K, reserved 1064960K
  class space    used 1356K, committed 1472K, reserved 1048576K
}
Event: 5.046 GC heap after
{Heap after GC invocations=2 (full 0):
 PSYoungGen      total 29696K, used 4076K [0x00000000eab00000, 0x00000000ecc00000, 0x0000000100000000)
  eden space 25600K, 0% used [0x00000000eab00000,0x00000000eab00000,0x00000000ec400000)
  from space 4096K, 99% used [0x00000000ec800000,0x00000000ecbfb3c0,0x00000000ecc00000)
  to   space 4096K, 0% used [0x00000000ec400000,0x00000000ec400000,0x00000000ec800000)
 ParOldGen       total 68608K, used 4039K [0x00000000c0000000, 0x00000000c4300000, 0x00000000eab00000)
  object space 68608K, 5% used [0x00000000c0000000,0x00000000c03f1df8,0x00000000c4300000)
 Metaspace       used 13460K, committed 13696K, reserved 1064960K
  class space    used 1356K, committed 1472K, reserved 1048576K
}
Event: 7.169 GC heap before
{Heap before GC invocations=3 (full 0):
 PSYoungGen      total 29696K, used 29676K [0x00000000eab00000, 0x00000000ecc00000, 0x0000000100000000)
  eden space 25600K, 100% used [0x00000000eab00000,0x00000000ec400000,0x00000000ec400000)
  from space 4096K, 99% used [0x00000000ec800000,0x00000000ecbfb3c0,0x00000000ecc00000)
  to   space 4096K, 0% used [0x00000000ec400000,0x00000000ec400000,0x00000000ec800000)
 ParOldGen       total 68608K, used 4039K [0x00000000c0000000, 0x00000000c4300000, 0x00000000eab00000)
  object space 68608K, 5% used [0x00000000c0000000,0x00000000c03f1df8,0x00000000c4300000)
 Metaspace       used 20176K, committed 20480K, reserved 1073152K
  class space    used 2036K, committed 2112K, reserved 1048576K
}
Event: 7.183 GC heap after
{Heap after GC invocations=3 (full 0):
 PSYoungGen      total 29696K, used 4076K [0x00000000eab00000, 0x00000000ecc00000, 0x0000000100000000)
  eden space 25600K, 0% used [0x00000000eab00000,0x00000000eab00000,0x00000000ec400000)
  from space 4096K, 99% used [0x00000000ec400000,0x00000000ec7fb0d0,0x00000000ec800000)
  to   space 4096K, 0% used [0x00000000ec800000,0x00000000ec800000,0x00000000ecc00000)
 ParOldGen       total 68608K, used 9452K [0x00000000c0000000, 0x00000000c4300000, 0x00000000eab00000)
  object space 68608K, 13% used [0x00000000c0000000,0x00000000c093b1a8,0x00000000c4300000)
 Metaspace       used 20176K, committed 20480K, reserved 1073152K
  class space    used 2036K, committed 2112K, reserved 1048576K
}
Event: 7.276 GC heap before
{Heap before GC invocations=4 (full 0):
 PSYoungGen      total 29696K, used 6651K [0x00000000eab00000, 0x00000000ecc00000, 0x0000000100000000)
  eden space 25600K, 10% used [0x00000000eab00000,0x00000000ead83d00,0x00000000ec400000)
  from space 4096K, 99% used [0x00000000ec400000,0x00000000ec7fb0d0,0x00000000ec800000)
  to   space 4096K, 0% used [0x00000000ec800000,0x00000000ec800000,0x00000000ecc00000)
 ParOldGen       total 68608K, used 9452K [0x00000000c0000000, 0x00000000c4300000, 0x00000000eab00000)
  object space 68608K, 13% used [0x00000000c0000000,0x00000000c093b1a8,0x00000000c4300000)
 Metaspace       used 21157K, committed 21504K, reserved 1073152K
  class space    used 2132K, committed 2304K, reserved 1048576K
}
Event: 7.281 GC heap after
{Heap after GC invocations=4 (full 0):
 PSYoungGen      total 29696K, used 4070K [0x00000000eab00000, 0x00000000ecc00000, 0x0000000100000000)
  eden space 25600K, 0% used [0x00000000eab00000,0x00000000eab00000,0x00000000ec400000)
  from space 4096K, 99% used [0x00000000ec800000,0x00000000ecbf9af0,0x00000000ecc00000)
  to   space 4096K, 0% used [0x00000000ec400000,0x00000000ec400000,0x00000000ec800000)
 ParOldGen       total 68608K, used 9531K [0x00000000c0000000, 0x00000000c4300000, 0x00000000eab00000)
  object space 68608K, 13% used [0x00000000c0000000,0x00000000c094edb8,0x00000000c4300000)
 Metaspace       used 21157K, committed 21504K, reserved 1073152K
  class space    used 2132K, committed 2304K, reserved 1048576K
}
Event: 7.281 GC heap before
{Heap before GC invocations=5 (full 1):
 PSYoungGen      total 29696K, used 4070K [0x00000000eab00000, 0x00000000ecc00000, 0x0000000100000000)
  eden space 25600K, 0% used [0x00000000eab00000,0x00000000eab00000,0x00000000ec400000)
  from space 4096K, 99% used [0x00000000ec800000,0x00000000ecbf9af0,0x00000000ecc00000)
  to   space 4096K, 0% used [0x00000000ec400000,0x00000000ec400000,0x00000000ec800000)
 ParOldGen       total 68608K, used 9531K [0x00000000c0000000, 0x00000000c4300000, 0x00000000eab00000)
  object space 68608K, 13% used [0x00000000c0000000,0x00000000c094edb8,0x00000000c4300000)
 Metaspace       used 21157K, committed 21504K, reserved 1073152K
  class space    used 2132K, committed 2304K, reserved 1048576K
}
Event: 7.317 GC heap after
{Heap after GC invocations=5 (full 1):
 PSYoungGen      total 29696K, used 0K [0x00000000eab00000, 0x00000000ecc00000, 0x0000000100000000)
  eden space 25600K, 0% used [0x00000000eab00000,0x00000000eab00000,0x00000000ec400000)
  from space 4096K, 0% used [0x00000000ec800000,0x00000000ec800000,0x00000000ecc00000)
  to   space 4096K, 0% used [0x00000000ec400000,0x00000000ec400000,0x00000000ec800000)
 ParOldGen       total 68608K, used 9470K [0x00000000c0000000, 0x00000000c4300000, 0x00000000eab00000)
  object space 68608K, 13% used [0x00000000c0000000,0x00000000c093f8f8,0x00000000c4300000)
 Metaspace       used 21157K, committed 21504K, reserved 1073152K
  class space    used 2132K, committed 2304K, reserved 1048576K
}
Event: 8.729 GC heap before
{Heap before GC invocations=6 (full 1):
 PSYoungGen      total 29696K, used 25600K [0x00000000eab00000, 0x00000000ecc00000, 0x0000000100000000)
  eden space 25600K, 100% used [0x00000000eab00000,0x00000000ec400000,0x00000000ec400000)
  from space 4096K, 0% used [0x00000000ec800000,0x00000000ec800000,0x00000000ecc00000)
  to   space 4096K, 0% used [0x00000000ec400000,0x00000000ec400000,0x00000000ec800000)
 ParOldGen       total 68608K, used 9470K [0x00000000c0000000, 0x00000000c4300000, 0x00000000eab00000)
  object space 68608K, 13% used [0x00000000c0000000,0x00000000c093f8f8,0x00000000c4300000)
 Metaspace       used 28351K, committed 28864K, reserved 1081344K
  class space    used 2781K, committed 3008K, reserved 1048576K
}
Event: 8.732 GC heap after
{Heap after GC invocations=6 (full 1):
 PSYoungGen      total 27136K, used 1759K [0x00000000eab00000, 0x00000000ec980000, 0x0000000100000000)
  eden space 25088K, 0% used [0x00000000eab00000,0x00000000eab00000,0x00000000ec380000)
  from space 2048K, 85% used [0x00000000ec400000,0x00000000ec5b7fe0,0x00000000ec600000)
  to   space 3072K, 0% used [0x00000000ec680000,0x00000000ec680000,0x00000000ec980000)
 ParOldGen       total 68608K, used 9478K [0x00000000c0000000, 0x00000000c4300000, 0x00000000eab00000)
  object space 68608K, 13% used [0x00000000c0000000,0x00000000c09418f8,0x00000000c4300000)
 Metaspace       used 28351K, committed 28864K, reserved 1081344K
  class space    used 2781K, committed 3008K, reserved 1048576K
}
Event: 10.286 GC heap before
{Heap before GC invocations=7 (full 1):
 PSYoungGen      total 27136K, used 21796K [0x00000000eab00000, 0x00000000ec980000, 0x0000000100000000)
  eden space 25088K, 79% used [0x00000000eab00000,0x00000000ebe91028,0x00000000ec380000)
  from space 2048K, 85% used [0x00000000ec400000,0x00000000ec5b7fe0,0x00000000ec600000)
  to   space 3072K, 0% used [0x00000000ec680000,0x00000000ec680000,0x00000000ec980000)
 ParOldGen       total 68608K, used 9478K [0x00000000c0000000, 0x00000000c4300000, 0x00000000eab00000)
  object space 68608K, 13% used [0x00000000c0000000,0x00000000c09418f8,0x00000000c4300000)
 Metaspace       used 35138K, committed 35840K, reserved 1081344K
  class space    used 3723K, committed 4032K, reserved 1048576K
}
Event: 10.292 GC heap after
{Heap after GC invocations=7 (full 1):
 PSYoungGen      total 27136K, used 3053K [0x00000000eab00000, 0x00000000ecb80000, 0x0000000100000000)
  eden space 24064K, 0% used [0x00000000eab00000,0x00000000eab00000,0x00000000ec280000)
  from space 3072K, 99% used [0x00000000ec680000,0x00000000ec97b520,0x00000000ec980000)
  to   space 4096K, 0% used [0x00000000ec280000,0x00000000ec280000,0x00000000ec680000)
 ParOldGen       total 68608K, used 9894K [0x00000000c0000000, 0x00000000c4300000, 0x00000000eab00000)
  object space 68608K, 14% used [0x00000000c0000000,0x00000000c09a9b48,0x00000000c4300000)
 Metaspace       used 35138K, committed 35840K, reserved 1081344K
  class space    used 3723K, committed 4032K, reserved 1048576K
}
Event: 10.292 GC heap before
{Heap before GC invocations=8 (full 2):
 PSYoungGen      total 27136K, used 3053K [0x00000000eab00000, 0x00000000ecb80000, 0x0000000100000000)
  eden space 24064K, 0% used [0x00000000eab00000,0x00000000eab00000,0x00000000ec280000)
  from space 3072K, 99% used [0x00000000ec680000,0x00000000ec97b520,0x00000000ec980000)
  to   space 4096K, 0% used [0x00000000ec280000,0x00000000ec280000,0x00000000ec680000)
 ParOldGen       total 68608K, used 9894K [0x00000000c0000000, 0x00000000c4300000, 0x00000000eab00000)
  object space 68608K, 14% used [0x00000000c0000000,0x00000000c09a9b48,0x00000000c4300000)
 Metaspace       used 35138K, committed 35840K, reserved 1081344K
  class space    used 3723K, committed 4032K, reserved 1048576K
}
Event: 10.336 GC heap after
{Heap after GC invocations=8 (full 2):
 PSYoungGen      total 27136K, used 0K [0x00000000eab00000, 0x00000000ecb80000, 0x0000000100000000)
  eden space 24064K, 0% used [0x00000000eab00000,0x00000000eab00000,0x00000000ec280000)
  from space 3072K, 0% used [0x00000000ec680000,0x00000000ec680000,0x00000000ec980000)
  to   space 4096K, 0% used [0x00000000ec280000,0x00000000ec280000,0x00000000ec680000)
 ParOldGen       total 68608K, used 12045K [0x00000000c0000000, 0x00000000c4300000, 0x00000000eab00000)
  object space 68608K, 17% used [0x00000000c0000000,0x00000000c0bc34b0,0x00000000c4300000)
 Metaspace       used 35138K, committed 35840K, reserved 1081344K
  class space    used 3723K, committed 4032K, reserved 1048576K
}

Deoptimization events (20 events):
Event: 12.257 Thread 0x000001e7de21b880 DEOPT PACKING pc=0x000001e7d2a33038 sp=0x00000027e90feae0
Event: 12.257 Thread 0x000001e7de21b880 DEOPT UNPACKING pc=0x000001e7caeb20a3 sp=0x00000027e90fea60 mode 2
Event: 12.262 Thread 0x000001e7de578620 Uncommon trap: trap_request=0xffffffbe fr.pc=0x000001e7d29c0ed0 relative=0x0000000000000750
Event: 12.262 Thread 0x000001e7de578620 Uncommon trap: reason=profile_predicate action=maybe_recompile pc=0x000001e7d29c0ed0 method=org.apache.felix.resolver.util.OpenHashMap.getOrCompute(Ljava/lang/Object;)Ljava/lang/Object; @ 108 c2
Event: 12.262 Thread 0x000001e7de578620 DEOPT PACKING pc=0x000001e7d29c0ed0 sp=0x00000027e9afd5a0
Event: 12.262 Thread 0x000001e7de578620 DEOPT UNPACKING pc=0x000001e7caeb20a3 sp=0x00000027e9afd538 mode 2
Event: 12.262 Thread 0x000001e7de21b880 Uncommon trap: trap_request=0xffffffbe fr.pc=0x000001e7d29c0ed0 relative=0x0000000000000750
Event: 12.262 Thread 0x000001e7de21b880 Uncommon trap: reason=profile_predicate action=maybe_recompile pc=0x000001e7d29c0ed0 method=org.apache.felix.resolver.util.OpenHashMap.getOrCompute(Ljava/lang/Object;)Ljava/lang/Object; @ 108 c2
Event: 12.262 Thread 0x000001e7de21b880 DEOPT PACKING pc=0x000001e7d29c0ed0 sp=0x00000027e90fe4a0
Event: 12.262 Thread 0x000001e7de21b880 DEOPT UNPACKING pc=0x000001e7caeb20a3 sp=0x00000027e90fe438 mode 2
Event: 12.865 Thread 0x000001e7de578620 Uncommon trap: trap_request=0xffffffbe fr.pc=0x000001e7d29c0ed0 relative=0x0000000000000750
Event: 12.865 Thread 0x000001e7de578620 Uncommon trap: reason=profile_predicate action=maybe_recompile pc=0x000001e7d29c0ed0 method=org.apache.felix.resolver.util.OpenHashMap.getOrCompute(Ljava/lang/Object;)Ljava/lang/Object; @ 108 c2
Event: 12.867 Thread 0x000001e7de21b880 Uncommon trap: trap_request=0xffffffbe fr.pc=0x000001e7d29c0ed0 relative=0x0000000000000750
Event: 12.867 Thread 0x000001e7de21b880 Uncommon trap: reason=profile_predicate action=maybe_recompile pc=0x000001e7d29c0ed0 method=org.apache.felix.resolver.util.OpenHashMap.getOrCompute(Ljava/lang/Object;)Ljava/lang/Object; @ 108 c2
Event: 12.868 Thread 0x000001e7de578620 DEOPT PACKING pc=0x000001e7d29c0ed0 sp=0x00000027e9afd5a0
Event: 12.868 Thread 0x000001e7de578620 DEOPT UNPACKING pc=0x000001e7caeb20a3 sp=0x00000027e9afd538 mode 2
Event: 12.873 Thread 0x000001e7de21b880 DEOPT PACKING pc=0x000001e7d29c0ed0 sp=0x00000027e90fe4a0
Event: 12.873 Thread 0x000001e7de21b880 DEOPT UNPACKING pc=0x000001e7caeb20a3 sp=0x00000027e90fe438 mode 2
Event: 12.992 Thread 0x000001e7de578620 DEOPT PACKING pc=0x000001e7cb91e36f sp=0x00000027e9afc8c0
Event: 12.992 Thread 0x000001e7de578620 DEOPT UNPACKING pc=0x000001e7caeb2843 sp=0x00000027e9afbdd0 mode 0

Classes unloaded (0 events):
No events

Classes redefined (0 events):
No events

Internal exceptions (20 events):
Event: 6.908 Thread 0x000001e7de21b880 Exception <a 'java/lang/NoSuchMethodError'{0x00000000ec0fe740}: 'void java.lang.invoke.DirectMethodHandle$Holder.invokeInterface(java.lang.Object, java.lang.Object, java.lang.Object)'> (0x00000000ec0fe740) 
thrown [e:\jenkins\tmp\workspace\build\src\src\hotspot\share\interpreter\linkResolver.cpp, line 766]
Event: 7.048 Thread 0x000001e7de21b880 Exception <a 'java/lang/NoSuchMethodError'{0x00000000ec2b0160}: 'void java.lang.invoke.DirectMethodHandle$Holder.invokeSpecial(java.lang.Object, java.lang.Object, java.lang.Object)'> (0x00000000ec2b0160) 
thrown [e:\jenkins\tmp\workspace\build\src\src\hotspot\share\interpreter\linkResolver.cpp, line 766]
Event: 7.052 Thread 0x000001e7de21b880 Exception <a 'java/io/FileNotFoundException'{0x00000000ec2bf4d8}> (0x00000000ec2bf4d8) 
thrown [e:\jenkins\tmp\workspace\build\src\src\hotspot\share\prims\jni.cpp, line 516]
Event: 7.212 Thread 0x000001e7de21b880 Exception <a 'java/lang/IncompatibleClassChangeError'{0x00000000eabecf50}: Found class java.lang.Object, but interface was expected> (0x00000000eabecf50) 
thrown [e:\jenkins\tmp\workspace\build\src\src\hotspot\share\interpreter\linkResolver.cpp, line 833]
Event: 7.378 Thread 0x000001e7de21b880 Exception <a 'java/io/FileNotFoundException'{0x00000000eac6b1f8}> (0x00000000eac6b1f8) 
thrown [e:\jenkins\tmp\workspace\build\src\src\hotspot\share\prims\jni.cpp, line 516]
Event: 7.380 Thread 0x000001e7de21b880 Exception <a 'java/io/FileNotFoundException'{0x00000000eac6c320}> (0x00000000eac6c320) 
thrown [e:\jenkins\tmp\workspace\build\src\src\hotspot\share\prims\jni.cpp, line 516]
Event: 7.382 Thread 0x000001e7de21b880 Exception <a 'java/io/FileNotFoundException'{0x00000000eac6d458}> (0x00000000eac6d458) 
thrown [e:\jenkins\tmp\workspace\build\src\src\hotspot\share\prims\jni.cpp, line 516]
Event: 7.649 Thread 0x000001e7de21b880 Exception <a 'java/lang/NoSuchMethodError'{0x00000000eb030048}: 'int java.lang.invoke.DirectMethodHandle$Holder.invokeStaticInit(java.lang.Object, java.lang.Object, java.lang.Object)'> (0x00000000eb030048) 
thrown [e:\jenkins\tmp\workspace\build\src\src\hotspot\share\interpreter\linkResolver.cpp, line 766]
Event: 7.864 Thread 0x000001e7de21b880 Exception <a 'java/io/FileNotFoundException'{0x00000000ebc82f20}> (0x00000000ebc82f20) 
thrown [e:\jenkins\tmp\workspace\build\src\src\hotspot\share\prims\jni.cpp, line 516]
Event: 8.071 Thread 0x000001e7de21b880 Exception <a 'java/lang/ClassNotFoundException'{0x00000000ebed0080}: com/sun/org/apache/xml/internal/serializer/spi/XMLEntitiesProvider> (0x00000000ebed0080) 
thrown [e:\jenkins\tmp\workspace\build\src\src\hotspot\share\classfile\systemDictionary.cpp, line 256]
Event: 8.872 Thread 0x000001e7de21b880 Exception <a 'java/lang/NoSuchMethodError'{0x00000000ead56260}: 'org.slf4j.impl.StaticMDCBinder org.slf4j.impl.StaticMDCBinder.getSingleton()'> (0x00000000ead56260) 
thrown [e:\jenkins\tmp\workspace\build\src\src\hotspot\share\interpreter\linkResolver.cpp, line 766]
Event: 8.941 Thread 0x000001e7de21b880 Exception <a 'java/io/FileNotFoundException'{0x00000000eae49598}> (0x00000000eae49598) 
thrown [e:\jenkins\tmp\workspace\build\src\src\hotspot\share\prims\jni.cpp, line 516]
Event: 9.123 Thread 0x000001e7de21b880 Exception <a 'java/lang/UnsatisfiedLinkError'{0x00000000eaf7d858}: The specified procedure could not be found.
> (0x00000000eaf7d858) 
thrown [e:\jenkins\tmp\workspace\build\src\src\hotspot\share\prims\jni.cpp, line 535]
Event: 9.152 Thread 0x000001e7de21b880 Exception <a 'java/io/FileNotFoundException'{0x00000000eaf89b60}> (0x00000000eaf89b60) 
thrown [e:\jenkins\tmp\workspace\build\src\src\hotspot\share\prims\jni.cpp, line 516]
Event: 9.180 Thread 0x000001e7de21b880 Exception <a 'java/io/FileNotFoundException'{0x00000000eafb3fb0}> (0x00000000eafb3fb0) 
thrown [e:\jenkins\tmp\workspace\build\src\src\hotspot\share\prims\jni.cpp, line 516]
Event: 9.211 Thread 0x000001e7de21b880 Exception <a 'java/lang/UnsatisfiedLinkError'{0x00000000eb0b9a20}: The specified procedure could not be found.
> (0x00000000eb0b9a20) 
thrown [e:\jenkins\tmp\workspace\build\src\src\hotspot\share\prims\jni.cpp, line 535]
Event: 9.540 Thread 0x000001e7de21b880 Implicit null exception at 0x000001e7d2a2bac7 to 0x000001e7d2a2c740
Event: 9.541 Thread 0x000001e7de21b880 Exception <a 'java/lang/NoSuchMethodError'{0x00000000eb333588}: 'void java.lang.invoke.DirectMethodHandle$Holder.invokeStatic(java.lang.Object, java.lang.Object, java.lang.Object, java.lang.Object)'> (0x00000000eb333588) 
thrown [e:\jenkins\tmp\workspace\build\src\src\hotspot\share\interpreter\linkResolver.cpp, line 766]
Event: 9.922 Thread 0x000001e7de576940 Exception <a 'java/lang/NoSuchMethodError'{0x00000000ead8c0f0}: 'java.lang.Object java.lang.invoke.DirectMethodHandle$Holder.newInvokeSpecial(java.lang.Object, java.lang.Object, java.lang.Object, java.lang.Object, java.lang.Object)'> (0x00000000ead8c0f0) 
thrown [e:\jenkins\tmp\workspace\build\src\src\hotspot\share\interpreter\linkResolver.cpp, line 766]
Event: 10.806 Thread 0x000001e7de578620 Exception <a 'java/io/FileNotFoundException'{0x00000000eae657d8}> (0x00000000eae657d8) 
thrown [e:\jenkins\tmp\workspace\build\src\src\hotspot\share\prims\jni.cpp, line 516]

VM Operations (20 events):
Event: 9.100 Executing VM operation: HandshakeAllThreads
Event: 9.100 Executing VM operation: HandshakeAllThreads done
Event: 9.106 Executing VM operation: HandshakeAllThreads
Event: 9.106 Executing VM operation: HandshakeAllThreads done
Event: 9.941 Executing VM operation: HandshakeAllThreads
Event: 9.949 Executing VM operation: HandshakeAllThreads done
Event: 9.949 Executing VM operation: Cleanup
Event: 9.960 Executing VM operation: Cleanup done
Event: 9.982 Executing VM operation: HandshakeAllThreads
Event: 9.982 Executing VM operation: HandshakeAllThreads done
Event: 10.283 Executing VM operation: CollectForMetadataAllocation
Event: 10.341 Executing VM operation: CollectForMetadataAllocation done
Event: 10.551 Executing VM operation: HandshakeAllThreads
Event: 10.552 Executing VM operation: HandshakeAllThreads done
Event: 10.552 Executing VM operation: HandshakeAllThreads
Event: 10.552 Executing VM operation: HandshakeAllThreads done
Event: 11.551 Executing VM operation: Cleanup
Event: 11.713 Executing VM operation: Cleanup done
Event: 12.717 Executing VM operation: Cleanup
Event: 12.794 Executing VM operation: Cleanup done

Events (20 events):
Event: 10.367 loading class java/util/ServiceConfigurationError
Event: 10.367 loading class java/util/ServiceConfigurationError done
Event: 10.382 Thread 0x000001e7de528a60 Thread added: 0x000001e7de528a60
Event: 10.556 loading class java/lang/Short$ShortCache
Event: 10.556 loading class java/lang/Short$ShortCache done
Event: 10.732 Thread 0x000001e7de528a60 Thread exited: 0x000001e7de528a60
Event: 10.796 loading class sun/nio/fs/WindowsUriSupport
Event: 10.796 loading class sun/nio/fs/WindowsUriSupport done
Event: 10.974 loading class java/lang/annotation/IncompleteAnnotationException
Event: 10.974 loading class java/lang/annotation/IncompleteAnnotationException done
Event: 11.076 Thread 0x000001e7de528a60 Thread added: 0x000001e7de528a60
Event: 11.332 loading class jdk/internal/access/foreign/MemorySegmentProxy
Event: 11.332 loading class jdk/internal/access/foreign/MemorySegmentProxy done
Event: 11.736 loading class sun/reflect/misc/ReflectUtil
Event: 11.737 loading class sun/reflect/misc/ReflectUtil done
Event: 11.854 Thread 0x000001e7de578150 Thread exited: 0x000001e7de578150
Event: 12.076 Thread 0x000001e7de528a60 Thread exited: 0x000001e7de528a60
Event: 12.236 Thread 0x000001e7de528a60 Thread added: 0x000001e7de528a60
Event: 12.257 loading class java/util/concurrent/locks/ReentrantReadWriteLock$Sync$HoldCounter
Event: 12.257 loading class java/util/concurrent/locks/ReentrantReadWriteLock$Sync$HoldCounter done


Dynamic libraries:
0x00007ff74e490000 - 0x00007ff74e49e000 	c:\Users\AP\.vscode\extensions\redhat.java-1.5.0-win32-x64\jre\17.0.2-win32-x86_64\bin\java.exe
0x00007ff95a2b0000 - 0x00007ff95a4a6000 	C:\WINDOWS\SYSTEM32\ntdll.dll
0x00007ff959d30000 - 0x00007ff959ded000 	C:\WINDOWS\System32\KERNEL32.DLL
0x00007ff957f00000 - 0x00007ff9581c9000 	C:\WINDOWS\System32\KERNELBASE.dll
0x00007ff957b50000 - 0x00007ff957c50000 	C:\WINDOWS\System32\ucrtbase.dll
0x00007ff9505d0000 - 0x00007ff9505e8000 	c:\Users\AP\.vscode\extensions\redhat.java-1.5.0-win32-x64\jre\17.0.2-win32-x86_64\bin\jli.dll
0x00007ff959b90000 - 0x00007ff959d30000 	C:\WINDOWS\System32\USER32.dll
0x00007ff9581d0000 - 0x00007ff9581f2000 	C:\WINDOWS\System32\win32u.dll
0x00007ff958f60000 - 0x00007ff958f8a000 	C:\WINDOWS\System32\GDI32.dll
0x00007ff958200000 - 0x00007ff958309000 	C:\WINDOWS\System32\gdi32full.dll
0x00007ff949780000 - 0x00007ff949799000 	c:\Users\AP\.vscode\extensions\redhat.java-1.5.0-win32-x64\jre\17.0.2-win32-x86_64\bin\VCRUNTIME140.dll
0x00007ff957ca0000 - 0x00007ff957d3d000 	C:\WINDOWS\System32\msvcp_win.dll
0x00007ff948c80000 - 0x00007ff948f1b000 	C:\WINDOWS\WinSxS\amd64_microsoft.windows.common-controls_6595b64144ccf1df_6.0.19041.488_none_ca04af081b815d21\COMCTL32.dll
0x00007ff959520000 - 0x00007ff9595be000 	C:\WINDOWS\System32\msvcrt.dll
0x00007ff9592e0000 - 0x00007ff959310000 	C:\WINDOWS\System32\IMM32.DLL
0x00007ff9593f0000 - 0x00007ff95951b000 	C:\WINDOWS\System32\RPCRT4.dll
0x00007ff9578a0000 - 0x00007ff9578dc000 	C:\WINDOWS\SYSTEM32\SspiCli.dll
0x00007ff955010000 - 0x00007ff95501c000 	c:\Users\AP\.vscode\extensions\redhat.java-1.5.0-win32-x64\jre\17.0.2-win32-x86_64\bin\vcruntime140_1.dll
0x00007ff928d20000 - 0x00007ff928db1000 	c:\Users\AP\.vscode\extensions\redhat.java-1.5.0-win32-x64\jre\17.0.2-win32-x86_64\bin\msvcp140.dll
0x00007ff8d9990000 - 0x00007ff8da5d7000 	c:\Users\AP\.vscode\extensions\redhat.java-1.5.0-win32-x64\jre\17.0.2-win32-x86_64\bin\server\jvm.dll
0x00007ff95a160000 - 0x00007ff95a20c000 	C:\WINDOWS\System32\ADVAPI32.dll
0x00007ff95a0c0000 - 0x00007ff95a15c000 	C:\WINDOWS\System32\sechost.dll
0x00007ff959070000 - 0x00007ff959078000 	C:\WINDOWS\System32\PSAPI.DLL
0x00007ff9401a0000 - 0x00007ff9401a9000 	C:\WINDOWS\SYSTEM32\WSOCK32.dll
0x00007ff9597c0000 - 0x00007ff95982b000 	C:\WINDOWS\System32\WS2_32.dll
0x00007ff945dd0000 - 0x00007ff945df7000 	C:\WINDOWS\SYSTEM32\WINMM.dll
0x00007ff945690000 - 0x00007ff94569a000 	C:\WINDOWS\SYSTEM32\VERSION.dll
0x00007ff956320000 - 0x00007ff956332000 	C:\WINDOWS\SYSTEM32\kernel.appcore.dll
0x00007ff9502e0000 - 0x00007ff9502ea000 	c:\Users\AP\.vscode\extensions\redhat.java-1.5.0-win32-x64\jre\17.0.2-win32-x86_64\bin\jimage.dll
0x00007ff9557b0000 - 0x00007ff955994000 	C:\WINDOWS\SYSTEM32\DBGHELP.DLL
0x00007ff93ffd0000 - 0x00007ff93fffc000 	C:\WINDOWS\SYSTEM32\dbgcore.DLL
0x00007ff957e80000 - 0x00007ff957f00000 	C:\WINDOWS\System32\bcryptPrimitives.dll
0x00007ff931bb0000 - 0x00007ff931bd5000 	c:\Users\AP\.vscode\extensions\redhat.java-1.5.0-win32-x64\jre\17.0.2-win32-x86_64\bin\java.dll
0x00007ff928e50000 - 0x00007ff928e68000 	c:\Users\AP\.vscode\extensions\redhat.java-1.5.0-win32-x64\jre\17.0.2-win32-x86_64\bin\zip.dll
0x00007ff958780000 - 0x00007ff958ec2000 	C:\WINDOWS\System32\SHELL32.dll
0x00007ff955a20000 - 0x00007ff9561b5000 	C:\WINDOWS\SYSTEM32\windows.storage.dll
0x00007ff959830000 - 0x00007ff959b86000 	C:\WINDOWS\System32\combase.dll
0x00007ff957460000 - 0x00007ff95748c000 	C:\WINDOWS\SYSTEM32\Wldp.dll
0x00007ff959080000 - 0x00007ff95912e000 	C:\WINDOWS\System32\SHCORE.dll
0x00007ff95a210000 - 0x00007ff95a265000 	C:\WINDOWS\System32\shlwapi.dll
0x00007ff957920000 - 0x00007ff957946000 	C:\WINDOWS\SYSTEM32\profapi.dll
0x00007ff928e30000 - 0x00007ff928e49000 	C:\Users\AP\.vscode\extensions\redhat.java-1.5.0-win32-x64\jre\17.0.2-win32-x86_64\bin\net.dll
0x00007ff94e9f0000 - 0x00007ff94eaf0000 	C:\WINDOWS\SYSTEM32\WINHTTP.dll
0x00007ff9571e0000 - 0x00007ff95724a000 	C:\WINDOWS\system32\mswsock.dll
0x00007ff928d00000 - 0x00007ff928d15000 	C:\Users\AP\.vscode\extensions\redhat.java-1.5.0-win32-x64\jre\17.0.2-win32-x86_64\bin\nio.dll
0x00007ff9573b0000 - 0x00007ff9573c8000 	C:\WINDOWS\SYSTEM32\CRYPTSP.dll
0x00007ff956b00000 - 0x00007ff956b34000 	C:\WINDOWS\system32\rsaenh.dll
0x00007ff957e50000 - 0x00007ff957e77000 	C:\WINDOWS\System32\bcrypt.dll
0x00007ff9578e0000 - 0x00007ff95790e000 	C:\WINDOWS\SYSTEM32\USERENV.dll
0x00007ff9573d0000 - 0x00007ff9573dc000 	C:\WINDOWS\SYSTEM32\CRYPTBASE.dll
0x00007ff956e80000 - 0x00007ff956ebb000 	C:\WINDOWS\SYSTEM32\IPHLPAPI.DLL
0x00007ff958ed0000 - 0x00007ff958ed8000 	C:\WINDOWS\System32\NSI.dll
0x00007ff94f3a0000 - 0x00007ff94f3b7000 	C:\WINDOWS\SYSTEM32\dhcpcsvc6.DLL
0x00007ff94f290000 - 0x00007ff94f2ad000 	C:\WINDOWS\SYSTEM32\dhcpcsvc.DLL
0x00007ff956ed0000 - 0x00007ff956f9b000 	C:\WINDOWS\SYSTEM32\DNSAPI.dll
0x00007ff928c60000 - 0x00007ff928c9e000 	C:\Users\AP\AppData\Roaming\Code\User\globalStorage\redhat.java\1.5.0\config_win\org.eclipse.equinox.launcher\org.eclipse.equinox.launcher.win32.win32.x86_64_1.2.400.v20211117-0650\eclipse_11602.dll
0x00007ff959f90000 - 0x00007ff95a0ba000 	C:\WINDOWS\System32\ole32.dll
0x00007ff94ad70000 - 0x00007ff94ad80000 	c:\Users\AP\.vscode\extensions\redhat.java-1.5.0-win32-x64\jre\17.0.2-win32-x86_64\bin\verify.dll
0x00007ff911ad0000 - 0x00007ff911b14000 	C:\Users\AP\AppData\Local\Temp\jna-2095\jna2022072991174359531.dll

dbghelp: loaded successfully - version: 4.0.5 - missing functions: none
symbol engine: initialized successfully - sym options: 0x614 - pdb path: .;c:\Users\AP\.vscode\extensions\redhat.java-1.5.0-win32-x64\jre\17.0.2-win32-x86_64\bin;C:\WINDOWS\SYSTEM32;C:\WINDOWS\WinSxS\amd64_microsoft.windows.common-controls_6595b64144ccf1df_6.0.19041.488_none_ca04af081b815d21;c:\Users\AP\.vscode\extensions\redhat.java-1.5.0-win32-x64\jre\17.0.2-win32-x86_64\bin\server;C:\Users\AP\AppData\Roaming\Code\User\globalStorage\redhat.java\1.5.0\config_win\org.eclipse.equinox.launcher\org.eclipse.equinox.launcher.win32.win32.x86_64_1.2.400.v20211117-0650;C:\Users\AP\AppData\Local\Temp\jna-2095

VM Arguments:
jvm_args: --add-modules=ALL-SYSTEM --add-opens=java.base/java.util=ALL-UNNAMED --add-opens=java.base/java.lang=ALL-UNNAMED --add-opens=java.base/sun.nio.fs=ALL-UNNAMED -Declipse.application=org.eclipse.jdt.ls.core.id1 -Dosgi.bundles.defaultStartLevel=4 -Declipse.product=org.eclipse.jdt.ls.core.product -Djava.import.generatesMetadataFilesAtProjectRoot=false -Dfile.encoding=utf8 -DwatchParentProcess=false -XX:+UseParallelGC -XX:GCTimeRatio=4 -XX:AdaptiveSizePolicyWeight=90 -Dsun.zip.disableMemoryMapping=true -Xmx1G -Xms100m -XX:+HeapDumpOnOutOfMemoryError -XX:HeapDumpPath=c:\Users\AP\AppData\Roaming\Code\User\workspaceStorage\119a1ddabada37eb9582ddd6191118fb\redhat.java 
java_command: c:\Users\AP\.vscode\extensions\redhat.java-1.5.0-win32-x64\server\plugins\org.eclipse.equinox.launcher_1.6.400.v20210924-0641.jar -configuration c:\Users\AP\AppData\Roaming\Code\User\globalStorage\redhat.java\1.5.0\config_win -data c:\Users\AP\AppData\Roaming\Code\User\workspaceStorage\119a1ddabada37eb9582ddd6191118fb\redhat.java\jdt_ws
java_class_path (initial): c:\Users\AP\.vscode\extensions\redhat.java-1.5.0-win32-x64\server\plugins\org.eclipse.equinox.launcher_1.6.400.v20210924-0641.jar
Launcher Type: SUN_STANDARD

[Global flags]
    uintx AdaptiveSizePolicyWeight                 = 90                                        {product} {command line}
     intx CICompilerCount                          = 3                                         {product} {ergonomic}
    uintx GCTimeRatio                              = 4                                         {product} {command line}
     bool HeapDumpOnOutOfMemoryError               = true                                   {manageable} {command line}
    ccstr HeapDumpPath                             = c:\Users\AP\AppData\Roaming\Code\User\workspaceStorage\119a1ddabada37eb9582ddd6191118fb\redhat.java         {manageable} {command line}
   size_t InitialHeapSize                          = 104857600                                 {product} {command line}
   size_t MaxHeapSize                              = 1073741824                                {product} {command line}
   size_t MaxNewSize                               = 357564416                                 {product} {ergonomic}
   size_t MinHeapDeltaBytes                        = 524288                                    {product} {ergonomic}
   size_t MinHeapSize                              = 104857600                                 {product} {command line}
   size_t NewSize                                  = 34603008                                  {product} {ergonomic}
    uintx NonNMethodCodeHeapSize                   = 5832780                                {pd product} {ergonomic}
    uintx NonProfiledCodeHeapSize                  = 122912730                              {pd product} {ergonomic}
   size_t OldSize                                  = 70254592                                  {product} {ergonomic}
    uintx ProfiledCodeHeapSize                     = 122912730                              {pd product} {ergonomic}
    uintx ReservedCodeCacheSize                    = 251658240                              {pd product} {ergonomic}
     bool SegmentedCodeCache                       = true                                      {product} {ergonomic}
   size_t SoftMaxHeapSize                          = 1073741824                             {manageable} {ergonomic}
     bool UseCompressedClassPointers               = true                           {product lp64_product} {ergonomic}
     bool UseCompressedOops                        = true                           {product lp64_product} {ergonomic}
     bool UseLargePagesIndividualAllocation        = false                                  {pd product} {ergonomic}
     bool UseParallelGC                            = true                                      {product} {command line}

Logging:
Log output configuration:
 #0: stdout all=warning uptime,level,tags
 #1: stderr all=off uptime,level,tags

Environment Variables:
JAVA_HOME=C:\Program Files\Java\jdk-17.0.2
PATH=C:\Program Files\Common Files\Oracle\Java\javapath;C:\Program Files (x86)\Common Files\Oracle\Java\javapath;C:\WINDOWS\system32;C:\WINDOWS;C:\WINDOWS\System32\Wbem;C:\WINDOWS\System32\WindowsPowerShell\v1.0\;C:\WINDOWS\System32\OpenSSH\;C:\Program Files\Intel\WiFi\bin\;C:\Program Files\Common Files\Intel\WirelessCommon\;C:\Program Files\PuTTY\;C:\Program Files\Microsoft SQL Server\150\Tools\Binn\;C:\Program Files\Microsoft SQL Server\Client SDK\ODBC\170\Tools\Binn\;C:\Program Files\dotnet\;C:\Program Files\Git\cmd;C:\Program Files\Amazon\AWSCLIV2\;C:\Users\AP\AppData\Local\Microsoft\WindowsApps;C:\Program Files\Intel\WiFi\bin\;C:\Program Files\Common Files\Intel\WirelessCommon\;C:\Users\AP\.dotnet\tools;C:\Users\AP\AppData\Local\Programs\Microsoft VS Code\bin
USERNAME=AP
OS=Windows_NT
PROCESSOR_IDENTIFIER=Intel64 Family 6 Model 58 Stepping 9, GenuineIntel



---------------  S Y S T E M  ---------------

OS:
 Windows 10 , 64 bit Build 19041 (10.0.19041.662)
OS uptime: 45 days 17:22 hours

CPU: total 4 (initial active 4) (2 cores per cpu, 2 threads per core) family 6 model 58 stepping 9 microcode 0x21, cx8, cmov, fxsr, ht, mmx, sse, sse2, sse3, ssse3, sse4.1, sse4.2, popcnt, tsc, tscinvbit, avx, erms, clmul, vzeroupper, clflush

Memory: 4k page, system-wide physical 8052M (1659M free)
TotalPageFile size 32628M (AvailPageFile size 10M)
current process WorkingSet (physical memory assigned to process): 176M, peak: 177M
current process commit charge ("private bytes"): 265M, peak: 269M

vm_info: OpenJDK 64-Bit Server VM (17.0.2+8) for windows-amd64 JRE (17.0.2+8), built on Jan 20 2022 04:52:34 by "" with MS VC++ 16.7 (VS2019)

END.
