#
# There is insufficient memory for the Java Runtime Environment to continue.
# Native memory allocation (mmap) failed to map 65536 bytes for Failed to commit metaspace.
# Possible reasons:
#   The system is out of physical RAM or swap space
#   The process is running with CompressedOops enabled, and the Java Heap may be blocking the growth of the native heap
# Possible solutions:
#   Reduce memory load on the system
#   Increase physical memory or swap space
#   Check if swap backing store is full
#   Decrease Java heap size (-Xmx/-Xms)
#   Decrease number of Java threads
#   Decrease Java thread stack sizes (-Xss)
#   Set larger code cache with -XX:ReservedCodeCacheSize=
#   JVM is running with Unscaled Compressed Oops mode in which the Java heap is
#     placed in the first 4GB address space. The Java Heap base address is the
#     maximum limit for the native heap growth. Please use -XX:HeapBaseMinAddress
#     to set the Java Heap base and to place the Java Heap above 4GB virtual address.
# This output file may be truncated or incomplete.
#
#  Out of Memory Error (virtualSpaceNode.cpp:110), pid=16160, tid=17480
#
# JRE version: OpenJDK Runtime Environment Temurin-17.0.2+8 (17.0.2+8) (build 17.0.2+8)
# Java VM: OpenJDK 64-Bit Server VM Temurin-17.0.2+8 (17.0.2+8, mixed mode, tiered, compressed oops, compressed class ptrs, parallel gc, windows-amd64)
# No core dump will be written. Minidumps are not enabled by default on client versions of Windows
#

---------------  S U M M A R Y ------------

Command Line: --add-modules=ALL-SYSTEM --add-opens=java.base/java.util=ALL-UNNAMED --add-opens=java.base/java.lang=ALL-UNNAMED --add-opens=java.base/sun.nio.fs=ALL-UNNAMED -Declipse.application=org.eclipse.jdt.ls.core.id1 -Dosgi.bundles.defaultStartLevel=4 -Declipse.product=org.eclipse.jdt.ls.core.product -Djava.import.generatesMetadataFilesAtProjectRoot=false -Dfile.encoding=utf8 -DwatchParentProcess=false -XX:+UseParallelGC -XX:GCTimeRatio=4 -XX:AdaptiveSizePolicyWeight=90 -Dsun.zip.disableMemoryMapping=true -Xmx1G -Xms100m c:\Users\AP\.vscode\extensions\redhat.java-1.5.0-win32-x64\server\plugins\org.eclipse.equinox.launcher_1.6.400.v20210924-0641.jar -configuration c:\Users\AP\AppData\Roaming\Code\User\globalStorage\redhat.java\1.5.0\config_ss_win -data c:\Users\AP\AppData\Roaming\Code\User\workspaceStorage\119a1ddabada37eb9582ddd6191118fb\redhat.java\ss_ws

Host: Intel(R) Core(TM) i5-3210M CPU @ 2.50GHz, 4 cores, 7G,  Windows 10 , 64 bit Build 19041 (10.0.19041.662)
Time: Sun Apr 24 12:18:19 2022 Eastern Daylight Time elapsed time: 18.099036 seconds (0d 0h 0m 18s)

---------------  T H R E A D  ---------------

Current thread (0x0000028d7c1e8030):  JavaThread "C1 CompilerThread0" daemon [_thread_in_vm, id=17480, stack(0x000000ca68500000,0x000000ca68600000)]


Current CompileTask:
C1:  18099 3268       3       jdk.internal.jrtfs.JrtPath::relativize (6 bytes)

Stack: [0x000000ca68500000,0x000000ca68600000]
Native frames: (J=compiled Java code, j=interpreted, Vv=VM code, C=native code)
V  [jvm.dll+0x67564a]
V  [jvm.dll+0x82fc04]
V  [jvm.dll+0x8313ae]
V  [jvm.dll+0x831a13]
V  [jvm.dll+0x245235]
V  [jvm.dll+0x82bbab]
V  [jvm.dll+0x61a336]
V  [jvm.dll+0x1c016e]
V  [jvm.dll+0x61cc81]
V  [jvm.dll+0x61acd6]
V  [jvm.dll+0x62be2a]
V  [jvm.dll+0x624c5a]
V  [jvm.dll+0x1cc340]
V  [jvm.dll+0x1cc52f]
V  [jvm.dll+0x1465e1]
V  [jvm.dll+0x146425]
V  [jvm.dll+0x13dc69]
V  [jvm.dll+0x140265]
V  [jvm.dll+0x13e544]
V  [jvm.dll+0x13851f]
V  [jvm.dll+0x147fe6]
V  [jvm.dll+0x133c30]
V  [jvm.dll+0x133f90]
V  [jvm.dll+0x134256]
V  [jvm.dll+0x1336ea]
V  [jvm.dll+0x1353b1]
V  [jvm.dll+0x226ef8]
V  [jvm.dll+0x22503c]
V  [jvm.dll+0x7e596b]
V  [jvm.dll+0x7dff2a]
V  [jvm.dll+0x6744d5]
C  [ucrtbase.dll+0x214c2]
C  [KERNEL32.DLL+0x17034]
C  [ntdll.dll+0x4d0d1]


---------------  P R O C E S S  ---------------

Threads class SMR info:
_java_thread_list=0x0000028d7d468950, length=26, elements={
0x0000028d75a1fdc0, 0x0000028d7a82e760, 0x0000028d7a82f4e0, 0x0000028d7a83a750,
0x0000028d7a83b010, 0x0000028d7a83b8d0, 0x0000028d7a83d940, 0x0000028d7a83e5e0,
0x0000028d7c1e8030, 0x0000028d7c1f2540, 0x0000028d7a721510, 0x0000028d7c3a7520,
0x0000028d7c9b8160, 0x0000028d7c9b6150, 0x0000028d7c9b6620, 0x0000028d7c9b6af0,
0x0000028d7c9b0b60, 0x0000028d7c27e9a0, 0x0000028d7ca091e0, 0x0000028d7c5b33f0,
0x0000028d7c5b55a0, 0x0000028d7c5b4c00, 0x0000028d7c5b5a70, 0x0000028d7c5b5f40,
0x0000028d7c5b4260, 0x0000028d7c5b2580
}

Java Threads: ( => current thread )
  0x0000028d75a1fdc0 JavaThread "main" [_thread_blocked, id=22124, stack(0x000000ca67b00000,0x000000ca67c00000)]
  0x0000028d7a82e760 JavaThread "Reference Handler" daemon [_thread_blocked, id=22532, stack(0x000000ca67e00000,0x000000ca67f00000)]
  0x0000028d7a82f4e0 JavaThread "Finalizer" daemon [_thread_blocked, id=5844, stack(0x000000ca67f00000,0x000000ca68000000)]
  0x0000028d7a83a750 JavaThread "Signal Dispatcher" daemon [_thread_blocked, id=22316, stack(0x000000ca68000000,0x000000ca68100000)]
  0x0000028d7a83b010 JavaThread "Attach Listener" daemon [_thread_blocked, id=13252, stack(0x000000ca68100000,0x000000ca68200000)]
  0x0000028d7a83b8d0 JavaThread "Service Thread" daemon [_thread_blocked, id=16564, stack(0x000000ca68200000,0x000000ca68300000)]
  0x0000028d7a83d940 JavaThread "Monitor Deflation Thread" daemon [_thread_blocked, id=14672, stack(0x000000ca68300000,0x000000ca68400000)]
  0x0000028d7a83e5e0 JavaThread "C2 CompilerThread0" daemon [_thread_blocked, id=23896, stack(0x000000ca68400000,0x000000ca68500000)]
=>0x0000028d7c1e8030 JavaThread "C1 CompilerThread0" daemon [_thread_in_vm, id=17480, stack(0x000000ca68500000,0x000000ca68600000)]
  0x0000028d7c1f2540 JavaThread "Sweeper thread" daemon [_thread_blocked, id=9284, stack(0x000000ca68600000,0x000000ca68700000)]
  0x0000028d7a721510 JavaThread "Common-Cleaner" daemon [_thread_blocked, id=8228, stack(0x000000ca68700000,0x000000ca68800000)]
  0x0000028d7c3a7520 JavaThread "Notification Thread" daemon [_thread_blocked, id=6152, stack(0x000000ca68800000,0x000000ca68900000)]
  0x0000028d7c9b8160 JavaThread "Equinox resolver thread - Equinox Container: c9776441-b549-4757-8fa3-6c28db089c85" daemon [_thread_blocked, id=6468, stack(0x000000ca68a00000,0x000000ca68b00000)]
  0x0000028d7c9b6150 JavaThread "Equinox resolver thread - Equinox Container: c9776441-b549-4757-8fa3-6c28db089c85" daemon [_thread_blocked, id=22564, stack(0x000000ca68b00000,0x000000ca68c00000)]
  0x0000028d7c9b6620 JavaThread "Equinox resolver thread - Equinox Container: c9776441-b549-4757-8fa3-6c28db089c85" daemon [_thread_blocked, id=9448, stack(0x000000ca68c00000,0x000000ca68d00000)]
  0x0000028d7c9b6af0 JavaThread "Equinox resolver thread - Equinox Container: c9776441-b549-4757-8fa3-6c28db089c85" daemon [_thread_blocked, id=14272, stack(0x000000ca68d00000,0x000000ca68e00000)]
  0x0000028d7c9b0b60 JavaThread "Active Thread: Equinox Container: c9776441-b549-4757-8fa3-6c28db089c85" [_thread_blocked, id=8280, stack(0x000000ca68e00000,0x000000ca68f00000)]
  0x0000028d7c27e9a0 JavaThread "Framework Event Dispatcher: Equinox Container: c9776441-b549-4757-8fa3-6c28db089c85" daemon [_thread_blocked, id=22548, stack(0x000000ca68f00000,0x000000ca69000000)]
  0x0000028d7ca091e0 JavaThread "Start Level: Equinox Container: c9776441-b549-4757-8fa3-6c28db089c85" daemon [_thread_blocked, id=16328, stack(0x000000ca69000000,0x000000ca69100000)]
  0x0000028d7c5b33f0 JavaThread "Refresh Thread: Equinox Container: c9776441-b549-4757-8fa3-6c28db089c85" daemon [_thread_blocked, id=11348, stack(0x000000ca69400000,0x000000ca69500000)]
  0x0000028d7c5b55a0 JavaThread "SCR Component Actor" daemon [_thread_blocked, id=7620, stack(0x000000ca69600000,0x000000ca69700000)]
  0x0000028d7c5b4c00 JavaThread "Worker-JM" [_thread_blocked, id=10084, stack(0x000000ca69700000,0x000000ca69800000)]
  0x0000028d7c5b5a70 JavaThread "Worker-0" [_thread_blocked, id=6036, stack(0x000000ca69800000,0x000000ca69900000)]
  0x0000028d7c5b5f40 JavaThread "Worker-1" [_thread_blocked, id=11284, stack(0x000000ca69900000,0x000000ca69a00000)]
  0x0000028d7c5b4260 JavaThread "Worker-2: Initialize Workspace" [_thread_in_vm, id=7760, stack(0x000000ca69a00000,0x000000ca69b00000)]
  0x0000028d7c5b2580 JavaThread "pool-1-thread-1" [_thread_blocked, id=17872, stack(0x000000ca69500000,0x000000ca69600000)]

Other Threads:
  0x0000028d7a816a70 VMThread "VM Thread" [stack: 0x000000ca67d00000,0x000000ca67e00000] [id=4988]
  0x0000028d7c35a090 WatcherThread [stack: 0x000000ca68900000,0x000000ca68a00000] [id=22600]
  0x0000028d75a370d0 GCTaskThread "GC Thread#0" [stack: 0x000000ca67c00000,0x000000ca67d00000] [id=3872]
  0x0000028d7c5bea90 GCTaskThread "GC Thread#1" [stack: 0x000000ca69100000,0x000000ca69200000] [id=5548]
  0x0000028d7c6edaa0 GCTaskThread "GC Thread#2" [stack: 0x000000ca69200000,0x000000ca69300000] [id=4984]
  0x0000028d7c6edd50 GCTaskThread "GC Thread#3" [stack: 0x000000ca69300000,0x000000ca69400000] [id=18832]

Threads with active compile tasks:
C1 CompilerThread0    18214 3268       3       jdk.internal.jrtfs.JrtPath::relativize (6 bytes)

VM state: not at safepoint (normal execution)

VM Mutex/Monitor currently owned by a thread:  ([mutex/lock_event])
[0x0000028d75a191f0] Metaspace_lock - owner thread: 0x0000028d7c1e8030
[0x0000028d75a1b0a0] MethodData_lock - owner thread: 0x0000028d7c1e8030

Heap address: 0x00000000c0000000, size: 1024 MB, Compressed Oops mode: 32-bit

CDS archive(s) not mapped
Compressed class space mapped at: 0x0000000100000000-0x0000000140000000, reserved size: 1073741824
Narrow klass base: 0x0000000000000000, Narrow klass shift: 3, Narrow klass range: 0x140000000

GC Precious Log:
 CPUs: 4 total, 4 available
 Memory: 8052M
 Large Page Support: Disabled
 NUMA Support: Disabled
 Compressed Oops: Enabled (32-bit)
 Alignments: Space 512K, Generation 512K, Heap 2M
 Heap Min Capacity: 100M
 Heap Initial Capacity: 100M
 Heap Max Capacity: 1G
 Pre-touch: Disabled
 Parallel Workers: 4

Heap:
 PSYoungGen      total 29696K, used 18432K [0x00000000eab00000, 0x00000000ecc00000, 0x0000000100000000)
  eden space 25600K, 67% used [0x00000000eab00000,0x00000000ebbd5338,0x00000000ec400000)
  from space 4096K, 29% used [0x00000000ec800000,0x00000000ec92af48,0x00000000ecc00000)
  to   space 4096K, 0% used [0x00000000ec400000,0x00000000ec400000,0x00000000ec800000)
 ParOldGen       total 68608K, used 7812K [0x00000000c0000000, 0x00000000c4300000, 0x00000000eab00000)
  object space 68608K, 11% used [0x00000000c0000000,0x00000000c07a12a0,0x00000000c4300000)
 Metaspace       used 33485K, committed 34048K, reserved 1081344K
  class space    used 3372K, committed 3648K, reserved 1048576K

Card table byte_map: [0x0000028d75400000,0x0000028d75610000] _byte_map_base: 0x0000028d74e00000

Marking Bits: (ParMarkBitMap*) 0x00007ff8da513af0
 Begin Bits: [0x0000028d786a0000, 0x0000028d796a0000)
 End Bits:   [0x0000028d796a0000, 0x0000028d7a6a0000)

Polling page: 0x0000028d751f0000

Metaspace:

Usage:
  Non-class:     29.41 MB used.
      Class:      3.29 MB used.
       Both:     32.70 MB used.

Virtual space:
  Non-class space:       32.00 MB reserved,      29.69 MB ( 93%) committed,  4 nodes.
      Class space:        1.00 GB reserved,       3.56 MB ( <1%) committed,  1 nodes.
             Both:        1.03 GB reserved,      33.25 MB (  3%) committed. 

Chunk freelists:
   Non-Class:  1.92 MB
       Class:  496.00 KB
        Both:  2.41 MB

MaxMetaspaceSize: unlimited
CompressedClassSpaceSize: 1.00 GB
Initial GC threshold: 21.00 MB
Current GC threshold: 35.00 MB
CDS: off
MetaspaceReclaimPolicy: balanced
 - commit_granule_bytes: 65536.
 - commit_granule_words: 8192.
 - virtual_space_node_default_size: 1048576.
 - enlarge_chunks_in_place: 1.
 - new_chunks_are_fully_committed: 0.
 - uncommit_free_chunks: 1.
 - use_allocation_guard: 0.
 - handle_deallocations: 1.


Internal statistics:

num_allocs_failed_limit: 5.
num_arena_births: 208.
num_arena_deaths: 0.
num_vsnodes_births: 5.
num_vsnodes_deaths: 0.
num_space_committed: 532.
num_space_uncommitted: 0.
num_chunks_returned_to_freelist: 5.
num_chunks_taken_from_freelist: 1153.
num_chunk_merges: 5.
num_chunk_splits: 788.
num_chunks_enlarged: 570.
num_purges: 0.
num_inconsistent_stats: 0.

CodeHeap 'non-profiled nmethods': size=120000Kb used=1087Kb max_used=1087Kb free=118912Kb
 bounds [0x0000028d07ad0000, 0x0000028d07d40000, 0x0000028d0f000000]
CodeHeap 'profiled nmethods': size=120000Kb used=6847Kb max_used=6847Kb free=113152Kb
 bounds [0x0000028d005a0000, 0x0000028d00c50000, 0x0000028d07ad0000]
CodeHeap 'non-nmethods': size=5760Kb used=1245Kb max_used=1262Kb free=4514Kb
 bounds [0x0000028d00000000, 0x0000028d00270000, 0x0000028d005a0000]
 total_blobs=3832 nmethods=3271 adapters=475
 compilation: enabled
              stopped_count=0, restarted_count=0
 full_count=0

Compilation events (20 events):
Event: 18.090 Thread 0x0000028d7c1e8030 3257       3       jdk.internal.jrtfs.JrtFileSystem::getFileAttributes (42 bytes)
Event: 18.090 Thread 0x0000028d7c1e8030 nmethod 3257 0x0000028d00c4e790 code [0x0000028d00c4e9a0, 0x0000028d00c4ef98]
Event: 18.090 Thread 0x0000028d7c1e8030 3258       3       jdk.internal.jrtfs.JrtFileAttributes::<init> (10 bytes)
Event: 18.090 Thread 0x0000028d7c1e8030 nmethod 3258 0x0000028d00c4f190 code [0x0000028d00c4f320, 0x0000028d00c4f498]
Event: 18.090 Thread 0x0000028d7c1e8030 3262       3       jdk.internal.jimage.ImageReader$Node::resolveLink (2 bytes)
Event: 18.090 Thread 0x0000028d7c1e8030 nmethod 3262 0x0000028d00c4f590 code [0x0000028d00c4f720, 0x0000028d00c4f838]
Event: 18.090 Thread 0x0000028d7c1e8030 3261       3       java.util.Collections$UnmodifiableCollection::stream (10 bytes)
Event: 18.091 Thread 0x0000028d7c1e8030 nmethod 3261 0x0000028d00c4f910 code [0x0000028d00c4fac0, 0x0000028d00c4fc88]
Event: 18.091 Thread 0x0000028d7c1e8030 3263   !   3       java.nio.file.FileTreeWalker::getAttributes (94 bytes)
Event: 18.093 Thread 0x0000028d7c1e8030 nmethod 3263 0x0000028d07bd9d10 code [0x0000028d07bd9fc0, 0x0000028d07bdb128]
Event: 18.093 Thread 0x0000028d7c1e8030 3264       3       java.nio.file.FileTreeWalker$Event::<init> (9 bytes)
Event: 18.093 Thread 0x0000028d7c1e8030 nmethod 3264 0x0000028d07bdb610 code [0x0000028d07bdb7c0, 0x0000028d07bdb9d8]
Event: 18.093 Thread 0x0000028d7c1e8030 3265       3       java.nio.file.FileTreeWalker$Event::<init> (9 bytes)
Event: 18.094 Thread 0x0000028d7a83e5e0 nmethod 3260 0x0000028d07bdbb10 code [0x0000028d07bdbca0, 0x0000028d07bdbea8]
Event: 18.094 Thread 0x0000028d7c1e8030 nmethod 3265 0x0000028d07bdc110 code [0x0000028d07bdc2c0, 0x0000028d07bdc4d8]
Event: 18.095 Thread 0x0000028d7c1e8030 3266       3       org.eclipse.jdt.internal.compiler.util.JrtFileSystem$1::visitFile (10 bytes)
Event: 18.095 Thread 0x0000028d7c1e8030 nmethod 3266 0x0000028d07bdc610 code [0x0000028d07bdc7c0, 0x0000028d07bdca08]
Event: 18.095 Thread 0x0000028d7c1e8030 3267       3       org.eclipse.jdt.internal.compiler.util.JrtFileSystem$1::visitFile (44 bytes)
Event: 18.096 Thread 0x0000028d7c1e8030 nmethod 3267 0x0000028d07bdcb10 code [0x0000028d07bdcd00, 0x0000028d07bdd2b8]
Event: 18.096 Thread 0x0000028d7c1e8030 3268       3       jdk.internal.jrtfs.JrtPath::relativize (6 bytes)

GC Heap History (10 events):
Event: 6.794 GC heap before
{Heap before GC invocations=1 (full 0):
 PSYoungGen      total 29696K, used 25600K [0x00000000eab00000, 0x00000000ecc00000, 0x0000000100000000)
  eden space 25600K, 100% used [0x00000000eab00000,0x00000000ec400000,0x00000000ec400000)
  from space 4096K, 0% used [0x00000000ec800000,0x00000000ec800000,0x00000000ecc00000)
  to   space 4096K, 0% used [0x00000000ec400000,0x00000000ec400000,0x00000000ec800000)
 ParOldGen       total 68608K, used 0K [0x00000000c0000000, 0x00000000c4300000, 0x00000000eab00000)
  object space 68608K, 0% used [0x00000000c0000000,0x00000000c0000000,0x00000000c4300000)
 Metaspace       used 12983K, committed 13184K, reserved 1064960K
  class space    used 1324K, committed 1408K, reserved 1048576K
}
Event: 7.093 GC heap after
{Heap after GC invocations=1 (full 0):
 PSYoungGen      total 29696K, used 3356K [0x00000000eab00000, 0x00000000ecc00000, 0x0000000100000000)
  eden space 25600K, 0% used [0x00000000eab00000,0x00000000eab00000,0x00000000ec400000)
  from space 4096K, 81% used [0x00000000ec400000,0x00000000ec747360,0x00000000ec800000)
  to   space 4096K, 0% used [0x00000000ec800000,0x00000000ec800000,0x00000000ecc00000)
 ParOldGen       total 68608K, used 0K [0x00000000c0000000, 0x00000000c4300000, 0x00000000eab00000)
  object space 68608K, 0% used [0x00000000c0000000,0x00000000c0000000,0x00000000c4300000)
 Metaspace       used 12983K, committed 13184K, reserved 1064960K
  class space    used 1324K, committed 1408K, reserved 1048576K
}
Event: 9.656 GC heap before
{Heap before GC invocations=2 (full 0):
 PSYoungGen      total 29696K, used 28956K [0x00000000eab00000, 0x00000000ecc00000, 0x0000000100000000)
  eden space 25600K, 100% used [0x00000000eab00000,0x00000000ec400000,0x00000000ec400000)
  from space 4096K, 81% used [0x00000000ec400000,0x00000000ec747360,0x00000000ec800000)
  to   space 4096K, 0% used [0x00000000ec800000,0x00000000ec800000,0x00000000ecc00000)
 ParOldGen       total 68608K, used 0K [0x00000000c0000000, 0x00000000c4300000, 0x00000000eab00000)
  object space 68608K, 0% used [0x00000000c0000000,0x00000000c0000000,0x00000000c4300000)
 Metaspace       used 16731K, committed 16960K, reserved 1064960K
  class space    used 1723K, committed 1856K, reserved 1048576K
}
Event: 9.670 GC heap after
{Heap after GC invocations=2 (full 0):
 PSYoungGen      total 29696K, used 4080K [0x00000000eab00000, 0x00000000ecc00000, 0x0000000100000000)
  eden space 25600K, 0% used [0x00000000eab00000,0x00000000eab00000,0x00000000ec400000)
  from space 4096K, 99% used [0x00000000ec800000,0x00000000ecbfc198,0x00000000ecc00000)
  to   space 4096K, 0% used [0x00000000ec400000,0x00000000ec400000,0x00000000ec800000)
 ParOldGen       total 68608K, used 2182K [0x00000000c0000000, 0x00000000c4300000, 0x00000000eab00000)
  object space 68608K, 3% used [0x00000000c0000000,0x00000000c0221970,0x00000000c4300000)
 Metaspace       used 16731K, committed 16960K, reserved 1064960K
  class space    used 1723K, committed 1856K, reserved 1048576K
}
Event: 11.624 GC heap before
{Heap before GC invocations=3 (full 0):
 PSYoungGen      total 29696K, used 16320K [0x00000000eab00000, 0x00000000ecc00000, 0x0000000100000000)
  eden space 25600K, 47% used [0x00000000eab00000,0x00000000eb6f4220,0x00000000ec400000)
  from space 4096K, 99% used [0x00000000ec800000,0x00000000ecbfc198,0x00000000ecc00000)
  to   space 4096K, 0% used [0x00000000ec400000,0x00000000ec400000,0x00000000ec800000)
 ParOldGen       total 68608K, used 2182K [0x00000000c0000000, 0x00000000c4300000, 0x00000000eab00000)
  object space 68608K, 3% used [0x00000000c0000000,0x00000000c0221970,0x00000000c4300000)
 Metaspace       used 21126K, committed 21504K, reserved 1073152K
  class space    used 2145K, committed 2368K, reserved 1048576K
}
Event: 11.631 GC heap after
{Heap after GC invocations=3 (full 0):
 PSYoungGen      total 29696K, used 4078K [0x00000000eab00000, 0x00000000ecc00000, 0x0000000100000000)
  eden space 25600K, 0% used [0x00000000eab00000,0x00000000eab00000,0x00000000ec400000)
  from space 4096K, 99% used [0x00000000ec400000,0x00000000ec7fbaa0,0x00000000ec800000)
  to   space 4096K, 0% used [0x00000000ec800000,0x00000000ec800000,0x00000000ecc00000)
 ParOldGen       total 68608K, used 3868K [0x00000000c0000000, 0x00000000c4300000, 0x00000000eab00000)
  object space 68608K, 5% used [0x00000000c0000000,0x00000000c03c7350,0x00000000c4300000)
 Metaspace       used 21126K, committed 21504K, reserved 1073152K
  class space    used 2145K, committed 2368K, reserved 1048576K
}
Event: 11.631 GC heap before
{Heap before GC invocations=4 (full 1):
 PSYoungGen      total 29696K, used 4078K [0x00000000eab00000, 0x00000000ecc00000, 0x0000000100000000)
  eden space 25600K, 0% used [0x00000000eab00000,0x00000000eab00000,0x00000000ec400000)
  from space 4096K, 99% used [0x00000000ec400000,0x00000000ec7fbaa0,0x00000000ec800000)
  to   space 4096K, 0% used [0x00000000ec800000,0x00000000ec800000,0x00000000ecc00000)
 ParOldGen       total 68608K, used 3868K [0x00000000c0000000, 0x00000000c4300000, 0x00000000eab00000)
  object space 68608K, 5% used [0x00000000c0000000,0x00000000c03c7350,0x00000000c4300000)
 Metaspace       used 21126K, committed 21504K, reserved 1073152K
  class space    used 2145K, committed 2368K, reserved 1048576K
}
Event: 11.673 GC heap after
{Heap after GC invocations=4 (full 1):
 PSYoungGen      total 29696K, used 0K [0x00000000eab00000, 0x00000000ecc00000, 0x0000000100000000)
  eden space 25600K, 0% used [0x00000000eab00000,0x00000000eab00000,0x00000000ec400000)
  from space 4096K, 0% used [0x00000000ec400000,0x00000000ec400000,0x00000000ec800000)
  to   space 4096K, 0% used [0x00000000ec800000,0x00000000ec800000,0x00000000ecc00000)
 ParOldGen       total 68608K, used 7804K [0x00000000c0000000, 0x00000000c4300000, 0x00000000eab00000)
  object space 68608K, 11% used [0x00000000c0000000,0x00000000c079f2a0,0x00000000c4300000)
 Metaspace       used 21126K, committed 21504K, reserved 1073152K
  class space    used 2145K, committed 2368K, reserved 1048576K
}
Event: 17.195 GC heap before
{Heap before GC invocations=5 (full 1):
 PSYoungGen      total 29696K, used 25600K [0x00000000eab00000, 0x00000000ecc00000, 0x0000000100000000)
  eden space 25600K, 100% used [0x00000000eab00000,0x00000000ec400000,0x00000000ec400000)
  from space 4096K, 0% used [0x00000000ec400000,0x00000000ec400000,0x00000000ec800000)
  to   space 4096K, 0% used [0x00000000ec800000,0x00000000ec800000,0x00000000ecc00000)
 ParOldGen       total 68608K, used 7804K [0x00000000c0000000, 0x00000000c4300000, 0x00000000eab00000)
  object space 68608K, 11% used [0x00000000c0000000,0x00000000c079f2a0,0x00000000c4300000)
 Metaspace       used 29041K, committed 29568K, reserved 1081344K
  class space    used 2849K, committed 3072K, reserved 1048576K
}
Event: 17.197 GC heap after
{Heap after GC invocations=5 (full 1):
 PSYoungGen      total 29696K, used 1195K [0x00000000eab00000, 0x00000000ecc00000, 0x0000000100000000)
  eden space 25600K, 0% used [0x00000000eab00000,0x00000000eab00000,0x00000000ec400000)
  from space 4096K, 29% used [0x00000000ec800000,0x00000000ec92af48,0x00000000ecc00000)
  to   space 4096K, 0% used [0x00000000ec400000,0x00000000ec400000,0x00000000ec800000)
 ParOldGen       total 68608K, used 7812K [0x00000000c0000000, 0x00000000c4300000, 0x00000000eab00000)
  object space 68608K, 11% used [0x00000000c0000000,0x00000000c07a12a0,0x00000000c4300000)
 Metaspace       used 29041K, committed 29568K, reserved 1081344K
  class space    used 2849K, committed 3072K, reserved 1048576K
}

Deoptimization events (20 events):
Event: 17.489 Thread 0x0000028d75a1fdc0 DEOPT PACKING pc=0x0000028d07b8f9b4 sp=0x000000ca67bfd8a0
Event: 17.489 Thread 0x0000028d75a1fdc0 DEOPT UNPACKING pc=0x0000028d000520a3 sp=0x000000ca67bfd800 mode 2
Event: 17.704 Thread 0x0000028d7c5b4260 DEOPT PACKING pc=0x0000028d00b1fd9e sp=0x000000ca69afb6d0
Event: 17.704 Thread 0x0000028d7c5b4260 DEOPT UNPACKING pc=0x0000028d00052843 sp=0x000000ca69afabc8 mode 0
Event: 17.731 Thread 0x0000028d7c5b4260 Uncommon trap: trap_request=0xffffff45 fr.pc=0x0000028d07ba6d64 relative=0x0000000000001104
Event: 17.731 Thread 0x0000028d7c5b4260 Uncommon trap: reason=unstable_if action=reinterpret pc=0x0000028d07ba6d64 method=java.util.Properties.loadConvert([CIILjava/lang/StringBuilder;)Ljava/lang/String; @ 477 c2
Event: 17.731 Thread 0x0000028d7c5b4260 DEOPT PACKING pc=0x0000028d07ba6d64 sp=0x000000ca69afd0f0
Event: 17.731 Thread 0x0000028d7c5b4260 DEOPT UNPACKING pc=0x0000028d000520a3 sp=0x000000ca69afd0e0 mode 2
Event: 17.762 Thread 0x0000028d7c5b4260 DEOPT PACKING pc=0x0000028d00bd5d4e sp=0x000000ca69afd840
Event: 17.762 Thread 0x0000028d7c5b4260 DEOPT UNPACKING pc=0x0000028d00052843 sp=0x000000ca69afcd08 mode 0
Event: 17.763 Thread 0x0000028d7c5b4260 DEOPT PACKING pc=0x0000028d00b1fd9e sp=0x000000ca69afd810
Event: 17.763 Thread 0x0000028d7c5b4260 DEOPT UNPACKING pc=0x0000028d00052843 sp=0x000000ca69afcd00 mode 0
Event: 17.763 Thread 0x0000028d7c5b4260 DEOPT PACKING pc=0x0000028d00bd5d4e sp=0x000000ca69afd840
Event: 17.763 Thread 0x0000028d7c5b4260 DEOPT UNPACKING pc=0x0000028d00052843 sp=0x000000ca69afcd08 mode 0
Event: 17.764 Thread 0x0000028d7c5b4260 DEOPT PACKING pc=0x0000028d00b1fd9e sp=0x000000ca69afd810
Event: 17.764 Thread 0x0000028d7c5b4260 DEOPT UNPACKING pc=0x0000028d00052843 sp=0x000000ca69afcd00 mode 0
Event: 17.841 Thread 0x0000028d7c5b4260 Uncommon trap: trap_request=0xffffffde fr.pc=0x0000028d07b968c0 relative=0x00000000000004e0
Event: 17.841 Thread 0x0000028d7c5b4260 Uncommon trap: reason=class_check action=maybe_recompile pc=0x0000028d07b968c0 method=java.util.HashMap.removeNode(ILjava/lang/Object;Ljava/lang/Object;ZZ)Ljava/util/HashMap$Node; @ 68 c2
Event: 17.841 Thread 0x0000028d7c5b4260 DEOPT PACKING pc=0x0000028d07b968c0 sp=0x000000ca69afe360
Event: 17.841 Thread 0x0000028d7c5b4260 DEOPT UNPACKING pc=0x0000028d000520a3 sp=0x000000ca69afe268 mode 2

Classes unloaded (0 events):
No events

Classes redefined (0 events):
No events

Internal exceptions (20 events):
Event: 10.682 Thread 0x0000028d7ca091e0 Exception <a 'java/io/FileNotFoundException'{0x00000000eb26d0d0}> (0x00000000eb26d0d0) 
thrown [e:\jenkins\tmp\workspace\build\src\src\hotspot\share\prims\jni.cpp, line 516]
Event: 11.364 Thread 0x0000028d7ca091e0 Exception <a 'java/lang/NoSuchMethodError'{0x00000000eb58f398}: 'int java.lang.invoke.DirectMethodHandle$Holder.invokeStaticInit(java.lang.Object, java.lang.Object, java.lang.Object)'> (0x00000000eb58f398) 
thrown [e:\jenkins\tmp\workspace\build\src\src\hotspot\share\interpreter\linkResolver.cpp, line 766]
Event: 11.379 Thread 0x0000028d7ca091e0 Exception <a 'java/lang/IncompatibleClassChangeError'{0x00000000eb5ce870}: Found class java.lang.Object, but interface was expected> (0x00000000eb5ce870) 
thrown [e:\jenkins\tmp\workspace\build\src\src\hotspot\share\interpreter\linkResolver.cpp, line 833]
Event: 11.996 Thread 0x0000028d7ca091e0 Exception <a 'java/io/FileNotFoundException'{0x00000000ead66f30}> (0x00000000ead66f30) 
thrown [e:\jenkins\tmp\workspace\build\src\src\hotspot\share\prims\jni.cpp, line 516]
Event: 11.998 Thread 0x0000028d7ca091e0 Exception <a 'java/io/FileNotFoundException'{0x00000000ead68050}> (0x00000000ead68050) 
thrown [e:\jenkins\tmp\workspace\build\src\src\hotspot\share\prims\jni.cpp, line 516]
Event: 12.000 Thread 0x0000028d7ca091e0 Exception <a 'java/io/FileNotFoundException'{0x00000000ead69180}> (0x00000000ead69180) 
thrown [e:\jenkins\tmp\workspace\build\src\src\hotspot\share\prims\jni.cpp, line 516]
Event: 12.601 Thread 0x0000028d7ca091e0 Exception <a 'java/lang/ClassNotFoundException'{0x00000000ebe433e8}: com/sun/org/apache/xerces/internal/impl/msg/spi/DOMMessagesProvider> (0x00000000ebe433e8) 
thrown [e:\jenkins\tmp\workspace\build\src\src\hotspot\share\classfile\systemDictionary.cpp, line 256]
Event: 12.605 Thread 0x0000028d7ca091e0 Exception <a 'java/lang/ClassNotFoundException'{0x00000000ebe5c5c0}: com/sun/org/apache/xerces/internal/impl/msg/spi/XMLSerializerMessagesProvider> (0x00000000ebe5c5c0) 
thrown [e:\jenkins\tmp\workspace\build\src\src\hotspot\share\classfile\systemDictionary.cpp, line 256]
Event: 12.606 Thread 0x0000028d7ca091e0 Exception <a 'java/lang/ClassNotFoundException'{0x00000000ebe69898}: com/sun/org/apache/xerces/internal/impl/msg/spi/XMLMessagesProvider> (0x00000000ebe69898) 
thrown [e:\jenkins\tmp\workspace\build\src\src\hotspot\share\classfile\systemDictionary.cpp, line 256]
Event: 16.408 Thread 0x0000028d7ca091e0 Exception <a 'java/lang/ClassNotFoundException'{0x00000000ec0bb3b0}: com/sun/org/apache/xml/internal/serializer/spi/XMLEntitiesProvider> (0x00000000ec0bb3b0) 
thrown [e:\jenkins\tmp\workspace\build\src\src\hotspot\share\classfile\systemDictionary.cpp, line 256]
Event: 16.658 Thread 0x0000028d7ca091e0 Exception <a 'java/io/FileNotFoundException'{0x00000000ec2ae0c8}> (0x00000000ec2ae0c8) 
thrown [e:\jenkins\tmp\workspace\build\src\src\hotspot\share\prims\jni.cpp, line 516]
Event: 16.969 Thread 0x0000028d7ca091e0 Exception <a 'java/lang/UnsatisfiedLinkError'{0x00000000ec3ef9d8}: The specified procedure could not be found.
> (0x00000000ec3ef9d8) 
thrown [e:\jenkins\tmp\workspace\build\src\src\hotspot\share\prims\jni.cpp, line 535]
Event: 17.194 Thread 0x0000028d7ca091e0 Exception <a 'java/io/FileNotFoundException'{0x00000000ec3fbab0}> (0x00000000ec3fbab0) 
thrown [e:\jenkins\tmp\workspace\build\src\src\hotspot\share\prims\jni.cpp, line 516]
Event: 17.208 Thread 0x0000028d7ca091e0 Exception <a 'java/io/FileNotFoundException'{0x00000000eab26ed0}> (0x00000000eab26ed0) 
thrown [e:\jenkins\tmp\workspace\build\src\src\hotspot\share\prims\jni.cpp, line 516]
Event: 17.228 Thread 0x0000028d7ca091e0 Exception <a 'java/lang/UnsatisfiedLinkError'{0x00000000eac462a0}: The specified procedure could not be found.
> (0x00000000eac462a0) 
thrown [e:\jenkins\tmp\workspace\build\src\src\hotspot\share\prims\jni.cpp, line 535]
Event: 17.306 Thread 0x0000028d75a1fdc0 Exception <a 'java/lang/NoSuchMethodError'{0x00000000ead84ba0}: 'void java.lang.invoke.DirectMethodHandle$Holder.invokeStatic(java.lang.Object, java.lang.Object, java.lang.Object, java.lang.Object)'> (0x00000000ead84ba0) 
thrown [e:\jenkins\tmp\workspace\build\src\src\hotspot\share\interpreter\linkResolver.cpp, line 766]
Event: 17.472 Thread 0x0000028d75a1fdc0 Exception <a 'java/lang/NoSuchMethodError'{0x00000000eb0907f8}: 'java.lang.Object java.lang.invoke.DirectMethodHandle$Holder.newInvokeSpecial(java.lang.Object, java.lang.Object, java.lang.Object, java.lang.Object, java.lang.Object)'> (0x00000000eb0907f8) 
thrown [e:\jenkins\tmp\workspace\build\src\src\hotspot\share\interpreter\linkResolver.cpp, line 766]
Event: 17.650 Thread 0x0000028d7c5b2580 Exception <a 'java/io/FileNotFoundException'{0x00000000eb2bb6a0}> (0x00000000eb2bb6a0) 
thrown [e:\jenkins\tmp\workspace\build\src\src\hotspot\share\prims\jni.cpp, line 516]
Event: 17.753 Thread 0x0000028d7c5b2580 Exception <a 'java/lang/NoSuchMethodError'{0x00000000eb50dc80}: 'int java.lang.invoke.DirectMethodHandle$Holder.invokeVirtual(java.lang.Object, java.lang.Object)'> (0x00000000eb50dc80) 
thrown [e:\jenkins\tmp\workspace\build\src\src\hotspot\share\interpreter\linkResolver.cpp, line 766]
Event: 17.909 Thread 0x0000028d7c5b4260 Exception <a 'java/lang/NoSuchMethodError'{0x00000000eb6ffac0}: 'java.lang.Object java.lang.invoke.Invokers$Holder.invoke_MT(java.lang.Object, java.lang.Object, java.lang.Object)'> (0x00000000eb6ffac0) 
thrown [e:\jenkins\tmp\workspace\build\src\src\hotspot\share\interpreter\linkResolver.cpp, line 766]

VM Operations (20 events):
Event: 15.474 Executing VM operation: HandshakeAllThreads
Event: 15.474 Executing VM operation: HandshakeAllThreads done
Event: 16.405 Executing VM operation: HandshakeAllThreads
Event: 16.405 Executing VM operation: HandshakeAllThreads done
Event: 16.543 Executing VM operation: HandshakeAllThreads
Event: 16.543 Executing VM operation: HandshakeAllThreads done
Event: 16.543 Executing VM operation: Cleanup
Event: 16.543 Executing VM operation: Cleanup done
Event: 16.927 Executing VM operation: HandshakeAllThreads
Event: 16.927 Executing VM operation: HandshakeAllThreads done
Event: 16.932 Executing VM operation: HandshakeAllThreads
Event: 16.932 Executing VM operation: HandshakeAllThreads done
Event: 17.195 Executing VM operation: ParallelGCFailedAllocation
Event: 17.197 Executing VM operation: ParallelGCFailedAllocation done
Event: 17.637 Executing VM operation: HandshakeAllThreads
Event: 17.637 Executing VM operation: HandshakeAllThreads done
Event: 17.878 Executing VM operation: HandshakeAllThreads
Event: 17.878 Executing VM operation: HandshakeAllThreads done
Event: 17.923 Executing VM operation: HandshakeAllThreads
Event: 17.923 Executing VM operation: HandshakeAllThreads done

Events (20 events):
Event: 17.919 loading class java/nio/file/FileVisitOption
Event: 17.919 loading class java/nio/file/FileVisitOption done
Event: 17.919 loading class java/nio/file/FileTreeWalker
Event: 17.919 loading class java/nio/file/FileTreeWalker done
Event: 17.919 loading class java/util/RegularEnumSet$EnumSetIterator
Event: 17.919 loading class java/util/RegularEnumSet$EnumSetIterator done
Event: 17.922 loading class java/nio/ByteBufferAsIntBufferL
Event: 17.923 loading class java/nio/ByteBufferAsIntBufferL done
Event: 17.923 loading class jdk/internal/jimage/ImageReader$Directory
Event: 17.924 loading class jdk/internal/jimage/ImageReader$Directory done
Event: 18.028 loading class java/nio/file/FileTreeWalker$DirectoryNode
Event: 18.028 loading class java/nio/file/FileTreeWalker$DirectoryNode done
Event: 18.028 loading class java/nio/file/FileTreeWalker$Event
Event: 18.028 loading class java/nio/file/FileTreeWalker$Event done
Event: 18.028 loading class java/nio/file/FileTreeWalker$EventType
Event: 18.029 loading class java/nio/file/FileTreeWalker$EventType done
Event: 18.029 loading class java/nio/file/Files$3
Event: 18.029 loading class java/nio/file/Files$3 done
Event: 18.029 loading class java/nio/file/FileVisitResult
Event: 18.029 loading class java/nio/file/FileVisitResult done


Dynamic libraries:
0x00007ff74e490000 - 0x00007ff74e49e000 	c:\Users\AP\.vscode\extensions\redhat.java-1.5.0-win32-x64\jre\17.0.2-win32-x86_64\bin\java.exe
0x00007ff95a2b0000 - 0x00007ff95a4a6000 	C:\WINDOWS\SYSTEM32\ntdll.dll
0x00007ff959d30000 - 0x00007ff959ded000 	C:\WINDOWS\System32\KERNEL32.DLL
0x00007ff957f00000 - 0x00007ff9581c9000 	C:\WINDOWS\System32\KERNELBASE.dll
0x00007ff957b50000 - 0x00007ff957c50000 	C:\WINDOWS\System32\ucrtbase.dll
0x00007ff931bb0000 - 0x00007ff931bc8000 	c:\Users\AP\.vscode\extensions\redhat.java-1.5.0-win32-x64\jre\17.0.2-win32-x86_64\bin\jli.dll
0x00007ff959b90000 - 0x00007ff959d30000 	C:\WINDOWS\System32\USER32.dll
0x00007ff9581d0000 - 0x00007ff9581f2000 	C:\WINDOWS\System32\win32u.dll
0x00007ff958f60000 - 0x00007ff958f8a000 	C:\WINDOWS\System32\GDI32.dll
0x00007ff958200000 - 0x00007ff958309000 	C:\WINDOWS\System32\gdi32full.dll
0x00007ff957ca0000 - 0x00007ff957d3d000 	C:\WINDOWS\System32\msvcp_win.dll
0x00007ff949780000 - 0x00007ff949799000 	c:\Users\AP\.vscode\extensions\redhat.java-1.5.0-win32-x64\jre\17.0.2-win32-x86_64\bin\VCRUNTIME140.dll
0x00007ff948c80000 - 0x00007ff948f1b000 	C:\WINDOWS\WinSxS\amd64_microsoft.windows.common-controls_6595b64144ccf1df_6.0.19041.488_none_ca04af081b815d21\COMCTL32.dll
0x00007ff959520000 - 0x00007ff9595be000 	C:\WINDOWS\System32\msvcrt.dll
0x00007ff9592e0000 - 0x00007ff959310000 	C:\WINDOWS\System32\IMM32.DLL
0x00007ff9593f0000 - 0x00007ff95951b000 	C:\WINDOWS\System32\RPCRT4.dll
0x00007ff9578a0000 - 0x00007ff9578dc000 	C:\WINDOWS\SYSTEM32\SspiCli.dll
0x00007ff955010000 - 0x00007ff95501c000 	c:\Users\AP\.vscode\extensions\redhat.java-1.5.0-win32-x64\jre\17.0.2-win32-x86_64\bin\vcruntime140_1.dll
0x00007ff9079b0000 - 0x00007ff907a41000 	c:\Users\AP\.vscode\extensions\redhat.java-1.5.0-win32-x64\jre\17.0.2-win32-x86_64\bin\msvcp140.dll
0x00007ff8d9990000 - 0x00007ff8da5d7000 	c:\Users\AP\.vscode\extensions\redhat.java-1.5.0-win32-x64\jre\17.0.2-win32-x86_64\bin\server\jvm.dll
0x00007ff95a160000 - 0x00007ff95a20c000 	C:\WINDOWS\System32\ADVAPI32.dll
0x00007ff95a0c0000 - 0x00007ff95a15c000 	C:\WINDOWS\System32\sechost.dll
0x00007ff959070000 - 0x00007ff959078000 	C:\WINDOWS\System32\PSAPI.DLL
0x00007ff9401a0000 - 0x00007ff9401a9000 	C:\WINDOWS\SYSTEM32\WSOCK32.dll
0x00007ff9597c0000 - 0x00007ff95982b000 	C:\WINDOWS\System32\WS2_32.dll
0x00007ff945dd0000 - 0x00007ff945df7000 	C:\WINDOWS\SYSTEM32\WINMM.dll
0x00007ff945690000 - 0x00007ff94569a000 	C:\WINDOWS\SYSTEM32\VERSION.dll
0x00007ff956320000 - 0x00007ff956332000 	C:\WINDOWS\SYSTEM32\kernel.appcore.dll
0x00007ff9502e0000 - 0x00007ff9502ea000 	c:\Users\AP\.vscode\extensions\redhat.java-1.5.0-win32-x64\jre\17.0.2-win32-x86_64\bin\jimage.dll
0x00007ff9557b0000 - 0x00007ff955994000 	C:\WINDOWS\SYSTEM32\DBGHELP.DLL
0x00007ff93ffd0000 - 0x00007ff93fffc000 	C:\WINDOWS\SYSTEM32\dbgcore.DLL
0x00007ff957e80000 - 0x00007ff957f00000 	C:\WINDOWS\System32\bcryptPrimitives.dll
0x00007ff910070000 - 0x00007ff910095000 	c:\Users\AP\.vscode\extensions\redhat.java-1.5.0-win32-x64\jre\17.0.2-win32-x86_64\bin\java.dll
0x00007ff928560000 - 0x00007ff928578000 	c:\Users\AP\.vscode\extensions\redhat.java-1.5.0-win32-x64\jre\17.0.2-win32-x86_64\bin\zip.dll
0x00007ff958780000 - 0x00007ff958ec2000 	C:\WINDOWS\System32\SHELL32.dll
0x00007ff955a20000 - 0x00007ff9561b5000 	C:\WINDOWS\SYSTEM32\windows.storage.dll
0x00007ff959830000 - 0x00007ff959b86000 	C:\WINDOWS\System32\combase.dll
0x00007ff957460000 - 0x00007ff95748c000 	C:\WINDOWS\SYSTEM32\Wldp.dll
0x00007ff959080000 - 0x00007ff95912e000 	C:\WINDOWS\System32\SHCORE.dll
0x00007ff95a210000 - 0x00007ff95a265000 	C:\WINDOWS\System32\shlwapi.dll
0x00007ff957920000 - 0x00007ff957946000 	C:\WINDOWS\SYSTEM32\profapi.dll
0x00007ff9281d0000 - 0x00007ff9281e9000 	C:\Users\AP\.vscode\extensions\redhat.java-1.5.0-win32-x64\jre\17.0.2-win32-x86_64\bin\net.dll
0x00007ff94e9f0000 - 0x00007ff94eaf0000 	C:\WINDOWS\SYSTEM32\WINHTTP.dll
0x00007ff9571e0000 - 0x00007ff95724a000 	C:\WINDOWS\system32\mswsock.dll
0x00007ff9274f0000 - 0x00007ff927505000 	C:\Users\AP\.vscode\extensions\redhat.java-1.5.0-win32-x64\jre\17.0.2-win32-x86_64\bin\nio.dll
0x00007ff9573b0000 - 0x00007ff9573c8000 	C:\WINDOWS\SYSTEM32\CRYPTSP.dll
0x00007ff956b00000 - 0x00007ff956b34000 	C:\WINDOWS\system32\rsaenh.dll
0x00007ff957e50000 - 0x00007ff957e77000 	C:\WINDOWS\System32\bcrypt.dll
0x00007ff9578e0000 - 0x00007ff95790e000 	C:\WINDOWS\SYSTEM32\USERENV.dll
0x00007ff9573d0000 - 0x00007ff9573dc000 	C:\WINDOWS\SYSTEM32\CRYPTBASE.dll
0x00007ff956e80000 - 0x00007ff956ebb000 	C:\WINDOWS\SYSTEM32\IPHLPAPI.DLL
0x00007ff958ed0000 - 0x00007ff958ed8000 	C:\WINDOWS\System32\NSI.dll
0x00007ff94f3a0000 - 0x00007ff94f3b7000 	C:\WINDOWS\SYSTEM32\dhcpcsvc6.DLL
0x00007ff94f290000 - 0x00007ff94f2ad000 	C:\WINDOWS\SYSTEM32\dhcpcsvc.DLL
0x00007ff956ed0000 - 0x00007ff956f9b000 	C:\WINDOWS\SYSTEM32\DNSAPI.dll
0x00007ff9115b0000 - 0x00007ff9115ee000 	C:\Users\AP\AppData\Roaming\Code\User\globalStorage\redhat.java\1.5.0\config_ss_win\org.eclipse.equinox.launcher\org.eclipse.equinox.launcher.win32.win32.x86_64_1.2.400.v20211117-0650\eclipse_11602.dll
0x00007ff959f90000 - 0x00007ff95a0ba000 	C:\WINDOWS\System32\ole32.dll
0x00007ff94ad70000 - 0x00007ff94ad80000 	c:\Users\AP\.vscode\extensions\redhat.java-1.5.0-win32-x64\jre\17.0.2-win32-x86_64\bin\verify.dll
0x00007ff907960000 - 0x00007ff9079a4000 	C:\Users\AP\AppData\Local\Temp\jna-2095\jna9808261115340414654.dll

dbghelp: loaded successfully - version: 4.0.5 - missing functions: none
symbol engine: initialized successfully - sym options: 0x614 - pdb path: .;c:\Users\AP\.vscode\extensions\redhat.java-1.5.0-win32-x64\jre\17.0.2-win32-x86_64\bin;C:\WINDOWS\SYSTEM32;C:\WINDOWS\WinSxS\amd64_microsoft.windows.common-controls_6595b64144ccf1df_6.0.19041.488_none_ca04af081b815d21;c:\Users\AP\.vscode\extensions\redhat.java-1.5.0-win32-x64\jre\17.0.2-win32-x86_64\bin\server;C:\Users\AP\AppData\Roaming\Code\User\globalStorage\redhat.java\1.5.0\config_ss_win\org.eclipse.equinox.launcher\org.eclipse.equinox.launcher.win32.win32.x86_64_1.2.400.v20211117-0650;C:\Users\AP\AppData\Local\Temp\jna-2095

VM Arguments:
jvm_args: --add-modules=ALL-SYSTEM --add-opens=java.base/java.util=ALL-UNNAMED --add-opens=java.base/java.lang=ALL-UNNAMED --add-opens=java.base/sun.nio.fs=ALL-UNNAMED -Declipse.application=org.eclipse.jdt.ls.core.id1 -Dosgi.bundles.defaultStartLevel=4 -Declipse.product=org.eclipse.jdt.ls.core.product -Djava.import.generatesMetadataFilesAtProjectRoot=false -Dfile.encoding=utf8 -DwatchParentProcess=false -XX:+UseParallelGC -XX:GCTimeRatio=4 -XX:AdaptiveSizePolicyWeight=90 -Dsun.zip.disableMemoryMapping=true -Xmx1G -Xms100m 
java_command: c:\Users\AP\.vscode\extensions\redhat.java-1.5.0-win32-x64\server\plugins\org.eclipse.equinox.launcher_1.6.400.v20210924-0641.jar -configuration c:\Users\AP\AppData\Roaming\Code\User\globalStorage\redhat.java\1.5.0\config_ss_win -data c:\Users\AP\AppData\Roaming\Code\User\workspaceStorage\119a1ddabada37eb9582ddd6191118fb\redhat.java\ss_ws
java_class_path (initial): c:\Users\AP\.vscode\extensions\redhat.java-1.5.0-win32-x64\server\plugins\org.eclipse.equinox.launcher_1.6.400.v20210924-0641.jar
Launcher Type: SUN_STANDARD

[Global flags]
    uintx AdaptiveSizePolicyWeight                 = 90                                        {product} {command line}
     intx CICompilerCount                          = 3                                         {product} {ergonomic}
    uintx GCTimeRatio                              = 4                                         {product} {command line}
   size_t InitialHeapSize                          = 104857600                                 {product} {command line}
   size_t MaxHeapSize                              = 1073741824                                {product} {command line}
   size_t MaxNewSize                               = 357564416                                 {product} {ergonomic}
   size_t MinHeapDeltaBytes                        = 524288                                    {product} {ergonomic}
   size_t MinHeapSize                              = 104857600                                 {product} {command line}
   size_t NewSize                                  = 34603008                                  {product} {ergonomic}
    uintx NonNMethodCodeHeapSize                   = 5832780                                {pd product} {ergonomic}
    uintx NonProfiledCodeHeapSize                  = 122912730                              {pd product} {ergonomic}
   size_t OldSize                                  = 70254592                                  {product} {ergonomic}
    uintx ProfiledCodeHeapSize                     = 122912730                              {pd product} {ergonomic}
    uintx ReservedCodeCacheSize                    = 251658240                              {pd product} {ergonomic}
     bool SegmentedCodeCache                       = true                                      {product} {ergonomic}
   size_t SoftMaxHeapSize                          = 1073741824                             {manageable} {ergonomic}
     bool UseCompressedClassPointers               = true                           {product lp64_product} {ergonomic}
     bool UseCompressedOops                        = true                           {product lp64_product} {ergonomic}
     bool UseLargePagesIndividualAllocation        = false                                  {pd product} {ergonomic}
     bool UseParallelGC                            = true                                      {product} {command line}

Logging:
Log output configuration:
 #0: stdout all=warning uptime,level,tags
 #1: stderr all=off uptime,level,tags

Environment Variables:
JAVA_HOME=C:\Program Files\Java\jdk-17.0.2
PATH=C:\Program Files\Common Files\Oracle\Java\javapath;C:\Program Files (x86)\Common Files\Oracle\Java\javapath;C:\WINDOWS\system32;C:\WINDOWS;C:\WINDOWS\System32\Wbem;C:\WINDOWS\System32\WindowsPowerShell\v1.0\;C:\WINDOWS\System32\OpenSSH\;C:\Program Files\Intel\WiFi\bin\;C:\Program Files\Common Files\Intel\WirelessCommon\;C:\Program Files\PuTTY\;C:\Program Files\Microsoft SQL Server\150\Tools\Binn\;C:\Program Files\Microsoft SQL Server\Client SDK\ODBC\170\Tools\Binn\;C:\Program Files\dotnet\;C:\Program Files\Git\cmd;C:\Program Files\Amazon\AWSCLIV2\;C:\Users\AP\AppData\Local\Microsoft\WindowsApps;C:\Program Files\Intel\WiFi\bin\;C:\Program Files\Common Files\Intel\WirelessCommon\;C:\Users\AP\.dotnet\tools;C:\Users\AP\AppData\Local\Programs\Microsoft VS Code\bin
USERNAME=AP
OS=Windows_NT
PROCESSOR_IDENTIFIER=Intel64 Family 6 Model 58 Stepping 9, GenuineIntel



---------------  S Y S T E M  ---------------

OS:
 Windows 10 , 64 bit Build 19041 (10.0.19041.662)
OS uptime: 45 days 17:29 hours

CPU: total 4 (initial active 4) (2 cores per cpu, 2 threads per core) family 6 model 58 stepping 9 microcode 0x21, cx8, cmov, fxsr, ht, mmx, sse, sse2, sse3, ssse3, sse4.1, sse4.2, popcnt, tsc, tscinvbit, avx, erms, clmul, vzeroupper, clflush

Memory: 4k page, system-wide physical 8052M (1820M free)
TotalPageFile size 32628M (AvailPageFile size 2M)
current process WorkingSet (physical memory assigned to process): 130M, peak: 130M
current process commit charge ("private bytes"): 223M, peak: 223M

vm_info: OpenJDK 64-Bit Server VM (17.0.2+8) for windows-amd64 JRE (17.0.2+8), built on Jan 20 2022 04:52:34 by "" with MS VC++ 16.7 (VS2019)

END.
