#
# There is insufficient memory for the Java Runtime Environment to continue.
# Native memory allocation (malloc) failed to allocate 1507056 bytes for Chunk::new
# Possible reasons:
#   The system is out of physical RAM or swap space
#   The process is running with CompressedOops enabled, and the Java Heap may be blocking the growth of the native heap
# Possible solutions:
#   Reduce memory load on the system
#   Increase physical memory or swap space
#   Check if swap backing store is full
#   Decrease Java heap size (-Xmx/-Xms)
#   Decrease number of Java threads
#   Decrease Java thread stack sizes (-Xss)
#   Set larger code cache with -XX:ReservedCodeCacheSize=
#   JVM is running with Unscaled Compressed Oops mode in which the Java heap is
#     placed in the first 4GB address space. The Java Heap base address is the
#     maximum limit for the native heap growth. Please use -XX:HeapBaseMinAddress
#     to set the Java Heap base and to place the Java Heap above 4GB virtual address.
# This output file may be truncated or incomplete.
#
#  Out of Memory Error (arena.cpp:189), pid=23068, tid=24544
#
# JRE version: OpenJDK Runtime Environment Temurin-17.0.2+8 (17.0.2+8) (build 17.0.2+8)
# Java VM: OpenJDK 64-Bit Server VM Temurin-17.0.2+8 (17.0.2+8, mixed mode, tiered, compressed oops, compressed class ptrs, parallel gc, windows-amd64)
# No core dump will be written. Minidumps are not enabled by default on client versions of Windows
#

---------------  S U M M A R Y ------------

Command Line: --add-modules=ALL-SYSTEM --add-opens=java.base/java.util=ALL-UNNAMED --add-opens=java.base/java.lang=ALL-UNNAMED --add-opens=java.base/sun.nio.fs=ALL-UNNAMED -Declipse.application=org.eclipse.jdt.ls.core.id1 -Dosgi.bundles.defaultStartLevel=4 -Declipse.product=org.eclipse.jdt.ls.core.product -Djava.import.generatesMetadataFilesAtProjectRoot=false -Dfile.encoding=utf8 -DwatchParentProcess=false -XX:+UseParallelGC -XX:GCTimeRatio=4 -XX:AdaptiveSizePolicyWeight=90 -Dsun.zip.disableMemoryMapping=true -Xmx1G -Xms100m -XX:+HeapDumpOnOutOfMemoryError -XX:HeapDumpPath=c:\Users\AP\AppData\Roaming\Code\User\workspaceStorage\119a1ddabada37eb9582ddd6191118fb\redhat.java c:\Users\AP\.vscode\extensions\redhat.java-1.5.0-win32-x64\server\plugins\org.eclipse.equinox.launcher_1.6.400.v20210924-0641.jar -configuration c:\Users\AP\AppData\Roaming\Code\User\globalStorage\redhat.java\1.5.0\config_win -data c:\Users\AP\AppData\Roaming\Code\User\workspaceStorage\119a1ddabada37eb9582ddd6191118fb\redhat.java\jdt_ws

Host: Intel(R) Core(TM) i5-3210M CPU @ 2.50GHz, 4 cores, 7G,  Windows 10 , 64 bit Build 19041 (10.0.19041.662)
Time: Sun Apr 24 12:10:28 2022 Eastern Daylight Time elapsed time: 10.010615 seconds (0d 0h 0m 10s)

---------------  T H R E A D  ---------------

Current thread (0x00000243602277b0):  JavaThread "C2 CompilerThread0" daemon [_thread_in_native, id=24544, stack(0x0000009281f00000,0x0000009282000000)]


Current CompileTask:
C2:  10010 3226   !   4       org.eclipse.osgi.internal.loader.classpath.ClasspathManager::findClassImpl (308 bytes)

Stack: [0x0000009281f00000,0x0000009282000000]
Native frames: (J=compiled Java code, j=interpreted, Vv=VM code, C=native code)
V  [jvm.dll+0x67564a]
V  [jvm.dll+0x82fc04]
V  [jvm.dll+0x8313ae]
V  [jvm.dll+0x831a13]
V  [jvm.dll+0x245235]
V  [jvm.dll+0xabd7b]
V  [jvm.dll+0xac30c]
V  [jvm.dll+0x3631a2]
V  [jvm.dll+0x1bb702]
V  [jvm.dll+0x218229]
V  [jvm.dll+0x2174f1]
V  [jvm.dll+0x1a3a8d]
V  [jvm.dll+0x226ef8]
V  [jvm.dll+0x22503c]
V  [jvm.dll+0x7e596b]
V  [jvm.dll+0x7dff2a]
V  [jvm.dll+0x6744d5]
C  [ucrtbase.dll+0x214c2]
C  [KERNEL32.DLL+0x17034]
C  [ntdll.dll+0x4d0d1]


---------------  P R O C E S S  ---------------

Threads class SMR info:
_java_thread_list=0x00000243648abf20, length=29, elements={
0x000002434a4823c0, 0x00000243601e2770, 0x00000243601e3dd0, 0x00000243601ed810,
0x00000243601ee390, 0x00000243601f0400, 0x00000243601f20d0, 0x00000243602277b0,
0x00000243602280b0, 0x00000243602320c0, 0x00000243600d0130, 0x0000024361d825c0,
0x0000024362439020, 0x00000243624394f0, 0x000002436243a210, 0x000002436243a6e0,
0x000002436244f8b0, 0x000002436250c6a0, 0x0000024362679e90, 0x00000243625c0890,
0x00000243625c20a0, 0x00000243625c1230, 0x00000243625c2f10, 0x00000243625bfef0,
0x00000243625c1700, 0x00000243625c1bd0, 0x00000243625c03c0, 0x00000243625c2570,
0x00000243625c33e0
}

Java Threads: ( => current thread )
  0x000002434a4823c0 JavaThread "main" [_thread_blocked, id=12996, stack(0x0000009281600000,0x0000009281700000)]
  0x00000243601e2770 JavaThread "Reference Handler" daemon [_thread_blocked, id=20064, stack(0x0000009281900000,0x0000009281a00000)]
  0x00000243601e3dd0 JavaThread "Finalizer" daemon [_thread_blocked, id=19416, stack(0x0000009281a00000,0x0000009281b00000)]
  0x00000243601ed810 JavaThread "Signal Dispatcher" daemon [_thread_blocked, id=12464, stack(0x0000009281b00000,0x0000009281c00000)]
  0x00000243601ee390 JavaThread "Attach Listener" daemon [_thread_blocked, id=18268, stack(0x0000009281c00000,0x0000009281d00000)]
  0x00000243601f0400 JavaThread "Service Thread" daemon [_thread_blocked, id=2944, stack(0x0000009281d00000,0x0000009281e00000)]
  0x00000243601f20d0 JavaThread "Monitor Deflation Thread" daemon [_thread_blocked, id=12868, stack(0x0000009281e00000,0x0000009281f00000)]
=>0x00000243602277b0 JavaThread "C2 CompilerThread0" daemon [_thread_in_native, id=24544, stack(0x0000009281f00000,0x0000009282000000)]
  0x00000243602280b0 JavaThread "C1 CompilerThread0" daemon [_thread_in_native, id=17252, stack(0x0000009282000000,0x0000009282100000)]
  0x00000243602320c0 JavaThread "Sweeper thread" daemon [_thread_blocked, id=7088, stack(0x0000009282100000,0x0000009282200000)]
  0x00000243600d0130 JavaThread "Common-Cleaner" daemon [_thread_blocked, id=2104, stack(0x0000009282200000,0x0000009282300000)]
  0x0000024361d825c0 JavaThread "Notification Thread" daemon [_thread_blocked, id=21592, stack(0x0000009282300000,0x0000009282400000)]
  0x0000024362439020 JavaThread "Equinox resolver thread - Equinox Container: 70cde2f4-461e-4e9f-9743-85333ca629f3" daemon [_thread_blocked, id=3380, stack(0x0000009282500000,0x0000009282600000)]
  0x00000243624394f0 JavaThread "Equinox resolver thread - Equinox Container: 70cde2f4-461e-4e9f-9743-85333ca629f3" daemon [_thread_blocked, id=13488, stack(0x0000009282600000,0x0000009282700000)]
  0x000002436243a210 JavaThread "Equinox resolver thread - Equinox Container: 70cde2f4-461e-4e9f-9743-85333ca629f3" daemon [_thread_blocked, id=16692, stack(0x0000009282700000,0x0000009282800000)]
  0x000002436243a6e0 JavaThread "Equinox resolver thread - Equinox Container: 70cde2f4-461e-4e9f-9743-85333ca629f3" daemon [_thread_blocked, id=9116, stack(0x0000009282800000,0x0000009282900000)]
  0x000002436244f8b0 JavaThread "Active Thread: Equinox Container: 70cde2f4-461e-4e9f-9743-85333ca629f3" [_thread_blocked, id=4620, stack(0x0000009282900000,0x0000009282a00000)]
  0x000002436250c6a0 JavaThread "Framework Event Dispatcher: Equinox Container: 70cde2f4-461e-4e9f-9743-85333ca629f3" daemon [_thread_blocked, id=8552, stack(0x0000009282d00000,0x0000009282e00000)]
  0x0000024362679e90 JavaThread "Start Level: Equinox Container: 70cde2f4-461e-4e9f-9743-85333ca629f3" daemon [_thread_blocked, id=7312, stack(0x0000009282e00000,0x0000009282f00000)]
  0x00000243625c0890 JavaThread "Refresh Thread: Equinox Container: 70cde2f4-461e-4e9f-9743-85333ca629f3" daemon [_thread_blocked, id=11556, stack(0x0000009282f00000,0x0000009283000000)]
  0x00000243625c20a0 JavaThread "SCR Component Actor" daemon [_thread_blocked, id=20440, stack(0x0000009283100000,0x0000009283200000)]
  0x00000243625c1230 JavaThread "Timer-0" [_thread_blocked, id=16356, stack(0x0000009283200000,0x0000009283300000)]
  0x00000243625c2f10 JavaThread "Worker-JM" [_thread_blocked, id=18344, stack(0x0000009283300000,0x0000009283400000)]
  0x00000243625bfef0 JavaThread "Worker-0: Repository registry initialization" [_thread_blocked, id=20392, stack(0x0000009283400000,0x0000009283500000)]
  0x00000243625c1700 JavaThread "Worker-1: Updating Maven Dependencies" [_thread_in_vm, id=2736, stack(0x0000009283500000,0x0000009283600000)]
  0x00000243625c1bd0 JavaThread "Java indexing" daemon [_thread_blocked, id=6668, stack(0x0000009283000000,0x0000009283100000)]
  0x00000243625c03c0 JavaThread "Bundle File Closer" daemon [_thread_blocked, id=13812, stack(0x0000009283600000,0x0000009283700000)]
  0x00000243625c2570 JavaThread "Worker-2" [_thread_blocked, id=23056, stack(0x0000009283700000,0x0000009283800000)]
  0x00000243625c33e0 JavaThread "pool-2-thread-1" [_thread_in_vm, id=19936, stack(0x0000009283800000,0x0000009283900000)]

Other Threads:
  0x00000243601c99f0 VMThread "VM Thread" [stack: 0x0000009281800000,0x0000009281900000] [id=18740]
  0x0000024361d82a90 WatcherThread [stack: 0x0000009282400000,0x0000009282500000] [id=24040]
  0x000002434a499b00 GCTaskThread "GC Thread#0" [stack: 0x0000009281700000,0x0000009281800000] [id=11304]
  0x000002436205e740 GCTaskThread "GC Thread#1" [stack: 0x0000009282a00000,0x0000009282b00000] [id=24248]
  0x000002436250bd30 GCTaskThread "GC Thread#2" [stack: 0x0000009282b00000,0x0000009282c00000] [id=17340]
  0x000002436250bfe0 GCTaskThread "GC Thread#3" [stack: 0x0000009282c00000,0x0000009282d00000] [id=20056]

Threads with active compile tasks:
C2 CompilerThread0    10242 3226   !   4       org.eclipse.osgi.internal.loader.classpath.ClasspathManager::findClassImpl (308 bytes)

VM state: not at safepoint (normal execution)

VM Mutex/Monitor currently owned by a thread:  ([mutex/lock_event])
[0x000002434a47cbd0] Metaspace_lock - owner thread: 0x00000243625c1700

Heap address: 0x00000000c0000000, size: 1024 MB, Compressed Oops mode: 32-bit

CDS archive(s) not mapped
Compressed class space mapped at: 0x0000000100000000-0x0000000140000000, reserved size: 1073741824
Narrow klass base: 0x0000000000000000, Narrow klass shift: 3, Narrow klass range: 0x140000000

GC Precious Log:
 CPUs: 4 total, 4 available
 Memory: 8052M
 Large Page Support: Disabled
 NUMA Support: Disabled
 Compressed Oops: Enabled (32-bit)
 Alignments: Space 512K, Generation 512K, Heap 2M
 Heap Min Capacity: 100M
 Heap Initial Capacity: 100M
 Heap Max Capacity: 1G
 Pre-touch: Disabled
 Parallel Workers: 4

Heap:
 PSYoungGen      total 28672K, used 1464K [0x00000000eab00000, 0x00000000eca80000, 0x0000000100000000)
  eden space 25088K, 5% used [0x00000000eab00000,0x00000000eac6e398,0x00000000ec380000)
  from space 3584K, 0% used [0x00000000ec700000,0x00000000ec700000,0x00000000eca80000)
  to   space 3072K, 0% used [0x00000000ec400000,0x00000000ec400000,0x00000000ec700000)
 ParOldGen       total 68608K, used 12263K [0x00000000c0000000, 0x00000000c4300000, 0x00000000eab00000)
  object space 68608K, 17% used [0x00000000c0000000,0x00000000c0bf9ec0,0x00000000c4300000)
 Metaspace       used 35528K, committed 36224K, reserved 1081344K
  class space    used 3775K, committed 4096K, reserved 1048576K

Card table byte_map: [0x000002435dac0000,0x000002435dcd0000] _byte_map_base: 0x000002435d4c0000

Marking Bits: (ParMarkBitMap*) 0x00007ff8da513af0
 Begin Bits: [0x000002435de30000, 0x000002435ee30000)
 End Bits:   [0x000002435ee30000, 0x000002435fe30000)

Polling page: 0x000002434e8b0000

Metaspace:

Usage:
  Non-class:     31.01 MB used.
      Class:      3.69 MB used.
       Both:     34.70 MB used.

Virtual space:
  Non-class space:       32.00 MB reserved,      31.38 MB ( 98%) committed,  4 nodes.
      Class space:        1.00 GB reserved,       4.00 MB ( <1%) committed,  1 nodes.
             Both:        1.03 GB reserved,      35.38 MB (  3%) committed. 

Chunk freelists:
   Non-Class:  624.00 KB
       Class:  3.95 MB
        Both:  4.56 MB

MaxMetaspaceSize: unlimited
CompressedClassSpaceSize: 1.00 GB
Initial GC threshold: 21.00 MB
Current GC threshold: 58.38 MB
CDS: off
MetaspaceReclaimPolicy: balanced
 - commit_granule_bytes: 65536.
 - commit_granule_words: 8192.
 - virtual_space_node_default_size: 1048576.
 - enlarge_chunks_in_place: 1.
 - new_chunks_are_fully_committed: 0.
 - uncommit_free_chunks: 1.
 - use_allocation_guard: 0.
 - handle_deallocations: 1.


Internal statistics:

num_allocs_failed_limit: 6.
num_arena_births: 208.
num_arena_deaths: 0.
num_vsnodes_births: 5.
num_vsnodes_deaths: 0.
num_space_committed: 566.
num_space_uncommitted: 0.
num_chunks_returned_to_freelist: 6.
num_chunks_taken_from_freelist: 1280.
num_chunk_merges: 6.
num_chunk_splits: 875.
num_chunks_enlarged: 619.
num_purges: 0.
num_inconsistent_stats: 0.

CodeHeap 'non-profiled nmethods': size=120000Kb used=1292Kb max_used=1292Kb free=118707Kb
 bounds [0x00000243563a0000, 0x0000024356610000, 0x000002435d8d0000]
CodeHeap 'profiled nmethods': size=120000Kb used=6871Kb max_used=6871Kb free=113128Kb
 bounds [0x000002434ee70000, 0x000002434f530000, 0x00000243563a0000]
CodeHeap 'non-nmethods': size=5760Kb used=1248Kb max_used=1270Kb free=4511Kb
 bounds [0x000002434e8d0000, 0x000002434eb40000, 0x000002434ee70000]
 total_blobs=3833 nmethods=3268 adapters=479
 compilation: enabled
              stopped_count=0, restarted_count=0
 full_count=0

Compilation events (20 events):
Event: 9.676 Thread 0x00000243602280b0 3239       3       jdk.internal.org.objectweb.asm.MethodWriter::visitTryCatchBlock (67 bytes)
Event: 9.677 Thread 0x00000243602280b0 nmethod 3239 0x000002434f50d990 code [0x000002434f50db60, 0x000002434f50e008]
Event: 9.678 Thread 0x00000243602280b0 3240       3       jdk.internal.org.objectweb.asm.MethodWriter::visitLdcInsn (215 bytes)
Event: 9.680 Thread 0x00000243602280b0 nmethod 3240 0x000002434f50e210 code [0x000002434f50e480, 0x000002434f50efa8]
Event: 9.680 Thread 0x00000243602280b0 3241       3       jdk.internal.org.objectweb.asm.FieldWriter::computeFieldInfoSize (86 bytes)
Event: 9.681 Thread 0x00000243602280b0 nmethod 3241 0x000002434f50f410 code [0x000002434f50f5e0, 0x000002434f50f8b8]
Event: 9.681 Thread 0x00000243602280b0 3242       3       jdk.internal.org.objectweb.asm.FieldWriter::putFieldInfo (269 bytes)
Event: 9.682 Thread 0x00000243602280b0 nmethod 3242 0x000002434f50fa10 code [0x000002434f50fca0, 0x000002434f510628]
Event: 9.686 Thread 0x00000243602280b0 3243       3       java.lang.PublicMethods$MethodList::filter (104 bytes)
Event: 9.687 Thread 0x00000243602280b0 nmethod 3243 0x000002434f510990 code [0x000002434f510bc0, 0x000002434f511538]
Event: 9.689 Thread 0x00000243602280b0 3244       1       java.util.logging.LogManager$LoggerContext::getOwner (5 bytes)
Event: 9.689 Thread 0x00000243602280b0 nmethod 3244 0x00000243564e1c90 code [0x00000243564e1e20, 0x00000243564e1ef8]
Event: 9.689 Thread 0x00000243602280b0 3245       3       java.lang.ref.WeakReference::<init> (6 bytes)
Event: 9.689 Thread 0x00000243602280b0 nmethod 3245 0x000002434f511a10 code [0x000002434f511bc0, 0x000002434f511e78]
Event: 9.699 Thread 0x00000243602280b0 3246   !   2       org.eclipse.osgi.internal.container.AtomicLazyInitializer::getInitialized (70 bytes)
Event: 9.700 Thread 0x00000243602280b0 nmethod 3246 0x000002434f511f90 code [0x000002434f512160, 0x000002434f5124a8]
Event: 9.946 Thread 0x00000243602280b0 3248       3       java.lang.ModuleLayer::boot (4 bytes)
Event: 9.946 Thread 0x00000243602280b0 nmethod 3248 0x000002434f512710 code [0x000002434f5128a0, 0x000002434f512998]
Event: 9.956 Thread 0x00000243602280b0 3249       3       sun.nio.cs.UTF_8::updatePositions (23 bytes)
Event: 9.956 Thread 0x00000243602280b0 nmethod 3249 0x000002434f512a10 code [0x000002434f512be0, 0x000002434f512ff8]

GC Heap History (12 events):
Event: 2.576 GC heap before
{Heap before GC invocations=1 (full 0):
 PSYoungGen      total 29696K, used 25600K [0x00000000eab00000, 0x00000000ecc00000, 0x0000000100000000)
  eden space 25600K, 100% used [0x00000000eab00000,0x00000000ec400000,0x00000000ec400000)
  from space 4096K, 0% used [0x00000000ec800000,0x00000000ec800000,0x00000000ecc00000)
  to   space 4096K, 0% used [0x00000000ec400000,0x00000000ec400000,0x00000000ec800000)
 ParOldGen       total 68608K, used 0K [0x00000000c0000000, 0x00000000c4300000, 0x00000000eab00000)
  object space 68608K, 0% used [0x00000000c0000000,0x00000000c0000000,0x00000000c4300000)
 Metaspace       used 13029K, committed 13184K, reserved 1064960K
  class space    used 1328K, committed 1408K, reserved 1048576K
}
Event: 2.584 GC heap after
{Heap after GC invocations=1 (full 0):
 PSYoungGen      total 29696K, used 3313K [0x00000000eab00000, 0x00000000ecc00000, 0x0000000100000000)
  eden space 25600K, 0% used [0x00000000eab00000,0x00000000eab00000,0x00000000ec400000)
  from space 4096K, 80% used [0x00000000ec400000,0x00000000ec73c770,0x00000000ec800000)
  to   space 4096K, 0% used [0x00000000ec800000,0x00000000ec800000,0x00000000ecc00000)
 ParOldGen       total 68608K, used 24K [0x00000000c0000000, 0x00000000c4300000, 0x00000000eab00000)
  object space 68608K, 0% used [0x00000000c0000000,0x00000000c0006000,0x00000000c4300000)
 Metaspace       used 13029K, committed 13184K, reserved 1064960K
  class space    used 1328K, committed 1408K, reserved 1048576K
}
Event: 3.862 GC heap before
{Heap before GC invocations=2 (full 0):
 PSYoungGen      total 29696K, used 28913K [0x00000000eab00000, 0x00000000ecc00000, 0x0000000100000000)
  eden space 25600K, 100% used [0x00000000eab00000,0x00000000ec400000,0x00000000ec400000)
  from space 4096K, 80% used [0x00000000ec400000,0x00000000ec73c770,0x00000000ec800000)
  to   space 4096K, 0% used [0x00000000ec800000,0x00000000ec800000,0x00000000ecc00000)
 ParOldGen       total 68608K, used 24K [0x00000000c0000000, 0x00000000c4300000, 0x00000000eab00000)
  object space 68608K, 0% used [0x00000000c0000000,0x00000000c0006000,0x00000000c4300000)
 Metaspace       used 13559K, committed 13760K, reserved 1064960K
  class space    used 1369K, committed 1472K, reserved 1048576K
}
Event: 3.872 GC heap after
{Heap after GC invocations=2 (full 0):
 PSYoungGen      total 29696K, used 4076K [0x00000000eab00000, 0x00000000ecc00000, 0x0000000100000000)
  eden space 25600K, 0% used [0x00000000eab00000,0x00000000eab00000,0x00000000ec400000)
  from space 4096K, 99% used [0x00000000ec800000,0x00000000ecbfb240,0x00000000ecc00000)
  to   space 4096K, 0% used [0x00000000ec400000,0x00000000ec400000,0x00000000ec800000)
 ParOldGen       total 68608K, used 4328K [0x00000000c0000000, 0x00000000c4300000, 0x00000000eab00000)
  object space 68608K, 6% used [0x00000000c0000000,0x00000000c043a050,0x00000000c4300000)
 Metaspace       used 13559K, committed 13760K, reserved 1064960K
  class space    used 1369K, committed 1472K, reserved 1048576K
}
Event: 5.909 GC heap before
{Heap before GC invocations=3 (full 0):
 PSYoungGen      total 29696K, used 29676K [0x00000000eab00000, 0x00000000ecc00000, 0x0000000100000000)
  eden space 25600K, 100% used [0x00000000eab00000,0x00000000ec400000,0x00000000ec400000)
  from space 4096K, 99% used [0x00000000ec800000,0x00000000ecbfb240,0x00000000ecc00000)
  to   space 4096K, 0% used [0x00000000ec400000,0x00000000ec400000,0x00000000ec800000)
 ParOldGen       total 68608K, used 4328K [0x00000000c0000000, 0x00000000c4300000, 0x00000000eab00000)
  object space 68608K, 6% used [0x00000000c0000000,0x00000000c043a050,0x00000000c4300000)
 Metaspace       used 20209K, committed 20544K, reserved 1073152K
  class space    used 2044K, committed 2176K, reserved 1048576K
}
Event: 5.920 GC heap after
{Heap after GC invocations=3 (full 0):
 PSYoungGen      total 29696K, used 4087K [0x00000000eab00000, 0x00000000ecc00000, 0x0000000100000000)
  eden space 25600K, 0% used [0x00000000eab00000,0x00000000eab00000,0x00000000ec400000)
  from space 4096K, 99% used [0x00000000ec400000,0x00000000ec7fdf78,0x00000000ec800000)
  to   space 4096K, 0% used [0x00000000ec800000,0x00000000ec800000,0x00000000ecc00000)
 ParOldGen       total 68608K, used 9489K [0x00000000c0000000, 0x00000000c4300000, 0x00000000eab00000)
  object space 68608K, 13% used [0x00000000c0000000,0x00000000c0944440,0x00000000c4300000)
 Metaspace       used 20209K, committed 20544K, reserved 1073152K
  class space    used 2044K, committed 2176K, reserved 1048576K
}
Event: 6.040 GC heap before
{Heap before GC invocations=4 (full 0):
 PSYoungGen      total 29696K, used 6570K [0x00000000eab00000, 0x00000000ecc00000, 0x0000000100000000)
  eden space 25600K, 9% used [0x00000000eab00000,0x00000000ead6ca90,0x00000000ec400000)
  from space 4096K, 99% used [0x00000000ec400000,0x00000000ec7fdf78,0x00000000ec800000)
  to   space 4096K, 0% used [0x00000000ec800000,0x00000000ec800000,0x00000000ecc00000)
 ParOldGen       total 68608K, used 9489K [0x00000000c0000000, 0x00000000c4300000, 0x00000000eab00000)
  object space 68608K, 13% used [0x00000000c0000000,0x00000000c0944440,0x00000000c4300000)
 Metaspace       used 21088K, committed 21504K, reserved 1073152K
  class space    used 2123K, committed 2304K, reserved 1048576K
}
Event: 6.045 GC heap after
{Heap after GC invocations=4 (full 0):
 PSYoungGen      total 29696K, used 4075K [0x00000000eab00000, 0x00000000ecc00000, 0x0000000100000000)
  eden space 25600K, 0% used [0x00000000eab00000,0x00000000eab00000,0x00000000ec400000)
  from space 4096K, 99% used [0x00000000ec800000,0x00000000ecbfaea8,0x00000000ecc00000)
  to   space 4096K, 0% used [0x00000000ec400000,0x00000000ec400000,0x00000000ec800000)
 ParOldGen       total 68608K, used 9585K [0x00000000c0000000, 0x00000000c4300000, 0x00000000eab00000)
  object space 68608K, 13% used [0x00000000c0000000,0x00000000c095c440,0x00000000c4300000)
 Metaspace       used 21088K, committed 21504K, reserved 1073152K
  class space    used 2123K, committed 2304K, reserved 1048576K
}
Event: 6.045 GC heap before
{Heap before GC invocations=5 (full 1):
 PSYoungGen      total 29696K, used 4075K [0x00000000eab00000, 0x00000000ecc00000, 0x0000000100000000)
  eden space 25600K, 0% used [0x00000000eab00000,0x00000000eab00000,0x00000000ec400000)
  from space 4096K, 99% used [0x00000000ec800000,0x00000000ecbfaea8,0x00000000ecc00000)
  to   space 4096K, 0% used [0x00000000ec400000,0x00000000ec400000,0x00000000ec800000)
 ParOldGen       total 68608K, used 9585K [0x00000000c0000000, 0x00000000c4300000, 0x00000000eab00000)
  object space 68608K, 13% used [0x00000000c0000000,0x00000000c095c440,0x00000000c4300000)
 Metaspace       used 21088K, committed 21504K, reserved 1073152K
  class space    used 2123K, committed 2304K, reserved 1048576K
}
Event: 6.081 GC heap after
{Heap after GC invocations=5 (full 1):
 PSYoungGen      total 29696K, used 0K [0x00000000eab00000, 0x00000000ecc00000, 0x0000000100000000)
  eden space 25600K, 0% used [0x00000000eab00000,0x00000000eab00000,0x00000000ec400000)
  from space 4096K, 0% used [0x00000000ec800000,0x00000000ec800000,0x00000000ecc00000)
  to   space 4096K, 0% used [0x00000000ec400000,0x00000000ec400000,0x00000000ec800000)
 ParOldGen       total 68608K, used 9505K [0x00000000c0000000, 0x00000000c4300000, 0x00000000eab00000)
  object space 68608K, 13% used [0x00000000c0000000,0x00000000c09484f8,0x00000000c4300000)
 Metaspace       used 21088K, committed 21504K, reserved 1073152K
  class space    used 2123K, committed 2304K, reserved 1048576K
}
Event: 7.974 GC heap before
{Heap before GC invocations=6 (full 1):
 PSYoungGen      total 29696K, used 25600K [0x00000000eab00000, 0x00000000ecc00000, 0x0000000100000000)
  eden space 25600K, 100% used [0x00000000eab00000,0x00000000ec400000,0x00000000ec400000)
  from space 4096K, 0% used [0x00000000ec800000,0x00000000ec800000,0x00000000ecc00000)
  to   space 4096K, 0% used [0x00000000ec400000,0x00000000ec400000,0x00000000ec800000)
 ParOldGen       total 68608K, used 9505K [0x00000000c0000000, 0x00000000c4300000, 0x00000000eab00000)
  object space 68608K, 13% used [0x00000000c0000000,0x00000000c09484f8,0x00000000c4300000)
 Metaspace       used 27932K, committed 28352K, reserved 1081344K
  class space    used 2713K, committed 2880K, reserved 1048576K
}
Event: 7.976 GC heap after
{Heap after GC invocations=6 (full 1):
 PSYoungGen      total 28160K, used 2583K [0x00000000eab00000, 0x00000000eca80000, 0x0000000100000000)
  eden space 25088K, 0% used [0x00000000eab00000,0x00000000eab00000,0x00000000ec380000)
  from space 3072K, 84% used [0x00000000ec400000,0x00000000ec685f50,0x00000000ec700000)
  to   space 3584K, 0% used [0x00000000ec700000,0x00000000ec700000,0x00000000eca80000)
 ParOldGen       total 68608K, used 9513K [0x00000000c0000000, 0x00000000c4300000, 0x00000000eab00000)
  object space 68608K, 13% used [0x00000000c0000000,0x00000000c094a4f8,0x00000000c4300000)
 Metaspace       used 27932K, committed 28352K, reserved 1081344K
  class space    used 2713K, committed 2880K, reserved 1048576K
}

Deoptimization events (20 events):
Event: 8.765 Thread 0x0000024362679e90 Uncommon trap: trap_request=0xffffff76 fr.pc=0x00000243564a3d84 relative=0x0000000000000644
Event: 8.766 Thread 0x0000024362679e90 Uncommon trap: reason=predicate action=maybe_recompile pc=0x00000243564a3d84 method=java.util.TreeMap.getEntryUsingComparator(Ljava/lang/Object;)Ljava/util/TreeMap$Entry; @ 19 c2
Event: 8.766 Thread 0x0000024362679e90 DEOPT PACKING pc=0x00000243564a3d84 sp=0x0000009282efcb00
Event: 8.766 Thread 0x0000024362679e90 DEOPT UNPACKING pc=0x000002434e9220a3 sp=0x0000009282efca20 mode 2
Event: 8.821 Thread 0x0000024362679e90 Uncommon trap: trap_request=0xffffffc6 fr.pc=0x0000024356455c60 relative=0x0000000000000220
Event: 8.821 Thread 0x0000024362679e90 Uncommon trap: reason=bimorphic_or_optimized_type_check action=maybe_recompile pc=0x0000024356455c60 method=java.util.Collections$UnmodifiableCollection$1.<init>(Ljava/util/Collections$UnmodifiableCollection;)V @ 17 c2
Event: 8.821 Thread 0x0000024362679e90 DEOPT PACKING pc=0x0000024356455c60 sp=0x0000009282efc760
Event: 8.821 Thread 0x0000024362679e90 DEOPT UNPACKING pc=0x000002434e9220a3 sp=0x0000009282efc690 mode 2
Event: 9.108 Thread 0x0000024362679e90 Uncommon trap: trap_request=0xffffff45 fr.pc=0x00000243564a147c relative=0x0000000000000cfc
Event: 9.108 Thread 0x0000024362679e90 Uncommon trap: reason=unstable_if action=reinterpret pc=0x00000243564a147c method=java.util.TreeMap.put(Ljava/lang/Object;Ljava/lang/Object;Z)Ljava/lang/Object; @ 27 c2
Event: 9.108 Thread 0x0000024362679e90 DEOPT PACKING pc=0x00000243564a147c sp=0x0000009282efe9d0
Event: 9.108 Thread 0x0000024362679e90 DEOPT UNPACKING pc=0x000002434e9220a3 sp=0x0000009282efe970 mode 2
Event: 9.131 Thread 0x000002434a4823c0 Uncommon trap: trap_request=0xffffff76 fr.pc=0x00000243564a2bc4 relative=0x0000000000000604
Event: 9.131 Thread 0x000002434a4823c0 Uncommon trap: reason=predicate action=maybe_recompile pc=0x00000243564a2bc4 method=java.util.TreeMap.getEntryUsingComparator(Ljava/lang/Object;)Ljava/util/TreeMap$Entry; @ 19 c2
Event: 9.131 Thread 0x000002434a4823c0 DEOPT PACKING pc=0x00000243564a2bc4 sp=0x00000092816fe050
Event: 9.131 Thread 0x000002434a4823c0 DEOPT UNPACKING pc=0x000002434e9220a3 sp=0x00000092816fe000 mode 2
Event: 9.151 Thread 0x000002434a4823c0 DEOPT PACKING pc=0x000002434f4adf1e sp=0x00000092816f7760
Event: 9.151 Thread 0x000002434a4823c0 DEOPT UNPACKING pc=0x000002434e922843 sp=0x00000092816f6c58 mode 0
Event: 9.504 Thread 0x000002434a4823c0 DEOPT PACKING pc=0x000002434f281304 sp=0x00000092816fc920
Event: 9.504 Thread 0x000002434a4823c0 DEOPT UNPACKING pc=0x000002434e922843 sp=0x00000092816fbe70 mode 0

Classes unloaded (0 events):
No events

Classes redefined (0 events):
No events

Internal exceptions (20 events):
Event: 5.968 Thread 0x0000024362679e90 Exception <a 'java/lang/IncompatibleClassChangeError'{0x00000000eac0ddc0}: Found class java.lang.Object, but interface was expected> (0x00000000eac0ddc0) 
thrown [e:\jenkins\tmp\workspace\build\src\src\hotspot\share\interpreter\linkResolver.cpp, line 833]
Event: 6.169 Thread 0x0000024362679e90 Exception <a 'java/io/FileNotFoundException'{0x00000000eac9a218}> (0x00000000eac9a218) 
thrown [e:\jenkins\tmp\workspace\build\src\src\hotspot\share\prims\jni.cpp, line 516]
Event: 6.171 Thread 0x0000024362679e90 Exception <a 'java/io/FileNotFoundException'{0x00000000eac9b340}> (0x00000000eac9b340) 
thrown [e:\jenkins\tmp\workspace\build\src\src\hotspot\share\prims\jni.cpp, line 516]
Event: 6.174 Thread 0x0000024362679e90 Exception <a 'java/io/FileNotFoundException'{0x00000000eac9c478}> (0x00000000eac9c478) 
thrown [e:\jenkins\tmp\workspace\build\src\src\hotspot\share\prims\jni.cpp, line 516]
Event: 6.287 Thread 0x0000024362679e90 Exception <a 'java/lang/NoSuchMethodError'{0x00000000eb05e740}: 'int java.lang.invoke.DirectMethodHandle$Holder.invokeStaticInit(java.lang.Object, java.lang.Object, java.lang.Object)'> (0x00000000eb05e740) 
thrown [e:\jenkins\tmp\workspace\build\src\src\hotspot\share\interpreter\linkResolver.cpp, line 766]
Event: 6.368 Thread 0x0000024362679e90 Exception <a 'java/io/FileNotFoundException'{0x00000000eb354e58}> (0x00000000eb354e58) 
thrown [e:\jenkins\tmp\workspace\build\src\src\hotspot\share\prims\jni.cpp, line 516]
Event: 6.420 Thread 0x0000024362679e90 Exception <a 'java/io/FileNotFoundException'{0x00000000ebcabe80}> (0x00000000ebcabe80) 
thrown [e:\jenkins\tmp\workspace\build\src\src\hotspot\share\prims\jni.cpp, line 516]
Event: 6.482 Thread 0x0000024362679e90 Exception <a 'java/io/FileNotFoundException'{0x00000000ebdb3628}> (0x00000000ebdb3628) 
thrown [e:\jenkins\tmp\workspace\build\src\src\hotspot\share\prims\jni.cpp, line 516]
Event: 6.645 Thread 0x0000024362679e90 Exception <a 'java/lang/ClassNotFoundException'{0x00000000ebf40698}: com/sun/org/apache/xml/internal/serializer/spi/XMLEntitiesProvider> (0x00000000ebf40698) 
thrown [e:\jenkins\tmp\workspace\build\src\src\hotspot\share\classfile\systemDictionary.cpp, line 256]
Event: 6.806 Thread 0x0000024362679e90 Exception <a 'java/io/FileNotFoundException'{0x00000000ec10f0d0}> (0x00000000ec10f0d0) 
thrown [e:\jenkins\tmp\workspace\build\src\src\hotspot\share\prims\jni.cpp, line 516]
Event: 8.469 Thread 0x0000024362679e90 Exception <a 'java/lang/NoSuchMethodError'{0x00000000eafb62b0}: 'org.slf4j.impl.StaticMDCBinder org.slf4j.impl.StaticMDCBinder.getSingleton()'> (0x00000000eafb62b0) 
thrown [e:\jenkins\tmp\workspace\build\src\src\hotspot\share\interpreter\linkResolver.cpp, line 766]
Event: 8.535 Thread 0x0000024362679e90 Exception <a 'java/io/FileNotFoundException'{0x00000000eb0ac860}> (0x00000000eb0ac860) 
thrown [e:\jenkins\tmp\workspace\build\src\src\hotspot\share\prims\jni.cpp, line 516]
Event: 8.733 Thread 0x0000024362679e90 Exception <a 'java/lang/UnsatisfiedLinkError'{0x00000000eb1e0b00}: The specified procedure could not be found.
> (0x00000000eb1e0b00) 
thrown [e:\jenkins\tmp\workspace\build\src\src\hotspot\share\prims\jni.cpp, line 535]
Event: 8.754 Thread 0x0000024362679e90 Exception <a 'java/io/FileNotFoundException'{0x00000000eb1ecbc8}> (0x00000000eb1ecbc8) 
thrown [e:\jenkins\tmp\workspace\build\src\src\hotspot\share\prims\jni.cpp, line 516]
Event: 8.785 Thread 0x0000024362679e90 Exception <a 'java/io/FileNotFoundException'{0x00000000eb216ef8}> (0x00000000eb216ef8) 
thrown [e:\jenkins\tmp\workspace\build\src\src\hotspot\share\prims\jni.cpp, line 516]
Event: 8.828 Thread 0x0000024362679e90 Exception <a 'java/lang/UnsatisfiedLinkError'{0x00000000eb31d128}: The specified procedure could not be found.
> (0x00000000eb31d128) 
thrown [e:\jenkins\tmp\workspace\build\src\src\hotspot\share\prims\jni.cpp, line 535]
Event: 9.108 Thread 0x0000024362679e90 Implicit null exception at 0x00000243564a07c7 to 0x00000243564a145c
Event: 9.117 Thread 0x0000024362679e90 Exception <a 'java/lang/NoSuchMethodError'{0x00000000eb589078}: 'void java.lang.invoke.DirectMethodHandle$Holder.invokeStatic(java.lang.Object, java.lang.Object, java.lang.Object, java.lang.Object)'> (0x00000000eb589078) 
thrown [e:\jenkins\tmp\workspace\build\src\src\hotspot\share\interpreter\linkResolver.cpp, line 766]
Event: 9.177 Thread 0x000002434a4823c0 Exception <a 'java/io/FileNotFoundException'{0x00000000eb628a18}> (0x00000000eb628a18) 
thrown [e:\jenkins\tmp\workspace\build\src\src\hotspot\share\prims\jni.cpp, line 516]
Event: 9.487 Thread 0x00000243625c1700 Exception <a 'java/lang/NoSuchMethodError'{0x00000000eafcabf0}: 'java.lang.Object java.lang.invoke.DirectMethodHandle$Holder.newInvokeSpecial(java.lang.Object, java.lang.Object, java.lang.Object, java.lang.Object, java.lang.Object)'> (0x00000000eafcabf0) 
thrown [e:\jenkins\tmp\workspace\build\src\src\hotspot\share\interpreter\linkResolver.cpp, line 766]

VM Operations (20 events):
Event: 6.642 Executing VM operation: HandshakeAllThreads
Event: 6.642 Executing VM operation: HandshakeAllThreads done
Event: 6.740 Executing VM operation: HandshakeAllThreads
Event: 6.740 Executing VM operation: HandshakeAllThreads done
Event: 6.800 Executing VM operation: HandshakeAllThreads
Event: 6.800 Executing VM operation: HandshakeAllThreads done
Event: 7.800 Executing VM operation: Cleanup
Event: 7.801 Executing VM operation: Cleanup done
Event: 7.974 Executing VM operation: ParallelGCFailedAllocation
Event: 7.976 Executing VM operation: ParallelGCFailedAllocation done
Event: 8.700 Executing VM operation: HandshakeAllThreads
Event: 8.700 Executing VM operation: HandshakeAllThreads done
Event: 8.706 Executing VM operation: HandshakeAllThreads
Event: 8.706 Executing VM operation: HandshakeAllThreads done
Event: 9.504 Executing VM operation: HandshakeAllThreads
Event: 9.504 Executing VM operation: HandshakeAllThreads done
Event: 9.504 Executing VM operation: Cleanup
Event: 9.506 Executing VM operation: Cleanup done
Event: 9.529 Executing VM operation: HandshakeAllThreads
Event: 9.535 Executing VM operation: HandshakeAllThreads done

Events (20 events):
Event: 9.432 loading class sun/reflect/generics/tree/ArrayTypeSignature
Event: 9.432 loading class sun/reflect/generics/tree/ArrayTypeSignature done
Event: 9.465 loading class java/math/BigDecimal
Event: 9.466 loading class java/math/BigDecimal done
Event: 9.535 Thread 0x00000243625c2570 Thread added: 0x00000243625c2570
Event: 9.536 loading class java/util/concurrent/atomic/AtomicIntegerArray
Event: 9.536 loading class java/util/concurrent/atomic/AtomicIntegerArray done
Event: 9.538 loading class java/util/Currency
Event: 9.539 loading class java/util/Currency done
Event: 9.549 loading class java/util/concurrent/atomic/AtomicLongArray
Event: 9.549 loading class java/util/concurrent/atomic/AtomicLongArray done
Event: 9.621 loading class java/io/FilterReader
Event: 9.621 loading class java/io/FilterReader done
Event: 9.693 loading class sun/util/locale/provider/DateFormatProviderImpl
Event: 9.693 loading class sun/util/locale/provider/DateFormatProviderImpl done
Event: 9.694 loading class java/text/MessageFormat
Event: 9.695 loading class java/text/MessageFormat done
Event: 9.695 loading class java/text/MessageFormat$Field
Event: 9.695 loading class java/text/MessageFormat$Field done
Event: 9.943 Thread 0x00000243625c33e0 Thread added: 0x00000243625c33e0


Dynamic libraries:
0x00007ff74e490000 - 0x00007ff74e49e000 	c:\Users\AP\.vscode\extensions\redhat.java-1.5.0-win32-x64\jre\17.0.2-win32-x86_64\bin\java.exe
0x00007ff95a2b0000 - 0x00007ff95a4a6000 	C:\WINDOWS\SYSTEM32\ntdll.dll
0x00007ff959d30000 - 0x00007ff959ded000 	C:\WINDOWS\System32\KERNEL32.DLL
0x00007ff957f00000 - 0x00007ff9581c9000 	C:\WINDOWS\System32\KERNELBASE.dll
0x00007ff957b50000 - 0x00007ff957c50000 	C:\WINDOWS\System32\ucrtbase.dll
0x00007ff950190000 - 0x00007ff9501a9000 	c:\Users\AP\.vscode\extensions\redhat.java-1.5.0-win32-x64\jre\17.0.2-win32-x86_64\bin\VCRUNTIME140.dll
0x00007ff9505d0000 - 0x00007ff9505e8000 	c:\Users\AP\.vscode\extensions\redhat.java-1.5.0-win32-x64\jre\17.0.2-win32-x86_64\bin\jli.dll
0x00007ff959b90000 - 0x00007ff959d30000 	C:\WINDOWS\System32\USER32.dll
0x00007ff9581d0000 - 0x00007ff9581f2000 	C:\WINDOWS\System32\win32u.dll
0x00007ff958f60000 - 0x00007ff958f8a000 	C:\WINDOWS\System32\GDI32.dll
0x00007ff958200000 - 0x00007ff958309000 	C:\WINDOWS\System32\gdi32full.dll
0x00007ff957ca0000 - 0x00007ff957d3d000 	C:\WINDOWS\System32\msvcp_win.dll
0x00007ff948c80000 - 0x00007ff948f1b000 	C:\WINDOWS\WinSxS\amd64_microsoft.windows.common-controls_6595b64144ccf1df_6.0.19041.488_none_ca04af081b815d21\COMCTL32.dll
0x00007ff959520000 - 0x00007ff9595be000 	C:\WINDOWS\System32\msvcrt.dll
0x00007ff9592e0000 - 0x00007ff959310000 	C:\WINDOWS\System32\IMM32.DLL
0x00007ff9593f0000 - 0x00007ff95951b000 	C:\WINDOWS\System32\RPCRT4.dll
0x00007ff9578a0000 - 0x00007ff9578dc000 	C:\WINDOWS\SYSTEM32\SspiCli.dll
0x00007ff9502e0000 - 0x00007ff9502ec000 	c:\Users\AP\.vscode\extensions\redhat.java-1.5.0-win32-x64\jre\17.0.2-win32-x86_64\bin\vcruntime140_1.dll
0x00007ff928d20000 - 0x00007ff928db1000 	c:\Users\AP\.vscode\extensions\redhat.java-1.5.0-win32-x64\jre\17.0.2-win32-x86_64\bin\msvcp140.dll
0x00007ff8d9990000 - 0x00007ff8da5d7000 	c:\Users\AP\.vscode\extensions\redhat.java-1.5.0-win32-x64\jre\17.0.2-win32-x86_64\bin\server\jvm.dll
0x00007ff95a160000 - 0x00007ff95a20c000 	C:\WINDOWS\System32\ADVAPI32.dll
0x00007ff95a0c0000 - 0x00007ff95a15c000 	C:\WINDOWS\System32\sechost.dll
0x00007ff959070000 - 0x00007ff959078000 	C:\WINDOWS\System32\PSAPI.DLL
0x00007ff945dd0000 - 0x00007ff945df7000 	C:\WINDOWS\SYSTEM32\WINMM.dll
0x00007ff9401a0000 - 0x00007ff9401a9000 	C:\WINDOWS\SYSTEM32\WSOCK32.dll
0x00007ff9597c0000 - 0x00007ff95982b000 	C:\WINDOWS\System32\WS2_32.dll
0x00007ff945690000 - 0x00007ff94569a000 	C:\WINDOWS\SYSTEM32\VERSION.dll
0x00007ff956320000 - 0x00007ff956332000 	C:\WINDOWS\SYSTEM32\kernel.appcore.dll
0x00007ff950180000 - 0x00007ff95018a000 	c:\Users\AP\.vscode\extensions\redhat.java-1.5.0-win32-x64\jre\17.0.2-win32-x86_64\bin\jimage.dll
0x00007ff9557b0000 - 0x00007ff955994000 	C:\WINDOWS\SYSTEM32\DBGHELP.DLL
0x00007ff93ffd0000 - 0x00007ff93fffc000 	C:\WINDOWS\SYSTEM32\dbgcore.DLL
0x00007ff957e80000 - 0x00007ff957f00000 	C:\WINDOWS\System32\bcryptPrimitives.dll
0x00007ff928e40000 - 0x00007ff928e65000 	c:\Users\AP\.vscode\extensions\redhat.java-1.5.0-win32-x64\jre\17.0.2-win32-x86_64\bin\java.dll
0x00007ff928d00000 - 0x00007ff928d18000 	c:\Users\AP\.vscode\extensions\redhat.java-1.5.0-win32-x64\jre\17.0.2-win32-x86_64\bin\zip.dll
0x00007ff958780000 - 0x00007ff958ec2000 	C:\WINDOWS\System32\SHELL32.dll
0x00007ff955a20000 - 0x00007ff9561b5000 	C:\WINDOWS\SYSTEM32\windows.storage.dll
0x00007ff959830000 - 0x00007ff959b86000 	C:\WINDOWS\System32\combase.dll
0x00007ff957460000 - 0x00007ff95748c000 	C:\WINDOWS\SYSTEM32\Wldp.dll
0x00007ff959080000 - 0x00007ff95912e000 	C:\WINDOWS\System32\SHCORE.dll
0x00007ff95a210000 - 0x00007ff95a265000 	C:\WINDOWS\System32\shlwapi.dll
0x00007ff957920000 - 0x00007ff957946000 	C:\WINDOWS\SYSTEM32\profapi.dll
0x00007ff928ce0000 - 0x00007ff928cf9000 	C:\Users\AP\.vscode\extensions\redhat.java-1.5.0-win32-x64\jre\17.0.2-win32-x86_64\bin\net.dll
0x00007ff94e9f0000 - 0x00007ff94eaf0000 	C:\WINDOWS\SYSTEM32\WINHTTP.dll
0x00007ff9571e0000 - 0x00007ff95724a000 	C:\WINDOWS\system32\mswsock.dll
0x00007ff928cc0000 - 0x00007ff928cd5000 	C:\Users\AP\.vscode\extensions\redhat.java-1.5.0-win32-x64\jre\17.0.2-win32-x86_64\bin\nio.dll
0x00007ff9573b0000 - 0x00007ff9573c8000 	C:\WINDOWS\SYSTEM32\CRYPTSP.dll
0x00007ff956b00000 - 0x00007ff956b34000 	C:\WINDOWS\system32\rsaenh.dll
0x00007ff957e50000 - 0x00007ff957e77000 	C:\WINDOWS\System32\bcrypt.dll
0x00007ff9578e0000 - 0x00007ff95790e000 	C:\WINDOWS\SYSTEM32\USERENV.dll
0x00007ff9573d0000 - 0x00007ff9573dc000 	C:\WINDOWS\SYSTEM32\CRYPTBASE.dll
0x00007ff956e80000 - 0x00007ff956ebb000 	C:\WINDOWS\SYSTEM32\IPHLPAPI.DLL
0x00007ff958ed0000 - 0x00007ff958ed8000 	C:\WINDOWS\System32\NSI.dll
0x00007ff94f3a0000 - 0x00007ff94f3b7000 	C:\WINDOWS\SYSTEM32\dhcpcsvc6.DLL
0x00007ff94f290000 - 0x00007ff94f2ad000 	C:\WINDOWS\SYSTEM32\dhcpcsvc.DLL
0x00007ff956ed0000 - 0x00007ff956f9b000 	C:\WINDOWS\SYSTEM32\DNSAPI.dll
0x00007ff910060000 - 0x00007ff91009e000 	C:\Users\AP\AppData\Roaming\Code\User\globalStorage\redhat.java\1.5.0\config_win\org.eclipse.equinox.launcher\org.eclipse.equinox.launcher.win32.win32.x86_64_1.2.400.v20211117-0650\eclipse_11602.dll
0x00007ff959f90000 - 0x00007ff95a0ba000 	C:\WINDOWS\System32\ole32.dll
0x00007ff94ad70000 - 0x00007ff94ad80000 	c:\Users\AP\.vscode\extensions\redhat.java-1.5.0-win32-x64\jre\17.0.2-win32-x86_64\bin\verify.dll
0x00007ff907940000 - 0x00007ff907984000 	C:\Users\AP\AppData\Local\Temp\jna-2095\jna9018412215599787847.dll

dbghelp: loaded successfully - version: 4.0.5 - missing functions: none
symbol engine: initialized successfully - sym options: 0x614 - pdb path: .;c:\Users\AP\.vscode\extensions\redhat.java-1.5.0-win32-x64\jre\17.0.2-win32-x86_64\bin;C:\WINDOWS\SYSTEM32;C:\WINDOWS\WinSxS\amd64_microsoft.windows.common-controls_6595b64144ccf1df_6.0.19041.488_none_ca04af081b815d21;c:\Users\AP\.vscode\extensions\redhat.java-1.5.0-win32-x64\jre\17.0.2-win32-x86_64\bin\server;C:\Users\AP\AppData\Roaming\Code\User\globalStorage\redhat.java\1.5.0\config_win\org.eclipse.equinox.launcher\org.eclipse.equinox.launcher.win32.win32.x86_64_1.2.400.v20211117-0650;C:\Users\AP\AppData\Local\Temp\jna-2095

VM Arguments:
jvm_args: --add-modules=ALL-SYSTEM --add-opens=java.base/java.util=ALL-UNNAMED --add-opens=java.base/java.lang=ALL-UNNAMED --add-opens=java.base/sun.nio.fs=ALL-UNNAMED -Declipse.application=org.eclipse.jdt.ls.core.id1 -Dosgi.bundles.defaultStartLevel=4 -Declipse.product=org.eclipse.jdt.ls.core.product -Djava.import.generatesMetadataFilesAtProjectRoot=false -Dfile.encoding=utf8 -DwatchParentProcess=false -XX:+UseParallelGC -XX:GCTimeRatio=4 -XX:AdaptiveSizePolicyWeight=90 -Dsun.zip.disableMemoryMapping=true -Xmx1G -Xms100m -XX:+HeapDumpOnOutOfMemoryError -XX:HeapDumpPath=c:\Users\AP\AppData\Roaming\Code\User\workspaceStorage\119a1ddabada37eb9582ddd6191118fb\redhat.java 
java_command: c:\Users\AP\.vscode\extensions\redhat.java-1.5.0-win32-x64\server\plugins\org.eclipse.equinox.launcher_1.6.400.v20210924-0641.jar -configuration c:\Users\AP\AppData\Roaming\Code\User\globalStorage\redhat.java\1.5.0\config_win -data c:\Users\AP\AppData\Roaming\Code\User\workspaceStorage\119a1ddabada37eb9582ddd6191118fb\redhat.java\jdt_ws
java_class_path (initial): c:\Users\AP\.vscode\extensions\redhat.java-1.5.0-win32-x64\server\plugins\org.eclipse.equinox.launcher_1.6.400.v20210924-0641.jar
Launcher Type: SUN_STANDARD

[Global flags]
    uintx AdaptiveSizePolicyWeight                 = 90                                        {product} {command line}
     intx CICompilerCount                          = 3                                         {product} {ergonomic}
    uintx GCTimeRatio                              = 4                                         {product} {command line}
     bool HeapDumpOnOutOfMemoryError               = true                                   {manageable} {command line}
    ccstr HeapDumpPath                             = c:\Users\AP\AppData\Roaming\Code\User\workspaceStorage\119a1ddabada37eb9582ddd6191118fb\redhat.java         {manageable} {command line}
   size_t InitialHeapSize                          = 104857600                                 {product} {command line}
   size_t MaxHeapSize                              = 1073741824                                {product} {command line}
   size_t MaxNewSize                               = 357564416                                 {product} {ergonomic}
   size_t MinHeapDeltaBytes                        = 524288                                    {product} {ergonomic}
   size_t MinHeapSize                              = 104857600                                 {product} {command line}
   size_t NewSize                                  = 34603008                                  {product} {ergonomic}
    uintx NonNMethodCodeHeapSize                   = 5832780                                {pd product} {ergonomic}
    uintx NonProfiledCodeHeapSize                  = 122912730                              {pd product} {ergonomic}
   size_t OldSize                                  = 70254592                                  {product} {ergonomic}
    uintx ProfiledCodeHeapSize                     = 122912730                              {pd product} {ergonomic}
    uintx ReservedCodeCacheSize                    = 251658240                              {pd product} {ergonomic}
     bool SegmentedCodeCache                       = true                                      {product} {ergonomic}
   size_t SoftMaxHeapSize                          = 1073741824                             {manageable} {ergonomic}
     bool UseCompressedClassPointers               = true                           {product lp64_product} {ergonomic}
     bool UseCompressedOops                        = true                           {product lp64_product} {ergonomic}
     bool UseLargePagesIndividualAllocation        = false                                  {pd product} {ergonomic}
     bool UseParallelGC                            = true                                      {product} {command line}

Logging:
Log output configuration:
 #0: stdout all=warning uptime,level,tags
 #1: stderr all=off uptime,level,tags

Environment Variables:
JAVA_HOME=C:\Program Files\Java\jdk-17.0.2
PATH=C:\Program Files\Common Files\Oracle\Java\javapath;C:\Program Files (x86)\Common Files\Oracle\Java\javapath;C:\WINDOWS\system32;C:\WINDOWS;C:\WINDOWS\System32\Wbem;C:\WINDOWS\System32\WindowsPowerShell\v1.0\;C:\WINDOWS\System32\OpenSSH\;C:\Program Files\Intel\WiFi\bin\;C:\Program Files\Common Files\Intel\WirelessCommon\;C:\Program Files\PuTTY\;C:\Program Files\Microsoft SQL Server\150\Tools\Binn\;C:\Program Files\Microsoft SQL Server\Client SDK\ODBC\170\Tools\Binn\;C:\Program Files\dotnet\;C:\Program Files\Git\cmd;C:\Program Files\Amazon\AWSCLIV2\;C:\Users\AP\AppData\Local\Microsoft\WindowsApps;C:\Program Files\Intel\WiFi\bin\;C:\Program Files\Common Files\Intel\WirelessCommon\;C:\Users\AP\.dotnet\tools;C:\Users\AP\AppData\Local\Programs\Microsoft VS Code\bin
USERNAME=AP
OS=Windows_NT
PROCESSOR_IDENTIFIER=Intel64 Family 6 Model 58 Stepping 9, GenuineIntel



---------------  S Y S T E M  ---------------

OS:
 Windows 10 , 64 bit Build 19041 (10.0.19041.662)
OS uptime: 45 days 17:21 hours

CPU: total 4 (initial active 4) (2 cores per cpu, 2 threads per core) family 6 model 58 stepping 9 microcode 0x21, cx8, cmov, fxsr, ht, mmx, sse, sse2, sse3, ssse3, sse4.1, sse4.2, popcnt, tsc, tscinvbit, avx, erms, clmul, vzeroupper, clflush

Memory: 4k page, system-wide physical 8052M (1744M free)
TotalPageFile size 32628M (AvailPageFile size 5M)
current process WorkingSet (physical memory assigned to process): 153M, peak: 153M
current process commit charge ("private bytes"): 242M, peak: 243M

vm_info: OpenJDK 64-Bit Server VM (17.0.2+8) for windows-amd64 JRE (17.0.2+8), built on Jan 20 2022 04:52:34 by "" with MS VC++ 16.7 (VS2019)

END.
