#
# There is insufficient memory for the Java Runtime Environment to continue.
# Native memory allocation (malloc) failed to allocate 369968 bytes for Chunk::new
# Possible reasons:
#   The system is out of physical RAM or swap space
#   The process is running with CompressedOops enabled, and the Java Heap may be blocking the growth of the native heap
# Possible solutions:
#   Reduce memory load on the system
#   Increase physical memory or swap space
#   Check if swap backing store is full
#   Decrease Java heap size (-Xmx/-Xms)
#   Decrease number of Java threads
#   Decrease Java thread stack sizes (-Xss)
#   Set larger code cache with -XX:ReservedCodeCacheSize=
#   JVM is running with Unscaled Compressed Oops mode in which the Java heap is
#     placed in the first 4GB address space. The Java Heap base address is the
#     maximum limit for the native heap growth. Please use -XX:HeapBaseMinAddress
#     to set the Java Heap base and to place the Java Heap above 4GB virtual address.
# This output file may be truncated or incomplete.
#
#  Out of Memory Error (arena.cpp:189), pid=1184, tid=18868
#
# JRE version: OpenJDK Runtime Environment Temurin-17.0.2+8 (17.0.2+8) (build 17.0.2+8)
# Java VM: OpenJDK 64-Bit Server VM Temurin-17.0.2+8 (17.0.2+8, mixed mode, tiered, compressed oops, compressed class ptrs, parallel gc, windows-amd64)
# No core dump will be written. Minidumps are not enabled by default on client versions of Windows
#

---------------  S U M M A R Y ------------

Command Line: --add-modules=ALL-SYSTEM --add-opens=java.base/java.util=ALL-UNNAMED --add-opens=java.base/java.lang=ALL-UNNAMED --add-opens=java.base/sun.nio.fs=ALL-UNNAMED -Declipse.application=org.eclipse.jdt.ls.core.id1 -Dosgi.bundles.defaultStartLevel=4 -Declipse.product=org.eclipse.jdt.ls.core.product -Djava.import.generatesMetadataFilesAtProjectRoot=false -Dfile.encoding=utf8 -DwatchParentProcess=false -XX:+UseParallelGC -XX:GCTimeRatio=4 -XX:AdaptiveSizePolicyWeight=90 -Dsun.zip.disableMemoryMapping=true -Xmx1G -Xms100m -XX:+HeapDumpOnOutOfMemoryError -XX:HeapDumpPath=c:\Users\AP\AppData\Roaming\Code\User\workspaceStorage\119a1ddabada37eb9582ddd6191118fb\redhat.java c:\Users\AP\.vscode\extensions\redhat.java-1.5.0-win32-x64\server\plugins\org.eclipse.equinox.launcher_1.6.400.v20210924-0641.jar -configuration c:\Users\AP\AppData\Roaming\Code\User\globalStorage\redhat.java\1.5.0\config_win -data c:\Users\AP\AppData\Roaming\Code\User\workspaceStorage\119a1ddabada37eb9582ddd6191118fb\redhat.java\jdt_ws

Host: Intel(R) Core(TM) i5-3210M CPU @ 2.50GHz, 4 cores, 7G,  Windows 10 , 64 bit Build 19041 (10.0.19041.662)
Time: Sun Apr 24 12:18:19 2022 Eastern Daylight Time elapsed time: 13.793728 seconds (0d 0h 0m 13s)

---------------  T H R E A D  ---------------

Current thread (0x000001c5f36b8e60):  JavaThread "C2 CompilerThread0" daemon [_thread_in_native, id=18868, stack(0x0000001d60b00000,0x0000001d60c00000)]


Current CompileTask:
C2:  13793 3214       4       org.eclipse.osgi.framework.util.CaseInsensitiveDictionaryMap::findCommonKeyIndex (930 bytes)

Stack: [0x0000001d60b00000,0x0000001d60c00000]
Native frames: (J=compiled Java code, j=interpreted, Vv=VM code, C=native code)
V  [jvm.dll+0x67564a]
V  [jvm.dll+0x82fc04]
V  [jvm.dll+0x8313ae]
V  [jvm.dll+0x831a13]
V  [jvm.dll+0x245235]
V  [jvm.dll+0xabd7b]
V  [jvm.dll+0xac30c]
V  [jvm.dll+0x3631f7]
V  [jvm.dll+0x32d891]
V  [jvm.dll+0x32cd3a]
V  [jvm.dll+0x2180d1]
V  [jvm.dll+0x2174f1]
V  [jvm.dll+0x1a3a8d]
V  [jvm.dll+0x226ef8]
V  [jvm.dll+0x22503c]
V  [jvm.dll+0x7e596b]
V  [jvm.dll+0x7dff2a]
V  [jvm.dll+0x6744d5]
C  [ucrtbase.dll+0x214c2]
C  [KERNEL32.DLL+0x17034]
C  [ntdll.dll+0x4d0d1]


---------------  P R O C E S S  ---------------

Threads class SMR info:
_java_thread_list=0x000001c5f77979d0, length=28, elements={
0x000001c5df8803d0, 0x000001c5f3690760, 0x000001c5f36914e0, 0x000001c5f36b3040,
0x000001c5f36b3dc0, 0x000001c5f36b7900, 0x000001c5f36b81c0, 0x000001c5f36b8e60,
0x000001c5f36cd0c0, 0x000001c5f36fd0d0, 0x000001c5df9418b0, 0x000001c5f519bbf0,
0x000001c5f56f93e0, 0x000001c5f561a680, 0x000001c5f561ab50, 0x000001c5f561b020,
0x000001c5f563f440, 0x000001c5f54f7d40, 0x000001c5f550a4d0, 0x000001c5f590c530,
0x000001c5f590ad20, 0x000001c5f590b6c0, 0x000001c5f590bb90, 0x000001c5f590c060,
0x000001c5f7752210, 0x000001c5f77543c0, 0x000001c5f7752bb0, 0x000001c5f7753080
}

Java Threads: ( => current thread )
  0x000001c5df8803d0 JavaThread "main" [_thread_blocked, id=10080, stack(0x0000001d60200000,0x0000001d60300000)]
  0x000001c5f3690760 JavaThread "Reference Handler" daemon [_thread_blocked, id=2880, stack(0x0000001d60500000,0x0000001d60600000)]
  0x000001c5f36914e0 JavaThread "Finalizer" daemon [_thread_blocked, id=15948, stack(0x0000001d60600000,0x0000001d60700000)]
  0x000001c5f36b3040 JavaThread "Signal Dispatcher" daemon [_thread_blocked, id=11684, stack(0x0000001d60700000,0x0000001d60800000)]
  0x000001c5f36b3dc0 JavaThread "Attach Listener" daemon [_thread_blocked, id=6132, stack(0x0000001d60800000,0x0000001d60900000)]
  0x000001c5f36b7900 JavaThread "Service Thread" daemon [_thread_blocked, id=18896, stack(0x0000001d60900000,0x0000001d60a00000)]
  0x000001c5f36b81c0 JavaThread "Monitor Deflation Thread" daemon [_thread_blocked, id=17388, stack(0x0000001d60a00000,0x0000001d60b00000)]
=>0x000001c5f36b8e60 JavaThread "C2 CompilerThread0" daemon [_thread_in_native, id=18868, stack(0x0000001d60b00000,0x0000001d60c00000)]
  0x000001c5f36cd0c0 JavaThread "C1 CompilerThread0" daemon [_thread_blocked, id=22768, stack(0x0000001d60c00000,0x0000001d60d00000)]
  0x000001c5f36fd0d0 JavaThread "Sweeper thread" daemon [_thread_blocked, id=8732, stack(0x0000001d60d00000,0x0000001d60e00000)]
  0x000001c5df9418b0 JavaThread "Common-Cleaner" daemon [_thread_blocked, id=9640, stack(0x0000001d60e00000,0x0000001d60f00000)]
  0x000001c5f519bbf0 JavaThread "Notification Thread" daemon [_thread_blocked, id=19564, stack(0x0000001d60f00000,0x0000001d61000000)]
  0x000001c5f56f93e0 JavaThread "Equinox resolver thread - Equinox Container: ecda229f-1e8f-4286-bbf2-5e6ff0add27c" daemon [_thread_blocked, id=14940, stack(0x0000001d61100000,0x0000001d61200000)]
  0x000001c5f561a680 JavaThread "Equinox resolver thread - Equinox Container: ecda229f-1e8f-4286-bbf2-5e6ff0add27c" daemon [_thread_blocked, id=13996, stack(0x0000001d61200000,0x0000001d61300000)]
  0x000001c5f561ab50 JavaThread "Equinox resolver thread - Equinox Container: ecda229f-1e8f-4286-bbf2-5e6ff0add27c" daemon [_thread_blocked, id=20980, stack(0x0000001d61300000,0x0000001d61400000)]
  0x000001c5f561b020 JavaThread "Equinox resolver thread - Equinox Container: ecda229f-1e8f-4286-bbf2-5e6ff0add27c" daemon [_thread_blocked, id=13904, stack(0x0000001d61400000,0x0000001d61500000)]
  0x000001c5f563f440 JavaThread "Active Thread: Equinox Container: ecda229f-1e8f-4286-bbf2-5e6ff0add27c" [_thread_blocked, id=19420, stack(0x0000001d61500000,0x0000001d61600000)]
  0x000001c5f54f7d40 JavaThread "Framework Event Dispatcher: Equinox Container: ecda229f-1e8f-4286-bbf2-5e6ff0add27c" daemon [_thread_blocked, id=3544, stack(0x0000001d61900000,0x0000001d61a00000)]
  0x000001c5f550a4d0 JavaThread "Start Level: Equinox Container: ecda229f-1e8f-4286-bbf2-5e6ff0add27c" daemon [_thread_blocked, id=24008, stack(0x0000001d61a00000,0x0000001d61b00000)]
  0x000001c5f590c530 JavaThread "Refresh Thread: Equinox Container: ecda229f-1e8f-4286-bbf2-5e6ff0add27c" daemon [_thread_blocked, id=12540, stack(0x0000001d61b00000,0x0000001d61c00000)]
  0x000001c5f590ad20 JavaThread "SCR Component Actor" daemon [_thread_blocked, id=12968, stack(0x0000001d61d00000,0x0000001d61e00000)]
  0x000001c5f590b6c0 JavaThread "Timer-0" [_thread_blocked, id=15712, stack(0x0000001d61e00000,0x0000001d61f00000)]
  0x000001c5f590bb90 JavaThread "Worker-JM" [_thread_blocked, id=16776, stack(0x0000001d61c00000,0x0000001d61d00000)]
  0x000001c5f590c060 JavaThread "Worker-0" [_thread_blocked, id=4204, stack(0x0000001d61f00000,0x0000001d62000000)]
  0x000001c5f7752210 JavaThread "Worker-1" [_thread_in_vm, id=20336, stack(0x0000001d62000000,0x0000001d62100000)]
  0x000001c5f77543c0 JavaThread "Java indexing" daemon [_thread_blocked, id=8120, stack(0x0000001d62100000,0x0000001d62200000)]
  0x000001c5f7752bb0 JavaThread "Bundle File Closer" daemon [_thread_blocked, id=10880, stack(0x0000001d62200000,0x0000001d62300000)]
  0x000001c5f7753080 JavaThread "pool-2-thread-1" [_thread_in_vm, id=18088, stack(0x0000001d62300000,0x0000001d62400000)]

Other Threads:
  0x000001c5f3678050 VMThread "VM Thread" [stack: 0x0000001d60400000,0x0000001d60500000] [id=9320]
  0x000001c5f519c0c0 WatcherThread [stack: 0x0000001d61000000,0x0000001d61100000] [id=5828]
  0x000001c5df8986f0 GCTaskThread "GC Thread#0" [stack: 0x0000001d60300000,0x0000001d60400000] [id=19276]
  0x000001c5f52e7aa0 GCTaskThread "GC Thread#1" [stack: 0x0000001d61600000,0x0000001d61700000] [id=11956]
  0x000001c5f5675e70 GCTaskThread "GC Thread#2" [stack: 0x0000001d61700000,0x0000001d61800000] [id=21004]
  0x000001c5f5676120 GCTaskThread "GC Thread#3" [stack: 0x0000001d61800000,0x0000001d61900000] [id=5992]

Threads with active compile tasks:
C2 CompilerThread0    13903 3214       4       org.eclipse.osgi.framework.util.CaseInsensitiveDictionaryMap::findCommonKeyIndex (930 bytes)

VM state: not at safepoint (normal execution)

VM Mutex/Monitor currently owned by a thread:  ([mutex/lock_event])
[0x000001c5df87a660] Metaspace_lock - owner thread: 0x000001c5f7753080

Heap address: 0x00000000c0000000, size: 1024 MB, Compressed Oops mode: 32-bit

CDS archive(s) not mapped
Compressed class space mapped at: 0x0000000100000000-0x0000000140000000, reserved size: 1073741824
Narrow klass base: 0x0000000000000000, Narrow klass shift: 3, Narrow klass range: 0x140000000

GC Precious Log:
 CPUs: 4 total, 4 available
 Memory: 8052M
 Large Page Support: Disabled
 NUMA Support: Disabled
 Compressed Oops: Enabled (32-bit)
 Alignments: Space 512K, Generation 512K, Heap 2M
 Heap Min Capacity: 100M
 Heap Initial Capacity: 100M
 Heap Max Capacity: 1G
 Pre-touch: Disabled
 Parallel Workers: 4

Heap:
 PSYoungGen      total 27136K, used 16781K [0x00000000eab00000, 0x00000000ec980000, 0x0000000100000000)
  eden space 25088K, 59% used [0x00000000eab00000,0x00000000eb9a7168,0x00000000ec380000)
  from space 2048K, 86% used [0x00000000ec400000,0x00000000ec5bc688,0x00000000ec600000)
  to   space 3072K, 0% used [0x00000000ec680000,0x00000000ec680000,0x00000000ec980000)
 ParOldGen       total 68608K, used 9472K [0x00000000c0000000, 0x00000000c4300000, 0x00000000eab00000)
  object space 68608K, 13% used [0x00000000c0000000,0x00000000c09401c8,0x00000000c4300000)
 Metaspace       used 33579K, committed 34240K, reserved 1081344K
  class space    used 3492K, committed 3712K, reserved 1048576K

Card table byte_map: [0x000001c5df230000,0x000001c5df440000] _byte_map_base: 0x000001c5dec30000

Marking Bits: (ParMarkBitMap*) 0x00007ff8da513af0
 Begin Bits: [0x000001c5f1500000, 0x000001c5f2500000)
 End Bits:   [0x000001c5f2500000, 0x000001c5f3500000)

Polling page: 0x000001c5dd800000

Metaspace:

Usage:
  Non-class:     29.38 MB used.
      Class:      3.41 MB used.
       Both:     32.79 MB used.

Virtual space:
  Non-class space:       32.00 MB reserved,      29.81 MB ( 93%) committed,  4 nodes.
      Class space:        1.00 GB reserved,       3.62 MB ( <1%) committed,  1 nodes.
             Both:        1.03 GB reserved,      33.44 MB (  3%) committed. 

Chunk freelists:
   Non-Class:  1.47 MB
       Class:  368.00 KB
        Both:  1.83 MB

MaxMetaspaceSize: unlimited
CompressedClassSpaceSize: 1.00 GB
Initial GC threshold: 21.00 MB
Current GC threshold: 35.00 MB
CDS: off
MetaspaceReclaimPolicy: balanced
 - commit_granule_bytes: 65536.
 - commit_granule_words: 8192.
 - virtual_space_node_default_size: 1048576.
 - enlarge_chunks_in_place: 1.
 - new_chunks_are_fully_committed: 0.
 - uncommit_free_chunks: 1.
 - use_allocation_guard: 0.
 - handle_deallocations: 1.


Internal statistics:

num_allocs_failed_limit: 3.
num_arena_births: 204.
num_arena_deaths: 0.
num_vsnodes_births: 5.
num_vsnodes_deaths: 0.
num_space_committed: 535.
num_space_uncommitted: 0.
num_chunks_returned_to_freelist: 3.
num_chunks_taken_from_freelist: 1175.
num_chunk_merges: 3.
num_chunk_splits: 808.
num_chunks_enlarged: 593.
num_purges: 0.
num_inconsistent_stats: 0.

CodeHeap 'non-profiled nmethods': size=120000Kb used=1237Kb max_used=1237Kb free=118762Kb
 bounds [0x000001c5e9fd0000, 0x000001c5ea240000, 0x000001c5f1500000]
CodeHeap 'profiled nmethods': size=120000Kb used=6801Kb max_used=6801Kb free=113198Kb
 bounds [0x000001c5e2aa0000, 0x000001c5e3150000, 0x000001c5e9fd0000]
CodeHeap 'non-nmethods': size=5760Kb used=1244Kb max_used=1269Kb free=4515Kb
 bounds [0x000001c5e2500000, 0x000001c5e2770000, 0x000001c5e2aa0000]
 total_blobs=3771 nmethods=3211 adapters=474
 compilation: enabled
              stopped_count=0, restarted_count=0
 full_count=0

Compilation events (20 events):
Event: 13.716 Thread 0x000001c5f36cd0c0 nmethod 3206 0x000001c5e313c690 code [0x000001c5e313c820, 0x000001c5e313c9d8]
Event: 13.716 Thread 0x000001c5f36cd0c0 3207       3       jdk.internal.org.objectweb.asm.ClassWriter::visitField (53 bytes)
Event: 13.716 Thread 0x000001c5f36cd0c0 nmethod 3207 0x000001c5e313ca90 code [0x000001c5e313cc40, 0x000001c5e313cec8]
Event: 13.716 Thread 0x000001c5f36cd0c0 3208       3       jdk.internal.org.objectweb.asm.MethodWriter::visitLdcInsn (215 bytes)
Event: 13.718 Thread 0x000001c5f36cd0c0 nmethod 3208 0x000001c5e313d010 code [0x000001c5e313d280, 0x000001c5e313dda8]
Event: 13.718 Thread 0x000001c5f36cd0c0 3209       3       jdk.internal.org.objectweb.asm.SymbolTable::addConstant (330 bytes)
Event: 13.721 Thread 0x000001c5f36cd0c0 nmethod 3209 0x000001c5e313e210 code [0x000001c5e313e780, 0x000001c5e31417d8]
Event: 13.721 Thread 0x000001c5f36cd0c0 3210       3       jdk.internal.org.objectweb.asm.FieldWriter::computeFieldInfoSize (86 bytes)
Event: 13.721 Thread 0x000001c5f36cd0c0 nmethod 3210 0x000001c5e3142110 code [0x000001c5e31422e0, 0x000001c5e31425b8]
Event: 13.722 Thread 0x000001c5f36cd0c0 3211       3       java.lang.PublicMethods$MethodList::filter (104 bytes)
Event: 13.723 Thread 0x000001c5f36cd0c0 nmethod 3211 0x000001c5e3142710 code [0x000001c5e3142940, 0x000001c5e31432b8]
Event: 13.725 Thread 0x000001c5f36cd0c0 3212       1       java.util.logging.LogManager$LoggerContext::getOwner (5 bytes)
Event: 13.725 Thread 0x000001c5f36cd0c0 nmethod 3212 0x000001c5ea105490 code [0x000001c5ea105620, 0x000001c5ea1056f8]
Event: 13.730 Thread 0x000001c5f36cd0c0 3213       3       java.lang.AbstractStringBuilder::insert (54 bytes)
Event: 13.731 Thread 0x000001c5f36cd0c0 nmethod 3213 0x000001c5e3143790 code [0x000001c5e3143980, 0x000001c5e3143cf8]
Event: 13.750 Thread 0x000001c5f36b8e60 3214       4       org.eclipse.osgi.framework.util.CaseInsensitiveDictionaryMap::findCommonKeyIndex (930 bytes)
Event: 13.761 Thread 0x000001c5f36cd0c0 3215       3       java.lang.ModuleLayer::boot (4 bytes)
Event: 13.761 Thread 0x000001c5f36cd0c0 nmethod 3215 0x000001c5e3143e90 code [0x000001c5e3144020, 0x000001c5e3144118]
Event: 13.762 Thread 0x000001c5f36cd0c0 3216       3       java.nio.CharBuffer::hasArray (20 bytes)
Event: 13.763 Thread 0x000001c5f36cd0c0 nmethod 3216 0x000001c5e3144190 code [0x000001c5e3144320, 0x000001c5e31444d8]

GC Heap History (12 events):
Event: 7.227 GC heap before
{Heap before GC invocations=1 (full 0):
 PSYoungGen      total 29696K, used 25600K [0x00000000eab00000, 0x00000000ecc00000, 0x0000000100000000)
  eden space 25600K, 100% used [0x00000000eab00000,0x00000000ec400000,0x00000000ec400000)
  from space 4096K, 0% used [0x00000000ec800000,0x00000000ec800000,0x00000000ecc00000)
  to   space 4096K, 0% used [0x00000000ec400000,0x00000000ec400000,0x00000000ec800000)
 ParOldGen       total 68608K, used 0K [0x00000000c0000000, 0x00000000c4300000, 0x00000000eab00000)
  object space 68608K, 0% used [0x00000000c0000000,0x00000000c0000000,0x00000000c4300000)
 Metaspace       used 12956K, committed 13120K, reserved 1064960K
  class space    used 1317K, committed 1408K, reserved 1048576K
}
Event: 7.324 GC heap after
{Heap after GC invocations=1 (full 0):
 PSYoungGen      total 29696K, used 3304K [0x00000000eab00000, 0x00000000ecc00000, 0x0000000100000000)
  eden space 25600K, 0% used [0x00000000eab00000,0x00000000eab00000,0x00000000ec400000)
  from space 4096K, 80% used [0x00000000ec400000,0x00000000ec73a2f8,0x00000000ec800000)
  to   space 4096K, 0% used [0x00000000ec800000,0x00000000ec800000,0x00000000ecc00000)
 ParOldGen       total 68608K, used 0K [0x00000000c0000000, 0x00000000c4300000, 0x00000000eab00000)
  object space 68608K, 0% used [0x00000000c0000000,0x00000000c0000000,0x00000000c4300000)
 Metaspace       used 12956K, committed 13120K, reserved 1064960K
  class space    used 1317K, committed 1408K, reserved 1048576K
}
Event: 8.654 GC heap before
{Heap before GC invocations=2 (full 0):
 PSYoungGen      total 29696K, used 28904K [0x00000000eab00000, 0x00000000ecc00000, 0x0000000100000000)
  eden space 25600K, 100% used [0x00000000eab00000,0x00000000ec400000,0x00000000ec400000)
  from space 4096K, 80% used [0x00000000ec400000,0x00000000ec73a2f8,0x00000000ec800000)
  to   space 4096K, 0% used [0x00000000ec800000,0x00000000ec800000,0x00000000ecc00000)
 ParOldGen       total 68608K, used 0K [0x00000000c0000000, 0x00000000c4300000, 0x00000000eab00000)
  object space 68608K, 0% used [0x00000000c0000000,0x00000000c0000000,0x00000000c4300000)
 Metaspace       used 13453K, committed 13696K, reserved 1064960K
  class space    used 1356K, committed 1472K, reserved 1048576K
}
Event: 8.667 GC heap after
{Heap after GC invocations=2 (full 0):
 PSYoungGen      total 29696K, used 4071K [0x00000000eab00000, 0x00000000ecc00000, 0x0000000100000000)
  eden space 25600K, 0% used [0x00000000eab00000,0x00000000eab00000,0x00000000ec400000)
  from space 4096K, 99% used [0x00000000ec800000,0x00000000ecbf9fb0,0x00000000ecc00000)
  to   space 4096K, 0% used [0x00000000ec400000,0x00000000ec400000,0x00000000ec800000)
 ParOldGen       total 68608K, used 3907K [0x00000000c0000000, 0x00000000c4300000, 0x00000000eab00000)
  object space 68608K, 5% used [0x00000000c0000000,0x00000000c03d0de0,0x00000000c4300000)
 Metaspace       used 13453K, committed 13696K, reserved 1064960K
  class space    used 1356K, committed 1472K, reserved 1048576K
}
Event: 10.943 GC heap before
{Heap before GC invocations=3 (full 0):
 PSYoungGen      total 29696K, used 29669K [0x00000000eab00000, 0x00000000ecc00000, 0x0000000100000000)
  eden space 25600K, 99% used [0x00000000eab00000,0x00000000ec3ff7b8,0x00000000ec400000)
  from space 4096K, 99% used [0x00000000ec800000,0x00000000ecbf9fb0,0x00000000ecc00000)
  to   space 4096K, 0% used [0x00000000ec400000,0x00000000ec400000,0x00000000ec800000)
 ParOldGen       total 68608K, used 3907K [0x00000000c0000000, 0x00000000c4300000, 0x00000000eab00000)
  object space 68608K, 5% used [0x00000000c0000000,0x00000000c03d0de0,0x00000000c4300000)
 Metaspace       used 20095K, committed 20480K, reserved 1073152K
  class space    used 2031K, committed 2176K, reserved 1048576K
}
Event: 10.956 GC heap after
{Heap after GC invocations=3 (full 0):
 PSYoungGen      total 29696K, used 4093K [0x00000000eab00000, 0x00000000ecc00000, 0x0000000100000000)
  eden space 25600K, 0% used [0x00000000eab00000,0x00000000eab00000,0x00000000ec400000)
  from space 4096K, 99% used [0x00000000ec400000,0x00000000ec7ff7c0,0x00000000ec800000)
  to   space 4096K, 0% used [0x00000000ec800000,0x00000000ec800000,0x00000000ecc00000)
 ParOldGen       total 68608K, used 9355K [0x00000000c0000000, 0x00000000c4300000, 0x00000000eab00000)
  object space 68608K, 13% used [0x00000000c0000000,0x00000000c0922f48,0x00000000c4300000)
 Metaspace       used 20095K, committed 20480K, reserved 1073152K
  class space    used 2031K, committed 2176K, reserved 1048576K
}
Event: 11.072 GC heap before
{Heap before GC invocations=4 (full 0):
 PSYoungGen      total 29696K, used 6773K [0x00000000eab00000, 0x00000000ecc00000, 0x0000000100000000)
  eden space 25600K, 10% used [0x00000000eab00000,0x00000000ead9de50,0x00000000ec400000)
  from space 4096K, 99% used [0x00000000ec400000,0x00000000ec7ff7c0,0x00000000ec800000)
  to   space 4096K, 0% used [0x00000000ec800000,0x00000000ec800000,0x00000000ecc00000)
 ParOldGen       total 68608K, used 9355K [0x00000000c0000000, 0x00000000c4300000, 0x00000000eab00000)
  object space 68608K, 13% used [0x00000000c0000000,0x00000000c0922f48,0x00000000c4300000)
 Metaspace       used 21127K, committed 21504K, reserved 1073152K
  class space    used 2127K, committed 2304K, reserved 1048576K
}
Event: 11.077 GC heap after
{Heap after GC invocations=4 (full 0):
 PSYoungGen      total 29696K, used 4066K [0x00000000eab00000, 0x00000000ecc00000, 0x0000000100000000)
  eden space 25600K, 0% used [0x00000000eab00000,0x00000000eab00000,0x00000000ec400000)
  from space 4096K, 99% used [0x00000000ec800000,0x00000000ecbf8a08,0x00000000ecc00000)
  to   space 4096K, 0% used [0x00000000ec400000,0x00000000ec400000,0x00000000ec800000)
 ParOldGen       total 68608K, used 9499K [0x00000000c0000000, 0x00000000c4300000, 0x00000000eab00000)
  object space 68608K, 13% used [0x00000000c0000000,0x00000000c0946f48,0x00000000c4300000)
 Metaspace       used 21127K, committed 21504K, reserved 1073152K
  class space    used 2127K, committed 2304K, reserved 1048576K
}
Event: 11.077 GC heap before
{Heap before GC invocations=5 (full 1):
 PSYoungGen      total 29696K, used 4066K [0x00000000eab00000, 0x00000000ecc00000, 0x0000000100000000)
  eden space 25600K, 0% used [0x00000000eab00000,0x00000000eab00000,0x00000000ec400000)
  from space 4096K, 99% used [0x00000000ec800000,0x00000000ecbf8a08,0x00000000ecc00000)
  to   space 4096K, 0% used [0x00000000ec400000,0x00000000ec400000,0x00000000ec800000)
 ParOldGen       total 68608K, used 9499K [0x00000000c0000000, 0x00000000c4300000, 0x00000000eab00000)
  object space 68608K, 13% used [0x00000000c0000000,0x00000000c0946f48,0x00000000c4300000)
 Metaspace       used 21127K, committed 21504K, reserved 1073152K
  class space    used 2127K, committed 2304K, reserved 1048576K
}
Event: 11.110 GC heap after
{Heap after GC invocations=5 (full 1):
 PSYoungGen      total 29696K, used 0K [0x00000000eab00000, 0x00000000ecc00000, 0x0000000100000000)
  eden space 25600K, 0% used [0x00000000eab00000,0x00000000eab00000,0x00000000ec400000)
  from space 4096K, 0% used [0x00000000ec800000,0x00000000ec800000,0x00000000ecc00000)
  to   space 4096K, 0% used [0x00000000ec400000,0x00000000ec400000,0x00000000ec800000)
 ParOldGen       total 68608K, used 9464K [0x00000000c0000000, 0x00000000c4300000, 0x00000000eab00000)
  object space 68608K, 13% used [0x00000000c0000000,0x00000000c093e1c8,0x00000000c4300000)
 Metaspace       used 21127K, committed 21504K, reserved 1073152K
  class space    used 2127K, committed 2304K, reserved 1048576K
}
Event: 12.574 GC heap before
{Heap before GC invocations=6 (full 1):
 PSYoungGen      total 29696K, used 25600K [0x00000000eab00000, 0x00000000ecc00000, 0x0000000100000000)
  eden space 25600K, 100% used [0x00000000eab00000,0x00000000ec400000,0x00000000ec400000)
  from space 4096K, 0% used [0x00000000ec800000,0x00000000ec800000,0x00000000ecc00000)
  to   space 4096K, 0% used [0x00000000ec400000,0x00000000ec400000,0x00000000ec800000)
 ParOldGen       total 68608K, used 9464K [0x00000000c0000000, 0x00000000c4300000, 0x00000000eab00000)
  object space 68608K, 13% used [0x00000000c0000000,0x00000000c093e1c8,0x00000000c4300000)
 Metaspace       used 28330K, committed 28864K, reserved 1081344K
  class space    used 2780K, committed 3008K, reserved 1048576K
}
Event: 12.576 GC heap after
{Heap after GC invocations=6 (full 1):
 PSYoungGen      total 27136K, used 1777K [0x00000000eab00000, 0x00000000ec980000, 0x0000000100000000)
  eden space 25088K, 0% used [0x00000000eab00000,0x00000000eab00000,0x00000000ec380000)
  from space 2048K, 86% used [0x00000000ec400000,0x00000000ec5bc688,0x00000000ec600000)
  to   space 3072K, 0% used [0x00000000ec680000,0x00000000ec680000,0x00000000ec980000)
 ParOldGen       total 68608K, used 9472K [0x00000000c0000000, 0x00000000c4300000, 0x00000000eab00000)
  object space 68608K, 13% used [0x00000000c0000000,0x00000000c09401c8,0x00000000c4300000)
 Metaspace       used 28330K, committed 28864K, reserved 1081344K
  class space    used 2780K, committed 3008K, reserved 1048576K
}

Deoptimization events (20 events):
Event: 13.340 Thread 0x000001c5df8803d0 Uncommon trap: trap_request=0xffffff45 fr.pc=0x000001c5ea0e55b8 relative=0x0000000000000e58
Event: 13.340 Thread 0x000001c5df8803d0 Uncommon trap: reason=unstable_if action=reinterpret pc=0x000001c5ea0e55b8 method=java.util.Properties.loadConvert([CIILjava/lang/StringBuilder;)Ljava/lang/String; @ 477 c2
Event: 13.340 Thread 0x000001c5df8803d0 DEOPT PACKING pc=0x000001c5ea0e55b8 sp=0x0000001d602f9030
Event: 13.340 Thread 0x000001c5df8803d0 DEOPT UNPACKING pc=0x000001c5e25520a3 sp=0x0000001d602f9020 mode 2
Event: 13.644 Thread 0x000001c5df8803d0 Uncommon trap: trap_request=0xffffffde fr.pc=0x000001c5ea101bac relative=0x000000000000010c
Event: 13.644 Thread 0x000001c5df8803d0 Uncommon trap: reason=class_check action=maybe_recompile pc=0x000001c5ea101bac method=jdk.internal.misc.Unsafe.allocateUninitializedArray(Ljava/lang/Class;I)Ljava/lang/Object; @ 51 c2
Event: 13.644 Thread 0x000001c5df8803d0 DEOPT PACKING pc=0x000001c5ea101bac sp=0x0000001d602fd180
Event: 13.644 Thread 0x000001c5df8803d0 DEOPT UNPACKING pc=0x000001c5e25520a3 sp=0x0000001d602fd108 mode 2
Event: 13.645 Thread 0x000001c5df8803d0 Uncommon trap: trap_request=0xffffffde fr.pc=0x000001c5ea101bac relative=0x000000000000010c
Event: 13.645 Thread 0x000001c5df8803d0 Uncommon trap: reason=class_check action=maybe_recompile pc=0x000001c5ea101bac method=jdk.internal.misc.Unsafe.allocateUninitializedArray(Ljava/lang/Class;I)Ljava/lang/Object; @ 51 c2
Event: 13.645 Thread 0x000001c5df8803d0 DEOPT PACKING pc=0x000001c5ea101bac sp=0x0000001d602fb1d0
Event: 13.645 Thread 0x000001c5df8803d0 DEOPT UNPACKING pc=0x000001c5e25520a3 sp=0x0000001d602fb158 mode 2
Event: 13.646 Thread 0x000001c5df8803d0 Uncommon trap: trap_request=0xffffffde fr.pc=0x000001c5ea101bac relative=0x000000000000010c
Event: 13.646 Thread 0x000001c5df8803d0 Uncommon trap: reason=class_check action=maybe_recompile pc=0x000001c5ea101bac method=jdk.internal.misc.Unsafe.allocateUninitializedArray(Ljava/lang/Class;I)Ljava/lang/Object; @ 51 c2
Event: 13.646 Thread 0x000001c5df8803d0 DEOPT PACKING pc=0x000001c5ea101bac sp=0x0000001d602f9c80
Event: 13.646 Thread 0x000001c5df8803d0 DEOPT UNPACKING pc=0x000001c5e25520a3 sp=0x0000001d602f9c08 mode 2
Event: 13.647 Thread 0x000001c5df8803d0 Uncommon trap: trap_request=0xffffffde fr.pc=0x000001c5ea101bac relative=0x000000000000010c
Event: 13.647 Thread 0x000001c5df8803d0 Uncommon trap: reason=class_check action=maybe_recompile pc=0x000001c5ea101bac method=jdk.internal.misc.Unsafe.allocateUninitializedArray(Ljava/lang/Class;I)Ljava/lang/Object; @ 51 c2
Event: 13.647 Thread 0x000001c5df8803d0 DEOPT PACKING pc=0x000001c5ea101bac sp=0x0000001d602fd120
Event: 13.647 Thread 0x000001c5df8803d0 DEOPT UNPACKING pc=0x000001c5e25520a3 sp=0x0000001d602fd0a8 mode 2

Classes unloaded (0 events):
No events

Classes redefined (0 events):
No events

Internal exceptions (20 events):
Event: 9.687 Thread 0x000001c5f550a4d0 Exception <a 'java/io/FileNotFoundException'{0x00000000eb815b00}> (0x00000000eb815b00) 
thrown [e:\jenkins\tmp\workspace\build\src\src\hotspot\share\prims\jni.cpp, line 516]
Event: 10.677 Thread 0x000001c5f550a4d0 Exception <a 'java/lang/NoSuchMethodError'{0x00000000ec1272e0}: 'void java.lang.invoke.DirectMethodHandle$Holder.invokeInterface(java.lang.Object, java.lang.Object, java.lang.Object)'> (0x00000000ec1272e0) 
thrown [e:\jenkins\tmp\workspace\build\src\src\hotspot\share\interpreter\linkResolver.cpp, line 766]
Event: 10.850 Thread 0x000001c5f550a4d0 Exception <a 'java/lang/NoSuchMethodError'{0x00000000ec2d91a0}: 'void java.lang.invoke.DirectMethodHandle$Holder.invokeSpecial(java.lang.Object, java.lang.Object, java.lang.Object)'> (0x00000000ec2d91a0) 
thrown [e:\jenkins\tmp\workspace\build\src\src\hotspot\share\interpreter\linkResolver.cpp, line 766]
Event: 10.854 Thread 0x000001c5f550a4d0 Exception <a 'java/io/FileNotFoundException'{0x00000000ec2e82f0}> (0x00000000ec2e82f0) 
thrown [e:\jenkins\tmp\workspace\build\src\src\hotspot\share\prims\jni.cpp, line 516]
Event: 11.005 Thread 0x000001c5f550a4d0 Exception <a 'java/lang/IncompatibleClassChangeError'{0x00000000eac161f0}: Found class java.lang.Object, but interface was expected> (0x00000000eac161f0) 
thrown [e:\jenkins\tmp\workspace\build\src\src\hotspot\share\interpreter\linkResolver.cpp, line 833]
Event: 11.179 Thread 0x000001c5f550a4d0 Exception <a 'java/io/FileNotFoundException'{0x00000000eacb4360}> (0x00000000eacb4360) 
thrown [e:\jenkins\tmp\workspace\build\src\src\hotspot\share\prims\jni.cpp, line 516]
Event: 11.181 Thread 0x000001c5f550a4d0 Exception <a 'java/io/FileNotFoundException'{0x00000000eacb5488}> (0x00000000eacb5488) 
thrown [e:\jenkins\tmp\workspace\build\src\src\hotspot\share\prims\jni.cpp, line 516]
Event: 11.184 Thread 0x000001c5f550a4d0 Exception <a 'java/io/FileNotFoundException'{0x00000000eacb65c0}> (0x00000000eacb65c0) 
thrown [e:\jenkins\tmp\workspace\build\src\src\hotspot\share\prims\jni.cpp, line 516]
Event: 11.325 Thread 0x000001c5f550a4d0 Exception <a 'java/lang/NoSuchMethodError'{0x00000000eb03ca38}: 'int java.lang.invoke.DirectMethodHandle$Holder.invokeStaticInit(java.lang.Object, java.lang.Object, java.lang.Object)'> (0x00000000eb03ca38) 
thrown [e:\jenkins\tmp\workspace\build\src\src\hotspot\share\interpreter\linkResolver.cpp, line 766]
Event: 11.486 Thread 0x000001c5f550a4d0 Exception <a 'java/io/FileNotFoundException'{0x00000000ebc945f8}> (0x00000000ebc945f8) 
thrown [e:\jenkins\tmp\workspace\build\src\src\hotspot\share\prims\jni.cpp, line 516]
Event: 11.749 Thread 0x000001c5f550a4d0 Exception <a 'java/lang/ClassNotFoundException'{0x00000000ebed0148}: com/sun/org/apache/xml/internal/serializer/spi/XMLEntitiesProvider> (0x00000000ebed0148) 
thrown [e:\jenkins\tmp\workspace\build\src\src\hotspot\share\classfile\systemDictionary.cpp, line 256]
Event: 12.722 Thread 0x000001c5f550a4d0 Exception <a 'java/lang/NoSuchMethodError'{0x00000000ead57458}: 'org.slf4j.impl.StaticMDCBinder org.slf4j.impl.StaticMDCBinder.getSingleton()'> (0x00000000ead57458) 
thrown [e:\jenkins\tmp\workspace\build\src\src\hotspot\share\interpreter\linkResolver.cpp, line 766]
Event: 12.789 Thread 0x000001c5f550a4d0 Exception <a 'java/io/FileNotFoundException'{0x00000000eae49ab8}> (0x00000000eae49ab8) 
thrown [e:\jenkins\tmp\workspace\build\src\src\hotspot\share\prims\jni.cpp, line 516]
Event: 13.025 Thread 0x000001c5f550a4d0 Exception <a 'java/lang/UnsatisfiedLinkError'{0x00000000eaf7de68}: The specified procedure could not be found.
> (0x00000000eaf7de68) 
thrown [e:\jenkins\tmp\workspace\build\src\src\hotspot\share\prims\jni.cpp, line 535]
Event: 13.046 Thread 0x000001c5f550a4d0 Exception <a 'java/io/FileNotFoundException'{0x00000000eaf89f30}> (0x00000000eaf89f30) 
thrown [e:\jenkins\tmp\workspace\build\src\src\hotspot\share\prims\jni.cpp, line 516]
Event: 13.058 Thread 0x000001c5f550a4d0 Exception <a 'java/io/FileNotFoundException'{0x00000000eafb54c0}> (0x00000000eafb54c0) 
thrown [e:\jenkins\tmp\workspace\build\src\src\hotspot\share\prims\jni.cpp, line 516]
Event: 13.096 Thread 0x000001c5f550a4d0 Exception <a 'java/lang/UnsatisfiedLinkError'{0x00000000eb0bb078}: The specified procedure could not be found.
> (0x00000000eb0bb078) 
thrown [e:\jenkins\tmp\workspace\build\src\src\hotspot\share\prims\jni.cpp, line 535]
Event: 13.280 Thread 0x000001c5f550a4d0 Implicit null exception at 0x000001c5ea0d30c7 to 0x000001c5ea0d3d68
Event: 13.281 Thread 0x000001c5f550a4d0 Exception <a 'java/lang/NoSuchMethodError'{0x00000000eb333c20}: 'void java.lang.invoke.DirectMethodHandle$Holder.invokeStatic(java.lang.Object, java.lang.Object, java.lang.Object, java.lang.Object)'> (0x00000000eb333c20) 
thrown [e:\jenkins\tmp\workspace\build\src\src\hotspot\share\interpreter\linkResolver.cpp, line 766]
Event: 13.694 Thread 0x000001c5df8803d0 Exception <a 'java/lang/NoSuchMethodError'{0x00000000eb8c3cf0}: 'java.lang.Object java.lang.invoke.DirectMethodHandle$Holder.newInvokeSpecial(java.lang.Object, java.lang.Object, java.lang.Object, java.lang.Object, java.lang.Object)'> (0x00000000eb8c3cf0) 
thrown [e:\jenkins\tmp\workspace\build\src\src\hotspot\share\interpreter\linkResolver.cpp, line 766]

VM Operations (20 events):
Event: 11.535 Executing VM operation: HandshakeAllThreads
Event: 11.548 Executing VM operation: HandshakeAllThreads done
Event: 11.555 Executing VM operation: HandshakeAllThreads
Event: 11.555 Executing VM operation: HandshakeAllThreads done
Event: 11.707 Executing VM operation: HandshakeAllThreads
Event: 11.707 Executing VM operation: HandshakeAllThreads done
Event: 11.747 Executing VM operation: HandshakeAllThreads
Event: 11.747 Executing VM operation: HandshakeAllThreads done
Event: 11.754 Executing VM operation: HandshakeAllThreads
Event: 11.754 Executing VM operation: HandshakeAllThreads done
Event: 11.843 Executing VM operation: HandshakeAllThreads
Event: 11.843 Executing VM operation: HandshakeAllThreads done
Event: 11.937 Executing VM operation: HandshakeAllThreads
Event: 11.937 Executing VM operation: HandshakeAllThreads done
Event: 12.574 Executing VM operation: ParallelGCFailedAllocation
Event: 12.577 Executing VM operation: ParallelGCFailedAllocation done
Event: 12.995 Executing VM operation: HandshakeAllThreads
Event: 12.995 Executing VM operation: HandshakeAllThreads done
Event: 13.001 Executing VM operation: HandshakeAllThreads
Event: 13.001 Executing VM operation: HandshakeAllThreads done

Events (20 events):
Event: 13.518 loading class sun/reflect/generics/reflectiveObjects/WildcardTypeImpl done
Event: 13.570 loading class sun/reflect/generics/tree/ArrayTypeSignature
Event: 13.570 loading class sun/reflect/generics/tree/ArrayTypeSignature done
Event: 13.574 loading class sun/reflect/generics/tree/BooleanSignature
Event: 13.576 loading class sun/reflect/generics/tree/BooleanSignature done
Event: 13.606 loading class java/math/BigDecimal
Event: 13.607 loading class java/math/BigDecimal done
Event: 13.630 loading class java/util/concurrent/atomic/AtomicIntegerArray
Event: 13.630 loading class java/util/concurrent/atomic/AtomicIntegerArray done
Event: 13.633 loading class java/util/Currency
Event: 13.633 loading class java/util/Currency done
Event: 13.637 loading class java/util/concurrent/atomic/AtomicLongArray
Event: 13.637 loading class java/util/concurrent/atomic/AtomicLongArray done
Event: 13.730 loading class sun/util/locale/provider/DateFormatProviderImpl
Event: 13.730 loading class sun/util/locale/provider/DateFormatProviderImpl done
Event: 13.731 loading class java/text/MessageFormat
Event: 13.732 loading class java/text/MessageFormat done
Event: 13.733 loading class java/text/MessageFormat$Field
Event: 13.733 loading class java/text/MessageFormat$Field done
Event: 13.748 Thread 0x000001c5f7753080 Thread added: 0x000001c5f7753080


Dynamic libraries:
0x00007ff74e490000 - 0x00007ff74e49e000 	c:\Users\AP\.vscode\extensions\redhat.java-1.5.0-win32-x64\jre\17.0.2-win32-x86_64\bin\java.exe
0x00007ff95a2b0000 - 0x00007ff95a4a6000 	C:\WINDOWS\SYSTEM32\ntdll.dll
0x00007ff959d30000 - 0x00007ff959ded000 	C:\WINDOWS\System32\KERNEL32.DLL
0x00007ff957f00000 - 0x00007ff9581c9000 	C:\WINDOWS\System32\KERNELBASE.dll
0x00007ff957b50000 - 0x00007ff957c50000 	C:\WINDOWS\System32\ucrtbase.dll
0x00007ff931bb0000 - 0x00007ff931bc8000 	c:\Users\AP\.vscode\extensions\redhat.java-1.5.0-win32-x64\jre\17.0.2-win32-x86_64\bin\jli.dll
0x00007ff959b90000 - 0x00007ff959d30000 	C:\WINDOWS\System32\USER32.dll
0x00007ff9581d0000 - 0x00007ff9581f2000 	C:\WINDOWS\System32\win32u.dll
0x00007ff958f60000 - 0x00007ff958f8a000 	C:\WINDOWS\System32\GDI32.dll
0x00007ff958200000 - 0x00007ff958309000 	C:\WINDOWS\System32\gdi32full.dll
0x00007ff957ca0000 - 0x00007ff957d3d000 	C:\WINDOWS\System32\msvcp_win.dll
0x00007ff949780000 - 0x00007ff949799000 	c:\Users\AP\.vscode\extensions\redhat.java-1.5.0-win32-x64\jre\17.0.2-win32-x86_64\bin\VCRUNTIME140.dll
0x00007ff948c80000 - 0x00007ff948f1b000 	C:\WINDOWS\WinSxS\amd64_microsoft.windows.common-controls_6595b64144ccf1df_6.0.19041.488_none_ca04af081b815d21\COMCTL32.dll
0x00007ff959520000 - 0x00007ff9595be000 	C:\WINDOWS\System32\msvcrt.dll
0x00007ff9592e0000 - 0x00007ff959310000 	C:\WINDOWS\System32\IMM32.DLL
0x00007ff9593f0000 - 0x00007ff95951b000 	C:\WINDOWS\System32\RPCRT4.dll
0x00007ff9578a0000 - 0x00007ff9578dc000 	C:\WINDOWS\SYSTEM32\SspiCli.dll
0x00007ff955010000 - 0x00007ff95501c000 	c:\Users\AP\.vscode\extensions\redhat.java-1.5.0-win32-x64\jre\17.0.2-win32-x86_64\bin\vcruntime140_1.dll
0x00007ff9079b0000 - 0x00007ff907a41000 	c:\Users\AP\.vscode\extensions\redhat.java-1.5.0-win32-x64\jre\17.0.2-win32-x86_64\bin\msvcp140.dll
0x00007ff8d9990000 - 0x00007ff8da5d7000 	c:\Users\AP\.vscode\extensions\redhat.java-1.5.0-win32-x64\jre\17.0.2-win32-x86_64\bin\server\jvm.dll
0x00007ff95a160000 - 0x00007ff95a20c000 	C:\WINDOWS\System32\ADVAPI32.dll
0x00007ff95a0c0000 - 0x00007ff95a15c000 	C:\WINDOWS\System32\sechost.dll
0x00007ff959070000 - 0x00007ff959078000 	C:\WINDOWS\System32\PSAPI.DLL
0x00007ff9401a0000 - 0x00007ff9401a9000 	C:\WINDOWS\SYSTEM32\WSOCK32.dll
0x00007ff9597c0000 - 0x00007ff95982b000 	C:\WINDOWS\System32\WS2_32.dll
0x00007ff945dd0000 - 0x00007ff945df7000 	C:\WINDOWS\SYSTEM32\WINMM.dll
0x00007ff945690000 - 0x00007ff94569a000 	C:\WINDOWS\SYSTEM32\VERSION.dll
0x00007ff956320000 - 0x00007ff956332000 	C:\WINDOWS\SYSTEM32\kernel.appcore.dll
0x00007ff9502e0000 - 0x00007ff9502ea000 	c:\Users\AP\.vscode\extensions\redhat.java-1.5.0-win32-x64\jre\17.0.2-win32-x86_64\bin\jimage.dll
0x00007ff9557b0000 - 0x00007ff955994000 	C:\WINDOWS\SYSTEM32\DBGHELP.DLL
0x00007ff93ffd0000 - 0x00007ff93fffc000 	C:\WINDOWS\SYSTEM32\dbgcore.DLL
0x00007ff957e80000 - 0x00007ff957f00000 	C:\WINDOWS\System32\bcryptPrimitives.dll
0x00007ff910070000 - 0x00007ff910095000 	c:\Users\AP\.vscode\extensions\redhat.java-1.5.0-win32-x64\jre\17.0.2-win32-x86_64\bin\java.dll
0x00007ff928560000 - 0x00007ff928578000 	c:\Users\AP\.vscode\extensions\redhat.java-1.5.0-win32-x64\jre\17.0.2-win32-x86_64\bin\zip.dll
0x00007ff958780000 - 0x00007ff958ec2000 	C:\WINDOWS\System32\SHELL32.dll
0x00007ff955a20000 - 0x00007ff9561b5000 	C:\WINDOWS\SYSTEM32\windows.storage.dll
0x00007ff959830000 - 0x00007ff959b86000 	C:\WINDOWS\System32\combase.dll
0x00007ff957460000 - 0x00007ff95748c000 	C:\WINDOWS\SYSTEM32\Wldp.dll
0x00007ff959080000 - 0x00007ff95912e000 	C:\WINDOWS\System32\SHCORE.dll
0x00007ff95a210000 - 0x00007ff95a265000 	C:\WINDOWS\System32\shlwapi.dll
0x00007ff957920000 - 0x00007ff957946000 	C:\WINDOWS\SYSTEM32\profapi.dll
0x00007ff9281d0000 - 0x00007ff9281e9000 	C:\Users\AP\.vscode\extensions\redhat.java-1.5.0-win32-x64\jre\17.0.2-win32-x86_64\bin\net.dll
0x00007ff94e9f0000 - 0x00007ff94eaf0000 	C:\WINDOWS\SYSTEM32\WINHTTP.dll
0x00007ff9571e0000 - 0x00007ff95724a000 	C:\WINDOWS\system32\mswsock.dll
0x00007ff9274f0000 - 0x00007ff927505000 	C:\Users\AP\.vscode\extensions\redhat.java-1.5.0-win32-x64\jre\17.0.2-win32-x86_64\bin\nio.dll
0x00007ff9573b0000 - 0x00007ff9573c8000 	C:\WINDOWS\SYSTEM32\CRYPTSP.dll
0x00007ff956b00000 - 0x00007ff956b34000 	C:\WINDOWS\system32\rsaenh.dll
0x00007ff957e50000 - 0x00007ff957e77000 	C:\WINDOWS\System32\bcrypt.dll
0x00007ff9578e0000 - 0x00007ff95790e000 	C:\WINDOWS\SYSTEM32\USERENV.dll
0x00007ff9573d0000 - 0x00007ff9573dc000 	C:\WINDOWS\SYSTEM32\CRYPTBASE.dll
0x00007ff956e80000 - 0x00007ff956ebb000 	C:\WINDOWS\SYSTEM32\IPHLPAPI.DLL
0x00007ff958ed0000 - 0x00007ff958ed8000 	C:\WINDOWS\System32\NSI.dll
0x00007ff94f3a0000 - 0x00007ff94f3b7000 	C:\WINDOWS\SYSTEM32\dhcpcsvc6.DLL
0x00007ff94f290000 - 0x00007ff94f2ad000 	C:\WINDOWS\SYSTEM32\dhcpcsvc.DLL
0x00007ff956ed0000 - 0x00007ff956f9b000 	C:\WINDOWS\SYSTEM32\DNSAPI.dll
0x00007ff90fc00000 - 0x00007ff90fc3e000 	C:\Users\AP\AppData\Roaming\Code\User\globalStorage\redhat.java\1.5.0\config_win\org.eclipse.equinox.launcher\org.eclipse.equinox.launcher.win32.win32.x86_64_1.2.400.v20211117-0650\eclipse_11602.dll
0x00007ff959f90000 - 0x00007ff95a0ba000 	C:\WINDOWS\System32\ole32.dll
0x00007ff94ad70000 - 0x00007ff94ad80000 	c:\Users\AP\.vscode\extensions\redhat.java-1.5.0-win32-x64\jre\17.0.2-win32-x86_64\bin\verify.dll
0x00007ff904ea0000 - 0x00007ff904ee4000 	C:\Users\AP\AppData\Local\Temp\jna-2095\jna3402021914410788042.dll

dbghelp: loaded successfully - version: 4.0.5 - missing functions: none
symbol engine: initialized successfully - sym options: 0x614 - pdb path: .;c:\Users\AP\.vscode\extensions\redhat.java-1.5.0-win32-x64\jre\17.0.2-win32-x86_64\bin;C:\WINDOWS\SYSTEM32;C:\WINDOWS\WinSxS\amd64_microsoft.windows.common-controls_6595b64144ccf1df_6.0.19041.488_none_ca04af081b815d21;c:\Users\AP\.vscode\extensions\redhat.java-1.5.0-win32-x64\jre\17.0.2-win32-x86_64\bin\server;C:\Users\AP\AppData\Roaming\Code\User\globalStorage\redhat.java\1.5.0\config_win\org.eclipse.equinox.launcher\org.eclipse.equinox.launcher.win32.win32.x86_64_1.2.400.v20211117-0650;C:\Users\AP\AppData\Local\Temp\jna-2095

VM Arguments:
jvm_args: --add-modules=ALL-SYSTEM --add-opens=java.base/java.util=ALL-UNNAMED --add-opens=java.base/java.lang=ALL-UNNAMED --add-opens=java.base/sun.nio.fs=ALL-UNNAMED -Declipse.application=org.eclipse.jdt.ls.core.id1 -Dosgi.bundles.defaultStartLevel=4 -Declipse.product=org.eclipse.jdt.ls.core.product -Djava.import.generatesMetadataFilesAtProjectRoot=false -Dfile.encoding=utf8 -DwatchParentProcess=false -XX:+UseParallelGC -XX:GCTimeRatio=4 -XX:AdaptiveSizePolicyWeight=90 -Dsun.zip.disableMemoryMapping=true -Xmx1G -Xms100m -XX:+HeapDumpOnOutOfMemoryError -XX:HeapDumpPath=c:\Users\AP\AppData\Roaming\Code\User\workspaceStorage\119a1ddabada37eb9582ddd6191118fb\redhat.java 
java_command: c:\Users\AP\.vscode\extensions\redhat.java-1.5.0-win32-x64\server\plugins\org.eclipse.equinox.launcher_1.6.400.v20210924-0641.jar -configuration c:\Users\AP\AppData\Roaming\Code\User\globalStorage\redhat.java\1.5.0\config_win -data c:\Users\AP\AppData\Roaming\Code\User\workspaceStorage\119a1ddabada37eb9582ddd6191118fb\redhat.java\jdt_ws
java_class_path (initial): c:\Users\AP\.vscode\extensions\redhat.java-1.5.0-win32-x64\server\plugins\org.eclipse.equinox.launcher_1.6.400.v20210924-0641.jar
Launcher Type: SUN_STANDARD

[Global flags]
    uintx AdaptiveSizePolicyWeight                 = 90                                        {product} {command line}
     intx CICompilerCount                          = 3                                         {product} {ergonomic}
    uintx GCTimeRatio                              = 4                                         {product} {command line}
     bool HeapDumpOnOutOfMemoryError               = true                                   {manageable} {command line}
    ccstr HeapDumpPath                             = c:\Users\AP\AppData\Roaming\Code\User\workspaceStorage\119a1ddabada37eb9582ddd6191118fb\redhat.java         {manageable} {command line}
   size_t InitialHeapSize                          = 104857600                                 {product} {command line}
   size_t MaxHeapSize                              = 1073741824                                {product} {command line}
   size_t MaxNewSize                               = 357564416                                 {product} {ergonomic}
   size_t MinHeapDeltaBytes                        = 524288                                    {product} {ergonomic}
   size_t MinHeapSize                              = 104857600                                 {product} {command line}
   size_t NewSize                                  = 34603008                                  {product} {ergonomic}
    uintx NonNMethodCodeHeapSize                   = 5832780                                {pd product} {ergonomic}
    uintx NonProfiledCodeHeapSize                  = 122912730                              {pd product} {ergonomic}
   size_t OldSize                                  = 70254592                                  {product} {ergonomic}
    uintx ProfiledCodeHeapSize                     = 122912730                              {pd product} {ergonomic}
    uintx ReservedCodeCacheSize                    = 251658240                              {pd product} {ergonomic}
     bool SegmentedCodeCache                       = true                                      {product} {ergonomic}
   size_t SoftMaxHeapSize                          = 1073741824                             {manageable} {ergonomic}
     bool UseCompressedClassPointers               = true                           {product lp64_product} {ergonomic}
     bool UseCompressedOops                        = true                           {product lp64_product} {ergonomic}
     bool UseLargePagesIndividualAllocation        = false                                  {pd product} {ergonomic}
     bool UseParallelGC                            = true                                      {product} {command line}

Logging:
Log output configuration:
 #0: stdout all=warning uptime,level,tags
 #1: stderr all=off uptime,level,tags

Environment Variables:
JAVA_HOME=C:\Program Files\Java\jdk-17.0.2
PATH=C:\Program Files\Common Files\Oracle\Java\javapath;C:\Program Files (x86)\Common Files\Oracle\Java\javapath;C:\WINDOWS\system32;C:\WINDOWS;C:\WINDOWS\System32\Wbem;C:\WINDOWS\System32\WindowsPowerShell\v1.0\;C:\WINDOWS\System32\OpenSSH\;C:\Program Files\Intel\WiFi\bin\;C:\Program Files\Common Files\Intel\WirelessCommon\;C:\Program Files\PuTTY\;C:\Program Files\Microsoft SQL Server\150\Tools\Binn\;C:\Program Files\Microsoft SQL Server\Client SDK\ODBC\170\Tools\Binn\;C:\Program Files\dotnet\;C:\Program Files\Git\cmd;C:\Program Files\Amazon\AWSCLIV2\;C:\Users\AP\AppData\Local\Microsoft\WindowsApps;C:\Program Files\Intel\WiFi\bin\;C:\Program Files\Common Files\Intel\WirelessCommon\;C:\Users\AP\.dotnet\tools;C:\Users\AP\AppData\Local\Programs\Microsoft VS Code\bin
USERNAME=AP
OS=Windows_NT
PROCESSOR_IDENTIFIER=Intel64 Family 6 Model 58 Stepping 9, GenuineIntel



---------------  S Y S T E M  ---------------

OS:
 Windows 10 , 64 bit Build 19041 (10.0.19041.662)
OS uptime: 45 days 17:29 hours

CPU: total 4 (initial active 4) (2 cores per cpu, 2 threads per core) family 6 model 58 stepping 9 microcode 0x21, cx8, cmov, fxsr, ht, mmx, sse, sse2, sse3, ssse3, sse4.1, sse4.2, popcnt, tsc, tscinvbit, avx, erms, clmul, vzeroupper, clflush

Memory: 4k page, system-wide physical 8052M (1820M free)
TotalPageFile size 32628M (AvailPageFile size 2M)
current process WorkingSet (physical memory assigned to process): 135M, peak: 147M
current process commit charge ("private bytes"): 227M, peak: 240M

vm_info: OpenJDK 64-Bit Server VM (17.0.2+8) for windows-amd64 JRE (17.0.2+8), built on Jan 20 2022 04:52:34 by "" with MS VC++ 16.7 (VS2019)

END.
