#
# There is insufficient memory for the Java Runtime Environment to continue.
# Native memory allocation (malloc) failed to allocate 498256 bytes for Chunk::new
# Possible reasons:
#   The system is out of physical RAM or swap space
#   The process is running with CompressedOops enabled, and the Java Heap may be blocking the growth of the native heap
# Possible solutions:
#   Reduce memory load on the system
#   Increase physical memory or swap space
#   Check if swap backing store is full
#   Decrease Java heap size (-Xmx/-Xms)
#   Decrease number of Java threads
#   Decrease Java thread stack sizes (-Xss)
#   Set larger code cache with -XX:ReservedCodeCacheSize=
#   JVM is running with Unscaled Compressed Oops mode in which the Java heap is
#     placed in the first 4GB address space. The Java Heap base address is the
#     maximum limit for the native heap growth. Please use -XX:HeapBaseMinAddress
#     to set the Java Heap base and to place the Java Heap above 4GB virtual address.
# This output file may be truncated or incomplete.
#
#  Out of Memory Error (arena.cpp:189), pid=6836, tid=6032
#
# JRE version: OpenJDK Runtime Environment Temurin-17.0.2+8 (17.0.2+8) (build 17.0.2+8)
# Java VM: OpenJDK 64-Bit Server VM Temurin-17.0.2+8 (17.0.2+8, mixed mode, tiered, compressed oops, compressed class ptrs, parallel gc, windows-amd64)
# No core dump will be written. Minidumps are not enabled by default on client versions of Windows
#

---------------  S U M M A R Y ------------

Command Line: --add-modules=ALL-SYSTEM --add-opens=java.base/java.util=ALL-UNNAMED --add-opens=java.base/java.lang=ALL-UNNAMED --add-opens=java.base/sun.nio.fs=ALL-UNNAMED -Declipse.application=org.eclipse.jdt.ls.core.id1 -Dosgi.bundles.defaultStartLevel=4 -Declipse.product=org.eclipse.jdt.ls.core.product -Djava.import.generatesMetadataFilesAtProjectRoot=false -Dfile.encoding=utf8 -DwatchParentProcess=false -XX:+UseParallelGC -XX:GCTimeRatio=4 -XX:AdaptiveSizePolicyWeight=90 -Dsun.zip.disableMemoryMapping=true -Xmx1G -Xms100m c:\Users\AP\.vscode\extensions\redhat.java-1.5.0-win32-x64\server\plugins\org.eclipse.equinox.launcher_1.6.400.v20210924-0641.jar -configuration c:\Users\AP\AppData\Roaming\Code\User\globalStorage\redhat.java\1.5.0\config_ss_win -data c:\Users\AP\AppData\Roaming\Code\User\workspaceStorage\119a1ddabada37eb9582ddd6191118fb\redhat.java\ss_ws

Host: Intel(R) Core(TM) i5-3210M CPU @ 2.50GHz, 4 cores, 7G,  Windows 10 , 64 bit Build 19041 (10.0.19041.662)
Time: Sun Apr 24 12:10:28 2022 Eastern Daylight Time elapsed time: 10.643105 seconds (0d 0h 0m 10s)

---------------  T H R E A D  ---------------

Current thread (0x0000012b39ea6120):  JavaThread "C2 CompilerThread0" daemon [_thread_in_native, id=6032, stack(0x0000001f49d00000,0x0000001f49e00000)]


Current CompileTask:
C2:  10643 3544   !   4       java.nio.file.FileTreeWalker::next (144 bytes)

Stack: [0x0000001f49d00000,0x0000001f49e00000]
Native frames: (J=compiled Java code, j=interpreted, Vv=VM code, C=native code)
V  [jvm.dll+0x67564a]
V  [jvm.dll+0x82fc04]
V  [jvm.dll+0x8313ae]
V  [jvm.dll+0x831a13]
V  [jvm.dll+0x245235]
V  [jvm.dll+0xabd7b]
V  [jvm.dll+0xac30c]
V  [jvm.dll+0x3631a2]
V  [jvm.dll+0x32d891]
V  [jvm.dll+0x32cd3a]
V  [jvm.dll+0x2180d1]
V  [jvm.dll+0x2174f1]
V  [jvm.dll+0x1a3a8d]
V  [jvm.dll+0x226ef8]
V  [jvm.dll+0x22503c]
V  [jvm.dll+0x7e596b]
V  [jvm.dll+0x7dff2a]
V  [jvm.dll+0x6744d5]
C  [ucrtbase.dll+0x214c2]
C  [KERNEL32.DLL+0x17034]
C  [ntdll.dll+0x4d0d1]


---------------  P R O C E S S  ---------------

Threads class SMR info:
_java_thread_list=0x0000012b3d9ed170, length=27, elements={
0x0000012b2603fd40, 0x0000012b39e4e760, 0x0000012b39e4fdc0, 0x0000012b39e5a8c0,
0x0000012b39e5b180, 0x0000012b39e5d1f0, 0x0000012b39ea24b0, 0x0000012b39ea6120,
0x0000012b39ea6ad0, 0x0000012b39eaa360, 0x0000012b39e9fe30, 0x0000012b39ea0300,
0x0000012b39e9f490, 0x0000012b39ea07d0, 0x0000012b39ea1b10, 0x0000012b39e9efc0,
0x0000012b39ea0ca0, 0x0000012b39e9f960, 0x0000012b39ea1170, 0x0000012b39ea1640,
0x0000012b39e9eaf0, 0x0000012b3d405f30, 0x0000012b3d4038b0, 0x0000012b3d403d80,
0x0000012b3d407c10, 0x0000012b3d404250, 0x0000012b3d969850
}

Java Threads: ( => current thread )
  0x0000012b2603fd40 JavaThread "main" [_thread_blocked, id=22460, stack(0x0000001f49400000,0x0000001f49500000)]
  0x0000012b39e4e760 JavaThread "Reference Handler" daemon [_thread_blocked, id=17708, stack(0x0000001f49700000,0x0000001f49800000)]
  0x0000012b39e4fdc0 JavaThread "Finalizer" daemon [_thread_blocked, id=12820, stack(0x0000001f49800000,0x0000001f49900000)]
  0x0000012b39e5a8c0 JavaThread "Signal Dispatcher" daemon [_thread_blocked, id=13984, stack(0x0000001f49900000,0x0000001f49a00000)]
  0x0000012b39e5b180 JavaThread "Attach Listener" daemon [_thread_blocked, id=1352, stack(0x0000001f49a00000,0x0000001f49b00000)]
  0x0000012b39e5d1f0 JavaThread "Service Thread" daemon [_thread_blocked, id=21588, stack(0x0000001f49b00000,0x0000001f49c00000)]
  0x0000012b39ea24b0 JavaThread "Monitor Deflation Thread" daemon [_thread_blocked, id=22240, stack(0x0000001f49c00000,0x0000001f49d00000)]
=>0x0000012b39ea6120 JavaThread "C2 CompilerThread0" daemon [_thread_in_native, id=6032, stack(0x0000001f49d00000,0x0000001f49e00000)]
  0x0000012b39ea6ad0 JavaThread "C1 CompilerThread0" daemon [_thread_blocked, id=13008, stack(0x0000001f49e00000,0x0000001f49f00000)]
  0x0000012b39eaa360 JavaThread "Sweeper thread" daemon [_thread_blocked, id=13520, stack(0x0000001f49f00000,0x0000001f4a000000)]
  0x0000012b39e9fe30 JavaThread "Common-Cleaner" daemon [_thread_blocked, id=13720, stack(0x0000001f4a000000,0x0000001f4a100000)]
  0x0000012b39ea0300 JavaThread "Notification Thread" daemon [_thread_blocked, id=17616, stack(0x0000001f4a100000,0x0000001f4a200000)]
  0x0000012b39e9f490 JavaThread "Equinox resolver thread - Equinox Container: 2ae42488-c08b-4378-bc3d-9d11ebcfded3" daemon [_thread_blocked, id=4084, stack(0x0000001f4a300000,0x0000001f4a400000)]
  0x0000012b39ea07d0 JavaThread "Equinox resolver thread - Equinox Container: 2ae42488-c08b-4378-bc3d-9d11ebcfded3" daemon [_thread_blocked, id=21164, stack(0x0000001f4a400000,0x0000001f4a500000)]
  0x0000012b39ea1b10 JavaThread "Equinox resolver thread - Equinox Container: 2ae42488-c08b-4378-bc3d-9d11ebcfded3" daemon [_thread_blocked, id=2344, stack(0x0000001f4a500000,0x0000001f4a600000)]
  0x0000012b39e9efc0 JavaThread "Equinox resolver thread - Equinox Container: 2ae42488-c08b-4378-bc3d-9d11ebcfded3" daemon [_thread_blocked, id=11268, stack(0x0000001f4a600000,0x0000001f4a700000)]
  0x0000012b39ea0ca0 JavaThread "Active Thread: Equinox Container: 2ae42488-c08b-4378-bc3d-9d11ebcfded3" [_thread_blocked, id=19824, stack(0x0000001f4a700000,0x0000001f4a800000)]
  0x0000012b39e9f960 JavaThread "Framework Event Dispatcher: Equinox Container: 2ae42488-c08b-4378-bc3d-9d11ebcfded3" daemon [_thread_blocked, id=3336, stack(0x0000001f4a800000,0x0000001f4a900000)]
  0x0000012b39ea1170 JavaThread "Start Level: Equinox Container: 2ae42488-c08b-4378-bc3d-9d11ebcfded3" daemon [_thread_blocked, id=2780, stack(0x0000001f4ac00000,0x0000001f4ad00000)]
  0x0000012b39ea1640 JavaThread "Refresh Thread: Equinox Container: 2ae42488-c08b-4378-bc3d-9d11ebcfded3" daemon [_thread_blocked, id=15460, stack(0x0000001f4ad00000,0x0000001f4ae00000)]
  0x0000012b39e9eaf0 JavaThread "SCR Component Actor" daemon [_thread_blocked, id=16928, stack(0x0000001f4af00000,0x0000001f4b000000)]
  0x0000012b3d405f30 JavaThread "Worker-JM" [_thread_blocked, id=12964, stack(0x0000001f4ae00000,0x0000001f4af00000)]
  0x0000012b3d4038b0 JavaThread "Worker-0: Updating workspace" [_thread_in_vm, id=8548, stack(0x0000001f4b100000,0x0000001f4b200000)]
  0x0000012b3d403d80 JavaThread "Worker-1: Initialize Workspace" [_thread_in_Java, id=20388, stack(0x0000001f4b200000,0x0000001f4b300000)]
  0x0000012b3d407c10 JavaThread "pool-1-thread-1" [_thread_blocked, id=22080, stack(0x0000001f4b300000,0x0000001f4b400000)]
  0x0000012b3d404250 JavaThread "Worker-2" [_thread_in_vm, id=14936, stack(0x0000001f4b400000,0x0000001f4b500000)]
  0x0000012b3d969850 JavaThread "C2 CompilerThread1" daemon [_thread_in_native, id=11828, stack(0x0000001f4b000000,0x0000001f4b100000)]

Other Threads:
  0x0000012b39e36800 VMThread "VM Thread" [stack: 0x0000001f49600000,0x0000001f49700000] [id=21620]
  0x0000012b3ba26460 WatcherThread [stack: 0x0000001f4a200000,0x0000001f4a300000] [id=11552]
  0x0000012b26057060 GCTaskThread "GC Thread#0" [stack: 0x0000001f49500000,0x0000001f49600000] [id=6384]
  0x0000012b3ba524f0 GCTaskThread "GC Thread#1" [stack: 0x0000001f4a900000,0x0000001f4aa00000] [id=9636]
  0x0000012b3bf2bd70 GCTaskThread "GC Thread#2" [stack: 0x0000001f4aa00000,0x0000001f4ab00000] [id=10396]
  0x0000012b3bf2c020 GCTaskThread "GC Thread#3" [stack: 0x0000001f4ab00000,0x0000001f4ac00000] [id=21528]

Threads with active compile tasks:
C2 CompilerThread0    10771 3544   !   4       java.nio.file.FileTreeWalker::next (144 bytes)
C1 CompilerThread0    10771 3617       3       org.eclipse.jdt.internal.core.JavaElement::appendEscapedDelimiter (14 bytes)
C2 CompilerThread1    10771 3585       4       jdk.internal.jimage.ImageReader$SharedImageReader$$Lambda$200/0x0000000100399488::visit (13 bytes)

VM state: not at safepoint (normal execution)

VM Mutex/Monitor currently owned by a thread:  ([mutex/lock_event])
[0x0000012b2603b6a0] Threads_lock - owner thread: 0x0000012b3d404250

Heap address: 0x00000000c0000000, size: 1024 MB, Compressed Oops mode: 32-bit

CDS archive(s) not mapped
Compressed class space mapped at: 0x0000000100000000-0x0000000140000000, reserved size: 1073741824
Narrow klass base: 0x0000000000000000, Narrow klass shift: 3, Narrow klass range: 0x140000000

GC Precious Log:
 CPUs: 4 total, 4 available
 Memory: 8052M
 Large Page Support: Disabled
 NUMA Support: Disabled
 Compressed Oops: Enabled (32-bit)
 Alignments: Space 512K, Generation 512K, Heap 2M
 Heap Min Capacity: 100M
 Heap Initial Capacity: 100M
 Heap Max Capacity: 1G
 Pre-touch: Disabled
 Parallel Workers: 4

Heap:
 PSYoungGen      total 29184K, used 11608K [0x00000000eab00000, 0x00000000ecb80000, 0x0000000100000000)
  eden space 25088K, 29% used [0x00000000eab00000,0x00000000eb257240,0x00000000ec380000)
  from space 4096K, 99% used [0x00000000ec780000,0x00000000ecb7ef68,0x00000000ecb80000)
  to   space 3584K, 0% used [0x00000000ec400000,0x00000000ec400000,0x00000000ec780000)
 ParOldGen       total 68608K, used 9599K [0x00000000c0000000, 0x00000000c4300000, 0x00000000eab00000)
  object space 68608K, 13% used [0x00000000c0000000,0x00000000c095fdc8,0x00000000c4300000)
 Metaspace       used 34705K, committed 35328K, reserved 1081344K
  class space    used 3510K, committed 3840K, reserved 1048576K

Card table byte_map: [0x0000012b25a20000,0x0000012b25c30000] _byte_map_base: 0x0000012b25420000

Marking Bits: (ParMarkBitMap*) 0x00007ff8da513af0
 Begin Bits: [0x0000012b37cc0000, 0x0000012b38cc0000)
 End Bits:   [0x0000012b38cc0000, 0x0000012b39cc0000)

Polling page: 0x0000012b25810000

Metaspace:

Usage:
  Non-class:     30.46 MB used.
      Class:      3.43 MB used.
       Both:     33.89 MB used.

Virtual space:
  Non-class space:       32.00 MB reserved,      30.75 MB ( 96%) committed,  4 nodes.
      Class space:        1.00 GB reserved,       3.75 MB ( <1%) committed,  1 nodes.
             Both:        1.03 GB reserved,      34.50 MB (  3%) committed. 

Chunk freelists:
   Non-Class:  1.25 MB
       Class:  296.00 KB
        Both:  1.54 MB

MaxMetaspaceSize: unlimited
CompressedClassSpaceSize: 1.00 GB
Initial GC threshold: 21.00 MB
Current GC threshold: 35.00 MB
CDS: off
MetaspaceReclaimPolicy: balanced
 - commit_granule_bytes: 65536.
 - commit_granule_words: 8192.
 - virtual_space_node_default_size: 1048576.
 - enlarge_chunks_in_place: 1.
 - new_chunks_are_fully_committed: 0.
 - uncommit_free_chunks: 1.
 - use_allocation_guard: 0.
 - handle_deallocations: 1.


Internal statistics:

num_allocs_failed_limit: 3.
num_arena_births: 212.
num_arena_deaths: 0.
num_vsnodes_births: 5.
num_vsnodes_deaths: 0.
num_space_committed: 552.
num_space_uncommitted: 0.
num_chunks_returned_to_freelist: 3.
num_chunks_taken_from_freelist: 1215.
num_chunk_merges: 3.
num_chunk_splits: 812.
num_chunks_enlarged: 580.
num_purges: 0.
num_inconsistent_stats: 0.

CodeHeap 'non-profiled nmethods': size=120000Kb used=1324Kb max_used=1324Kb free=118675Kb
 bounds [0x0000012b30790000, 0x0000012b30a00000, 0x0000012b37cc0000]
CodeHeap 'profiled nmethods': size=120000Kb used=7555Kb max_used=7555Kb free=112444Kb
 bounds [0x0000012b29260000, 0x0000012b299d0000, 0x0000012b30790000]
CodeHeap 'non-nmethods': size=5760Kb used=1249Kb max_used=1274Kb free=4510Kb
 bounds [0x0000012b28cc0000, 0x0000012b28f30000, 0x0000012b29260000]
 total_blobs=4173 nmethods=3608 adapters=479
 compilation: enabled
              stopped_count=0, restarted_count=0
 full_count=0

Compilation events (20 events):
Event: 10.387 Thread 0x0000012b39ea6120 nmethod 3538 0x0000012b308ccc90 code [0x0000012b308cce00, 0x0000012b308cceb8]
Event: 10.387 Thread 0x0000012b39ea6120 3539       4       java.nio.ByteBufferAsIntBufferL::get (31 bytes)
Event: 10.389 Thread 0x0000012b39ea6ad0 3540       1       org.eclipse.jdt.internal.core.PackageFragmentRoot::getElementType (2 bytes)
Event: 10.389 Thread 0x0000012b39ea6ad0 nmethod 3540 0x0000012b308ccf90 code [0x0000012b308cd120, 0x0000012b308cd1f8]
Event: 10.389 Thread 0x0000012b39ea6ad0 3541       3       org.eclipse.jdt.internal.compiler.classfmt.ClassFileStruct::utf8At (171 bytes)
Event: 10.390 Thread 0x0000012b39ea6ad0 nmethod 3541 0x0000012b29999310 code [0x0000012b299994e0, 0x0000012b29999a68]
Event: 10.390 Thread 0x0000012b39ea6120 nmethod 3539 0x0000012b308cd290 code [0x0000012b308cd420, 0x0000012b308cd538]
Event: 10.390 Thread 0x0000012b3d969850 nmethod 3535 0x0000012b308cd710 code [0x0000012b308cd8a0, 0x0000012b308cdb58]
Event: 10.392 Thread 0x0000012b3d969850 3542   !   4       java.nio.file.FileTreeWalker::visit (204 bytes)
Event: 10.392 Thread 0x0000012b39ea6120 3543   !   4       jdk.internal.jrtfs.JrtDirectoryStream$1::hasNext (41 bytes)
Event: 10.393 Thread 0x0000012b39ea6ad0 3545       3       java.util.HashMap::getNode (150 bytes)
Event: 10.394 Thread 0x0000012b39ea6ad0 nmethod 3545 0x0000012b29999c90 code [0x0000012b29999ec0, 0x0000012b2999aa58]
Event: 10.394 Thread 0x0000012b39ea6ad0 3546       3       jdk.internal.jimage.ImageReader$SharedImageReader$$Lambda$200/0x0000000100399488::<init> (15 bytes)
Event: 10.394 Thread 0x0000012b39ea6ad0 nmethod 3546 0x0000012b2999ad10 code [0x0000012b2999aea0, 0x0000012b2999b038]
Event: 10.396 Thread 0x0000012b39ea6120 nmethod 3543 0x0000012b308cdd10 code [0x0000012b308cdec0, 0x0000012b308ce288]
Event: 10.396 Thread 0x0000012b39ea6120 3544   !   4       java.nio.file.FileTreeWalker::next (144 bytes)
Event: 10.409 Thread 0x0000012b39ea6ad0 3550       1       org.eclipse.jdt.internal.core.JarPackageFragmentRoot::isArchive (2 bytes)
Event: 10.410 Thread 0x0000012b39ea6ad0 nmethod 3550 0x0000012b308ce510 code [0x0000012b308ce6a0, 0x0000012b308ce778]
Event: 10.410 Thread 0x0000012b39ea6ad0 3551       3       org.eclipse.jdt.core.compiler.CharOperation::replace (35 bytes)
Event: 10.411 Thread 0x0000012b39ea6ad0 nmethod 3551 0x0000012b2999b110 code [0x0000012b2999b2c0, 0x0000012b2999b4f8]

GC Heap History (12 events):
Event: 2.702 GC heap before
{Heap before GC invocations=1 (full 0):
 PSYoungGen      total 29696K, used 25600K [0x00000000eab00000, 0x00000000ecc00000, 0x0000000100000000)
  eden space 25600K, 100% used [0x00000000eab00000,0x00000000ec400000,0x00000000ec400000)
  from space 4096K, 0% used [0x00000000ec800000,0x00000000ec800000,0x00000000ecc00000)
  to   space 4096K, 0% used [0x00000000ec400000,0x00000000ec400000,0x00000000ec800000)
 ParOldGen       total 68608K, used 0K [0x00000000c0000000, 0x00000000c4300000, 0x00000000eab00000)
  object space 68608K, 0% used [0x00000000c0000000,0x00000000c0000000,0x00000000c4300000)
 Metaspace       used 13029K, committed 13248K, reserved 1064960K
  class space    used 1331K, committed 1408K, reserved 1048576K
}
Event: 2.711 GC heap after
{Heap after GC invocations=1 (full 0):
 PSYoungGen      total 29696K, used 3336K [0x00000000eab00000, 0x00000000ecc00000, 0x0000000100000000)
  eden space 25600K, 0% used [0x00000000eab00000,0x00000000eab00000,0x00000000ec400000)
  from space 4096K, 81% used [0x00000000ec400000,0x00000000ec7422d8,0x00000000ec800000)
  to   space 4096K, 0% used [0x00000000ec800000,0x00000000ec800000,0x00000000ecc00000)
 ParOldGen       total 68608K, used 24K [0x00000000c0000000, 0x00000000c4300000, 0x00000000eab00000)
  object space 68608K, 0% used [0x00000000c0000000,0x00000000c0006000,0x00000000c4300000)
 Metaspace       used 13029K, committed 13248K, reserved 1064960K
  class space    used 1331K, committed 1408K, reserved 1048576K
}
Event: 4.105 GC heap before
{Heap before GC invocations=2 (full 0):
 PSYoungGen      total 29696K, used 28936K [0x00000000eab00000, 0x00000000ecc00000, 0x0000000100000000)
  eden space 25600K, 100% used [0x00000000eab00000,0x00000000ec400000,0x00000000ec400000)
  from space 4096K, 81% used [0x00000000ec400000,0x00000000ec7422d8,0x00000000ec800000)
  to   space 4096K, 0% used [0x00000000ec800000,0x00000000ec800000,0x00000000ecc00000)
 ParOldGen       total 68608K, used 24K [0x00000000c0000000, 0x00000000c4300000, 0x00000000eab00000)
  object space 68608K, 0% used [0x00000000c0000000,0x00000000c0006000,0x00000000c4300000)
 Metaspace       used 16783K, committed 17024K, reserved 1064960K
  class space    used 1732K, committed 1856K, reserved 1048576K
}
Event: 4.114 GC heap after
{Heap after GC invocations=2 (full 0):
 PSYoungGen      total 29696K, used 4080K [0x00000000eab00000, 0x00000000ecc00000, 0x0000000100000000)
  eden space 25600K, 0% used [0x00000000eab00000,0x00000000eab00000,0x00000000ec400000)
  from space 4096K, 99% used [0x00000000ec800000,0x00000000ecbfc1f0,0x00000000ecc00000)
  to   space 4096K, 0% used [0x00000000ec400000,0x00000000ec400000,0x00000000ec800000)
 ParOldGen       total 68608K, used 2163K [0x00000000c0000000, 0x00000000c4300000, 0x00000000eab00000)
  object space 68608K, 3% used [0x00000000c0000000,0x00000000c021cdc0,0x00000000c4300000)
 Metaspace       used 16783K, committed 17024K, reserved 1064960K
  class space    used 1732K, committed 1856K, reserved 1048576K
}
Event: 5.721 GC heap before
{Heap before GC invocations=3 (full 0):
 PSYoungGen      total 29696K, used 15557K [0x00000000eab00000, 0x00000000ecc00000, 0x0000000100000000)
  eden space 25600K, 44% used [0x00000000eab00000,0x00000000eb6354c8,0x00000000ec400000)
  from space 4096K, 99% used [0x00000000ec800000,0x00000000ecbfc1f0,0x00000000ecc00000)
  to   space 4096K, 0% used [0x00000000ec400000,0x00000000ec400000,0x00000000ec800000)
 ParOldGen       total 68608K, used 2163K [0x00000000c0000000, 0x00000000c4300000, 0x00000000eab00000)
  object space 68608K, 3% used [0x00000000c0000000,0x00000000c021cdc0,0x00000000c4300000)
 Metaspace       used 21119K, committed 21504K, reserved 1073152K
  class space    used 2143K, committed 2304K, reserved 1048576K
}
Event: 5.728 GC heap after
{Heap after GC invocations=3 (full 0):
 PSYoungGen      total 29696K, used 4094K [0x00000000eab00000, 0x00000000ecc00000, 0x0000000100000000)
  eden space 25600K, 0% used [0x00000000eab00000,0x00000000eab00000,0x00000000ec400000)
  from space 4096K, 99% used [0x00000000ec400000,0x00000000ec7ff8a8,0x00000000ec800000)
  to   space 4096K, 0% used [0x00000000ec800000,0x00000000ec800000,0x00000000ecc00000)
 ParOldGen       total 68608K, used 3846K [0x00000000c0000000, 0x00000000c4300000, 0x00000000eab00000)
  object space 68608K, 5% used [0x00000000c0000000,0x00000000c03c1ab0,0x00000000c4300000)
 Metaspace       used 21119K, committed 21504K, reserved 1073152K
  class space    used 2143K, committed 2304K, reserved 1048576K
}
Event: 5.728 GC heap before
{Heap before GC invocations=4 (full 1):
 PSYoungGen      total 29696K, used 4094K [0x00000000eab00000, 0x00000000ecc00000, 0x0000000100000000)
  eden space 25600K, 0% used [0x00000000eab00000,0x00000000eab00000,0x00000000ec400000)
  from space 4096K, 99% used [0x00000000ec400000,0x00000000ec7ff8a8,0x00000000ec800000)
  to   space 4096K, 0% used [0x00000000ec800000,0x00000000ec800000,0x00000000ecc00000)
 ParOldGen       total 68608K, used 3846K [0x00000000c0000000, 0x00000000c4300000, 0x00000000eab00000)
  object space 68608K, 5% used [0x00000000c0000000,0x00000000c03c1ab0,0x00000000c4300000)
 Metaspace       used 21119K, committed 21504K, reserved 1073152K
  class space    used 2143K, committed 2304K, reserved 1048576K
}
Event: 5.762 GC heap after
{Heap after GC invocations=4 (full 1):
 PSYoungGen      total 29696K, used 0K [0x00000000eab00000, 0x00000000ecc00000, 0x0000000100000000)
  eden space 25600K, 0% used [0x00000000eab00000,0x00000000eab00000,0x00000000ec400000)
  from space 4096K, 0% used [0x00000000ec400000,0x00000000ec400000,0x00000000ec800000)
  to   space 4096K, 0% used [0x00000000ec800000,0x00000000ec800000,0x00000000ecc00000)
 ParOldGen       total 68608K, used 7815K [0x00000000c0000000, 0x00000000c4300000, 0x00000000eab00000)
  object space 68608K, 11% used [0x00000000c0000000,0x00000000c07a1d68,0x00000000c4300000)
 Metaspace       used 21119K, committed 21504K, reserved 1073152K
  class space    used 2143K, committed 2304K, reserved 1048576K
}
Event: 7.491 GC heap before
{Heap before GC invocations=5 (full 1):
 PSYoungGen      total 29696K, used 25600K [0x00000000eab00000, 0x00000000ecc00000, 0x0000000100000000)
  eden space 25600K, 100% used [0x00000000eab00000,0x00000000ec400000,0x00000000ec400000)
  from space 4096K, 0% used [0x00000000ec400000,0x00000000ec400000,0x00000000ec800000)
  to   space 4096K, 0% used [0x00000000ec800000,0x00000000ec800000,0x00000000ecc00000)
 ParOldGen       total 68608K, used 7815K [0x00000000c0000000, 0x00000000c4300000, 0x00000000eab00000)
  object space 68608K, 11% used [0x00000000c0000000,0x00000000c07a1d68,0x00000000c4300000)
 Metaspace       used 28885K, committed 29440K, reserved 1081344K
  class space    used 2845K, committed 3136K, reserved 1048576K
}
Event: 7.493 GC heap after
{Heap after GC invocations=5 (full 1):
 PSYoungGen      total 29696K, used 1339K [0x00000000eab00000, 0x00000000ecc00000, 0x0000000100000000)
  eden space 25600K, 0% used [0x00000000eab00000,0x00000000eab00000,0x00000000ec400000)
  from space 4096K, 32% used [0x00000000ec800000,0x00000000ec94ef38,0x00000000ecc00000)
  to   space 4096K, 0% used [0x00000000ec400000,0x00000000ec400000,0x00000000ec800000)
 ParOldGen       total 68608K, used 7823K [0x00000000c0000000, 0x00000000c4300000, 0x00000000eab00000)
  object space 68608K, 11% used [0x00000000c0000000,0x00000000c07a3d68,0x00000000c4300000)
 Metaspace       used 28885K, committed 29440K, reserved 1081344K
  class space    used 2845K, committed 3136K, reserved 1048576K
}
Event: 9.863 GC heap before
{Heap before GC invocations=6 (full 1):
 PSYoungGen      total 29696K, used 26939K [0x00000000eab00000, 0x00000000ecc00000, 0x0000000100000000)
  eden space 25600K, 100% used [0x00000000eab00000,0x00000000ec400000,0x00000000ec400000)
  from space 4096K, 32% used [0x00000000ec800000,0x00000000ec94ef38,0x00000000ecc00000)
  to   space 4096K, 0% used [0x00000000ec400000,0x00000000ec400000,0x00000000ec800000)
 ParOldGen       total 68608K, used 7823K [0x00000000c0000000, 0x00000000c4300000, 0x00000000eab00000)
  object space 68608K, 11% used [0x00000000c0000000,0x00000000c07a3d68,0x00000000c4300000)
 Metaspace       used 34420K, committed 35008K, reserved 1081344K
  class space    used 3481K, committed 3776K, reserved 1048576K
}
Event: 9.867 GC heap after
{Heap after GC invocations=6 (full 1):
 PSYoungGen      total 28672K, used 3499K [0x00000000eab00000, 0x00000000ecb80000, 0x0000000100000000)
  eden space 25088K, 0% used [0x00000000eab00000,0x00000000eab00000,0x00000000ec380000)
  from space 3584K, 97% used [0x00000000ec400000,0x00000000ec76af68,0x00000000ec780000)
  to   space 4096K, 0% used [0x00000000ec780000,0x00000000ec780000,0x00000000ecb80000)
 ParOldGen       total 68608K, used 7831K [0x00000000c0000000, 0x00000000c4300000, 0x00000000eab00000)
  object space 68608K, 11% used [0x00000000c0000000,0x00000000c07a5d68,0x00000000c4300000)
 Metaspace       used 34420K, committed 35008K, reserved 1081344K
  class space    used 3481K, committed 3776K, reserved 1048576K
}

Deoptimization events (20 events):
Event: 10.362 Thread 0x0000012b3d4038b0 Uncommon trap: trap_request=0xffffff45 fr.pc=0x0000012b308767b0 relative=0x0000000000000510
Event: 10.362 Thread 0x0000012b3d4038b0 Uncommon trap: reason=unstable_if action=reinterpret pc=0x0000012b308767b0 method=java.util.ArrayList.toArray([Ljava/lang/Object;)[Ljava/lang/Object; @ 45 c2
Event: 10.362 Thread 0x0000012b3d4038b0 DEOPT PACKING pc=0x0000012b308767b0 sp=0x0000001f4b1feb50
Event: 10.362 Thread 0x0000012b3d4038b0 DEOPT UNPACKING pc=0x0000012b28d120a3 sp=0x0000001f4b1feb58 mode 2
Event: 10.378 Thread 0x0000012b3d4038b0 Uncommon trap: trap_request=0xffffffc6 fr.pc=0x0000012b3087e8f4 relative=0x0000000000000774
Event: 10.378 Thread 0x0000012b3d4038b0 Uncommon trap: reason=bimorphic_or_optimized_type_check action=maybe_recompile pc=0x0000012b3087e8f4 method=java.util.Hashtable.put(Ljava/lang/Object;Ljava/lang/Object;)Ljava/lang/Object; @ 18 c2
Event: 10.378 Thread 0x0000012b3d4038b0 DEOPT PACKING pc=0x0000012b3087e8f4 sp=0x0000001f4b1fec80
Event: 10.378 Thread 0x0000012b3d4038b0 DEOPT UNPACKING pc=0x0000012b28d120a3 sp=0x0000001f4b1fec38 mode 2
Event: 10.382 Thread 0x0000012b3d403d80 Uncommon trap: trap_request=0xffffffbe fr.pc=0x0000012b3088f6ac relative=0x000000000000130c
Event: 10.382 Thread 0x0000012b3d403d80 Uncommon trap: reason=profile_predicate action=maybe_recompile pc=0x0000012b3088f6ac method=java.util.Properties.load0(Ljava/util/Properties$LineReader;)V @ 14 c2
Event: 10.382 Thread 0x0000012b3d403d80 DEOPT PACKING pc=0x0000012b3088f6ac sp=0x0000001f4b2fc220
Event: 10.382 Thread 0x0000012b3d403d80 DEOPT UNPACKING pc=0x0000012b28d120a3 sp=0x0000001f4b2fc1f0 mode 2
Event: 10.383 Thread 0x0000012b3d403d80 Uncommon trap: trap_request=0xffffffbe fr.pc=0x0000012b30885160 relative=0x00000000000013c0
Event: 10.383 Thread 0x0000012b3d403d80 Uncommon trap: reason=profile_predicate action=maybe_recompile pc=0x0000012b30885160 method=java.util.Properties.load0(Ljava/util/Properties$LineReader;)V @ 29 c2
Event: 10.383 Thread 0x0000012b3d403d80 DEOPT PACKING pc=0x0000012b30885160 sp=0x0000001f4b2fc220
Event: 10.383 Thread 0x0000012b3d403d80 DEOPT UNPACKING pc=0x0000012b28d120a3 sp=0x0000001f4b2fc1f8 mode 2
Event: 10.393 Thread 0x0000012b3d403d80 Uncommon trap: trap_request=0xffffff45 fr.pc=0x0000012b308a76b0 relative=0x00000000000004f0
Event: 10.393 Thread 0x0000012b3d403d80 Uncommon trap: reason=unstable_if action=reinterpret pc=0x0000012b308a76b0 method=java.util.HashMap.getNode(Ljava/lang/Object;)Ljava/util/HashMap$Node; @ 131 c2
Event: 10.393 Thread 0x0000012b3d403d80 DEOPT PACKING pc=0x0000012b308a76b0 sp=0x0000001f4b2fe410
Event: 10.393 Thread 0x0000012b3d403d80 DEOPT UNPACKING pc=0x0000012b28d120a3 sp=0x0000001f4b2fe390 mode 2

Classes unloaded (0 events):
No events

Classes redefined (0 events):
No events

Internal exceptions (20 events):
Event: 9.063 Thread 0x0000012b3d403d80 Exception <a 'sun/nio/fs/WindowsException'{0x00000000eb8e79b8}> (0x00000000eb8e79b8) 
thrown [e:\jenkins\tmp\workspace\build\src\src\hotspot\share\prims\jni.cpp, line 516]
Event: 9.071 Thread 0x0000012b3d403d80 Exception <a 'sun/nio/fs/WindowsException'{0x00000000eb8edd70}> (0x00000000eb8edd70) 
thrown [e:\jenkins\tmp\workspace\build\src\src\hotspot\share\prims\jni.cpp, line 516]
Event: 9.103 Thread 0x0000012b3d403d80 Exception <a 'sun/nio/fs/WindowsException'{0x00000000eb8ff6d0}> (0x00000000eb8ff6d0) 
thrown [e:\jenkins\tmp\workspace\build\src\src\hotspot\share\prims\jni.cpp, line 516]
Event: 9.103 Thread 0x0000012b3d403d80 Exception <a 'sun/nio/fs/WindowsException'{0x00000000eb900f70}> (0x00000000eb900f70) 
thrown [e:\jenkins\tmp\workspace\build\src\src\hotspot\share\prims\jni.cpp, line 516]
Event: 9.104 Thread 0x0000012b3d403d80 Exception <a 'sun/nio/fs/WindowsException'{0x00000000eb901488}> (0x00000000eb901488) 
thrown [e:\jenkins\tmp\workspace\build\src\src\hotspot\share\prims\jni.cpp, line 516]
Event: 9.104 Thread 0x0000012b3d403d80 Exception <a 'sun/nio/fs/WindowsException'{0x00000000eb9018a8}> (0x00000000eb9018a8) 
thrown [e:\jenkins\tmp\workspace\build\src\src\hotspot\share\prims\jni.cpp, line 516]
Event: 9.105 Thread 0x0000012b3d403d80 Exception <a 'sun/nio/fs/WindowsException'{0x00000000eb902060}> (0x00000000eb902060) 
thrown [e:\jenkins\tmp\workspace\build\src\src\hotspot\share\prims\jni.cpp, line 516]
Event: 9.140 Thread 0x0000012b3d403d80 Exception <a 'java/io/FileNotFoundException'{0x00000000eb90b3d8}> (0x00000000eb90b3d8) 
thrown [e:\jenkins\tmp\workspace\build\src\src\hotspot\share\prims\jni.cpp, line 516]
Event: 9.206 Thread 0x0000012b3d403d80 Exception <a 'sun/nio/fs/WindowsException'{0x00000000eb937720}> (0x00000000eb937720) 
thrown [e:\jenkins\tmp\workspace\build\src\src\hotspot\share\prims\jni.cpp, line 516]
Event: 9.284 Thread 0x0000012b3d403d80 Exception <a 'java/io/FileNotFoundException'{0x00000000eb974378}> (0x00000000eb974378) 
thrown [e:\jenkins\tmp\workspace\build\src\src\hotspot\share\prims\jni.cpp, line 516]
Event: 9.288 Thread 0x0000012b3d403d80 Exception <a 'java/io/FileNotFoundException'{0x00000000eb97c678}> (0x00000000eb97c678) 
thrown [e:\jenkins\tmp\workspace\build\src\src\hotspot\share\prims\jni.cpp, line 516]
Event: 9.289 Thread 0x0000012b3d403d80 Exception <a 'java/io/FileNotFoundException'{0x00000000eb97dd08}> (0x00000000eb97dd08) 
thrown [e:\jenkins\tmp\workspace\build\src\src\hotspot\share\prims\jni.cpp, line 516]
Event: 9.307 Thread 0x0000012b3d403d80 Exception <a 'sun/nio/fs/WindowsException'{0x00000000eb9875d8}> (0x00000000eb9875d8) 
thrown [e:\jenkins\tmp\workspace\build\src\src\hotspot\share\prims\jni.cpp, line 516]
Event: 9.495 Thread 0x0000012b3d403d80 Exception <a 'java/lang/NoSuchMethodError'{0x00000000eba93238}: 'java.lang.Object java.lang.invoke.Invokers$Holder.invoke_MT(java.lang.Object, java.lang.Object, java.lang.Object)'> (0x00000000eba93238) 
thrown [e:\jenkins\tmp\workspace\build\src\src\hotspot\share\interpreter\linkResolver.cpp, line 766]
Event: 10.253 Thread 0x0000012b3d403d80 Exception <a 'java/io/FileNotFoundException'{0x00000000eb5b0518}> (0x00000000eb5b0518) 
thrown [e:\jenkins\tmp\workspace\build\src\src\hotspot\share\prims\jni.cpp, line 516]
Event: 10.256 Thread 0x0000012b3d403d80 Exception <a 'java/lang/NoSuchMethodError'{0x00000000eb5b82c0}: 'void java.lang.invoke.DirectMethodHandle$Holder.invokeStaticInit(java.lang.Object, java.lang.Object, java.lang.Object)'> (0x00000000eb5b82c0) 
thrown [e:\jenkins\tmp\workspace\build\src\src\hotspot\share\interpreter\linkResolver.cpp, line 766]
Event: 10.317 Thread 0x0000012b3d4038b0 Exception <a 'java/lang/ClassNotFoundException'{0x00000000eb602878}: com/sun/org/apache/xerces/internal/impl/msg/spi/DOMMessagesProvider> (0x00000000eb602878) 
thrown [e:\jenkins\tmp\workspace\build\src\src\hotspot\share\classfile\systemDictionary.cpp, line 256]
Event: 10.320 Thread 0x0000012b3d4038b0 Exception <a 'java/lang/ClassNotFoundException'{0x00000000eb614090}: com/sun/org/apache/xerces/internal/impl/msg/spi/XMLSerializerMessagesProvider> (0x00000000eb614090) 
thrown [e:\jenkins\tmp\workspace\build\src\src\hotspot\share\classfile\systemDictionary.cpp, line 256]
Event: 10.322 Thread 0x0000012b3d4038b0 Exception <a 'java/lang/ClassNotFoundException'{0x00000000eb61d410}: com/sun/org/apache/xerces/internal/impl/msg/spi/XMLMessagesProvider> (0x00000000eb61d410) 
thrown [e:\jenkins\tmp\workspace\build\src\src\hotspot\share\classfile\systemDictionary.cpp, line 256]
Event: 10.381 Thread 0x0000012b3d4038b0 Exception <a 'java/io/FileNotFoundException'{0x00000000eb6b18a0}> (0x00000000eb6b18a0) 
thrown [e:\jenkins\tmp\workspace\build\src\src\hotspot\share\prims\jni.cpp, line 516]

VM Operations (20 events):
Event: 7.328 Executing VM operation: HandshakeAllThreads
Event: 7.328 Executing VM operation: HandshakeAllThreads done
Event: 7.336 Executing VM operation: HandshakeAllThreads
Event: 7.336 Executing VM operation: HandshakeAllThreads done
Event: 7.491 Executing VM operation: ParallelGCFailedAllocation
Event: 7.493 Executing VM operation: ParallelGCFailedAllocation done
Event: 7.973 Executing VM operation: HandshakeAllThreads
Event: 7.973 Executing VM operation: HandshakeAllThreads done
Event: 8.974 Executing VM operation: Cleanup
Event: 8.975 Executing VM operation: Cleanup done
Event: 9.456 Executing VM operation: HandshakeAllThreads
Event: 9.456 Executing VM operation: HandshakeAllThreads done
Event: 9.475 Executing VM operation: HandshakeAllThreads
Event: 9.475 Executing VM operation: HandshakeAllThreads done
Event: 9.536 Executing VM operation: HandshakeAllThreads
Event: 9.537 Executing VM operation: HandshakeAllThreads done
Event: 9.816 Executing VM operation: HandshakeAllThreads
Event: 9.816 Executing VM operation: HandshakeAllThreads done
Event: 9.863 Executing VM operation: ParallelGCFailedAllocation
Event: 9.867 Executing VM operation: ParallelGCFailedAllocation done

Events (20 events):
Event: 10.321 loading class com/sun/org/apache/xerces/internal/impl/msg/XMLSerializerMessages_en
Event: 10.321 loading class com/sun/org/apache/xerces/internal/impl/msg/XMLSerializerMessages_en done
Event: 10.321 loading class com/sun/org/apache/xerces/internal/impl/msg/XMLSerializerMessages_en
Event: 10.321 loading class com/sun/org/apache/xerces/internal/impl/msg/XMLSerializerMessages_en done
Event: 10.322 loading class com/sun/org/apache/xerces/internal/impl/msg/XMLSerializerMessages_en_US
Event: 10.322 loading class com/sun/org/apache/xerces/internal/impl/msg/XMLSerializerMessages_en_US done
Event: 10.322 loading class com/sun/org/apache/xerces/internal/impl/msg/XMLSerializerMessages_en_US
Event: 10.322 loading class com/sun/org/apache/xerces/internal/impl/msg/XMLSerializerMessages_en_US done
Event: 10.322 loading class com/sun/org/apache/xerces/internal/impl/msg/XMLMessages
Event: 10.322 loading class com/sun/org/apache/xerces/internal/impl/msg/XMLMessages done
Event: 10.322 loading class com/sun/org/apache/xerces/internal/impl/msg/XMLMessages
Event: 10.322 loading class com/sun/org/apache/xerces/internal/impl/msg/XMLMessages done
Event: 10.330 loading class com/sun/org/apache/xerces/internal/impl/msg/XMLMessages_en
Event: 10.330 loading class com/sun/org/apache/xerces/internal/impl/msg/XMLMessages_en done
Event: 10.330 loading class com/sun/org/apache/xerces/internal/impl/msg/XMLMessages_en
Event: 10.330 loading class com/sun/org/apache/xerces/internal/impl/msg/XMLMessages_en done
Event: 10.332 loading class com/sun/org/apache/xerces/internal/impl/msg/XMLMessages_en_US
Event: 10.332 loading class com/sun/org/apache/xerces/internal/impl/msg/XMLMessages_en_US done
Event: 10.332 loading class com/sun/org/apache/xerces/internal/impl/msg/XMLMessages_en_US
Event: 10.332 loading class com/sun/org/apache/xerces/internal/impl/msg/XMLMessages_en_US done


Dynamic libraries:
0x00007ff74e490000 - 0x00007ff74e49e000 	c:\Users\AP\.vscode\extensions\redhat.java-1.5.0-win32-x64\jre\17.0.2-win32-x86_64\bin\java.exe
0x00007ff95a2b0000 - 0x00007ff95a4a6000 	C:\WINDOWS\SYSTEM32\ntdll.dll
0x00007ff959d30000 - 0x00007ff959ded000 	C:\WINDOWS\System32\KERNEL32.DLL
0x00007ff957f00000 - 0x00007ff9581c9000 	C:\WINDOWS\System32\KERNELBASE.dll
0x00007ff957b50000 - 0x00007ff957c50000 	C:\WINDOWS\System32\ucrtbase.dll
0x00007ff9505d0000 - 0x00007ff9505e8000 	c:\Users\AP\.vscode\extensions\redhat.java-1.5.0-win32-x64\jre\17.0.2-win32-x86_64\bin\jli.dll
0x00007ff959b90000 - 0x00007ff959d30000 	C:\WINDOWS\System32\USER32.dll
0x00007ff9581d0000 - 0x00007ff9581f2000 	C:\WINDOWS\System32\win32u.dll
0x00007ff958f60000 - 0x00007ff958f8a000 	C:\WINDOWS\System32\GDI32.dll
0x00007ff958200000 - 0x00007ff958309000 	C:\WINDOWS\System32\gdi32full.dll
0x00007ff957ca0000 - 0x00007ff957d3d000 	C:\WINDOWS\System32\msvcp_win.dll
0x00007ff950190000 - 0x00007ff9501a9000 	c:\Users\AP\.vscode\extensions\redhat.java-1.5.0-win32-x64\jre\17.0.2-win32-x86_64\bin\VCRUNTIME140.dll
0x00007ff948c80000 - 0x00007ff948f1b000 	C:\WINDOWS\WinSxS\amd64_microsoft.windows.common-controls_6595b64144ccf1df_6.0.19041.488_none_ca04af081b815d21\COMCTL32.dll
0x00007ff959520000 - 0x00007ff9595be000 	C:\WINDOWS\System32\msvcrt.dll
0x00007ff9592e0000 - 0x00007ff959310000 	C:\WINDOWS\System32\IMM32.DLL
0x00007ff9593f0000 - 0x00007ff95951b000 	C:\WINDOWS\System32\RPCRT4.dll
0x00007ff9578a0000 - 0x00007ff9578dc000 	C:\WINDOWS\SYSTEM32\SspiCli.dll
0x00007ff9502e0000 - 0x00007ff9502ec000 	c:\Users\AP\.vscode\extensions\redhat.java-1.5.0-win32-x64\jre\17.0.2-win32-x86_64\bin\vcruntime140_1.dll
0x00007ff928d20000 - 0x00007ff928db1000 	c:\Users\AP\.vscode\extensions\redhat.java-1.5.0-win32-x64\jre\17.0.2-win32-x86_64\bin\msvcp140.dll
0x00007ff8d9990000 - 0x00007ff8da5d7000 	c:\Users\AP\.vscode\extensions\redhat.java-1.5.0-win32-x64\jre\17.0.2-win32-x86_64\bin\server\jvm.dll
0x00007ff95a160000 - 0x00007ff95a20c000 	C:\WINDOWS\System32\ADVAPI32.dll
0x00007ff95a0c0000 - 0x00007ff95a15c000 	C:\WINDOWS\System32\sechost.dll
0x00007ff959070000 - 0x00007ff959078000 	C:\WINDOWS\System32\PSAPI.DLL
0x00007ff9401a0000 - 0x00007ff9401a9000 	C:\WINDOWS\SYSTEM32\WSOCK32.dll
0x00007ff9597c0000 - 0x00007ff95982b000 	C:\WINDOWS\System32\WS2_32.dll
0x00007ff945dd0000 - 0x00007ff945df7000 	C:\WINDOWS\SYSTEM32\WINMM.dll
0x00007ff945690000 - 0x00007ff94569a000 	C:\WINDOWS\SYSTEM32\VERSION.dll
0x00007ff956320000 - 0x00007ff956332000 	C:\WINDOWS\SYSTEM32\kernel.appcore.dll
0x00007ff950180000 - 0x00007ff95018a000 	c:\Users\AP\.vscode\extensions\redhat.java-1.5.0-win32-x64\jre\17.0.2-win32-x86_64\bin\jimage.dll
0x00007ff9557b0000 - 0x00007ff955994000 	C:\WINDOWS\SYSTEM32\DBGHELP.DLL
0x00007ff93ffd0000 - 0x00007ff93fffc000 	C:\WINDOWS\SYSTEM32\dbgcore.DLL
0x00007ff957e80000 - 0x00007ff957f00000 	C:\WINDOWS\System32\bcryptPrimitives.dll
0x00007ff928e40000 - 0x00007ff928e65000 	c:\Users\AP\.vscode\extensions\redhat.java-1.5.0-win32-x64\jre\17.0.2-win32-x86_64\bin\java.dll
0x00007ff928d00000 - 0x00007ff928d18000 	c:\Users\AP\.vscode\extensions\redhat.java-1.5.0-win32-x64\jre\17.0.2-win32-x86_64\bin\zip.dll
0x00007ff958780000 - 0x00007ff958ec2000 	C:\WINDOWS\System32\SHELL32.dll
0x00007ff955a20000 - 0x00007ff9561b5000 	C:\WINDOWS\SYSTEM32\windows.storage.dll
0x00007ff959830000 - 0x00007ff959b86000 	C:\WINDOWS\System32\combase.dll
0x00007ff957460000 - 0x00007ff95748c000 	C:\WINDOWS\SYSTEM32\Wldp.dll
0x00007ff959080000 - 0x00007ff95912e000 	C:\WINDOWS\System32\SHCORE.dll
0x00007ff95a210000 - 0x00007ff95a265000 	C:\WINDOWS\System32\shlwapi.dll
0x00007ff957920000 - 0x00007ff957946000 	C:\WINDOWS\SYSTEM32\profapi.dll
0x00007ff928ce0000 - 0x00007ff928cf9000 	C:\Users\AP\.vscode\extensions\redhat.java-1.5.0-win32-x64\jre\17.0.2-win32-x86_64\bin\net.dll
0x00007ff94e9f0000 - 0x00007ff94eaf0000 	C:\WINDOWS\SYSTEM32\WINHTTP.dll
0x00007ff9571e0000 - 0x00007ff95724a000 	C:\WINDOWS\system32\mswsock.dll
0x00007ff928cc0000 - 0x00007ff928cd5000 	C:\Users\AP\.vscode\extensions\redhat.java-1.5.0-win32-x64\jre\17.0.2-win32-x86_64\bin\nio.dll
0x00007ff9573b0000 - 0x00007ff9573c8000 	C:\WINDOWS\SYSTEM32\CRYPTSP.dll
0x00007ff956b00000 - 0x00007ff956b34000 	C:\WINDOWS\system32\rsaenh.dll
0x00007ff957e50000 - 0x00007ff957e77000 	C:\WINDOWS\System32\bcrypt.dll
0x00007ff9578e0000 - 0x00007ff95790e000 	C:\WINDOWS\SYSTEM32\USERENV.dll
0x00007ff9573d0000 - 0x00007ff9573dc000 	C:\WINDOWS\SYSTEM32\CRYPTBASE.dll
0x00007ff956e80000 - 0x00007ff956ebb000 	C:\WINDOWS\SYSTEM32\IPHLPAPI.DLL
0x00007ff958ed0000 - 0x00007ff958ed8000 	C:\WINDOWS\System32\NSI.dll
0x00007ff94f3a0000 - 0x00007ff94f3b7000 	C:\WINDOWS\SYSTEM32\dhcpcsvc6.DLL
0x00007ff94f290000 - 0x00007ff94f2ad000 	C:\WINDOWS\SYSTEM32\dhcpcsvc.DLL
0x00007ff956ed0000 - 0x00007ff956f9b000 	C:\WINDOWS\SYSTEM32\DNSAPI.dll
0x00007ff9115b0000 - 0x00007ff9115ee000 	C:\Users\AP\AppData\Roaming\Code\User\globalStorage\redhat.java\1.5.0\config_ss_win\org.eclipse.equinox.launcher\org.eclipse.equinox.launcher.win32.win32.x86_64_1.2.400.v20211117-0650\eclipse_11602.dll
0x00007ff959f90000 - 0x00007ff95a0ba000 	C:\WINDOWS\System32\ole32.dll
0x00007ff94ad70000 - 0x00007ff94ad80000 	c:\Users\AP\.vscode\extensions\redhat.java-1.5.0-win32-x64\jre\17.0.2-win32-x86_64\bin\verify.dll
0x00007ff90ef00000 - 0x00007ff90ef44000 	C:\Users\AP\AppData\Local\Temp\jna-2095\jna9940962257527241742.dll

dbghelp: loaded successfully - version: 4.0.5 - missing functions: none
symbol engine: initialized successfully - sym options: 0x614 - pdb path: .;c:\Users\AP\.vscode\extensions\redhat.java-1.5.0-win32-x64\jre\17.0.2-win32-x86_64\bin;C:\WINDOWS\SYSTEM32;C:\WINDOWS\WinSxS\amd64_microsoft.windows.common-controls_6595b64144ccf1df_6.0.19041.488_none_ca04af081b815d21;c:\Users\AP\.vscode\extensions\redhat.java-1.5.0-win32-x64\jre\17.0.2-win32-x86_64\bin\server;C:\Users\AP\AppData\Roaming\Code\User\globalStorage\redhat.java\1.5.0\config_ss_win\org.eclipse.equinox.launcher\org.eclipse.equinox.launcher.win32.win32.x86_64_1.2.400.v20211117-0650;C:\Users\AP\AppData\Local\Temp\jna-2095

VM Arguments:
jvm_args: --add-modules=ALL-SYSTEM --add-opens=java.base/java.util=ALL-UNNAMED --add-opens=java.base/java.lang=ALL-UNNAMED --add-opens=java.base/sun.nio.fs=ALL-UNNAMED -Declipse.application=org.eclipse.jdt.ls.core.id1 -Dosgi.bundles.defaultStartLevel=4 -Declipse.product=org.eclipse.jdt.ls.core.product -Djava.import.generatesMetadataFilesAtProjectRoot=false -Dfile.encoding=utf8 -DwatchParentProcess=false -XX:+UseParallelGC -XX:GCTimeRatio=4 -XX:AdaptiveSizePolicyWeight=90 -Dsun.zip.disableMemoryMapping=true -Xmx1G -Xms100m 
java_command: c:\Users\AP\.vscode\extensions\redhat.java-1.5.0-win32-x64\server\plugins\org.eclipse.equinox.launcher_1.6.400.v20210924-0641.jar -configuration c:\Users\AP\AppData\Roaming\Code\User\globalStorage\redhat.java\1.5.0\config_ss_win -data c:\Users\AP\AppData\Roaming\Code\User\workspaceStorage\119a1ddabada37eb9582ddd6191118fb\redhat.java\ss_ws
java_class_path (initial): c:\Users\AP\.vscode\extensions\redhat.java-1.5.0-win32-x64\server\plugins\org.eclipse.equinox.launcher_1.6.400.v20210924-0641.jar
Launcher Type: SUN_STANDARD

[Global flags]
    uintx AdaptiveSizePolicyWeight                 = 90                                        {product} {command line}
     intx CICompilerCount                          = 3                                         {product} {ergonomic}
    uintx GCTimeRatio                              = 4                                         {product} {command line}
   size_t InitialHeapSize                          = 104857600                                 {product} {command line}
   size_t MaxHeapSize                              = 1073741824                                {product} {command line}
   size_t MaxNewSize                               = 357564416                                 {product} {ergonomic}
   size_t MinHeapDeltaBytes                        = 524288                                    {product} {ergonomic}
   size_t MinHeapSize                              = 104857600                                 {product} {command line}
   size_t NewSize                                  = 34603008                                  {product} {ergonomic}
    uintx NonNMethodCodeHeapSize                   = 5832780                                {pd product} {ergonomic}
    uintx NonProfiledCodeHeapSize                  = 122912730                              {pd product} {ergonomic}
   size_t OldSize                                  = 70254592                                  {product} {ergonomic}
    uintx ProfiledCodeHeapSize                     = 122912730                              {pd product} {ergonomic}
    uintx ReservedCodeCacheSize                    = 251658240                              {pd product} {ergonomic}
     bool SegmentedCodeCache                       = true                                      {product} {ergonomic}
   size_t SoftMaxHeapSize                          = 1073741824                             {manageable} {ergonomic}
     bool UseCompressedClassPointers               = true                           {product lp64_product} {ergonomic}
     bool UseCompressedOops                        = true                           {product lp64_product} {ergonomic}
     bool UseLargePagesIndividualAllocation        = false                                  {pd product} {ergonomic}
     bool UseParallelGC                            = true                                      {product} {command line}

Logging:
Log output configuration:
 #0: stdout all=warning uptime,level,tags
 #1: stderr all=off uptime,level,tags

Environment Variables:
JAVA_HOME=C:\Program Files\Java\jdk-17.0.2
PATH=C:\Program Files\Common Files\Oracle\Java\javapath;C:\Program Files (x86)\Common Files\Oracle\Java\javapath;C:\WINDOWS\system32;C:\WINDOWS;C:\WINDOWS\System32\Wbem;C:\WINDOWS\System32\WindowsPowerShell\v1.0\;C:\WINDOWS\System32\OpenSSH\;C:\Program Files\Intel\WiFi\bin\;C:\Program Files\Common Files\Intel\WirelessCommon\;C:\Program Files\PuTTY\;C:\Program Files\Microsoft SQL Server\150\Tools\Binn\;C:\Program Files\Microsoft SQL Server\Client SDK\ODBC\170\Tools\Binn\;C:\Program Files\dotnet\;C:\Program Files\Git\cmd;C:\Program Files\Amazon\AWSCLIV2\;C:\Users\AP\AppData\Local\Microsoft\WindowsApps;C:\Program Files\Intel\WiFi\bin\;C:\Program Files\Common Files\Intel\WirelessCommon\;C:\Users\AP\.dotnet\tools;C:\Users\AP\AppData\Local\Programs\Microsoft VS Code\bin
USERNAME=AP
OS=Windows_NT
PROCESSOR_IDENTIFIER=Intel64 Family 6 Model 58 Stepping 9, GenuineIntel



---------------  S Y S T E M  ---------------

OS:
 Windows 10 , 64 bit Build 19041 (10.0.19041.662)
OS uptime: 45 days 17:21 hours

CPU: total 4 (initial active 4) (2 cores per cpu, 2 threads per core) family 6 model 58 stepping 9 microcode 0x21, cx8, cmov, fxsr, ht, mmx, sse, sse2, sse3, ssse3, sse4.1, sse4.2, popcnt, tsc, tscinvbit, avx, erms, clmul, vzeroupper, clflush

Memory: 4k page, system-wide physical 8052M (1744M free)
TotalPageFile size 32628M (AvailPageFile size 4M)
current process WorkingSet (physical memory assigned to process): 143M, peak: 143M
current process commit charge ("private bytes"): 233M, peak: 237M

vm_info: OpenJDK 64-Bit Server VM (17.0.2+8) for windows-amd64 JRE (17.0.2+8), built on Jan 20 2022 04:52:34 by "" with MS VC++ 16.7 (VS2019)

END.
